2025-12-20 19:02:31.166 | $BDGSV,1,1,01,5,,,25
2025-12-20 19:02:31.166 | $GNRMC,,V,,,,,,,,,,N
2025-12-20 19:02:31.167 | $GNZDA,,,,,,
2025-12-20 19:02:31.167 | $GNGGA,,,,,,0,00,,,M,,M,,
2025-12-20 19:02:31.167 | $GPGSA,A,1,,,,,,,,,,,,,,,,1
2025-12-20 19:02:31.167 | $BDGSA,A,1,,,,,,,,,,,,,,,,4
2025-12-20 19:02:31.167 | $GPGSV,1,1,03,23,,,33,25,,,30,28,,,30
2025-12-20 19:02:31.167 | $BDGSV,1,1,01,5,,,24
2025-12-20 19:02:31.167 | $GNRMC,,V,,,,,,,,,,N
2025-12-20 19:02:31.167 | $GNZDA,,,,,,
2025-12-20 19:02:31.796 | $GNGGA,,,,,,0,00,,,M,,M,,
2025-12-20 19:02:31.826 | $GPGSA,A,1,,,,,,,,,,,,,,,,1
2025-12-20 19:02:31.857 | $BDGSA,A,1,,,,,,,,,,,,,,,,4
2025-12-20 19:02:31.908 | $GPGSV,1,1,03,28,,,36,23,,,32,25,,,27
2025-12-20 19:02:31.929 | $BDGSV,1,1,01,5,,,24
2025-12-20 19:02:31.960 | $GNRMC,,V,,,,,,,,,,N
2025-12-20 19:02:31.980 | $GNZDA,,,,,,
2025-12-20 19:02:32.792 | $GNGGA,,,,,,0,00,,,M,,M,,
2025-12-20 19:02:32.833 | $GPGSA,A,1,,,,,,,,,,,,,,,,1
2025-12-20 19:02:32.864 | $BDGSA,A,1,,,,,,,,,,,,,,,,4
2025-12-20 19:02:32.905 | $GPGSV,1,1,03,23,,,36,28,,,35,25,,,25
2025-12-20 19:02:32.936 | $BDGSV,1,1,01,5,,,24
2025-12-20 19:02:32.956 | $GNRMC,,V,,,,,,,,,,N
2025-12-20 19:02:32.977 | $GNZDA,,,,,,
2025-12-20 19:02:33.798 | $GNGGA,,,,,,0,00,,,M,,M,,
2025-12-20 19:02:33.829 | $GPGSA,A,1,,,,,,,,,,,,,,,,1
2025-12-20 19:02:33.860 | $BDGSA,A,1,,,,,,,,,,,,,,,,4
2025-12-20 19:02:33.901 | $GPGSV,1,1,03,23,,,36,28,,,33,25,,,20
2025-12-20 19:02:33.932 | $BDGSV,1,1,01,5,,,25
2025-12-20 19:02:33.953 | $GNRMC,,V,,,,,,,,,,N
2025-12-20 19:02:33.974 | $GNZDA,,,,,,
2025-12-20 19:02:34.796 | $GNGGA,,,,,,0,00,,,M,,M,,
2025-12-20 19:02:34.827 | $GPGSA,A,1,,,,,,,,,,,,,,,,1
2025-12-20 19:02:34.857 | $BDGSA,A,1,,,,,,,,,,,,,,,,4
2025-12-20 19:02:34.908 | $GPGSV,1,1,03,23,,,34,25,,,30,28,,,27
2025-12-20 19:02:34.929 | $BDGSV,1,1,01,5,,,24
2025-12-20 19:02:34.960 | $GNRMC,,V,,,,,,,,,,N
2025-12-20 19:02:34.981 | $GNZDA,,,,,,
2025-12-20 19:02:35.792 | $GNGGA,,,,,,0,00,,,M,,M,,
2025-12-20 19:02:35.823 | $GPGSA,A,1,,,,,,,,,,,,,,,,1
2025-12-20 19:02:35.864 | $BDGSA,A,1,,,,,,,,,,,,,,,,4
2025-12-20 19:02:35.905 | $GPGSV,1,1,03,28,,,40,23,,,34,25,,,21
2025-12-20 19:02:35.936 | $BDGSV,1,1,01,5,,,23
2025-12-20 19:02:35.957 | $GNRMC,,V,,,,,,,,,,N
2025-12-20 19:02:35.977 | $GNZDA,,,,,,
2025-12-20 19:02:36.799 | $GNGGA,,,,,,0,00,,,M,,M,,
2025-12-20 19:02:36.830 | $GPGSA,A,1,,,,,,,,,,,,,,,,1
2025-12-20 19:02:36.861 | $BDGSA,A,1,,,,,,,,,,,,,,,,4
2025-12-20 19:02:36.903 | $GPGSV,1,1,03,28,,,35,25,,,31,23,,,30
2025-12-20 19:02:36.933 | $BDGSV,1,1,01,5,,,23
2025-12-20 19:02:36.954 | $GNRMC,,V,,,,,,,,,,N
2025-12-20 19:02:36.975 | $GNZDA,,,,,,
2025-12-20 19:02:37.807 | $GNGGA,170238.063,,,,,0,00,,,M,,M,,
2025-12-20 19:02:37.838 | $GPGSA,A,1,,,,,,,,,,,,,,,,1
2025-12-20 19:02:37.868 | $BDGSA,A,1,,,,,,,,,,,,,,,,4
2025-12-20 19:02:37.909 | $GPGSV,1,1,03,28,,,36,25,,,31,23,,,31
2025-12-20 19:02:37.930 | $BDGSV,0,1,00
2025-12-20 19:02:37.971 | $GNRMC,170238.063,V,,,,,,,,,,N
2025-12-20 19:02:38.002 | $GNZDA,170238.063,,,,,
2025-12-20 19:02:38.802 | $GNGGA,170239.063,,,,,0,00,,,M,,M,,
2025-12-20 19:02:38.833 | $GPGSA,A,1,,,,,,,,,,,,,,,,1
2025-12-20 19:02:38.874 | $BDGSA,A,1,,,,,,,,,,,,,,,,4
2025-12-20 19:02:38.915 | $GPGSV,1,1,03,28,,,36,25,,,32,23,,,31
2025-12-20 19:02:38.936 | $BDGSV,0,1,00
2025-12-20 19:02:38.967 | $GNRMC,170239.063,V,,,,,,,,,,N
2025-12-20 19:02:38.998 | $GNZDA,170239.063,,,,,
2025-12-20 19:02:39.799 | $GNGGA,170240.063,,,,,0,00,,,M,,M,,
2025-12-20 19:02:39.840 | $GPGSA,A,1,,,,,,,,,,,,,,,,1
2025-12-20 19:02:39.871 | $BDGSA,A,1,,,,,,,,,,,,,,,,4
2025-12-20 19:02:39.912 | $GPGSV,1,1,03,28,,,34,25,,,33,23,,,32
2025-12-20 19:02:39.933 | $BDGSV,0,1,00
2025-12-20 19:02:39.973 | $GNRMC,170240.063,V,,,,,,,,,,N
2025-12-20 19:02:39.994 | $GNZDA,170240.063,,,,,
2025-12-20 19:02:40.805 | $GNGGA,170241.063,,,,,0,00,,,M,,M,,
2025-12-20 19:02:40.836 | $GPGSA,A,1,,,,,,,,,,,,,,,,1
2025-12-20 19:02:40.867 | $BDGSA,A,1,,,,,,,,,,,,,,,,4
2025-12-20 19:02:40.918 | $GPGSV,1,1,03,28,,,35,25,,,34,23,,,33
2025-12-20 19:02:40.928 | $BDGSV,0,1,00
2025-12-20 19:02:40.969 | $GNRMC,170241.063,V,,,,,,,,,,N
2025-12-20 19:02:41.000 | $GNZDA,170241.063,,,,,
2025-12-20 19:02:41.805 | $GNGGA,170242.063,,,,,0,00,,,M,,M,,
2025-12-20 19:02:41.836 | $GPGSA,A,1,,,,,,,,,,,,,,,,1
2025-12-20 19:02:41.866 | $BDGSA,A,1,,,,,,,,,,,,,,,,4
2025-12-20 19:02:41.918 | $GPGSV,1,1,03,28,,,36,25,,,34,23,,,32
2025-12-20 19:02:41.938 | $BDGSV,0,1,00
2025-12-20 19:02:41.969 | $GNRMC,170242.063,V,,,,,,,,,,N
2025-12-20 19:02:42.000 | $GNZDA,170242.063,,,,,
2025-12-20 19:02:42.801 | $GNGGA,170243.063,,,,,0,00,,,M,,M,,
2025-12-20 19:02:42.842 | $GPGSA,A,1,,,,,,,,,,,,,,,,1
2025-12-20 19:02:42.872 | $BDGSA,A,1,,,,,,,,,,,,,,,,4
2025-12-20 19:02:42.913 | $GPGSV,1,1,03,25,,,35,23,,,33,28,,,32
2025-12-20 19:02:42.934 | $BDGSV,0,1,00
2025-12-20 19:02:42.975 | $GNRMC,170243.063,V,,,,,,,,,,N
2025-12-20 19:02:42.995 | $GNZDA,170243.063,,,,,
2025-12-20 19:02:43.807 | $GNGGA,170245.063,,,,,0,00,,,M,,M,,
2025-12-20 19:02:43.847 | $GPGSA,A,1,,,,,,,,,,,,,,,,1
2025-12-20 19:02:43.878 | $BDGSA,A,1,,,,,,,,,,,,,,,,4
2025-12-20 19:02:43.919 | $GPGSV,1,1,03,25,,,35,28,,,34,23,,,33
2025-12-20 19:02:43.940 | $BDGSV,0,1,00
2025-12-20 19:02:43.981 | $GNRMC,170245.063,V,,,,,,,201225,,,N
2025-12-20 19:02:44.022 | $GNZDA,170245.063,20,12,2025,,
2025-12-20 19:02:44.802 | $GNGGA,170246.063,,,,,0,00,,,M,,M,,
2025-12-20 19:02:44.844 | $GPGSA,A,1,,,,,,,,,,,,,,,,1
2025-12-20 19:02:44.875 | $BDGSA,A,1,,,,,,,,,,,,,,,,4
2025-12-20 19:02:44.916 | $GPGSV,1,1,03,25,,,37,23,,,35,28,,,24
2025-12-20 19:02:44.936 | $BDGSV,0,1,00
2025-12-20 19:02:44.977 | $GNRMC,170246.063,V,,,,,,,201225,,,N
2025-12-20 19:02:45.018 | $GNZDA,170246.063,20,12,2025,,
2025-12-20 19:02:45.809 | $GNGGA,170247.063,,,,,0,00,,,M,,M,,
2025-12-20 19:02:45.840 | $GPGSA,A,1,,,,,,,,,,,,,,,,1
2025-12-20 19:02:45.871 | $BDGSA,A,1,,,,,,,,,,,,,,,,4
2025-12-20 19:02:45.922 | $GPGSV,1,1,03,28,,,33,25,,,29,23,,,27
2025-12-20 19:02:45.932 | $BDGSV,0,1,00
2025-12-20 19:02:45.983 | $GNRMC,170247.063,V,,,,,,,201225,,,N
2025-12-20 19:02:46.014 | $GNZDA,170247.063,20,12,2025,,
2025-12-20 19:02:46.805 | $GNGGA,170248.063,,,,,0,00,,,M,,M,,
2025-12-20 19:02:46.835 | $GPGSA,A,1,,,,,,,,,,,,,,,,1
2025-12-20 19:02:46.876 | $BDGSA,A,1,,,,,,,,,,,,,,,,4
2025-12-20 19:02:46.917 | $GPGSV,1,1,03,23,,,35,25,,,34,28,,,31
2025-12-20 19:02:46.938 | $BDGSV,0,1,00
2025-12-20 19:02:46.979 | $GNRMC,170248.063,V,,,,,,,201225,,,N
2025-12-20 19:02:47.020 | $GNZDA,170248.063,20,12,2025,,
2025-12-20 19:02:47.811 | $GNGGA,170249.063,,,,,0,00,,,M,,M,,
2025-12-20 19:02:47.842 | $GPGSA,A,1,,,,,,,,,,,,,,,,1
2025-12-20 19:02:47.872 | $BDGSA,A,1,,,,,,,,,,,,,,,,4
2025-12-20 19:02:47.913 | $GPGSV,1,1,03,25,,,31,28,,,31,23,,,25
2025-12-20 19:02:47.933 | $BDGSV,0,1,00
2025-12-20 19:02:47.974 | $GNRMC,170249.063,V,,,,,,,201225,,,N
2025-12-20 19:02:48.015 | $GNZDA,170249.063,20,12,2025,,
2025-12-20 19:02:48.805 | $GNGGA,170250.063,,,,,0,00,,,M,,M,,
2025-12-20 19:02:48.836 | $GPGSA,A,1,,,,,,,,,,,,,,,,1
2025-12-20 19:02:48.876 | $BDGSA,A,1,,,,,,,,,,,,,,,,4
2025-12-20 19:02:48.917 | $GPGSV,1,1,03,28,,,36,25,,,35,23,,,24
2025-12-20 19:02:48.938 | $BDGSV,0,1,00
2025-12-20 19:02:48.979 | $GNRMC,170250.063,V,,,,,,,201225,,,N
2025-12-20 19:02:49.020 | $GNZDA,170250.063,20,12,2025,,
2025-12-20 19:02:49.811 | $GNGGA,170251.063,,,,,0,00,,,M,,M,,
2025-12-20 19:02:49.842 | $GPGSA,A,1,,,,,,,,,,,,,,,,1
2025-12-20 19:02:49.873 | $BDGSA,A,1,,,,,,,,,,,,,,,,4
2025-12-20 19:02:49.914 | $GPGSV,1,1,03,28,,,35,25,,,34,23,,,33
2025-12-20 19:02:49.934 | $BDGSV,0,1,00
2025-12-20 19:02:49.975 | $GNRMC,170251.063,V,,,,,,,201225,,,N
2025-12-20 19:02:50.017 | $GNZDA,170251.063,20,12,2025,,
2025-12-20 19:02:50.808 | $GNGGA,170252.063,,,,,0,00,,,M,,M,,
2025-12-20 19:02:50.839 | $GPGSA,A,1,,,,,,,,,,,,,,,,1
2025-12-20 19:02:50.869 | $BDGSA,A,1,,,,,,,,,,,,,,,,4
2025-12-20 19:02:50.921 | $GPGSV,1,1,03,23,,,36,28,,,35,25,,,34
2025-12-20 19:02:50.931 | $BDGSV,0,1,00
2025-12-20 19:02:50.982 | $GNRMC,170252.063,V,,,,,,,201225,,,N
2025-12-20 19:02:51.013 | $GNZDA,170252.063,20,12,2025,,
2025-12-20 19:02:51.805 | $GNGGA,170253.063,,,,,0,00,,,M,,M,,
2025-12-20 19:02:51.836 | $GPGSA,A,1,,,,,,,,,,,,,,,,1
2025-12-20 19:02:51.877 | $BDGSA,A,1,,,,,,,,,,,,,,,,4
2025-12-20 19:02:51.918 | $GPGSV,1,1,03,25,,,37,28,,,36,23,,,30
2025-12-20 19:02:51.938 | $BDGSV,0,1,00
2025-12-20 19:02:51.979 | $GNRMC,170253.063,V,,,,,,,201225,,,N
2025-12-20 19:02:52.020 | $GNZDA,170253.063,20,12,2025,,
2025-12-20 19:02:52.810 | $GNGGA,170254.063,,,,,0,00,,,M,,M,,
2025-12-20 19:02:52.841 | $GPGSA,A,1,,,,,,,,,,,,,,,,1
2025-12-20 19:02:52.872 | $BDGSA,A,1,,,,,,,,,,,,,,,,4
2025-12-20 19:02:52.913 | $GPGSV,1,1,03,28,,,35,25,,,34,23,,,30
2025-12-20 19:02:52.933 | $BDGSV,0,1,00
2025-12-20 19:02:52.985 | $GNRMC,170254.063,V,,,,,,,201225,,,N
2025-12-20 19:02:53.015 | $GNZDA,170254.063,20,12,2025,,
2025-12-20 19:02:53.806 | $GNGGA,170255.063,,,,,0,00,,,M,,M,,
2025-12-20 19:02:53.847 | $GPGSA,A,1,,,,,,,,,,,,,,,,1
2025-12-20 19:02:53.878 | $BDGSA,A,1,,,,,,,,,,,,,,,,4
2025-12-20 19:02:53.919 | $GPGSV,1,1,03,25,,,34,28,,,33,23,,,31
2025-12-20 19:02:53.949 | $BDGSV,1,1,01,5,,,32
2025-12-20 19:02:53.990 | $GNRMC,170255.063,V,,,,,,,201225,,,N
2025-12-20 19:02:54.031 | $GNZDA,170255.063,20,12,2025,,
2025-12-20 19:02:54.812 | $GNGGA,170256.063,,,,,0,00,,,M,,M,,
2025-12-20 19:02:54.843 | $GPGSA,A,1,,,,,,,,,,,,,,,,1
2025-12-20 19:02:54.873 | $BDGSA,A,1,,,,,,,,,,,,,,,,4
2025-12-20 19:02:54.925 | $GPGSV,1,1,03,25,,,34,28,,,33,23,,,31
2025-12-20 19:02:54.945 | $BDGSV,1,1,01,5,,,31
2025-12-20 19:02:54.986 | $GNRMC,170256.063,V,,,,,,,201225,,,N
2025-12-20 19:02:55.027 | $GNZDA,170256.063,20,12,2025,,
2025-12-20 19:02:55.808 | $GNGGA,170257.063,,,,,0,00,,,M,,M,,
2025-12-20 19:02:55.839 | $GPGSA,A,1,,,,,,,,,,,,,,,,1
2025-12-20 19:02:55.880 | $BDGSA,A,1,,,,,,,,,,,,,,,,4
2025-12-20 19:02:55.921 | $GPGSV,1,1,03,28,,,32,25,,,31,23,,,31
2025-12-20 19:02:55.942 | $BDGSV,1,1,01,5,,,32
2025-12-20 19:02:55.993 | $GNRMC,170257.063,V,,,,,,,201225,,,N
2025-12-20 19:02:56.024 | $GNZDA,170257.063,20,12,2025,,
2025-12-20 19:02:56.816 | $GNGGA,170258.063,,,,,0,00,,,M,,M,,
2025-12-20 19:02:56.846 | $GPGSA,A,1,,,,,,,,,,,,,,,,1
2025-12-20 19:02:56.877 | $BDGSA,A,1,,,,,,,,,,,,,,,,4
2025-12-20 19:02:56.928 | $GPGSV,1,1,03,25,,,31,28,,,32,23,,,30
2025-12-20 19:02:56.949 | $BDGSV,1,1,01,5,,,32
2025-12-20 19:02:56.990 | $GNRMC,170258.063,V,,,,,,,201225,,,N
2025-12-20 19:02:57.031 | $GNZDA,170258.063,20,12,2025,,
2025-12-20 19:02:57.812 | $GNGGA,170259.063,,,,,0,00,,,M,,M,,
2025-12-20 19:02:57.843 | $GPGSA,A,1,,,,,,,,,,,,,,,,1
2025-12-20 19:02:57.884 | $BDGSA,A,1,,,,,,,,,,,,,,,,4
2025-12-20 19:02:57.925 | $GPGSV,1,1,03,25,,,32,28,,,31,23,,,30
2025-12-20 19:02:57.955 | $BDGSV,1,1,01,5,,,32
2025-12-20 19:02:57.996 | $GNRMC,170259.063,V,,,,,,,201225,,,N
2025-12-20 19:02:58.027 | $GNZDA,170259.063,20,12,2025,,
2025-12-20 19:02:58.809 | $GNGGA,170300.063,,,,,0,00,,,M,,M,,
2025-12-20 19:02:58.849 | $GPGSA,A,1,,,,,,,,,,,,,,,,1
2025-12-20 19:02:58.880 | $BDGSA,A,1,,,,,,,,,,,,,,,,4
2025-12-20 19:02:58.921 | $GPGSV,1,1,03,25,,,36,28,,,33,23,,,31
2025-12-20 19:02:58.952 | $BDGSV,1,1,01,5,,,31
2025-12-20 19:02:58.992 | $GNRMC,170300.063,V,,,,,,,201225,,,N
2025-12-20 19:02:59.033 | $GNZDA,170300.063,20,12,2025,,
2025-12-20 19:02:59.814 | $GNGGA,170301.063,,,,,0,00,,,M,,M,,
2025-12-20 19:02:59.845 | $GPGSA,A,1,,,,,,,,,,,,,,,,1
2025-12-20 19:02:59.876 | $BDGSA,A,1,,,,,,,,,,,,,,,,4
2025-12-20 19:02:59.927 | $GPGSV,1,1,03,25,,,36,28,,,31,23,,,31
2025-12-20 19:02:59.948 | $BDGSV,1,1,01,5,,,31
2025-12-20 19:02:59.989 | $GNRMC,170301.063,V,,,,,,,201225,,,N
2025-12-20 19:03:00.030 | $GNZDA,170301.063,20,12,2025,,
2025-12-20 19:03:00.811 | $GNGGA,170302.063,,,,,0,00,,,M,,M,,
2025-12-20 19:03:00.852 | $GPGSA,A,1,,,,,,,,,,,,,,,,1
2025-12-20 19:03:00.882 | $BDGSA,A,1,,,,,,,,,,,,,,,,4
2025-12-20 19:03:00.923 | $GPGSV,1,1,03,25,,,31,28,,,34,23,,,31
2025-12-20 19:03:00.954 | $BDGSV,1,1,01,5,,,29
2025-12-20 19:03:00.995 | $GNRMC,170302.063,V,,,,,,,201225,,,N
2025-12-20 19:03:01.026 | $GNZDA,170302.063,20,12,2025,,
2025-12-20 19:03:01.816 | $GNGGA,170303.063,,,,,0,00,,,M,,M,,
2025-12-20 19:03:01.847 | $GPGSA,A,1,,,,,,,,,,,,,,,,1
2025-12-20 19:03:01.878 | $BDGSA,A,1,,,,,,,,,,,,,,,,4
2025-12-20 19:03:01.929 | $GPGSV,1,1,03,25,,,36,23,,,35,28,,,32
2025-12-20 19:03:01.950 | $BDGSV,1,1,01,5,,,34
2025-12-20 19:03:01.990 | $GNRMC,170303.063,V,,,,,,,201225,,,N
2025-12-20 19:03:02.031 | $GNZDA,170303.063,20,12,2025,,
2025-12-20 19:03:02.812 | $GNGGA,170304.063,,,,,0,00,,,M,,M,,
2025-12-20 19:03:02.843 | $GPGSA,A,1,,,,,,,,,,,,,,,,1
2025-12-20 19:03:02.884 | $BDGSA,A,1,,,,,,,,,,,,,,,,4
2025-12-20 19:03:02.925 | $GPGSV,1,1,03,25,,,33,28,,,34,23,,,33
2025-12-20 19:03:02.945 | $BDGSV,1,1,01,5,,,28
2025-12-20 19:03:02.996 | $GNRMC,170304.063,V,,,,,,,201225,,,N
2025-12-20 19:03:03.027 | $GNZDA,170304.063,20,12,2025,,
2025-12-20 19:03:03.818 | $GNGGA,170305.063,,,,,0,00,,,M,,M,,
2025-12-20 19:03:03.849 | $GPGSA,A,1,,,,,,,,,,,,,,,,1
2025-12-20 19:03:03.880 | $BDGSA,A,1,,,,,,,,,,,,,,,,4
2025-12-20 19:03:03.921 | $GPGSV,1,1,03,25,,,34,28,,,38,23,,,35
2025-12-20 19:03:03.952 | $BDGSV,1,1,01,5,,,31
2025-12-20 19:03:03.993 | $GNRMC,170305.063,V,,,,,,,201225,,,N
2025-12-20 19:03:04.034 | $GNZDA,170305.063,20,12,2025,,
2025-12-20 19:03:04.815 | $GNGGA,170306.063,,,,,0,00,,,M,,M,,
2025-12-20 19:03:04.846 | $GPGSA,A,1,,,,,,,,,,,,,,,,1
2025-12-20 19:03:04.877 | $BDGSA,A,1,,,,,,,,,,,,,,,,4
2025-12-20 19:03:04.928 | $GPGSV,1,1,03,25,,,34,28,,,38,23,,,36
2025-12-20 19:03:04.948 | $BDGSV,1,1,01,5,,,33
2025-12-20 19:03:04.989 | $GNRMC,170306.063,V,,,,,,,201225,,,N
2025-12-20 19:03:05.031 | $GNZDA,170306.063,20,12,2025,,
2025-12-20 19:03:05.812 | $GNGGA,170307.063,,,,,0,00,,,M,,M,,
2025-12-20 19:03:05.843 | $GPGSA,A,1,,,,,,,,,,,,,,,,1
2025-12-20 19:03:05.884 | $BDGSA,A,1,,,,,,,,,,,,,,,,4
2025-12-20 19:03:05.925 | $GPGSV,1,1,03,25,,,34,23,,,33,28,,,26
2025-12-20 19:03:05.955 | $BDGSV,1,1,01,5,,,29
2025-12-20 19:03:05.996 | $GNRMC,170307.063,V,,,,,,,201225,,,N
2025-12-20 19:03:06.027 | $GNZDA,170307.063,20,12,2025,,
2025-12-20 19:03:06.819 | $GNGGA,170308.063,,,,,0,00,,,M,,M,,
2025-12-20 19:03:06.849 | $GPGSA,A,1,,,,,,,,,,,,,,,,1
2025-12-20 19:03:06.880 | $BDGSA,A,1,,,,,,,,,,,,,,,,4
2025-12-20 19:03:06.921 | $GPGSV,1,1,03,25,,,29,28,,,32,23,,,30
2025-12-20 19:03:06.952 | $BDGSV,1,1,01,5,,,28
2025-12-20 19:03:06.993 | $GNRMC,170308.063,V,,,,,,,201225,,,N
2025-12-20 19:03:07.034 | $GNZDA,170308.063,20,12,2025,,
2025-12-20 19:03:07.815 | $GNGGA,170309.063,,,,,0,00,,,M,,M,,
2025-12-20 19:03:07.846 | $GPGSA,A,1,,,,,,,,,,,,,,,,1
2025-12-20 19:03:07.887 | $BDGSA,A,1,,,,,,,,,,,,,,,,4
2025-12-20 19:03:07.928 | $GPGSV,1,1,03,25,,,29,28,,,36,23,,,35
2025-12-20 19:03:07.959 | $BDGSV,1,1,01,5,,,33
2025-12-20 19:03:08.000 | $GNRMC,170309.063,V,,,,,,,201225,,,N
2025-12-20 19:03:08.031 | $GNZDA,170309.063,20,12,2025,,
2025-12-20 19:03:08.822 | $GNGGA,170310.063,,,,,0,00,,,M,,M,,
2025-12-20 19:03:08.853 | $GPGSA,A,1,,,,,,,,,,,,,,,,1
2025-12-20 19:03:08.883 | $BDGSA,A,1,,,,,,,,,,,,,,,,4
2025-12-20 19:03:08.925 | $GPGSV,1,1,03,25,,,33,23,,,41,28,,,29
2025-12-20 19:03:08.955 | $BDGSV,1,1,01,5,,,33
2025-12-20 19:03:08.996 | $GNRMC,170310.063,V,,,,,,,201225,,,N
2025-12-20 19:03:09.037 | $GNZDA,170310.063,20,12,2025,,
2025-12-20 19:03:09.819 | $GNGGA,170311.063,,,,,0,00,,,M,,M,,
2025-12-20 19:03:09.850 | $GPGSA,A,1,,,,,,,,,,,,,,,,1
2025-12-20 19:03:09.884 | $BDGSA,A,1,,,,,,,,,,,,,,,,4
2025-12-20 19:03:09.925 | $GPGSV,1,1,03,25,,,36,23,,,41,28,,,30
2025-12-20 19:03:09.956 | $BDGSV,1,1,01,5,,,33
2025-12-20 19:03:09.997 | $GNRMC,170311.063,V,,,,,,,201225,,,N
2025-12-20 19:03:10.028 | $GNZDA,170311.063,20,12,2025,,
2025-12-20 19:03:10.808 | $GNGGA,170312.063,,,,,0,00,,,M,,M,,
2025-12-20 19:03:10.849 | $GPGSA,A,1,,,,,,,,,,,,,,,,1
2025-12-20 19:03:10.880 | $BDGSA,A,1,,,,,,,,,,,,,,,,4
2025-12-20 19:03:10.922 | $GPGSV,1,1,03,25,,,36,23,,,41,28,,,32
2025-12-20 19:03:10.952 | $BDGSV,1,1,01,5,,,34
2025-12-20 19:03:10.993 | $GNRMC,170312.063,V,,,,,,,201225,,,N
2025-12-20 19:03:11.035 | $GNZDA,170312.063,20,12,2025,,
2025-12-20 19:03:11.816 | $GNGGA,170313.063,,,,,0,00,,,M,,M,,
2025-12-20 19:03:11.847 | $GPGSA,A,1,,,,,,,,,,,,,,,,1
2025-12-20 19:03:11.877 | $BDGSA,A,1,,,,,,,,,,,,,,,,4
2025-12-20 19:03:11.929 | $GPGSV,1,1,03,25,,,30,28,,,37,23,,,31
2025-12-20 19:03:11.949 | $BDGSV,1,1,01,5,,,29
2025-12-20 19:03:11.991 | $GNRMC,170313.063,V,,,,,,,201225,,,N
2025-12-20 19:03:12.032 | $GNZDA,170313.063,20,12,2025,,
2025-12-20 19:03:12.813 | $GNGGA,170314.063,,,,,0,00,,,M,,M,,
2025-12-20 19:03:12.844 | $GPGSA,A,1,,,,,,,,,,,,,,,,1
2025-12-20 19:03:12.885 | $BDGSA,A,1,,,,,,,,,,,,,,,,4
2025-12-20 19:03:12.926 | $GPGSV,1,1,03,25,,,40,23,,,44,28,,,37
2025-12-20 19:03:12.946 | $BDGSV,1,1,01,5,,,38
2025-12-20 19:03:12.997 | $GNRMC,170314.063,V,,,,,,,201225,,,N
2025-12-20 19:03:13.028 | $GNZDA,170314.063,20,12,2025,,
2025-12-20 19:03:13.820 | $GNGGA,170315.063,,,,,0,00,,,M,,M,,
2025-12-20 19:03:13.851 | $GPGSA,A,1,,,,,,,,,,,,,,,,1
2025-12-20 19:03:13.881 | $BDGSA,A,1,,,,,,,,,,,,,,,,4
2025-12-20 19:03:13.922 | $GPGSV,1,1,03,25,,,38,23,,,42,28,,,37
2025-12-20 19:03:13.953 | $BDGSV,1,1,01,5,,,33
2025-12-20 19:03:13.994 | $GNRMC,170315.063,V,,,,,,,201225,,,N
2025-12-20 19:03:14.035 | $GNZDA,170315.063,20,12,2025,,
2025-12-20 19:03:14.816 | $GNGGA,170316.063,,,,,0,00,,,M,,M,,
2025-12-20 19:03:14.846 | $GPGSA,A,1,,,,,,,,,,,,,,,,1
2025-12-20 19:03:14.877 | $BDGSA,A,1,,,,,,,,,,,,,,,,4
2025-12-20 19:03:14.918 | $GPGSV,1,1,03,25,,,34,23,,,35,28,,,27
2025-12-20 19:03:14.949 | $BDGSV,1,1,01,5,,,32
2025-12-20 19:03:14.990 | $GNRMC,170316.063,V,,,,,,,201225,,,N
2025-12-20 19:03:15.031 | $GNZDA,170316.063,20,12,2025,,
2025-12-20 19:03:15.813 | $GNGGA,170317.063,,,,,0,00,,,M,,M,,
2025-12-20 19:03:15.844 | $GPGSA,A,1,,,,,,,,,,,,,,,,1
2025-12-20 19:03:15.885 | $BDGSA,A,1,,,,,,,,,,,,,,,,4
2025-12-20 19:03:15.925 | $GPGSV,1,1,03,25,,,37,23,,,40,28,,,31
2025-12-20 19:03:15.946 | $BDGSV,1,1,01,5,,,31
2025-12-20 19:03:15.997 | $GNRMC,170317.063,V,,,,,,,201225,,,N
2025-12-20 19:03:16.028 | $GNZDA,170317.063,20,12,2025,,
2025-12-20 19:03:16.819 | $GNGGA,170318.063,,,,,0,00,,,M,,M,,
2025-12-20 19:03:16.849 | $GPGSA,A,1,,,,,,,,,,,,,,,,1
2025-12-20 19:03:16.880 | $BDGSA,A,1,,,,,,,,,,,,,,,,4
2025-12-20 19:03:16.921 | $GPGSV,1,1,03,25,,,40,23,,,40,28,,,32
2025-12-20 19:03:16.952 | $BDGSV,1,1,01,5,,,31
2025-12-20 19:03:16.993 | $GNRMC,170318.063,V,,,,,,,201225,,,N
2025-12-20 19:03:17.034 | $GNZDA,170318.063,20,12,2025,,
2025-12-20 19:03:17.815 | $GNGGA,170319.063,,,,,0,00,,,M,,M,,
2025-12-20 19:03:17.846 | $GPGSA,A,1,,,,,,,,,,,,,,,,1
2025-12-20 19:03:17.877 | $BDGSA,A,1,,,,,,,,,,,,,,,,4
2025-12-20 19:03:17.928 | $GPGSV,1,1,03,25,,,30,28,,,36,23,,,35
2025-12-20 19:03:17.948 | $BDGSV,1,1,01,5,,,31
2025-12-20 19:03:17.989 | $GNRMC,170319.063,V,,,,,,,201225,,,N
2025-12-20 19:03:18.030 | $GNZDA,170319.063,20,12,2025,,
2025-12-20 19:03:18.810 | $GNGGA,170320.063,,,,,0,00,,,M,,M,,
2025-12-20 19:03:18.841 | $GPGSA,A,1,,,,,,,,,,,,,,,,1
2025-12-20 19:03:18.883 | $BDGSA,A,1,,,,,,,,,,,,,,,,4
2025-12-20 19:03:18.924 | $GPGSV,1,1,03,25,,,33,28,,,36,23,,,35
2025-12-20 19:03:18.944 | $BDGSV,1,1,01,5,,,31
2025-12-20 19:03:18.995 | $GNRMC,170320.063,V,,,,,,,201225,,,N
2025-12-20 19:03:19.026 | $GNZDA,170320.063,20,12,2025,,
2025-12-20 19:03:19.816 | $GNGGA,170321.063,,,,,0,00,,,M,,M,,
2025-12-20 19:03:19.847 | $GPGSA,A,1,,,,,,,,,,,,,,,,1
2025-12-20 19:03:19.878 | $BDGSA,A,1,,,,,,,,,,,,,,,,4
2025-12-20 19:03:19.929 | $GPGSV,1,1,03,25,,,31,23,,,34,28,,,33
2025-12-20 19:03:19.949 | $BDGSV,1,1,01,5,,,31
2025-12-20 19:03:19.990 | $GNRMC,170321.063,V,,,,,,,201225,,,N
2025-12-20 19:03:20.031 | $GNZDA,170321.063,20,12,2025,,
2025-12-20 19:03:20.811 | $GNGGA,170322.063,,,,,0,00,,,M,,M,,
2025-12-20 19:03:20.842 | $GPGSA,A,1,,,,,,,,,,,,,,,,1
2025-12-20 19:03:20.883 | $BDGSA,A,1,,,,,,,,,,,,,,,,4
2025-12-20 19:03:20.924 | $GPGSV,1,1,03,25,,,33,28,,,36,23,,,33
2025-12-20 19:03:20.945 | $BDGSV,1,1,01,5,,,33
2025-12-20 19:03:20.996 | $GNRMC,170322.063,V,,,,,,,201225,,,N
2025-12-20 19:03:21.026 | $GNZDA,170322.063,20,12,2025,,
2025-12-20 19:03:21.817 | $GNGGA,170323.063,,,,,0,00,,,M,,M,,
2025-12-20 19:03:21.848 | $GPGSA,A,1,,,,,,,,,,,,,,,,1
2025-12-20 19:03:21.889 | $BDGSA,A,1,,,,,,,,,,,,,,,,4
2025-12-20 19:03:21.930 | $GPGSV,1,1,03,25,,,31,23,,,29,28,,,35
2025-12-20 19:03:21.951 | $BDGSV,1,1,01,5,,,31
2025-12-20 19:03:22.002 | $GNRMC,170323.063,V,,,,,,,201225,,,N
2025-12-20 19:03:22.032 | $GNZDA,170323.063,20,12,2025,,
2025-12-20 19:03:22.818 | $GNGGA,170324.063,,,,,0,00,,,M,,M,,
2025-12-20 19:03:22.848 | $GPGSA,A,1,,,,,,,,,,,,,,,,1
2025-12-20 19:03:22.879 | $BDGSA,A,1,,,,,,,,,,,,,,,,4
2025-12-20 19:03:22.931 | $GPGSV,1,1,03,25,,,32,23,,,25,28,,,30
2025-12-20 19:03:22.951 | $BDGSV,1,1,01,5,,,26
2025-12-20 19:03:22.993 | $GNRMC,170324.063,V,,,,,,,201225,,,N
2025-12-20 19:03:23.033 | $GNZDA,170324.063,20,12,2025,,
2025-12-20 19:03:23.815 | $GNGGA,170325.063,,,,,0,00,,,M,,M,,
2025-12-20 19:03:23.856 | $GPGSA,A,1,,,,,,,,,,,,,,,,1
2025-12-20 19:03:23.887 | $BDGSA,A,1,,,,,,,,,,,,,,,,4
2025-12-20 19:03:23.928 | $GPGSV,1,1,03,25,,,37,23,,,37,28,,,29
2025-12-20 19:03:23.958 | $BDGSV,1,1,01,5,,,32
2025-12-20 19:03:23.999 | $GNRMC,170325.063,V,,,,,,,201225,,,N
2025-12-20 19:03:24.030 | $GNZDA,170325.063,20,12,2025,,
2025-12-20 19:03:24.811 | $GNGGA,170326.063,,,,,0,00,,,M,,M,,
2025-12-20 19:03:24.852 | $GPGSA,A,1,,,,,,,,,,,,,,,,1
2025-12-20 19:03:24.883 | $BDGSA,A,1,,,,,,,,,,,,,,,,4
2025-12-20 19:03:24.924 | $GPGSV,1,1,03,25,,,37,23,,,37,28,,,29
2025-12-20 19:03:24.955 | $BDGSV,1,1,01,5,,,32
2025-12-20 19:03:24.996 | $GNRMC,170326.063,V,,,,,,,201225,,,N
2025-12-20 19:03:25.037 | $GNZDA,170326.063,20,12,2025,,
2025-12-20 19:03:25.818 | $GNGGA,170327.063,,,,,0,00,,,M,,M,,
2025-12-20 19:03:25.848 | $GPGSA,A,1,,,,,,,,,,,,,,,,1
2025-12-20 19:03:25.889 | $BDGSA,A,1,,,,,,,,,,,,,,,,4
2025-12-20 19:03:25.931 | $GPGSV,1,1,03,25,,,39,23,,,37,28,,,29
2025-12-20 19:03:25.951 | $BDGSV,1,1,01,5,,,32
2025-12-20 19:03:26.003 | $GNRMC,170327.063,V,,,,,,,201225,,,N
2025-12-20 19:03:26.033 | $GNZDA,170327.063,20,12,2025,,
2025-12-20 19:03:26.814 | $GNGGA,170328.063,,,,,0,00,,,M,,M,,
2025-12-20 19:03:26.855 | $GPGSA,A,1,,,,,,,,,,,,,,,,1
2025-12-20 19:03:26.886 | $BDGSA,A,1,,,,,,,,,,,,,,,,4
2025-12-20 19:03:26.927 | $GPGSV,1,1,03,23,,,41,25,,,39,28,,,29
2025-12-20 19:03:26.958 | $BDGSV,1,1,01,5,,,36
2025-12-20 19:03:26.999 | $GNRMC,170328.063,V,,,,,,,201225,,,N
2025-12-20 19:03:27.030 | $GNZDA,170328.063,20,12,2025,,
2025-12-20 19:03:27.811 | $GNGGA,170329.063,,,,,0,00,,,M,,M,,
2025-12-20 19:03:27.852 | $GPGSA,A,1,,,,,,,,,,,,,,,,1
2025-12-20 19:03:27.882 | $BDGSA,A,1,,,,,,,,,,,,,,,,4
2025-12-20 19:03:27.924 | $GPGSV,1,1,03,23,,,41,25,,,39,28,,,32
2025-12-20 19:03:27.955 | $BDGSV,1,1,01,5,,,36
2025-12-20 19:03:27.996 | $GNRMC,170329.063,V,,,,,,,201225,,,N
2025-12-20 19:03:28.036 | $GNZDA,170329.063,20,12,2025,,
2025-12-20 19:03:28.818 | $GNGGA,170330.063,,,,,0,00,,,M,,M,,
2025-12-20 19:03:28.849 | $GPGSA,A,1,,,,,,,,,,,,,,,,1
2025-12-20 19:03:28.879 | $BDGSA,A,1,,,,,,,,,,,,,,,,4
2025-12-20 19:03:28.920 | $GPGSV,1,1,03,23,,,30,25,,,30,28,,,27
2025-12-20 19:03:28.951 | $BDGSV,1,1,01,5,,,28
2025-12-20 19:03:28.992 | $GNRMC,170330.063,V,,,,,,,201225,,,N
2025-12-20 19:03:29.033 | $GNZDA,170330.063,20,12,2025,,
2025-12-20 19:03:29.815 | $GNGGA,170331.063,,,,,0,00,,,M,,M,,
2025-12-20 19:03:29.845 | $GPGSA,A,1,,,,,,,,,,,,,,,,1
2025-12-20 19:03:29.886 | $BDGSA,A,1,,,,,,,,,,,,,,,,4
2025-12-20 19:03:29.927 | $GPGSV,1,1,03,25,,,29,23,,,28,28,,,22
2025-12-20 19:03:29.948 | $BDGSV,1,1,01,5,,,26
2025-12-20 19:03:29.999 | $GNRMC,170331.063,V,,,,,,,201225,,,N
2025-12-20 19:03:30.030 | $GNZDA,170331.063,20,12,2025,,
2025-12-20 19:03:30.811 | $GNGGA,170332.063,,,,,0,00,,,M,,M,,
2025-12-20 19:03:30.852 | $GPGSA,A,1,,,,,,,,,,,,,,,,1
2025-12-20 19:03:30.883 | $BDGSA,A,1,,,,,,,,,,,,,,,,4
2025-12-20 19:03:30.924 | $GPGSV,1,1,03,23,,,30,25,,,24,28,,,27
2025-12-20 19:03:30.954 | $BDGSV,1,1,01,5,,,25
2025-12-20 19:03:30.995 | $GNRMC,170332.063,V,,,,,,,201225,,,N
2025-12-20 19:03:31.037 | $GNZDA,170332.063,20,12,2025,,
2025-12-20 19:03:31.818 | $GNGGA,170333.063,,,,,0,00,,,M,,M,,
2025-12-20 19:03:31.848 | $GPGSA,A,1,,,,,,,,,,,,,,,,1
2025-12-20 19:03:31.879 | $BDGSA,A,1,,,,,,,,,,,,,,,,4
2025-12-20 19:03:31.930 | $GPGSV,1,1,03,23,,,32,25,,,25,28,,,37
2025-12-20 19:03:31.951 | $BDGSV,1,1,01,5,,,32
2025-12-20 19:03:31.992 | $GNRMC,170333.063,V,,,,,,,201225,,,N
2025-12-20 19:03:32.033 | $GNZDA,170333.063,20,12,2025,,
2025-12-20 19:03:32.814 | $GNGGA,170334.063,,,,,0,00,,,M,,M,,
2025-12-20 19:03:32.844 | $GPGSA,A,1,,,,,,,,,,,,,,,,1
2025-12-20 19:03:32.886 | $BDGSA,A,1,,,,,,,,,,,,,,,,4
2025-12-20 19:03:32.927 | $GPGSV,1,1,03,23,,,36,25,,,30,28,,,33
2025-12-20 19:03:32.947 | $BDGSV,1,1,01,5,,,33
2025-12-20 19:03:32.999 | $GNRMC,170334.063,V,,,,,,,201225,,,N
2025-12-20 19:03:33.029 | $GNZDA,170334.063,20,12,2025,,
2025-12-20 19:03:33.821 | $GNGGA,170335.063,,,,,0,00,,,M,,M,,
2025-12-20 19:03:33.852 | $GPGSA,A,1,,,,,,,,,,,,,,,,1
2025-12-20 19:03:33.883 | $BDGSA,A,1,,,,,,,,,,,,,,,,4
2025-12-20 19:03:33.934 | $GPGSV,1,1,03,23,,,40,25,,,31,28,,,34
2025-12-20 19:03:33.955 | $BDGSV,1,1,01,5,,,33
2025-12-20 19:03:33.996 | $GNRMC,170335.063,V,,,,,,,201225,,,N
2025-12-20 19:03:34.037 | $GNZDA,170335.063,20,12,2025,,
2025-12-20 19:03:34.818 | $GNGGA,170336.063,,,,,0,00,,,M,,M,,
2025-12-20 19:03:34.849 | $GPGSA,A,1,,,,,,,,,,,,,,,,1
2025-12-20 19:03:34.880 | $BDGSA,A,1,,,,,,,,,,,,,,,,4
2025-12-20 19:03:34.931 | $GPGSV,1,1,03,23,,,40,25,,,36,28,,,37
2025-12-20 19:03:34.952 | $BDGSV,1,1,01,5,,,29
2025-12-20 19:03:34.993 | $GNRMC,170336.063,V,,,,,,,201225,,,N
2025-12-20 19:03:35.034 | $GNZDA,170336.063,20,12,2025,,
2025-12-20 19:03:35.815 | $GNGGA,170337.063,,,,,0,00,,,M,,M,,
2025-12-20 19:03:35.846 | $GPGSA,A,1,,,,,,,,,,,,,,,,1
2025-12-20 19:03:35.887 | $BDGSA,A,1,,,,,,,,,,,,,,,,4
2025-12-20 19:03:35.928 | $GPGSV,1,1,03,23,,,32,25,,,27,28,,,34
2025-12-20 19:03:35.949 | $BDGSV,1,1,01,5,,,30
2025-12-20 19:03:36.000 | $GNRMC,170337.063,V,,,,,,,201225,,,N
2025-12-20 19:03:36.031 | $GNZDA,170337.063,20,12,2025,,
2025-12-20 19:03:36.812 | $GNGGA,170338.063,,,,,0,00,,,M,,M,,
2025-12-20 19:03:36.853 | $GPGSA,A,1,,,,,,,,,,,,,,,,1
2025-12-20 19:03:36.883 | $BDGSA,A,1,,,,,,,,,,,,,,,,4
2025-12-20 19:03:36.924 | $GPGSV,1,1,03,23,,,37,25,,,28,28,,,36
2025-12-20 19:03:36.955 | $BDGSV,1,1,01,5,,,32
2025-12-20 19:03:36.996 | $GNRMC,170338.063,V,,,,,,,201225,,,N
2025-12-20 19:03:37.027 | $GNZDA,170338.063,20,12,2025,,
2025-12-20 19:03:37.818 | $GNGGA,170339.063,,,,,0,00,,,M,,M,,
2025-12-20 19:03:37.849 | $GPGSA,A,1,,,,,,,,,,,,,,,,1
2025-12-20 19:03:37.879 | $BDGSA,A,1,,,,,,,,,,,,,,,,4
2025-12-20 19:03:37.931 | $GPGSV,1,1,03,23,,,30,25,,,27,28,,,32
2025-12-20 19:03:37.951 | $BDGSV,1,1,01,5,,,32
2025-12-20 19:03:37.992 | $GNRMC,170339.063,V,,,,,,,201225,,,N
2025-12-20 19:03:38.033 | $GNZDA,170339.063,20,12,2025,,
2025-12-20 19:03:38.813 | $GNGGA,170340.063,,,,,0,00,,,M,,M,,
2025-12-20 19:03:38.844 | $GPGSA,A,1,,,,,,,,,,,,,,,,1
2025-12-20 19:03:38.885 | $BDGSA,A,1,,,,,,,,,,,,,,,,4
2025-12-20 19:03:38.926 | $GPGSV,1,1,03,25,,,33,23,,,30,28,,,35
2025-12-20 19:03:38.947 | $BDGSV,1,1,01,5,,,31
2025-12-20 19:03:38.998 | $GNRMC,170340.063,V,,,,,,,201225,,,N
2025-12-20 19:03:39.028 | $GNZDA,170340.063,20,12,2025,,
2025-12-20 19:03:39.819 | $GNGGA,170341.063,,,,,0,00,,,M,,M,,
2025-12-20 19:03:39.850 | $GPGSA,A,1,,,,,,,,,,,,,,,,1
2025-12-20 19:03:39.881 | $BDGSA,A,1,,,,,,,,,,,,,,,,4
2025-12-20 19:03:39.932 | $GPGSV,1,1,03,25,,,31,23,,,27,28,,,32
2025-12-20 19:03:39.953 | $BDGSV,1,1,01,5,,,31
2025-12-20 19:03:39.994 | $GNRMC,170341.063,V,,,,,,,201225,,,N
2025-12-20 19:03:40.034 | $GNZDA,170341.063,20,12,2025,,
2025-12-20 19:03:40.814 | $GNGGA,170342.063,,,,,0,00,,,M,,M,,
2025-12-20 19:03:40.844 | $GPGSA,A,1,,,,,,,,,,,,,,,,1
2025-12-20 19:03:40.875 | $BDGSA,A,1,,,,,,,,,,,,,,,,4
2025-12-20 19:03:40.927 | $GPGSV,1,1,03,23,,,28,25,,,25,28,,,27
2025-12-20 19:03:40.947 | $BDGSV,1,1,01,5,,,
2025-12-20 19:03:40.988 | $GNRMC,170342.063,V,,,,,,,201225,,,N
2025-12-20 19:03:41.029 | $GNZDA,170342.063,20,12,2025,,
2025-12-20 19:03:41.809 | $GNGGA,170343.063,,,,,0,00,,,M,,M,,
2025-12-20 19:03:41.850 | $GPGSA,A,1,,,,,,,,,,,,,,,,1
2025-12-20 19:03:41.881 | $BDGSA,A,1,,,,,,,,,,,,,,,,4
2025-12-20 19:03:41.922 | $GPGSV,1,1,03,25,,,30,23,,,21,28,,,26
2025-12-20 19:03:41.943 | $BDGSV,0,1,00
2025-12-20 19:03:41.984 | $GNRMC,170343.063,V,,,,,,,201225,,,N
2025-12-20 19:03:42.025 | $GNZDA,170343.063,20,12,2025,,
2025-12-20 19:03:42.815 | $GNGGA,170344.063,,,,,0,00,,,M,,M,,
2025-12-20 19:03:42.846 | $GPGSA,A,1,,,,,,,,,,,,,,,,1
2025-12-20 19:03:42.877 | $BDGSA,A,1,,,,,,,,,,,,,,,,4
2025-12-20 19:03:42.928 | $GPGSV,1,1,03,25,,,30,23,,,29,28,,,33
2025-12-20 19:03:42.939 | $BDGSV,0,1,00
2025-12-20 19:03:42.990 | $GNRMC,170344.063,V,,,,,,,201225,,,N
2025-12-20 19:03:43.020 | $GNZDA,170344.063,20,12,2025,,
2025-12-20 19:03:43.811 | $GNGGA,170345.063,,,,,0,00,,,M,,M,,
2025-12-20 19:03:43.852 | $GPGSA,A,1,,,,,,,,,,,,,,,,1
2025-12-20 19:03:43.883 | $BDGSA,A,1,,,,,,,,,,,,,,,,4
2025-12-20 19:03:43.925 | $GPGSV,1,1,03,23,,,29,25,,,27,28,,,32
2025-12-20 19:03:43.945 | $BDGSV,0,1,00
2025-12-20 19:03:43.986 | $GNRMC,170345.063,V,,,,,,,201225,,,N
2025-12-20 19:03:44.027 | $GNZDA,170345.063,20,12,2025,,
2025-12-20 19:03:44.808 | $GNGGA,170346.063,,,,,0,00,,,M,,M,,
2025-12-20 19:03:44.850 | $GPGSA,A,1,,,,,,,,,,,,,,,,1
2025-12-20 19:03:44.881 | $BDGSA,A,1,,,,,,,,,,,,,,,,4
2025-12-20 19:03:44.922 | $GPGSV,1,1,03,25,,,28,23,,,27,28,,,29
2025-12-20 19:03:44.943 | $BDGSV,0,1,00
2025-12-20 19:03:44.984 | $GNRMC,170346.063,V,,,,,,,201225,,,N
2025-12-20 19:03:45.025 | $GNZDA,170346.063,20,12,2025,,
2025-12-20 19:03:45.816 | $GNGGA,170347.063,,,,,0,00,,,M,,M,,
2025-12-20 19:03:45.847 | $GPGSA,A,1,,,,,,,,,,,,,,,,1
2025-12-20 19:03:45.878 | $BDGSA,A,1,,,,,,,,,,,,,,,,4
2025-12-20 19:03:45.919 | $GPGSV,1,1,03,23,,,24,25,,,20,28,,,33
2025-12-20 19:03:45.940 | $BDGSV,0,1,00
2025-12-20 19:03:45.981 | $GNRMC,170347.063,V,,,,,,,201225,,,N
2025-12-20 19:03:46.022 | $GNZDA,170347.063,20,12,2025,,
2025-12-20 19:03:46.813 | $GNGGA,170348.063,,,,,0,00,,,M,,M,,
2025-12-20 19:03:46.843 | $GPGSA,A,1,,,,,,,,,,,,,,,,1
2025-12-20 19:03:46.885 | $BDGSA,A,1,,,,,,,,,,,,,,,,4
2025-12-20 19:03:46.926 | $GPGSV,1,1,03,23,,,26,25,,,22,28,,,37
2025-12-20 19:03:46.946 | $BDGSV,0,1,00
2025-12-20 19:03:46.987 | $GNRMC,170348.063,V,,,,,,,201225,,,N
2025-12-20 19:03:47.028 | $GNZDA,170348.063,20,12,2025,,
2025-12-20 19:03:47.809 | $GNGGA,170349.063,,,,,0,00,,,M,,M,,
2025-12-20 19:03:47.850 | $GPGSA,A,1,,,,,,,,,,,,,,,,1
2025-12-20 19:03:47.881 | $BDGSA,A,1,,,,,,,,,,,,,,,,4
2025-12-20 19:03:47.922 | $GPGSV,1,1,03,23,,,29,25,,,28,28,,,34
2025-12-20 19:03:47.942 | $BDGSV,0,1,00
2025-12-20 19:03:47.983 | $GNRMC,170349.063,V,,,,,,,201225,,,N
2025-12-20 19:03:48.024 | $GNZDA,170349.063,20,12,2025,,
2025-12-20 19:03:48.815 | $GNGGA,170350.063,,,,,0,00,,,M,,M,,
2025-12-20 19:03:48.845 | $GPGSA,A,1,,,,,,,,,,,,,,,,1
2025-12-20 19:03:48.876 | $BDGSA,A,1,,,,,,,,,,,,,,,,4
2025-12-20 19:03:48.927 | $GPGSV,1,1,03,23,,,26,25,,,22,28,,,27
2025-12-20 19:03:48.937 | $BDGSV,0,1,00
2025-12-20 19:03:48.988 | $GNRMC,170350.063,V,,,,,,,201225,,,N
2025-12-20 19:03:49.019 | $GNZDA,170350.063,20,12,2025,,
2025-12-20 19:03:49.810 | $GNGGA,170351.063,,,,,0,00,,,M,,M,,
2025-12-20 19:03:49.851 | $GPGSA,A,1,,,,,,,,,,,,,,,,1
2025-12-20 19:03:49.881 | $BDGSA,A,1,,,,,,,,,,,,,,,,4
2025-12-20 19:03:49.922 | $GPGSV,1,1,03,23,,,24,25,,,22,28,,,24
2025-12-20 19:03:49.943 | $BDGSV,0,1,00
2025-12-20 19:03:49.983 | $GNRMC,170351.063,V,,,,,,,201225,,,N
2025-12-20 19:03:50.024 | $GNZDA,170351.063,20,12,2025,,
2025-12-20 19:03:50.815 | $GNGGA,170352.063,,,,,0,00,,,M,,M,,
2025-12-20 19:03:50.846 | $GPGSA,A,1,,,,,,,,,,,,,,,,1
2025-12-20 19:03:50.877 | $BDGSA,A,1,,,,,,,,,,,,,,,,4
2025-12-20 19:03:50.918 | $GPGSV,1,1,03,25,,,23,23,,,22,28,,,28
2025-12-20 19:03:50.939 | $BDGSV,0,1,00
2025-12-20 19:03:50.980 | $GNRMC,170352.063,V,,,,,,,201225,,,N
2025-12-20 19:03:51.021 | $GNZDA,170352.063,20,12,2025,,
2025-12-20 19:03:51.814 | $GNGGA,170353.063,,,,,0,00,,,M,,M,,
2025-12-20 19:03:51.845 | $GPGSA,A,1,,,,,,,,,,,,,,,,1
2025-12-20 19:03:51.875 | $BDGSA,A,1,,,,,,,,,,,,,,,,4
2025-12-20 19:03:51.927 | $GPGSV,1,1,03,25,,,22,23,,,18,28,,,28
2025-12-20 19:03:51.947 | $BDGSV,0,1,00
2025-12-20 19:03:51.988 | $GNRMC,170353.063,V,,,,,,,201225,,,N
2025-12-20 19:03:52.019 | $GNZDA,170353.063,20,12,2025,,
2025-12-20 19:03:52.810 | $GNGGA,170354.063,,,,,0,00,,,M,,M,,
2025-12-20 19:03:52.850 | $GPGSA,A,1,,,,,,,,,,,,,,,,1
2025-12-20 19:03:52.881 | $BDGSA,A,1,,,,,,,,,,,,,,,,4
2025-12-20 19:03:52.922 | $GPGSV,1,1,03,23,,,26,25,,,25,28,,,30
2025-12-20 19:03:52.943 | $BDGSV,0,1,00
2025-12-20 19:03:52.984 | $GNRMC,170354.063,V,,,,,,,201225,,,N
2025-12-20 19:03:53.025 | $GNZDA,170354.063,20,12,2025,,
2025-12-20 19:03:53.816 | $GNGGA,170355.063,,,,,0,00,,,M,,M,,
2025-12-20 19:03:53.847 | $GPGSA,A,1,,,,,,,,,,,,,,,,1
2025-12-20 19:03:53.878 | $BDGSA,A,1,,,,,,,,,,,,,,,,4
2025-12-20 19:03:53.919 | $GPGSV,1,1,03,23,,,24,25,,,23,28,,,29
2025-12-20 19:03:53.939 | $BDGSV,0,1,00
2025-12-20 19:03:53.980 | $GNRMC,170355.063,V,,,,,,,201225,,,N
2025-12-20 19:03:54.022 | $GNZDA,170355.063,20,12,2025,,
2025-12-20 19:03:54.813 | $GNGGA,170356.063,,,,,0,00,,,M,,M,,
2025-12-20 19:03:54.844 | $GPGSA,A,1,,,,,,,,,,,,,,,,1
2025-12-20 19:03:54.885 | $BDGSA,A,1,,,,,,,,,,,,,,,,4
2025-12-20 19:03:54.926 | $GPGSV,1,1,03,23,,,26,25,,,21,28,,,25
2025-12-20 19:03:54.947 | $BDGSV,0,1,00
2025-12-20 19:03:54.988 | $GNRMC,170356.063,V,,,,,,,201225,,,N
2025-12-20 19:03:55.029 | $GNZDA,170356.063,20,12,2025,,
2025-12-20 19:03:55.810 | $GNGGA,170357.063,,,,,0,00,,,M,,M,,
2025-12-20 19:03:55.841 | $GPGSA,A,1,,,,,,,,,,,,,,,,1
2025-12-20 19:03:55.882 | $BDGSA,A,1,,,,,,,,,,,,,,,,4
2025-12-20 19:03:55.923 | $GPGSV,1,1,03,23,,,22,25,,,20,28,,,23
2025-12-20 19:03:55.944 | $BDGSV,0,1,00
2025-12-20 19:03:55.985 | $GNRMC,170357.063,V,,,,,,,201225,,,N
2025-12-20 19:03:56.016 | $GNZDA,170357.063,20,12,2025,,
2025-12-20 19:03:56.807 | $GNGGA,170358.063,,,,,0,00,,,M,,M,,
2025-12-20 19:03:56.838 | $GPGSA,A,1,,,,,,,,,,,,,,,,1
2025-12-20 19:03:56.868 | $BDGSA,A,1,,,,,,,,,,,,,,,,4
2025-12-20 19:03:56.920 | $GPGSV,1,1,03,23,,,20,28,,,22,25,,,20
2025-12-20 19:03:56.940 | $BDGSV,0,1,00
2025-12-20 19:03:56.981 | $GNRMC,170358.063,V,,,,,,,201225,,,N
2025-12-20 19:03:57.012 | $GNZDA,170358.063,20,12,2025,,
2025-12-20 19:03:57.814 | $GNGGA,170359.063,,,,,0,00,,,M,,M,,
2025-12-20 19:03:57.845 | $GPGSA,A,1,,,,,,,,,,,,,,,,1
2025-12-20 19:03:57.886 | $BDGSA,A,1,,,,,,,,,,,,,,,,4
2025-12-20 19:03:57.927 | $GPGSV,1,1,03,25,,,25,23,,,19,28,,,28
2025-12-20 19:03:57.948 | $BDGSV,0,1,00
2025-12-20 19:03:57.989 | $GNRMC,170359.063,V,,,,,,,201225,,,N
2025-12-20 19:03:58.020 | $GNZDA,170359.063,20,12,2025,,
2025-12-20 19:03:58.811 | $GNGGA,170400.063,,,,,0,00,,,M,,M,,
2025-12-20 19:03:58.842 | $GPGSA,A,1,,,,,,,,,,,,,,,,1
2025-12-20 19:03:58.872 | $BDGSA,A,1,,,,,,,,,,,,,,,,4
2025-12-20 19:03:58.924 | $GPGSV,1,1,03,25,,,22,28,,,28,23,,,19
2025-12-20 19:03:58.945 | $BDGSV,0,1,00
2025-12-20 19:03:58.986 | $GNRMC,170400.063,V,,,,,,,201225,,,N
2025-12-20 19:03:59.017 | $GNZDA,170400.063,20,12,2025,,
2025-12-20 19:03:59.818 | $GNGGA,170401.063,,,,,0,00,,,M,,M,,
2025-12-20 19:03:59.849 | $GPGSA,A,1,,,,,,,,,,,,,,,,1
2025-12-20 19:03:59.880 | $BDGSA,A,1,,,,,,,,,,,,,,,,4
2025-12-20 19:03:59.921 | $GPGSV,1,1,03,23,,,25,25,,,22,28,,,25
2025-12-20 19:03:59.941 | $BDGSV,0,1,00
2025-12-20 19:03:59.993 | $GNRMC,170401.063,V,,,,,,,201225,,,N
2025-12-20 19:04:00.023 | $GNZDA,170401.063,20,12,2025,,
2025-12-20 19:04:00.807 | $GNGGA,170402.063,,,,,0,00,,,M,,M,,
2025-12-20 19:04:00.848 | $GPGSA,A,1,,,,,,,,,,,,,,,,1
2025-12-20 19:04:00.879 | $BDGSA,A,1,,,,,,,,,,,,,,,,4
2025-12-20 19:04:00.920 | $GPGSV,1,1,03,23,,,24,25,,,21,28,,,25
2025-12-20 19:04:00.941 | $BDGSV,0,1,00
2025-12-20 19:04:00.982 | $GNRMC,170402.063,V,,,,,,,201225,,,N
2025-12-20 19:04:01.023 | $GNZDA,170402.063,20,12,2025,,
2025-12-20 19:04:01.814 | $GNGGA,170403.063,,,,,0,00,,,M,,M,,
2025-12-20 19:04:01.844 | $GPGSA,A,1,,,,,,,,,,,,,,,,1
2025-12-20 19:04:01.875 | $BDGSA,A,1,,,,,,,,,,,,,,,,4
2025-12-20 19:04:01.927 | $GPGSV,1,1,03,25,,,23,23,,,19,28,,,22
2025-12-20 19:04:01.937 | $BDGSV,0,1,00
2025-12-20 19:04:01.989 | $GNRMC,170403.063,V,,,,,,,201225,,,N
2025-12-20 19:04:02.019 | $GNZDA,170403.063,20,12,2025,,
2025-12-20 19:04:02.811 | $GNGGA,170404.063,,,,,0,00,,,M,,M,,
2025-12-20 19:04:02.842 | $GPGSA,A,1,,,,,,,,,,,,,,,,1
2025-12-20 19:04:02.883 | $BDGSA,A,1,,,,,,,,,,,,,,,,4
2025-12-20 19:04:02.924 | $GPGSV,1,1,03,25,,,26,23,,,25,28,,,22
2025-12-20 19:04:02.945 | $BDGSV,0,1,00
2025-12-20 19:04:02.986 | $GNRMC,170404.063,V,,,,,,,201225,,,N
2025-12-20 19:04:03.016 | $GNZDA,170404.063,20,12,2025,,
2025-12-20 19:04:03.808 | $GNGGA,170405.063,,,,,0,00,,,M,,M,,
2025-12-20 19:04:03.839 | $GPGSA,A,1,,,,,,,,,,,,,,,,1
2025-12-20 19:04:03.880 | $BDGSA,A,1,,,,,,,,,,,,,,,,4
2025-12-20 19:04:03.921 | $GPGSV,1,1,03,25,,,22,23,,,21,28,,,21
2025-12-20 19:04:03.942 | $BDGSV,0,1,00
2025-12-20 19:04:03.983 | $GNRMC,170405.063,V,,,,,,,201225,,,N
2025-12-20 19:04:04.024 | $GNZDA,170405.063,20,12,2025,,
2025-12-20 19:04:04.805 | $GNGGA,170406.063,,,,,0,00,,,M,,M,,
2025-12-20 19:04:04.836 | $GPGSA,A,1,,,,,,,,,,,,,,,,1
2025-12-20 19:04:04.877 | $BDGSA,A,1,,,,,,,,,,,,,,,,4
2025-12-20 19:04:04.918 | $GPGSV,1,1,03,23,,,20,25,,,21,28,,,20
2025-12-20 19:04:04.939 | $BDGSV,0,1,00
2025-12-20 19:04:04.979 | $GNRMC,170406.063,V,,,,,,,201225,,,N
2025-12-20 19:04:05.020 | $GNZDA,170406.063,20,12,2025,,
2025-12-20 19:04:05.812 | $GNGGA,170407.063,,,,,0,00,,,M,,M,,
2025-12-20 19:04:05.843 | $GPGSA,A,1,,,,,,,,,,,,,,,,1
2025-12-20 19:04:05.874 | $BDGSA,A,1,,,,,,,,,,,,,,,,4
2025-12-20 19:04:05.925 | $GPGSV,1,1,03,25,,,20,23,,,20,28,,,19
2025-12-20 19:04:05.936 | $BDGSV,0,1,00
2025-12-20 19:04:05.987 | $GNRMC,170407.063,V,,,,,,,201225,,,N
2025-12-20 19:04:06.018 | $GNZDA,170407.063,20,12,2025,,
2025-12-20 19:04:06.809 | $GNGGA,170408.063,,,,,0,00,,,M,,M,,
2025-12-20 19:04:06.840 | $GPGSA,A,1,,,,,,,,,,,,,,,,1
2025-12-20 19:04:06.871 | $BDGSA,A,1,,,,,,,,,,,,,,,,4
2025-12-20 19:04:06.922 | $GPGSV,1,1,03,23,,,22,25,,,20,28,,,19
2025-12-20 19:04:06.943 | $BDGSV,0,1,00
2025-12-20 19:04:06.984 | $GNRMC,170408.063,V,,,,,,,201225,,,N
2025-12-20 19:04:07.015 | $GNZDA,170408.063,20,12,2025,,
2025-12-20 19:04:07.816 | $GNGGA,170409.063,,,,,0,00,,,M,,M,,
2025-12-20 19:04:07.847 | $GPGSA,A,1,,,,,,,,,,,,,,,,1
2025-12-20 19:04:07.878 | $BDGSA,A,1,,,,,,,,,,,,,,,,4
2025-12-20 19:04:07.919 | $GPGSV,1,1,03,23,,,22,25,,,19,28,,,18
2025-12-20 19:04:07.940 | $BDGSV,0,1,00
2025-12-20 19:04:07.981 | $GNRMC,170409.063,V,,,,,,,201225,,,N
2025-12-20 19:04:08.022 | $GNZDA,170409.063,20,12,2025,,
2025-12-20 19:04:08.813 | $GNGGA,170410.063,,,,,0,00,,,M,,M,,
2025-12-20 19:04:08.844 | $GPGSA,A,1,,,,,,,,,,,,,,,,1
2025-12-20 19:04:08.875 | $BDGSA,A,1,,,,,,,,,,,,,,,,4
2025-12-20 19:04:08.916 | $GPGSV,1,1,03,23,,,22,25,,,19,28,,,17
2025-12-20 19:04:08.937 | $BDGSV,0,1,00
2025-12-20 19:04:08.978 | $GNRMC,170410.063,V,,,,,,,201225,,,N
2025-12-20 19:04:09.019 | $GNZDA,170410.063,20,12,2025,,
2025-12-20 19:04:09.810 | $GNGGA,170411.063,,,,,0,00,,,M,,M,,
2025-12-20 19:04:09.841 | $GPGSA,A,1,,,,,,,,,,,,,,,,1
2025-12-20 19:04:09.872 | $BDGSA,A,1,,,,,,,,,,,,,,,,4
2025-12-20 19:04:09.913 | $GPGSV,1,1,03,23,,,22,25,,,18,28,,,17
2025-12-20 19:04:09.934 | $BDGSV,0,1,00
2025-12-20 19:04:09.974 | $GNRMC,170411.063,V,,,,,,,201225,,,N
2025-12-20 19:04:10.015 | $GNZDA,170411.063,20,12,2025,,
2025-12-20 19:04:10.806 | $GNGGA,170412.063,,,,,0,00,,,M,,M,,
2025-12-20 19:04:10.847 | $GPGSA,A,1,,,,,,,,,,,,,,,,1
2025-12-20 19:04:10.878 | $BDGSA,A,1,,,,,,,,,,,,,,,,4
2025-12-20 19:04:10.919 | $GPGSV,1,1,03,23,,,21,25,,,17,28,,,16
2025-12-20 19:04:10.940 | $BDGSV,0,1,00
2025-12-20 19:04:10.981 | $GNRMC,170412.063,V,,,,,,,201225,,,N
2025-12-20 19:04:11.022 | $GNZDA,170412.063,20,12,2025,,
2025-12-20 19:04:11.803 | $GNGGA,170413.063,,,,,0,00,,,M,,M,,
2025-12-20 19:04:11.844 | $GPGSA,A,1,,,,,,,,,,,,,,,,1
2025-12-20 19:04:11.874 | $BDGSA,A,1,,,,,,,,,,,,,,,,4
2025-12-20 19:04:11.915 | $GPGSV,1,1,03,23,,,20,25,,,17,28,,,
2025-12-20 19:04:11.936 | $BDGSV,0,1,00
2025-12-20 19:04:11.977 | $GNRMC,170413.063,V,,,,,,,201225,,,N
2025-12-20 19:04:12.018 | $GNZDA,170413.063,20,12,2025,,
2025-12-20 19:04:12.809 | $GNGGA,170414.063,,,,,0,00,,,M,,M,,
2025-12-20 19:04:12.839 | $GPGSA,A,1,,,,,,,,,,,,,,,,1
2025-12-20 19:04:12.870 | $BDGSA,A,1,,,,,,,,,,,,,,,,4
2025-12-20 19:04:12.911 | $GPGSV,1,1,02,25,,,16,23,,,19
2025-12-20 19:04:12.932 | $BDGSV,0,1,00
2025-12-20 19:04:12.973 | $GNRMC,170414.063,V,,,,,,,201225,,,N
2025-12-20 19:04:13.014 | $GNZDA,170414.063,20,12,2025,,
2025-12-20 19:04:13.805 | $GNGGA,170415.063,,,,,0,00,,,M,,M,,
2025-12-20 19:04:13.836 | $GPGSA,A,1,,,,,,,,,,,,,,,,1
2025-12-20 19:04:13.867 | $BDGSA,A,1,,,,,,,,,,,,,,,,4
2025-12-20 19:04:13.908 | $GPGSV,1,1,02,23,,,18,25,,,15
2025-12-20 19:04:13.929 | $BDGSV,0,1,00
2025-12-20 19:04:13.970 | $GNRMC,170415.063,V,,,,,,,201225,,,N
2025-12-20 19:04:14.001 | $GNZDA,170415.063,20,12,2025,,
2025-12-20 19:04:14.802 | $GNGGA,170416.063,,,,,0,00,,,M,,M,,
2025-12-20 19:04:14.833 | $GPGSA,A,1,,,,,,,,,,,,,,,,1
2025-12-20 19:04:14.874 | $BDGSA,A,1,,,,,,,,,,,,,,,,4
2025-12-20 19:04:14.905 | $GPGSV,1,1,02,23,,,17,25,,,14
2025-12-20 19:04:14.925 | $BDGSV,0,1,00
2025-12-20 19:04:14.966 | $GNRMC,170416.063,V,,,,,,,201225,,,N
2025-12-20 19:04:15.007 | $GNZDA,170416.063,20,12,2025,,
2025-12-20 19:04:15.798 | $GNGGA,170417.063,,,,,0,00,,,M,,M,,
2025-12-20 19:04:15.839 | $GPGSA,A,1,,,,,,,,,,,,,,,,1
2025-12-20 19:04:15.870 | $BDGSA,A,1,,,,,,,,,,,,,,,,4
2025-12-20 19:04:15.901 | $GPGSV,1,1,02,23,,,17,25,,,14
2025-12-20 19:04:15.921 | $BDGSV,0,1,00
2025-12-20 19:04:15.973 | $GNRMC,170417.063,V,,,,,,,201225,,,N
2025-12-20 19:04:16.003 | $GNZDA,170417.063,20,12,2025,,
2025-12-20 19:04:16.805 | $GNGGA,170418.063,,,,,0,00,,,M,,M,,
2025-12-20 19:04:16.846 | $GPGSA,A,1,,,,,,,,,,,,,,,,1
2025-12-20 19:04:16.877 | $BDGSA,A,1,,,,,,,,,,,,,,,,4
2025-12-20 19:04:16.907 | $GPGSV,1,1,02,25,,,13,23,,,16
2025-12-20 19:04:16.928 | $BDGSV,0,1,00
2025-12-20 19:04:16.969 | $GNRMC,170418.063,V,,,,,,,201225,,,N
2025-12-20 19:04:17.010 | $GNZDA,170418.063,20,12,2025,,
2025-12-20 19:04:17.812 | $GNGGA,170419.063,,,,,0,00,,,M,,M,,
2025-12-20 19:04:17.843 | $GPGSA,A,1,,,,,,,,,,,,,,,,1
2025-12-20 19:04:17.873 | $BDGSA,A,1,,,,,,,,,,,,,,,,4
2025-12-20 19:04:17.915 | $GPGSV,1,1,02,23,,,17,25,,,14
2025-12-20 19:04:17.935 | $BDGSV,0,1,00
2025-12-20 19:04:17.976 | $GNRMC,170419.063,V,,,,,,,201225,,,N
2025-12-20 19:04:18.007 | $GNZDA,170419.063,20,12,2025,,
2025-12-20 19:04:18.808 | $GNGGA,170420.063,,,,,0,00,,,M,,M,,
2025-12-20 19:04:18.838 | $GPGSA,A,1,,,,,,,,,,,,,,,,1
2025-12-20 19:04:18.869 | $BDGSA,A,1,,,,,,,,,,,,,,,,4
2025-12-20 19:04:18.910 | $GPGSV,1,1,02,23,,,17,25,,,14
2025-12-20 19:04:18.930 | $BDGSV,0,1,00
2025-12-20 19:04:18.971 | $GNRMC,170420.063,V,,,,,,,201225,,,N
2025-12-20 19:04:19.002 | $GNZDA,170420.063,20,12,2025,,
2025-12-20 19:04:19.804 | $GNGGA,170421.063,,,,,0,00,,,M,,M,,
2025-12-20 19:04:19.834 | $GPGSA,A,1,,,,,,,,,,,,,,,,1
2025-12-20 19:04:19.875 | $BDGSA,A,1,,,,,,,,,,,,,,,,4
2025-12-20 19:04:19.906 | $GPGSV,1,1,02,23,,,20,25,,,13
2025-12-20 19:04:19.926 | $BDGSV,0,1,00
2025-12-20 19:04:19.967 | $GNRMC,170421.063,V,,,,,,,201225,,,N
2025-12-20 19:04:20.008 | $GNZDA,170421.063,20,12,2025,,
2025-12-20 19:04:20.808 | $GNGGA,170422.063,,,,,0,00,,,M,,M,,
2025-12-20 19:04:20.838 | $GPGSA,A,1,,,,,,,,,,,,,,,,1
2025-12-20 19:04:20.869 | $BDGSA,A,1,,,,,,,,,,,,,,,,4
2025-12-20 19:04:20.910 | $GPGSV,1,1,02,23,,,19,25,,,13
2025-12-20 19:04:20.931 | $BDGSV,0,1,00
2025-12-20 19:04:20.971 | $GNRMC,170422.063,V,,,,,,,201225,,,N
2025-12-20 19:04:21.012 | $GNZDA,170422.063,20,12,2025,,
2025-12-20 19:04:21.803 | $GNGGA,170423.063,,,,,0,00,,,M,,M,,
2025-12-20 19:04:21.833 | $GPGSA,A,1,,,,,,,,,,,,,,,,1
2025-12-20 19:04:21.874 | $BDGSA,A,1,,,,,,,,,,,,,,,,4
2025-12-20 19:04:21.905 | $GPGSV,1,1,02,23,,,19,25,,,13
2025-12-20 19:04:21.926 | $BDGSV,0,1,00
2025-12-20 19:04:21.967 | $GNRMC,170423.063,V,,,,,,,201225,,,N
2025-12-20 19:04:22.008 | $GNZDA,170423.063,20,12,2025,,
2025-12-20 19:04:22.809 | $GNGGA,170424.063,,,,,0,00,,,M,,M,,
2025-12-20 19:04:22.840 | $GPGSA,A,1,,,,,,,,,,,,,,,,1
2025-12-20 19:04:22.871 | $BDGSA,A,1,,,,,,,,,,,,,,,,4
2025-12-20 19:04:22.912 | $GPGSV,1,1,02,23,,,19,25,,,15
2025-12-20 19:04:22.933 | $BDGSV,0,1,00
2025-12-20 19:04:22.974 | $GNRMC,170424.063,V,,,,,,,201225,,,N
2025-12-20 19:04:23.015 | $GNZDA,170424.063,20,12,2025,,
2025-12-20 19:04:23.805 | $GNGGA,170425.063,,,,,0,00,,,M,,M,,
2025-12-20 19:04:23.846 | $GPGSA,A,1,,,,,,,,,,,,,,,,1
2025-12-20 19:04:23.877 | $BDGSA,A,1,,,,,,,,,,,,,,,,4
2025-12-20 19:04:23.908 | $GPGSV,1,1,02,23,,,23,25,,,15
2025-12-20 19:04:23.929 | $BDGSV,0,1,00
2025-12-20 19:04:23.970 | $GNRMC,170425.063,V,,,,,,,201225,,,N
2025-12-20 19:04:24.010 | $GNZDA,170425.063,20,12,2025,,
2025-12-20 19:04:24.811 | $GNGGA,170426.063,,,,,0,00,,,M,,M,,
2025-12-20 19:04:24.842 | $GPGSA,A,1,,,,,,,,,,,,,,,,1
2025-12-20 19:04:24.873 | $BDGSA,A,1,,,,,,,,,,,,,,,,4
2025-12-20 19:04:24.914 | $GPGSV,1,1,02,23,,,24,25,,,15
2025-12-20 19:04:24.935 | $BDGSV,0,1,00
2025-12-20 19:04:24.975 | $GNRMC,170426.063,V,,,,,,,201225,,,N
2025-12-20 19:04:25.006 | $GNZDA,170426.063,20,12,2025,,
2025-12-20 19:04:25.807 | $GNGGA,170427.063,,,,,0,00,,,M,,M,,
2025-12-20 19:04:25.838 | $GPGSA,A,1,,,,,,,,,,,,,,,,1
2025-12-20 19:04:25.869 | $BDGSA,A,1,,,,,,,,,,,,,,,,4
2025-12-20 19:04:25.910 | $GPGSV,1,1,02,23,,,21,25,,,15
2025-12-20 19:04:25.930 | $BDGSV,0,1,00
2025-12-20 19:04:25.971 | $GNRMC,170427.063,V,,,,,,,201225,,,N
2025-12-20 19:04:26.002 | $GNZDA,170427.063,20,12,2025,,
2025-12-20 19:04:26.814 | $GNGGA,170428.063,,,,,0,00,,,M,,M,,
2025-12-20 19:04:26.845 | $GPGSA,A,1,,,,,,,,,,,,,,,,1
2025-12-20 19:04:26.876 | $BDGSA,A,1,,,,,,,,,,,,,,,,4
2025-12-20 19:04:26.917 | $GPGSV,1,1,02,23,,,25,25,,,15
2025-12-20 19:04:26.938 | $BDGSV,0,1,00
2025-12-20 19:04:26.979 | $GNRMC,170428.063,V,,,,,,,201225,,,N
2025-12-20 19:04:27.020 | $GNZDA,170428.063,20,12,2025,,
2025-12-20 19:04:27.811 | $GNGGA,170429.063,,,,,0,00,,,M,,M,,
2025-12-20 19:04:27.852 | $GPGSA,A,1,,,,,,,,,,,,,,,,1
2025-12-20 19:04:27.883 | $BDGSA,A,1,,,,,,,,,,,,,,,,4
2025-12-20 19:04:27.913 | $GPGSV,1,1,02,23,,,25,25,,,16
2025-12-20 19:04:27.934 | $BDGSV,0,1,00
2025-12-20 19:04:27.975 | $GNRMC,170429.063,V,,,,,,,201225,,,N
2025-12-20 19:04:28.016 | $GNZDA,170429.063,20,12,2025,,
2025-12-20 19:04:28.818 | $GNGGA,170430.063,,,,,0,00,,,M,,M,,
2025-12-20 19:04:28.848 | $GPGSA,A,1,,,,,,,,,,,,,,,,1
2025-12-20 19:04:28.879 | $BDGSA,A,1,,,,,,,,,,,,,,,,4
2025-12-20 19:04:28.920 | $GPGSV,1,1,02,23,,,25,25,,,16
2025-12-20 19:04:28.931 | $BDGSV,0,1,00
2025-12-20 19:04:28.982 | $GNRMC,170430.063,V,,,,,,,201225,,,N
2025-12-20 19:04:29.013 | $GNZDA,170430.063,20,12,2025,,
2025-12-20 19:04:29.815 | $GNGGA,170431.063,,,,,0,00,,,M,,M,,
2025-12-20 19:04:29.846 | $GPGSA,A,1,,,,,,,,,,,,,,,,1
2025-12-20 19:04:29.877 | $BDGSA,A,1,,,,,,,,,,,,,,,,4
2025-12-20 19:04:29.919 | $GPGSV,1,1,02,23,,,24,25,,,16
2025-12-20 19:04:29.929 | $BDGSV,0,1,00
2025-12-20 19:04:29.981 | $GNRMC,170431.063,V,,,,,,,201225,,,N
2025-12-20 19:04:30.012 | $GNZDA,170431.063,20,12,2025,,
2025-12-20 19:04:30.804 | $GNGGA,170432.063,,,,,0,00,,,M,,M,,
2025-12-20 19:04:30.845 | $GPGSA,A,1,,,,,,,,,,,,,,,,1
2025-12-20 19:04:30.876 | $BDGSA,A,1,,,,,,,,,,,,,,,,4
2025-12-20 19:04:30.907 | $GPGSV,1,1,02,23,,,24,25,,,16
2025-12-20 19:04:30.927 | $BDGSV,0,1,00
2025-12-20 19:04:30.968 | $GNRMC,170432.063,V,,,,,,,201225,,,N
2025-12-20 19:04:31.009 | $GNZDA,170432.063,20,12,2025,,
2025-12-20 19:04:31.810 | $GNGGA,170433.063,,,,,0,00,,,M,,M,,
2025-12-20 19:04:31.841 | $GPGSA,A,1,,,,,,,,,,,,,,,,1
2025-12-20 19:04:31.872 | $BDGSA,A,1,,,,,,,,,,,,,,,,4
2025-12-20 19:04:31.913 | $GPGSV,1,1,02,23,,,23,25,,,16
2025-12-20 19:04:31.924 | $BDGSV,0,1,00
2025-12-20 19:04:31.975 | $GNRMC,170433.063,V,,,,,,,201225,,,N
2025-12-20 19:04:32.005 | $GNZDA,170433.063,20,12,2025,,
2025-12-20 19:04:32.807 | $GNGGA,170434.063,,,,,0,00,,,M,,M,,
2025-12-20 19:04:32.838 | $GPGSA,A,1,,,,,,,,,,,,,,,,1
2025-12-20 19:04:32.879 | $BDGSA,A,1,,,,,,,,,,,,,,,,4
2025-12-20 19:04:32.910 | $GPGSV,1,1,02,23,,,23,25,,,16
2025-12-20 19:04:32.930 | $BDGSV,0,1,00
2025-12-20 19:04:32.971 | $GNRMC,170434.063,V,,,,,,,201225,,,N
2025-12-20 19:04:33.013 | $GNZDA,170434.063,20,12,2025,,
2025-12-20 19:04:33.805 | $GNGGA,170435.063,,,,,0,00,,,M,,M,,
2025-12-20 19:04:33.836 | $GPGSA,A,1,,,,,,,,,,,,,,,,1
2025-12-20 19:04:33.876 | $BDGSA,A,1,,,,,,,,,,,,,,,,4
2025-12-20 19:04:33.907 | $GPGSV,1,1,02,23,,,23,25,,,16
2025-12-20 19:04:33.928 | $BDGSV,0,1,00
2025-12-20 19:04:33.969 | $GNRMC,170435.063,V,,,,,,,201225,,,N
2025-12-20 19:04:34.010 | $GNZDA,170435.063,20,12,2025,,
2025-12-20 19:04:34.811 | $GNGGA,170436.063,,,,,0,00,,,M,,M,,
2025-12-20 19:04:34.842 | $GPGSA,A,1,,,,,,,,,,,,,,,,1
2025-12-20 19:04:34.872 | $BDGSA,A,1,,,,,,,,,,,,,,,,4
2025-12-20 19:04:34.913 | $GPGSV,1,1,02,23,,,26,25,,,15
2025-12-20 19:04:34.934 | $BDGSV,0,1,00
2025-12-20 19:04:34.975 | $GNRMC,170436.063,V,,,,,,,201225,,,N
2025-12-20 19:04:35.006 | $GNZDA,170436.063,20,12,2025,,
2025-12-20 19:04:35.807 | $GNGGA,170437.063,,,,,0,00,,,M,,M,,
2025-12-20 19:04:35.848 | $GPGSA,A,1,,,,,,,,,,,,,,,,1
2025-12-20 19:04:35.879 | $BDGSA,A,1,,,,,,,,,,,,,,,,4
2025-12-20 19:04:35.909 | $GPGSV,1,1,02,23,,,29,25,,,15
2025-12-20 19:04:35.930 | $BDGSV,0,1,00
2025-12-20 19:04:35.971 | $GNRMC,170437.063,V,,,,,,,201225,,,N
2025-12-20 19:04:36.012 | $GNZDA,170437.063,20,12,2025,,
2025-12-20 19:04:36.813 | $GNGGA,170438.063,,,,,0,00,,,M,,M,,
2025-12-20 19:04:36.844 | $GPGSA,A,1,,,,,,,,,,,,,,,,1
2025-12-20 19:04:36.885 | $BDGSA,A,1,,,,,,,,,,,,,,,,4
2025-12-20 19:04:36.916 | $GPGSV,1,1,02,23,,,27,25,,,14
2025-12-20 19:04:36.936 | $BDGSV,0,1,00
2025-12-20 19:04:36.978 | $GNRMC,170438.063,V,,,,,,,201225,,,N
2025-12-20 19:04:37.019 | $GNZDA,170438.063,20,12,2025,,
2025-12-20 19:04:37.810 | $GNGGA,170439.063,,,,,0,00,,,M,,M,,
2025-12-20 19:04:37.851 | $GPGSA,A,1,,,,,,,,,,,,,,,,1
2025-12-20 19:04:37.882 | $BDGSA,A,1,,,,,,,,,,,,,,,,4
2025-12-20 19:04:37.913 | $GPGSV,1,1,02,23,,,26,25,,,14
2025-12-20 19:04:37.933 | $BDGSV,0,1,00
2025-12-20 19:04:37.974 | $GNRMC,170439.063,V,,,,,,,201225,,,N
2025-12-20 19:04:38.015 | $GNZDA,170439.063,20,12,2025,,
2025-12-20 19:04:38.806 | $GNGGA,170440.063,,,,,0,00,,,M,,M,,
2025-12-20 19:04:38.847 | $GPGSA,A,1,,,,,,,,,,,,,,,,1
2025-12-20 19:04:38.878 | $BDGSA,A,1,,,,,,,,,,,,,,,,4
2025-12-20 19:04:38.909 | $GPGSV,1,1,02,23,,,26,25,,,14
2025-12-20 19:04:38.929 | $BDGSV,0,1,00
2025-12-20 19:04:38.970 | $GNRMC,170440.063,V,,,,,,,201225,,,N
2025-12-20 19:04:39.012 | $GNZDA,170440.063,20,12,2025,,
2025-12-20 19:04:39.813 | $GNGGA,170441.063,,,,,0,00,,,M,,M,,
2025-12-20 19:04:39.844 | $GPGSA,A,1,,,,,,,,,,,,,,,,1
2025-12-20 19:04:39.874 | $BDGSA,A,1,,,,,,,,,,,,,,,,4
2025-12-20 19:04:39.916 | $GPGSV,1,1,02,23,,,26,25,,,14
2025-12-20 19:04:39.937 | $BDGSV,0,1,00
2025-12-20 19:04:39.978 | $GNRMC,170441.063,V,,,,,,,201225,,,N
2025-12-20 19:04:40.009 | $GNZDA,170441.063,20,12,2025,,
