2025-12-20 19:07:33.501 | $BDGSV,0,1,00
2025-12-20 19:07:33.502 | $GNRMC,,V,,,,,,,,,,N
2025-12-20 19:07:33.502 | $GNZDA,,,,,,
2025-12-20 19:07:33.502 | $GNGGA,,,,,,0,00,,,M,,M,,
2025-12-20 19:07:33.502 | $GPGSA,A,1,,,,,,,,,,,,,,,,1
2025-12-20 19:07:33.503 | $BDGSA,A,1,,,,,,,,,,,,,,,,4
2025-12-20 19:07:33.503 | $GPGSV,0,1,00
2025-12-20 19:07:33.503 | $BDGSV,0,1,00
2025-12-20 19:07:33.503 | $GNRMC,,V,,,,,,,,,,N
2025-12-20 19:07:33.504 | $GNZDA,,,,,,
2025-12-20 19:07:34.072 | $GNGGA,,,,,,0,00,,,M,,M,,
2025-12-20 19:07:34.103 | $GPGSA,A,1,,,,,,,,,,,,,,,,1
2025-12-20 19:07:34.144 | $BDGSA,A,1,,,,,,,,,,,,,,,,4
2025-12-20 19:07:34.154 | $GPGSV,0,1,00
2025-12-20 19:07:34.175 | $BDGSV,0,1,00
2025-12-20 19:07:34.206 | $GNRMC,,V,,,,,,,,,,N
2025-12-20 19:07:34.226 | $GNZDA,,,,,,
2025-12-20 19:07:35.078 | $GNGGA,,,,,,0,00,,,M,,M,,
2025-12-20 19:07:35.109 | $GPGSA,A,1,,,,,,,,,,,,,,,,1
2025-12-20 19:07:35.140 | $BDGSA,A,1,,,,,,,,,,,,,,,,4
2025-12-20 19:07:35.160 | $GPGSV,0,1,00
2025-12-20 19:07:35.181 | $BDGSV,0,1,00
2025-12-20 19:07:35.201 | $GNRMC,,V,,,,,,,,,,N
2025-12-20 19:07:35.222 | $GNZDA,,,,,,
2025-12-20 19:07:36.073 | $GNGGA,,,,,,0,00,,,M,,M,,
2025-12-20 19:07:36.104 | $GPGSA,A,1,,,,,,,,,,,,,,,,1
2025-12-20 19:07:36.145 | $BDGSA,A,1,,,,,,,,,,,,,,,,4
2025-12-20 19:07:36.155 | $GPGSV,0,1,00
2025-12-20 19:07:36.176 | $BDGSV,0,1,00
2025-12-20 19:07:36.207 | $GNRMC,,V,,,,,,,,,,N
2025-12-20 19:07:36.227 | $GNZDA,,,,,,
2025-12-20 19:07:37.072 | $GNGGA,,,,,,0,00,,,M,,M,,
2025-12-20 19:07:37.103 | $GPGSA,A,1,,,,,,,,,,,,,,,,1
2025-12-20 19:07:37.144 | $BDGSA,A,1,,,,,,,,,,,,,,,,4
2025-12-20 19:07:37.164 | $GPGSV,0,1,00
2025-12-20 19:07:37.175 | $BDGSV,0,1,00
2025-12-20 19:07:37.206 | $GNRMC,,V,,,,,,,,,,N
2025-12-20 19:07:37.227 | $GNZDA,,,,,,
2025-12-20 19:07:38.069 | $GNGGA,,,,,,0,00,,,M,,M,,
2025-12-20 19:07:38.109 | $GPGSA,A,1,,,,,,,,,,,,,,,,1
2025-12-20 19:07:38.140 | $BDGSA,A,1,,,,,,,,,,,,,,,,4
2025-12-20 19:07:38.161 | $GPGSV,0,1,00
2025-12-20 19:07:38.181 | $BDGSV,0,1,00
2025-12-20 19:07:38.202 | $GNRMC,,V,,,,,,,,,,N
2025-12-20 19:07:38.223 | $GNZDA,,,,,,
2025-12-20 19:07:39.075 | $GNGGA,,,,,,0,00,,,M,,M,,
2025-12-20 19:07:39.106 | $GPGSA,A,1,,,,,,,,,,,,,,,,1
2025-12-20 19:07:39.137 | $BDGSA,A,1,,,,,,,,,,,,,,,,4
2025-12-20 19:07:39.157 | $GPGSV,0,1,00
2025-12-20 19:07:39.178 | $BDGSV,0,1,00
2025-12-20 19:07:39.209 | $GNRMC,,V,,,,,,,,,,N
2025-12-20 19:07:39.219 | $GNZDA,,,,,,
2025-12-20 19:07:40.076 | $GNGGA,,,,,,0,00,,,M,,M,,
2025-12-20 19:07:40.107 | $GPGSA,A,1,,,,,,,,,,,,,,,,1
2025-12-20 19:07:40.138 | $BDGSA,A,1,,,,,,,,,,,,,,,,4
2025-12-20 19:07:40.159 | $GPGSV,0,1,00
2025-12-20 19:07:40.179 | $BDGSV,0,1,00
2025-12-20 19:07:40.200 | $GNRMC,,V,,,,,,,,,,N
2025-12-20 19:07:40.221 | $GNZDA,,,,,,
2025-12-20 19:07:41.074 | $GNGGA,,,,,,0,00,,,M,,M,,
2025-12-20 19:07:41.105 | $GPGSA,A,1,,,,,,,,,,,,,,,,1
2025-12-20 19:07:41.135 | $BDGSA,A,1,,,,,,,,,,,,,,,,4
2025-12-20 19:07:41.156 | $GPGSV,0,1,00
2025-12-20 19:07:41.177 | $BDGSV,0,1,00
2025-12-20 19:07:41.207 | $GNRMC,,V,,,,,,,,,,N
2025-12-20 19:07:41.218 | $GNZDA,,,,,,
2025-12-20 19:07:42.070 | $GNGGA,,,,,,0,00,,,M,,M,,
2025-12-20 19:07:42.111 | $GPGSA,A,1,,,,,,,,,,,,,,,,1
2025-12-20 19:07:42.141 | $BDGSA,A,1,,,,,,,,,,,,,,,,4
2025-12-20 19:07:42.162 | $GPGSV,0,1,00
2025-12-20 19:07:42.183 | $BDGSV,0,1,00
2025-12-20 19:07:42.204 | $GNRMC,,V,,,,,,,,,,N
2025-12-20 19:07:42.224 | $GNZDA,,,,,,
2025-12-20 19:07:43.076 | $GNGGA,,,,,,0,00,,,M,,M,,
2025-12-20 19:07:43.107 | $GPGSA,A,1,,,,,,,,,,,,,,,,1
2025-12-20 19:07:43.138 | $BDGSA,A,1,,,,,,,,,,,,,,,,4
2025-12-20 19:07:43.159 | $GPGSV,0,1,00
2025-12-20 19:07:43.179 | $BDGSV,0,1,00
2025-12-20 19:07:43.200 | $GNRMC,,V,,,,,,,,,,N
2025-12-20 19:07:43.220 | $GNZDA,,,,,,
2025-12-20 19:07:44.073 | $GNGGA,,,,,,0,00,,,M,,M,,
2025-12-20 19:07:44.104 | $GPGSA,A,1,,,,,,,,,,,,,,,,1
2025-12-20 19:07:44.145 | $BDGSA,A,1,,,,,,,,,,,,,,,,4
2025-12-20 19:07:44.155 | $GPGSV,0,1,00
2025-12-20 19:07:44.175 | $BDGSV,0,1,00
2025-12-20 19:07:44.206 | $GNRMC,,V,,,,,,,,,,N
2025-12-20 19:07:44.227 | $GNZDA,,,,,,
2025-12-20 19:07:45.068 | $GNGGA,,,,,,0,00,,,M,,M,,
2025-12-20 19:07:45.110 | $GPGSA,A,1,,,,,,,,,,,,,,,,1
2025-12-20 19:07:45.141 | $BDGSA,A,1,,,,,,,,,,,,,,,,4
2025-12-20 19:07:45.161 | $GPGSV,0,1,00
2025-12-20 19:07:45.182 | $BDGSV,0,1,00
2025-12-20 19:07:45.202 | $GNRMC,,V,,,,,,,,,,N
2025-12-20 19:07:45.223 | $GNZDA,,,,,,
2025-12-20 19:07:46.075 | $GNGGA,,,,,,0,00,,,M,,M,,
2025-12-20 19:07:46.106 | $GPGSA,A,1,,,,,,,,,,,,,,,,1
2025-12-20 19:07:46.137 | $BDGSA,A,1,,,,,,,,,,,,,,,,4
2025-12-20 19:07:46.158 | $GPGSV,0,1,00
2025-12-20 19:07:46.178 | $BDGSV,0,1,00
2025-12-20 19:07:46.209 | $GNRMC,,V,,,,,,,,,,N
2025-12-20 19:07:46.219 | $GNZDA,,,,,,
2025-12-20 19:07:47.072 | $GNGGA,,,,,,0,00,,,M,,M,,
2025-12-20 19:07:47.103 | $GPGSA,A,1,,,,,,,,,,,,,,,,1
2025-12-20 19:07:47.144 | $BDGSA,A,1,,,,,,,,,,,,,,,,4
2025-12-20 19:07:47.155 | $GPGSV,0,1,00
2025-12-20 19:07:47.175 | $BDGSV,0,1,00
2025-12-20 19:07:47.206 | $GNRMC,,V,,,,,,,,,,N
2025-12-20 19:07:47.227 | $GNZDA,,,,,,
2025-12-20 19:07:48.069 | $GNGGA,,,,,,0,00,,,M,,M,,
2025-12-20 19:07:48.109 | $GPGSA,A,1,,,,,,,,,,,,,,,,1
2025-12-20 19:07:48.140 | $BDGSA,A,1,,,,,,,,,,,,,,,,4
2025-12-20 19:07:48.161 | $GPGSV,0,1,00
2025-12-20 19:07:48.181 | $BDGSV,0,1,00
2025-12-20 19:07:48.202 | $GNRMC,,V,,,,,,,,,,N
2025-12-20 19:07:48.222 | $GNZDA,,,,,,
2025-12-20 19:07:49.074 | $GNGGA,,,,,,0,00,,,M,,M,,
2025-12-20 19:07:49.105 | $GPGSA,A,1,,,,,,,,,,,,,,,,1
2025-12-20 19:07:49.146 | $BDGSA,A,1,,,,,,,,,,,,,,,,4
2025-12-20 19:07:49.156 | $GPGSV,0,1,00
2025-12-20 19:07:49.177 | $BDGSV,0,1,00
2025-12-20 19:07:49.208 | $GNRMC,,V,,,,,,,,,,N
2025-12-20 19:07:49.218 | $GNZDA,,,,,,
2025-12-20 19:07:50.070 | $GNGGA,,,,,,0,00,,,M,,M,,
2025-12-20 19:07:50.111 | $GPGSA,A,1,,,,,,,,,,,,,,,,1
2025-12-20 19:07:50.142 | $BDGSA,A,1,,,,,,,,,,,,,,,,4
2025-12-20 19:07:50.163 | $GPGSV,0,1,00
2025-12-20 19:07:50.183 | $BDGSV,0,1,00
2025-12-20 19:07:50.204 | $GNRMC,,V,,,,,,,,,,N
2025-12-20 19:07:50.224 | $GNZDA,,,,,,
2025-12-20 19:07:51.076 | $GNGGA,,,,,,0,00,,,M,,M,,
2025-12-20 19:07:51.107 | $GPGSA,A,1,,,,,,,,,,,,,,,,1
2025-12-20 19:07:51.138 | $BDGSA,A,1,,,,,,,,,,,,,,,,4
2025-12-20 19:07:51.158 | $GPGSV,0,1,00
2025-12-20 19:07:51.179 | $BDGSV,0,1,00
2025-12-20 19:07:51.199 | $GNRMC,,V,,,,,,,,,,N
2025-12-20 19:07:51.220 | $GNZDA,,,,,,
2025-12-20 19:07:52.070 | $GNGGA,,,,,,0,00,,,M,,M,,
2025-12-20 19:07:52.111 | $GPGSA,A,1,,,,,,,,,,,,,,,,1
2025-12-20 19:07:52.142 | $BDGSA,A,1,,,,,,,,,,,,,,,,4
2025-12-20 19:07:52.162 | $GPGSV,0,1,00
2025-12-20 19:07:52.183 | $BDGSV,0,1,00
2025-12-20 19:07:52.203 | $GNRMC,,V,,,,,,,,,,N
2025-12-20 19:07:52.223 | $GNZDA,,,,,,
2025-12-20 19:07:53.075 | $GNGGA,,,,,,0,00,,,M,,M,,
2025-12-20 19:07:53.106 | $GPGSA,A,1,,,,,,,,,,,,,,,,1
2025-12-20 19:07:53.136 | $BDGSA,A,1,,,,,,,,,,,,,,,,4
2025-12-20 19:07:53.157 | $GPGSV,0,1,00
2025-12-20 19:07:53.177 | $BDGSV,0,1,00
2025-12-20 19:07:53.208 | $GNRMC,,V,,,,,,,,,,N
2025-12-20 19:07:53.218 | $GNZDA,,,,,,
2025-12-20 19:07:54.070 | $GNGGA,,,,,,0,00,,,M,,M,,
2025-12-20 19:07:54.111 | $GPGSA,A,1,,,,,,,,,,,,,,,,1
2025-12-20 19:07:54.142 | $BDGSA,A,1,,,,,,,,,,,,,,,,4
2025-12-20 19:07:54.162 | $GPGSV,0,1,00
2025-12-20 19:07:54.183 | $BDGSV,0,1,00
2025-12-20 19:07:54.204 | $GNRMC,,V,,,,,,,,,,N
2025-12-20 19:07:54.224 | $GNZDA,,,,,,
2025-12-20 19:07:55.076 | $GNGGA,,,,,,0,00,,,M,,M,,
2025-12-20 19:07:55.107 | $GPGSA,A,1,,,,,,,,,,,,,,,,1
2025-12-20 19:07:55.137 | $BDGSA,A,1,,,,,,,,,,,,,,,,4
2025-12-20 19:07:55.158 | $GPGSV,0,1,00
2025-12-20 19:07:55.179 | $BDGSV,0,1,00
2025-12-20 19:07:55.210 | $GNRMC,,V,,,,,,,,,,N
2025-12-20 19:07:55.220 | $GNZDA,,,,,,
2025-12-20 19:07:56.075 | $GNGGA,,,,,,0,00,,,M,,M,,
2025-12-20 19:07:56.106 | $GPGSA,A,1,,,,,,,,,,,,,,,,1
2025-12-20 19:07:56.137 | $BDGSA,A,1,,,,,,,,,,,,,,,,4
2025-12-20 19:07:56.158 | $GPGSV,0,1,00
2025-12-20 19:07:56.179 | $BDGSV,0,1,00
2025-12-20 19:07:56.209 | $GNRMC,,V,,,,,,,,,,N
2025-12-20 19:07:56.220 | $GNZDA,,,,,,
2025-12-20 19:07:57.072 | $GNGGA,,,,,,0,00,,,M,,M,,
2025-12-20 19:07:57.103 | $GPGSA,A,1,,,,,,,,,,,,,,,,1
2025-12-20 19:07:57.144 | $BDGSA,A,1,,,,,,,,,,,,,,,,4
2025-12-20 19:07:57.164 | $GPGSV,0,1,00
2025-12-20 19:07:57.174 | $BDGSV,0,1,00
2025-12-20 19:07:57.205 | $GNRMC,,V,,,,,,,,,,N
2025-12-20 19:07:57.226 | $GNZDA,,,,,,
2025-12-20 19:07:58.070 | $GNGGA,,,,,,0,00,,,M,,M,,
2025-12-20 19:07:58.111 | $GPGSA,A,1,,,,,,,,,,,,,,,,1
2025-12-20 19:07:58.142 | $BDGSA,A,1,,,,,,,,,,,,,,,,4
2025-12-20 19:07:58.162 | $GPGSV,0,1,00
2025-12-20 19:07:58.183 | $BDGSV,0,1,00
2025-12-20 19:07:58.204 | $GNRMC,,V,,,,,,,,,,N
2025-12-20 19:07:58.224 | $GNZDA,,,,,,
2025-12-20 19:07:59.077 | $GNGGA,,,,,,0,00,,,M,,M,,
2025-12-20 19:07:59.107 | $GPGSA,A,1,,,,,,,,,,,,,,,,1
2025-12-20 19:07:59.138 | $BDGSA,A,1,,,,,,,,,,,,,,,,4
2025-12-20 19:07:59.159 | $GPGSV,0,1,00
2025-12-20 19:07:59.180 | $BDGSV,0,1,00
2025-12-20 19:07:59.200 | $GNRMC,,V,,,,,,,,,,N
2025-12-20 19:07:59.221 | $GNZDA,,,,,,
2025-12-20 19:08:00.072 | $GNGGA,,,,,,0,00,,,M,,M,,
2025-12-20 19:08:00.102 | $GPGSA,A,1,,,,,,,,,,,,,,,,1
2025-12-20 19:08:00.143 | $BDGSA,A,1,,,,,,,,,,,,,,,,4
2025-12-20 19:08:00.164 | $GPGSV,0,1,00
2025-12-20 19:08:00.174 | $BDGSV,0,1,00
2025-12-20 19:08:00.204 | $GNRMC,,V,,,,,,,,,,N
2025-12-20 19:08:00.225 | $GNZDA,,,,,,
2025-12-20 19:08:01.076 | $GNGGA,,,,,,0,00,,,M,,M,,
2025-12-20 19:08:01.106 | $GPGSA,A,1,,,,,,,,,,,,,,,,1
2025-12-20 19:08:01.137 | $BDGSA,A,1,,,,,,,,,,,,,,,,4
2025-12-20 19:08:01.157 | $GPGSV,0,1,00
2025-12-20 19:08:01.178 | $BDGSV,0,1,00
2025-12-20 19:08:01.208 | $GNRMC,,V,,,,,,,,,,N
2025-12-20 19:08:01.219 | $GNZDA,,,,,,
2025-12-20 19:08:02.069 | $GNGGA,,,,,,0,00,,,M,,M,,
2025-12-20 19:08:02.110 | $GPGSA,A,1,,,,,,,,,,,,,,,,1
2025-12-20 19:08:02.141 | $BDGSA,A,1,,,,,,,,,,,,,,,,4
2025-12-20 19:08:02.161 | $GPGSV,0,1,00
2025-12-20 19:08:02.182 | $BDGSV,0,1,00
2025-12-20 19:08:02.203 | $GNRMC,,V,,,,,,,,,,N
2025-12-20 19:08:02.223 | $GNZDA,,,,,,
2025-12-20 19:08:03.075 | $GNGGA,,,,,,0,00,,,M,,M,,
2025-12-20 19:08:03.105 | $GPGSA,A,1,,,,,,,,,,,,,,,,1
2025-12-20 19:08:03.136 | $BDGSA,A,1,,,,,,,,,,,,,,,,4
2025-12-20 19:08:03.157 | $GPGSV,0,1,00
2025-12-20 19:08:03.177 | $BDGSV,0,1,00
2025-12-20 19:08:03.208 | $GNRMC,,V,,,,,,,,,,N
2025-12-20 19:08:03.218 | $GNZDA,,,,,,
2025-12-20 19:08:04.070 | $GNGGA,,,,,,0,00,,,M,,M,,
2025-12-20 19:08:04.111 | $GPGSA,A,1,,,,,,,,,,,,,,,,1
2025-12-20 19:08:04.142 | $BDGSA,A,1,,,,,,,,,,,,,,,,4
2025-12-20 19:08:04.163 | $GPGSV,0,1,00
2025-12-20 19:08:04.183 | $BDGSV,0,1,00
2025-12-20 19:08:04.204 | $GNRMC,,V,,,,,,,,,,N
2025-12-20 19:08:04.224 | $GNZDA,,,,,,
2025-12-20 19:08:05.077 | $GNGGA,,,,,,0,00,,,M,,M,,
2025-12-20 19:08:05.107 | $GPGSA,A,1,,,,,,,,,,,,,,,,1
2025-12-20 19:08:05.138 | $BDGSA,A,1,,,,,,,,,,,,,,,,4
2025-12-20 19:08:05.159 | $GPGSV,0,1,00
2025-12-20 19:08:05.179 | $BDGSV,0,1,00
2025-12-20 19:08:05.200 | $GNRMC,,V,,,,,,,,,,N
2025-12-20 19:08:05.221 | $GNZDA,,,,,,
2025-12-20 19:08:06.072 | $GNGGA,,,,,,0,00,,,M,,M,,
2025-12-20 19:08:06.103 | $GPGSA,A,1,,,,,,,,,,,,,,,,1
2025-12-20 19:08:06.144 | $BDGSA,A,1,,,,,,,,,,,,,,,,4
2025-12-20 19:08:06.164 | $GPGSV,0,1,00
2025-12-20 19:08:06.175 | $BDGSV,0,1,00
2025-12-20 19:08:06.206 | $GNRMC,,V,,,,,,,,,,N
2025-12-20 19:08:06.227 | $GNZDA,,,,,,
2025-12-20 19:08:07.069 | $GNGGA,,,,,,0,00,,,M,,M,,
2025-12-20 19:08:07.110 | $GPGSA,A,1,,,,,,,,,,,,,,,,1
2025-12-20 19:08:07.141 | $BDGSA,A,1,,,,,,,,,,,,,,,,4
2025-12-20 19:08:07.161 | $GPGSV,0,1,00
2025-12-20 19:08:07.182 | $BDGSV,0,1,00
2025-12-20 19:08:07.203 | $GNRMC,,V,,,,,,,,,,N
2025-12-20 19:08:07.224 | $GNZDA,,,,,,
2025-12-20 19:08:08.076 | $GNGGA,,,,,,0,00,,,M,,M,,
2025-12-20 19:08:08.107 | $GPGSA,A,1,,,,,,,,,,,,,,,,1
2025-12-20 19:08:08.138 | $BDGSA,A,1,,,,,,,,,,,,,,,,4
2025-12-20 19:08:08.158 | $GPGSV,0,1,00
2025-12-20 19:08:08.179 | $BDGSV,0,1,00
2025-12-20 19:08:08.200 | $GNRMC,,V,,,,,,,,,,N
2025-12-20 19:08:08.220 | $GNZDA,,,,,,
2025-12-20 19:08:09.072 | $GNGGA,,,,,,0,00,,,M,,M,,
2025-12-20 19:08:09.103 | $GPGSA,A,1,,,,,,,,,,,,,,,,1
2025-12-20 19:08:09.144 | $BDGSA,A,1,,,,,,,,,,,,,,,,4
2025-12-20 19:08:09.164 | $GPGSV,0,1,00
2025-12-20 19:08:09.175 | $BDGSV,0,1,00
2025-12-20 19:08:09.205 | $GNRMC,,V,,,,,,,,,,N
2025-12-20 19:08:09.226 | $GNZDA,,,,,,
2025-12-20 19:08:10.078 | $GNGGA,,,,,,0,00,,,M,,M,,
2025-12-20 19:08:10.109 | $GPGSA,A,1,,,,,,,,,,,,,,,,1
2025-12-20 19:08:10.140 | $BDGSA,A,1,,,,,,,,,,,,,,,,4
2025-12-20 19:08:10.161 | $GPGSV,0,1,00
2025-12-20 19:08:10.182 | $BDGSV,0,1,00
2025-12-20 19:08:10.202 | $GNRMC,,V,,,,,,,,,,N
2025-12-20 19:08:10.223 | $GNZDA,,,,,,
2025-12-20 19:08:11.075 | $GNGGA,,,,,,0,00,,,M,,M,,
2025-12-20 19:08:11.105 | $GPGSA,A,1,,,,,,,,,,,,,,,,1
2025-12-20 19:08:11.136 | $BDGSA,A,1,,,,,,,,,,,,,,,,4
2025-12-20 19:08:11.156 | $GPGSV,0,1,00
2025-12-20 19:08:11.177 | $BDGSV,0,1,00
2025-12-20 19:08:11.208 | $GNRMC,,V,,,,,,,,,,N
2025-12-20 19:08:11.218 | $GNZDA,,,,,,
2025-12-20 19:08:12.069 | $GNGGA,,,,,,0,00,,,M,,M,,
2025-12-20 19:08:12.110 | $GPGSA,A,1,,,,,,,,,,,,,,,,1
2025-12-20 19:08:12.141 | $BDGSA,A,1,,,,,,,,,,,,,,,,4
2025-12-20 19:08:12.162 | $GPGSV,0,1,00
2025-12-20 19:08:12.182 | $BDGSV,0,1,00
2025-12-20 19:08:12.203 | $GNRMC,,V,,,,,,,,,,N
2025-12-20 19:08:12.224 | $GNZDA,,,,,,
2025-12-20 19:08:13.076 | $GNGGA,,,,,,0,00,,,M,,M,,
2025-12-20 19:08:13.107 | $GPGSA,A,1,,,,,,,,,,,,,,,,1
2025-12-20 19:08:13.138 | $BDGSA,A,1,,,,,,,,,,,,,,,,4
2025-12-20 19:08:13.159 | $GPGSV,0,1,00
2025-12-20 19:08:13.179 | $BDGSV,0,1,00
2025-12-20 19:08:13.200 | $GNRMC,,V,,,,,,,,,,N
2025-12-20 19:08:13.220 | $GNZDA,,,,,,
2025-12-20 19:08:14.072 | $GNGGA,,,,,,0,00,,,M,,M,,
2025-12-20 19:08:14.103 | $GPGSA,A,1,,,,,,,,,,,,,,,,1
2025-12-20 19:08:14.145 | $BDGSA,A,1,,,,,,,,,,,,,,,,4
2025-12-20 19:08:14.155 | $GPGSV,0,1,00
2025-12-20 19:08:14.176 | $BDGSV,0,1,00
2025-12-20 19:08:14.207 | $GNRMC,,V,,,,,,,,,,N
2025-12-20 19:08:14.227 | $GNZDA,,,,,,
2025-12-20 19:08:15.068 | $GNGGA,,,,,,0,00,,,M,,M,,
2025-12-20 19:08:15.109 | $GPGSA,A,1,,,,,,,,,,,,,,,,1
2025-12-20 19:08:15.140 | $BDGSA,A,1,,,,,,,,,,,,,,,,4
2025-12-20 19:08:15.161 | $GPGSV,0,1,00
2025-12-20 19:08:15.181 | $BDGSV,0,1,00
2025-12-20 19:08:15.202 | $GNRMC,,V,,,,,,,,,,N
2025-12-20 19:08:15.222 | $GNZDA,,,,,,
2025-12-20 19:08:16.074 | $GNGGA,,,,,,0,00,,,M,,M,,
2025-12-20 19:08:16.105 | $GPGSA,A,1,,,,,,,,,,,,,,,,1
2025-12-20 19:08:16.136 | $BDGSA,A,1,,,,,,,,,,,,,,,,4
2025-12-20 19:08:16.157 | $GPGSV,0,1,00
2025-12-20 19:08:16.177 | $BDGSV,0,1,00
2025-12-20 19:08:16.208 | $GNRMC,,V,,,,,,,,,,N
2025-12-20 19:08:16.219 | $GNZDA,,,,,,
2025-12-20 19:08:17.071 | $GNGGA,,,,,,0,00,,,M,,M,,
2025-12-20 19:08:17.111 | $GPGSA,A,1,,,,,,,,,,,,,,,,1
2025-12-20 19:08:17.142 | $BDGSA,A,1,,,,,,,,,,,,,,,,4
2025-12-20 19:08:17.163 | $GPGSV,0,1,00
2025-12-20 19:08:17.173 | $BDGSV,0,1,00
2025-12-20 19:08:17.204 | $GNRMC,,V,,,,,,,,,,N
2025-12-20 19:08:17.224 | $GNZDA,,,,,,
2025-12-20 19:08:18.077 | $GNGGA,,,,,,0,00,,,M,,M,,
2025-12-20 19:08:18.107 | $GPGSA,A,1,,,,,,,,,,,,,,,,1
2025-12-20 19:08:18.138 | $BDGSA,A,1,,,,,,,,,,,,,,,,4
2025-12-20 19:08:18.159 | $GPGSV,0,1,00
2025-12-20 19:08:18.179 | $BDGSV,0,1,00
2025-12-20 19:08:18.200 | $GNRMC,,V,,,,,,,,,,N
2025-12-20 19:08:18.220 | $GNZDA,,,,,,
2025-12-20 19:08:19.072 | $GNGGA,,,,,,0,00,,,M,,M,,
2025-12-20 19:08:19.103 | $GPGSA,A,1,,,,,,,,,,,,,,,,1
2025-12-20 19:08:19.144 | $BDGSA,A,1,,,,,,,,,,,,,,,,4
2025-12-20 19:08:19.164 | $GPGSV,0,1,00
2025-12-20 19:08:19.175 | $BDGSV,0,1,00
2025-12-20 19:08:19.206 | $GNRMC,,V,,,,,,,,,,N
2025-12-20 19:08:19.226 | $GNZDA,,,,,,
2025-12-20 19:08:20.078 | $GNGGA,,,,,,0,00,,,M,,M,,
2025-12-20 19:08:20.108 | $GPGSA,A,1,,,,,,,,,,,,,,,,1
2025-12-20 19:08:20.139 | $BDGSA,A,1,,,,,,,,,,,,,,,,4
2025-12-20 19:08:20.159 | $GPGSV,0,1,00
2025-12-20 19:08:20.180 | $BDGSV,0,1,00
2025-12-20 19:08:20.201 | $GNRMC,,V,,,,,,,,,,N
2025-12-20 19:08:20.221 | $GNZDA,,,,,,
2025-12-20 19:08:21.073 | $GNGGA,,,,,,0,00,,,M,,M,,
2025-12-20 19:08:21.104 | $GPGSA,A,1,,,,,,,,,,,,,,,,1
2025-12-20 19:08:21.145 | $BDGSA,A,1,,,,,,,,,,,,,,,,4
2025-12-20 19:08:21.156 | $GPGSV,0,1,00
2025-12-20 19:08:21.176 | $BDGSV,0,1,00
2025-12-20 19:08:21.207 | $GNRMC,,V,,,,,,,,,,N
2025-12-20 19:08:21.218 | $GNZDA,,,,,,
2025-12-20 19:08:22.071 | $GNGGA,,,,,,0,00,,,M,,M,,
2025-12-20 19:08:22.112 | $GPGSA,A,1,,,,,,,,,,,,,,,,1
2025-12-20 19:08:22.142 | $BDGSA,A,1,,,,,,,,,,,,,,,,4
2025-12-20 19:08:22.163 | $GPGSV,0,1,00
2025-12-20 19:08:22.173 | $BDGSV,0,1,00
2025-12-20 19:08:22.204 | $GNRMC,,V,,,,,,,,,,N
2025-12-20 19:08:22.225 | $GNZDA,,,,,,
2025-12-20 19:08:23.077 | $GNGGA,,,,,,0,00,,,M,,M,,
2025-12-20 19:08:23.108 | $GPGSA,A,1,,,,,,,,,,,,,,,,1
2025-12-20 19:08:23.138 | $BDGSA,A,1,,,,,,,,,,,,,,,,4
2025-12-20 19:08:23.159 | $GPGSV,0,1,00
2025-12-20 19:08:23.179 | $BDGSV,0,1,00
2025-12-20 19:08:23.210 | $GNRMC,,V,,,,,,,,,,N
2025-12-20 19:08:23.220 | $GNZDA,,,,,,
2025-12-20 19:08:24.071 | $GNGGA,,,,,,0,00,,,M,,M,,
2025-12-20 19:08:24.112 | $GPGSA,A,1,,,,,,,,,,,,,,,,1
2025-12-20 19:08:24.142 | $BDGSA,A,1,,,,,,,,,,,,,,,,4
2025-12-20 19:08:24.163 | $GPGSV,0,1,00
2025-12-20 19:08:24.183 | $BDGSV,0,1,00
2025-12-20 19:08:24.204 | $GNRMC,,V,,,,,,,,,,N
2025-12-20 19:08:24.225 | $GNZDA,,,,,,
2025-12-20 19:08:25.073 | $GNGGA,,,,,,0,00,,,M,,M,,
2025-12-20 19:08:25.113 | $GPGSA,A,1,,,,,,,,,,,,,,,,1
2025-12-20 19:08:25.144 | $BDGSA,A,1,,,,,,,,,,,,,,,,4
2025-12-20 19:08:25.165 | $GPGSV,0,1,00
2025-12-20 19:08:25.175 | $BDGSV,0,1,00
2025-12-20 19:08:25.206 | $GNRMC,,V,,,,,,,,,,N
2025-12-20 19:08:25.227 | $GNZDA,,,,,,
2025-12-20 19:08:26.079 | $GNGGA,,,,,,0,00,,,M,,M,,
2025-12-20 19:08:26.109 | $GPGSA,A,1,,,,,,,,,,,,,,,,1
2025-12-20 19:08:26.140 | $BDGSA,A,1,,,,,,,,,,,,,,,,4
2025-12-20 19:08:26.161 | $GPGSV,0,1,00
2025-12-20 19:08:26.182 | $BDGSV,0,1,00
2025-12-20 19:08:26.203 | $GNRMC,,V,,,,,,,,,,N
2025-12-20 19:08:26.224 | $GNZDA,,,,,,
2025-12-20 19:08:27.079 | $GNGGA,,,,,,0,00,,,M,,M,,
2025-12-20 19:08:27.111 | $GPGSA,A,1,,,,,,,,,,,,,,,,1
2025-12-20 19:08:27.142 | $BDGSA,A,1,,,,,,,,,,,,,,,,4
2025-12-20 19:08:27.163 | $GPGSV,0,1,00
2025-12-20 19:08:27.184 | $BDGSV,0,1,00
2025-12-20 19:08:27.205 | $GNRMC,,V,,,,,,,,,,N
2025-12-20 19:08:27.226 | $GNZDA,,,,,,
2025-12-20 19:08:28.080 | $GNGGA,,,,,,0,00,,,M,,M,,
2025-12-20 19:08:28.110 | $GPGSA,A,1,,,,,,,,,,,,,,,,1
2025-12-20 19:08:28.141 | $BDGSA,A,1,,,,,,,,,,,,,,,,4
2025-12-20 19:08:28.162 | $GPGSV,0,1,00
2025-12-20 19:08:28.183 | $BDGSV,0,1,00
2025-12-20 19:08:28.203 | $GNRMC,,V,,,,,,,,,,N
2025-12-20 19:08:28.224 | $GNZDA,,,,,,
2025-12-20 19:08:29.074 | $GNGGA,,,,,,0,00,,,M,,M,,
2025-12-20 19:08:29.105 | $GPGSA,A,1,,,,,,,,,,,,,,,,1
2025-12-20 19:08:29.146 | $BDGSA,A,1,,,,,,,,,,,,,,,,4
2025-12-20 19:08:29.156 | $GPGSV,0,1,00
2025-12-20 19:08:29.177 | $BDGSV,0,1,00
2025-12-20 19:08:29.207 | $GNRMC,,V,,,,,,,,,,N
2025-12-20 19:08:29.228 | $GNZDA,,,,,,
2025-12-20 19:08:30.075 | $GNGGA,,,,,,0,00,,,M,,M,,
2025-12-20 19:08:30.106 | $GPGSA,A,1,,,,,,,,,,,,,,,,1
2025-12-20 19:08:30.147 | $BDGSA,A,1,,,,,,,,,,,,,,,,4
2025-12-20 19:08:30.157 | $GPGSV,0,1,00
2025-12-20 19:08:30.178 | $BDGSV,0,1,00
2025-12-20 19:08:30.208 | $GNRMC,,V,,,,,,,,,,N
2025-12-20 19:08:30.229 | $GNZDA,,,,,,
2025-12-20 19:08:31.079 | $GNGGA,,,,,,0,00,,,M,,M,,
2025-12-20 19:08:31.110 | $GPGSA,A,1,,,,,,,,,,,,,,,,1
2025-12-20 19:08:31.141 | $BDGSA,A,1,,,,,,,,,,,,,,,,4
2025-12-20 19:08:31.162 | $GPGSV,0,1,00
2025-12-20 19:08:31.183 | $BDGSV,0,1,00
2025-12-20 19:08:31.203 | $GNRMC,,V,,,,,,,,,,N
2025-12-20 19:08:31.224 | $GNZDA,,,,,,
2025-12-20 19:08:32.076 | $GNGGA,,,,,,0,00,,,M,,M,,
2025-12-20 19:08:32.107 | $GPGSA,A,1,,,,,,,,,,,,,,,,1
2025-12-20 19:08:32.138 | $BDGSA,A,1,,,,,,,,,,,,,,,,4
2025-12-20 19:08:32.159 | $GPGSV,0,1,00
2025-12-20 19:08:32.179 | $BDGSV,0,1,00
2025-12-20 19:08:32.210 | $GNRMC,,V,,,,,,,,,,N
2025-12-20 19:08:32.220 | $GNZDA,,,,,,
2025-12-20 19:08:33.072 | $GNGGA,,,,,,0,00,,,M,,M,,
2025-12-20 19:08:33.114 | $GPGSA,A,1,,,,,,,,,,,,,,,,1
2025-12-20 19:08:33.144 | $BDGSA,A,1,,,,,,,,,,,,,,,,4
2025-12-20 19:08:33.165 | $GPGSV,0,1,00
2025-12-20 19:08:33.176 | $BDGSV,0,1,00
2025-12-20 19:08:33.207 | $GNRMC,,V,,,,,,,,,,N
2025-12-20 19:08:33.227 | $GNZDA,,,,,,
2025-12-20 19:08:34.079 | $GNGGA,,,,,,0,00,,,M,,M,,
2025-12-20 19:08:34.109 | $GPGSA,A,1,,,,,,,,,,,,,,,,1
2025-12-20 19:08:34.140 | $BDGSA,A,1,,,,,,,,,,,,,,,,4
2025-12-20 19:08:34.160 | $GPGSV,0,1,00
2025-12-20 19:08:34.181 | $BDGSV,0,1,00
2025-12-20 19:08:34.202 | $GNRMC,,V,,,,,,,,,,N
2025-12-20 19:08:34.223 | $GNZDA,,,,,,
2025-12-20 19:08:35.075 | $GNGGA,,,,,,0,00,,,M,,M,,
2025-12-20 19:08:35.105 | $GPGSA,A,1,,,,,,,,,,,,,,,,1
2025-12-20 19:08:35.146 | $BDGSA,A,1,,,,,,,,,,,,,,,,4
2025-12-20 19:08:35.156 | $GPGSV,0,1,00
2025-12-20 19:08:35.177 | $BDGSV,0,1,00
2025-12-20 19:08:35.208 | $GNRMC,,V,,,,,,,,,,N
2025-12-20 19:08:35.229 | $GNZDA,,,,,,
2025-12-20 19:08:36.071 | $GNGGA,,,,,,0,00,,,M,,M,,
2025-12-20 19:08:36.112 | $GPGSA,A,1,,,,,,,,,,,,,,,,1
2025-12-20 19:08:36.143 | $BDGSA,A,1,,,,,,,,,,,,,,,,4
2025-12-20 19:08:36.164 | $GPGSV,0,1,00
2025-12-20 19:08:36.184 | $BDGSV,0,1,00
2025-12-20 19:08:36.205 | $GNRMC,,V,,,,,,,,,,N
2025-12-20 19:08:36.226 | $GNZDA,,,,,,
2025-12-20 19:08:37.078 | $GNGGA,,,,,,0,00,,,M,,M,,
2025-12-20 19:08:37.108 | $GPGSA,A,1,,,,,,,,,,,,,,,,1
2025-12-20 19:08:37.139 | $BDGSA,A,1,,,,,,,,,,,,,,,,4
2025-12-20 19:08:37.159 | $GPGSV,0,1,00
2025-12-20 19:08:37.180 | $BDGSV,0,1,00
2025-12-20 19:08:37.210 | $GNRMC,,V,,,,,,,,,,N
2025-12-20 19:08:37.221 | $GNZDA,,,,,,
2025-12-20 19:08:38.074 | $GNGGA,,,,,,0,00,,,M,,M,,
2025-12-20 19:08:38.104 | $GPGSA,A,1,,,,,,,,,,,,,,,,1
2025-12-20 19:08:38.145 | $BDGSA,A,1,,,,,,,,,,,,,,,,4
2025-12-20 19:08:38.155 | $GPGSV,0,1,00
2025-12-20 19:08:38.177 | $BDGSV,0,1,00
2025-12-20 19:08:38.208 | $GNRMC,,V,,,,,,,,,,N
2025-12-20 19:08:38.219 | $GNZDA,,,,,,
2025-12-20 19:08:39.072 | $GNGGA,,,,,,0,00,,,M,,M,,
2025-12-20 19:08:39.103 | $GPGSA,A,1,,,,,,,,,,,,,,,,1
2025-12-20 19:08:39.143 | $BDGSA,A,1,,,,,,,,,,,,,,,,4
2025-12-20 19:08:39.164 | $GPGSV,0,1,00
2025-12-20 19:08:39.175 | $BDGSV,0,1,00
2025-12-20 19:08:39.205 | $GNRMC,,V,,,,,,,,,,N
2025-12-20 19:08:39.226 | $GNZDA,,,,,,
2025-12-20 19:08:40.079 | $GNGGA,,,,,,0,00,,,M,,M,,
2025-12-20 19:08:40.110 | $GPGSA,A,1,,,,,,,,,,,,,,,,1
2025-12-20 19:08:40.141 | $BDGSA,A,1,,,,,,,,,,,,,,,,4
2025-12-20 19:08:40.161 | $GPGSV,0,1,00
2025-12-20 19:08:40.182 | $BDGSV,0,1,00
2025-12-20 19:08:40.202 | $GNRMC,,V,,,,,,,,,,N
2025-12-20 19:08:40.223 | $GNZDA,,,,,,
2025-12-20 19:08:41.076 | $GNGGA,,,,,,0,00,,,M,,M,,
2025-12-20 19:08:41.107 | $GPGSA,A,1,,,,,,,,,,,,,,,,1
2025-12-20 19:08:41.138 | $BDGSA,A,1,,,,,,,,,,,,,,,,4
2025-12-20 19:08:41.159 | $GPGSV,0,1,00
2025-12-20 19:08:41.179 | $BDGSV,0,1,00
2025-12-20 19:08:41.200 | $GNRMC,,V,,,,,,,,,,N
2025-12-20 19:08:41.220 | $GNZDA,,,,,,
2025-12-20 19:08:42.072 | $GNGGA,,,,,,0,00,,,M,,M,,
2025-12-20 19:08:42.103 | $GPGSA,A,1,,,,,,,,,,,,,,,,1
2025-12-20 19:08:42.144 | $BDGSA,A,1,,,,,,,,,,,,,,,,4
2025-12-20 19:08:42.164 | $GPGSV,0,1,00
2025-12-20 19:08:42.175 | $BDGSV,0,1,00
2025-12-20 19:08:42.206 | $GNRMC,,V,,,,,,,,,,N
2025-12-20 19:08:42.226 | $GNZDA,,,,,,
2025-12-20 19:08:43.079 | $GNGGA,,,,,,0,00,,,M,,M,,
2025-12-20 19:08:43.110 | $GPGSA,A,1,,,,,,,,,,,,,,,,1
2025-12-20 19:08:43.141 | $BDGSA,A,1,,,,,,,,,,,,,,,,4
2025-12-20 19:08:43.161 | $GPGSV,0,1,00
2025-12-20 19:08:43.182 | $BDGSV,0,1,00
2025-12-20 19:08:43.202 | $GNRMC,,V,,,,,,,,,,N
2025-12-20 19:08:43.223 | $GNZDA,,,,,,
2025-12-20 19:08:44.075 | $GNGGA,,,,,,0,00,,,M,,M,,
2025-12-20 19:08:44.106 | $GPGSA,A,1,,,,,,,,,,,,,,,,1
2025-12-20 19:08:44.137 | $BDGSA,A,1,,,,,,,,,,,,,,,,4
2025-12-20 19:08:44.158 | $GPGSV,0,1,00
2025-12-20 19:08:44.179 | $BDGSV,0,1,00
2025-12-20 19:08:44.210 | $GNRMC,,V,,,,,,,,,,N
2025-12-20 19:08:44.220 | $GNZDA,,,,,,
2025-12-20 19:08:45.073 | $GNGGA,,,,,,0,00,,,M,,M,,
2025-12-20 19:08:45.104 | $GPGSA,A,1,,,,,,,,,,,,,,,,1
2025-12-20 19:08:45.145 | $BDGSA,A,1,,,,,,,,,,,,,,,,4
2025-12-20 19:08:45.155 | $GPGSV,0,1,00
2025-12-20 19:08:45.176 | $BDGSV,0,1,00
2025-12-20 19:08:45.207 | $GNRMC,,V,,,,,,,,,,N
2025-12-20 19:08:45.228 | $GNZDA,,,,,,
2025-12-20 19:08:46.070 | $GNGGA,,,,,,0,00,,,M,,M,,
2025-12-20 19:08:46.111 | $GPGSA,A,1,,,,,,,,,,,,,,,,1
2025-12-20 19:08:46.142 | $BDGSA,A,1,,,,,,,,,,,,,,,,4
2025-12-20 19:08:46.162 | $GPGSV,0,1,00
2025-12-20 19:08:46.183 | $BDGSV,0,1,00
2025-12-20 19:08:46.203 | $GNRMC,,V,,,,,,,,,,N
2025-12-20 19:08:46.224 | $GNZDA,,,,,,
2025-12-20 19:08:47.076 | $GNGGA,,,,,,0,00,,,M,,M,,
2025-12-20 19:08:47.107 | $GPGSA,A,1,,,,,,,,,,,,,,,,1
2025-12-20 19:08:47.138 | $BDGSA,A,1,,,,,,,,,,,,,,,,4
2025-12-20 19:08:47.159 | $GPGSV,0,1,00
2025-12-20 19:08:47.180 | $BDGSV,0,1,00
2025-12-20 19:08:47.210 | $GNRMC,,V,,,,,,,,,,N
2025-12-20 19:08:47.220 | $GNZDA,,,,,,
2025-12-20 19:08:48.073 | $GNGGA,,,,,,0,00,,,M,,M,,
2025-12-20 19:08:48.104 | $GPGSA,A,1,,,,,,,,,,,,,,,,1
2025-12-20 19:08:48.145 | $BDGSA,A,1,,,,,,,,,,,,,,,,4
2025-12-20 19:08:48.155 | $GPGSV,0,1,00
2025-12-20 19:08:48.176 | $BDGSV,0,1,00
2025-12-20 19:08:48.207 | $GNRMC,,V,,,,,,,,,,N
2025-12-20 19:08:48.228 | $GNZDA,,,,,,
2025-12-20 19:08:49.069 | $GNGGA,,,,,,0,00,,,M,,M,,
2025-12-20 19:08:49.110 | $GPGSA,A,1,,,,,,,,,,,,,,,,1
2025-12-20 19:08:49.141 | $BDGSA,A,1,,,,,,,,,,,,,,,,4
2025-12-20 19:08:49.161 | $GPGSV,0,1,00
2025-12-20 19:08:49.182 | $BDGSV,0,1,00
2025-12-20 19:08:49.202 | $GNRMC,,V,,,,,,,,,,N
2025-12-20 19:08:49.223 | $GNZDA,,,,,,
2025-12-20 19:08:50.074 | $GNGGA,,,,,,0,00,,,M,,M,,
2025-12-20 19:08:50.105 | $GPGSA,A,1,,,,,,,,,,,,,,,,1
2025-12-20 19:08:50.146 | $BDGSA,A,1,,,,,,,,,,,,,,,,4
2025-12-20 19:08:50.157 | $GPGSV,0,1,00
2025-12-20 19:08:50.177 | $BDGSV,0,1,00
2025-12-20 19:08:50.208 | $GNRMC,,V,,,,,,,,,,N
2025-12-20 19:08:50.219 | $GNZDA,,,,,,
2025-12-20 19:08:51.070 | $GNGGA,,,,,,0,00,,,M,,M,,
2025-12-20 19:08:51.112 | $GPGSA,A,1,,,,,,,,,,,,,,,,1
2025-12-20 19:08:51.143 | $BDGSA,A,1,,,,,,,,,,,,,,,,4
2025-12-20 19:08:51.163 | $GPGSV,0,1,00
2025-12-20 19:08:51.184 | $BDGSV,0,1,00
2025-12-20 19:08:51.204 | $GNRMC,,V,,,,,,,,,,N
2025-12-20 19:08:51.225 | $GNZDA,,,,,,
2025-12-20 19:08:52.077 | $GNGGA,,,,,,0,00,,,M,,M,,
2025-12-20 19:08:52.108 | $GPGSA,A,1,,,,,,,,,,,,,,,,1
2025-12-20 19:08:52.138 | $BDGSA,A,1,,,,,,,,,,,,,,,,4
2025-12-20 19:08:52.160 | $GPGSV,0,1,00
2025-12-20 19:08:52.180 | $BDGSV,0,1,00
2025-12-20 19:08:52.201 | $GNRMC,,V,,,,,,,,,,N
2025-12-20 19:08:52.221 | $GNZDA,,,,,,
2025-12-20 19:08:53.072 | $GNGGA,,,,,,0,00,,,M,,M,,
2025-12-20 19:08:53.103 | $GPGSA,A,1,,,,,,,,,,,,,,,,1
2025-12-20 19:08:53.144 | $BDGSA,A,1,,,,,,,,,,,,,,,,4
2025-12-20 19:08:53.164 | $GPGSV,0,1,00
2025-12-20 19:08:53.174 | $BDGSV,0,1,00
2025-12-20 19:08:53.205 | $GNRMC,,V,,,,,,,,,,N
2025-12-20 19:08:53.226 | $GNZDA,,,,,,
2025-12-20 19:08:54.077 | $GNGGA,,,,,,0,00,,,M,,M,,
2025-12-20 19:08:54.108 | $GPGSA,A,1,,,,,,,,,,,,,,,,1
2025-12-20 19:08:54.139 | $BDGSA,A,1,,,,,,,,,,,,,,,,4
2025-12-20 19:08:54.160 | $GPGSV,0,1,00
2025-12-20 19:08:54.180 | $BDGSV,0,1,00
2025-12-20 19:08:54.201 | $GNRMC,,V,,,,,,,,,,N
2025-12-20 19:08:54.222 | $GNZDA,,,,,,
2025-12-20 19:08:55.074 | $GNGGA,,,,,,0,00,,,M,,M,,
2025-12-20 19:08:55.104 | $GPGSA,A,1,,,,,,,,,,,,,,,,1
2025-12-20 19:08:55.145 | $BDGSA,A,1,,,,,,,,,,,,,,,,4
2025-12-20 19:08:55.156 | $GPGSV,0,1,00
2025-12-20 19:08:55.176 | $BDGSV,0,1,00
2025-12-20 19:08:55.207 | $GNRMC,,V,,,,,,,,,,N
2025-12-20 19:08:55.227 | $GNZDA,,,,,,
2025-12-20 19:08:56.069 | $GNGGA,,,,,,0,00,,,M,,M,,
2025-12-20 19:08:56.110 | $GPGSA,A,1,,,,,,,,,,,,,,,,1
2025-12-20 19:08:56.141 | $BDGSA,A,1,,,,,,,,,,,,,,,,4
2025-12-20 19:08:56.162 | $GPGSV,0,1,00
2025-12-20 19:08:56.183 | $BDGSV,0,1,00
2025-12-20 19:08:56.203 | $GNRMC,,V,,,,,,,,,,N
2025-12-20 19:08:56.224 | $GNZDA,,,,,,
2025-12-20 19:08:57.076 | $GNGGA,,,,,,0,00,,,M,,M,,
2025-12-20 19:08:57.107 | $GPGSA,A,1,,,,,,,,,,,,,,,,1
2025-12-20 19:08:57.138 | $BDGSA,A,1,,,,,,,,,,,,,,,,4
2025-12-20 19:08:57.159 | $GPGSV,0,1,00
2025-12-20 19:08:57.179 | $BDGSV,0,1,00
2025-12-20 19:08:57.200 | $GNRMC,,V,,,,,,,,,,N
2025-12-20 19:08:57.220 | $GNZDA,,,,,,
2025-12-20 19:08:58.076 | $GNGGA,,,,,,0,00,,,M,,M,,
2025-12-20 19:08:58.106 | $GPGSA,A,1,,,,,,,,,,,,,,,,1
2025-12-20 19:08:58.137 | $BDGSA,A,1,,,,,,,,,,,,,,,,4
2025-12-20 19:08:58.157 | $GPGSV,0,1,00
2025-12-20 19:08:58.178 | $BDGSV,0,1,00
2025-12-20 19:08:58.209 | $GNRMC,,V,,,,,,,,,,N
2025-12-20 19:08:58.219 | $GNZDA,,,,,,
2025-12-20 19:08:59.070 | $GNGGA,,,,,,0,00,,,M,,M,,
2025-12-20 19:08:59.111 | $GPGSA,A,1,,,,,,,,,,,,,,,,1
2025-12-20 19:08:59.142 | $BDGSA,A,1,,,,,,,,,,,,,,,,4
2025-12-20 19:08:59.162 | $GPGSV,0,1,00
2025-12-20 19:08:59.183 | $BDGSV,0,1,00
2025-12-20 19:08:59.203 | $GNRMC,,V,,,,,,,,,,N
2025-12-20 19:08:59.223 | $GNZDA,,,,,,
2025-12-20 19:09:00.075 | $GNGGA,,,,,,0,00,,,M,,M,,
2025-12-20 19:09:00.106 | $GPGSA,A,1,,,,,,,,,,,,,,,,1
2025-12-20 19:09:00.136 | $BDGSA,A,1,,,,,,,,,,,,,,,,4
2025-12-20 19:09:00.157 | $GPGSV,0,1,00
2025-12-20 19:09:00.177 | $BDGSV,0,1,00
2025-12-20 19:09:00.208 | $GNRMC,,V,,,,,,,,,,N
2025-12-20 19:09:00.219 | $GNZDA,,,,,,
2025-12-20 19:09:01.070 | $GNGGA,,,,,,0,00,,,M,,M,,
2025-12-20 19:09:01.111 | $GPGSA,A,1,,,,,,,,,,,,,,,,1
2025-12-20 19:09:01.142 | $BDGSA,A,1,,,,,,,,,,,,,,,,4
2025-12-20 19:09:01.162 | $GPGSV,0,1,00
2025-12-20 19:09:01.183 | $BDGSV,0,1,00
2025-12-20 19:09:01.204 | $GNRMC,,V,,,,,,,,,,N
2025-12-20 19:09:01.224 | $GNZDA,,,,,,
2025-12-20 19:09:02.075 | $GNGGA,,,,,,0,00,,,M,,M,,
2025-12-20 19:09:02.106 | $GPGSA,A,1,,,,,,,,,,,,,,,,1
2025-12-20 19:09:02.137 | $BDGSA,A,1,,,,,,,,,,,,,,,,4
2025-12-20 19:09:02.158 | $GPGSV,0,1,00
2025-12-20 19:09:02.179 | $BDGSV,0,1,00
2025-12-20 19:09:02.199 | $GNRMC,,V,,,,,,,,,,N
2025-12-20 19:09:02.220 | $GNZDA,,,,,,
2025-12-20 19:09:03.071 | $GNGGA,,,,,,0,00,,,M,,M,,
2025-12-20 19:09:03.102 | $GPGSA,A,1,,,,,,,,,,,,,,,,1
2025-12-20 19:09:03.143 | $BDGSA,A,1,,,,,,,,,,,,,,,,4
2025-12-20 19:09:03.164 | $GPGSV,0,1,00
2025-12-20 19:09:03.174 | $BDGSV,0,1,00
2025-12-20 19:09:03.205 | $GNRMC,,V,,,,,,,,,,N
2025-12-20 19:09:03.226 | $GNZDA,,,,,,
2025-12-20 19:09:04.068 | $GNGGA,,,,,,0,00,,,M,,M,,
2025-12-20 19:09:04.110 | $GPGSA,A,1,,,,,,,,,,,,,,,,1
2025-12-20 19:09:04.140 | $BDGSA,A,1,,,,,,,,,,,,,,,,4
2025-12-20 19:09:04.161 | $GPGSV,0,1,00
2025-12-20 19:09:04.181 | $BDGSV,0,1,00
2025-12-20 19:09:04.202 | $GNRMC,,V,,,,,,,,,,N
2025-12-20 19:09:04.222 | $GNZDA,,,,,,
2025-12-20 19:09:05.077 | $GNGGA,,,,,,0,00,,,M,,M,,
2025-12-20 19:09:05.107 | $GPGSA,A,1,,,,,,,,,,,,,,,,1
2025-12-20 19:09:05.138 | $BDGSA,A,1,,,,,,,,,,,,,,,,4
2025-12-20 19:09:05.159 | $GPGSV,0,1,00
2025-12-20 19:09:05.180 | $BDGSV,0,1,00
2025-12-20 19:09:05.201 | $GNRMC,,V,,,,,,,,,,N
2025-12-20 19:09:05.221 | $GNZDA,,,,,,
2025-12-20 19:09:06.073 | $GNGGA,,,,,,0,00,,,M,,M,,
2025-12-20 19:09:06.104 | $GPGSA,A,1,,,,,,,,,,,,,,,,1
2025-12-20 19:09:06.145 | $BDGSA,A,1,,,,,,,,,,,,,,,,4
2025-12-20 19:09:06.156 | $GPGSV,0,1,00
2025-12-20 19:09:06.176 | $BDGSV,0,1,00
2025-12-20 19:09:06.208 | $GNRMC,,V,,,,,,,,,,N
2025-12-20 19:09:06.218 | $GNZDA,,,,,,
2025-12-20 19:09:07.069 | $GNGGA,,,,,,0,00,,,M,,M,,
2025-12-20 19:09:07.110 | $GPGSA,A,1,,,,,,,,,,,,,,,,1
2025-12-20 19:09:07.141 | $BDGSA,A,1,,,,,,,,,,,,,,,,4
2025-12-20 19:09:07.161 | $GPGSV,0,1,00
2025-12-20 19:09:07.182 | $BDGSV,0,1,00
2025-12-20 19:09:07.202 | $GNRMC,,V,,,,,,,,,,N
2025-12-20 19:09:07.223 | $GNZDA,,,,,,
2025-12-20 19:09:08.075 | $GNGGA,,,,,,0,00,,,M,,M,,
2025-12-20 19:09:08.106 | $GPGSA,A,1,,,,,,,,,,,,,,,,1
2025-12-20 19:09:08.136 | $BDGSA,A,1,,,,,,,,,,,,,,,,4
2025-12-20 19:09:08.157 | $GPGSV,0,1,00
2025-12-20 19:09:08.178 | $BDGSV,0,1,00
2025-12-20 19:09:08.209 | $GNRMC,,V,,,,,,,,,,N
2025-12-20 19:09:08.220 | $GNZDA,,,,,,
2025-12-20 19:09:09.071 | $GNGGA,,,,,,0,00,,,M,,M,,
2025-12-20 19:09:09.102 | $GPGSA,A,1,,,,,,,,,,,,,,,,1
2025-12-20 19:09:09.143 | $BDGSA,A,1,,,,,,,,,,,,,,,,4
2025-12-20 19:09:09.164 | $GPGSV,0,1,00
2025-12-20 19:09:09.174 | $BDGSV,0,1,00
2025-12-20 19:09:09.205 | $GNRMC,,V,,,,,,,,,,N
2025-12-20 19:09:09.226 | $GNZDA,,,,,,
2025-12-20 19:09:10.078 | $GNGGA,,,,,,0,00,,,M,,M,,
2025-12-20 19:09:10.108 | $GPGSA,A,1,,,,,,,,,,,,,,,,1
2025-12-20 19:09:10.140 | $BDGSA,A,1,,,,,,,,,,,,,,,,4
2025-12-20 19:09:10.160 | $GPGSV,0,1,00
2025-12-20 19:09:10.181 | $BDGSV,0,1,00
2025-12-20 19:09:10.201 | $GNRMC,,V,,,,,,,,,,N
2025-12-20 19:09:10.222 | $GNZDA,,,,,,
2025-12-20 19:09:11.074 | $GNGGA,,,,,,0,00,,,M,,M,,
2025-12-20 19:09:11.105 | $GPGSA,A,1,,,,,,,,,,,,,,,,1
2025-12-20 19:09:11.136 | $BDGSA,A,1,,,,,,,,,,,,,,,,4
2025-12-20 19:09:11.156 | $GPGSV,0,1,00
2025-12-20 19:09:11.177 | $BDGSV,0,1,00
2025-12-20 19:09:11.207 | $GNRMC,,V,,,,,,,,,,N
2025-12-20 19:09:11.218 | $GNZDA,,,,,,
2025-12-20 19:09:12.069 | $GNGGA,,,,,,0,00,,,M,,M,,
2025-12-20 19:09:12.111 | $GPGSA,A,1,,,,,,,,,,,,,,,,1
2025-12-20 19:09:12.141 | $BDGSA,A,1,,,,,,,,,,,,,,,,4
2025-12-20 19:09:12.162 | $GPGSV,0,1,00
2025-12-20 19:09:12.183 | $BDGSV,0,1,00
2025-12-20 19:09:12.204 | $GNRMC,,V,,,,,,,,,,N
2025-12-20 19:09:12.224 | $GNZDA,,,,,,
2025-12-20 19:09:13.076 | $GNGGA,,,,,,0,00,,,M,,M,,
2025-12-20 19:09:13.106 | $GPGSA,A,1,,,,,,,,,,,,,,,,1
2025-12-20 19:09:13.137 | $BDGSA,A,1,,,,,,,,,,,,,,,,4
2025-12-20 19:09:13.157 | $GPGSV,0,1,00
2025-12-20 19:09:13.178 | $BDGSV,0,1,00
2025-12-20 19:09:13.209 | $GNRMC,,V,,,,,,,,,,N
2025-12-20 19:09:13.220 | $GNZDA,,,,,,
2025-12-20 19:09:14.075 | $GNGGA,,,,,,0,00,,,M,,M,,
2025-12-20 19:09:14.106 | $GPGSA,A,1,,,,,,,,,,,,,,,,1
2025-12-20 19:09:14.136 | $BDGSA,A,1,,,,,,,,,,,,,,,,4
2025-12-20 19:09:14.157 | $GPGSV,0,1,00
2025-12-20 19:09:14.177 | $BDGSV,0,1,00
2025-12-20 19:09:14.208 | $GNRMC,,V,,,,,,,,,,N
2025-12-20 19:09:14.218 | $GNZDA,,,,,,
2025-12-20 19:09:15.069 | $GNGGA,,,,,,0,00,,,M,,M,,
2025-12-20 19:09:15.110 | $GPGSA,A,1,,,,,,,,,,,,,,,,1
2025-12-20 19:09:15.141 | $BDGSA,A,1,,,,,,,,,,,,,,,,4
2025-12-20 19:09:15.162 | $GPGSV,0,1,00
2025-12-20 19:09:15.182 | $BDGSV,0,1,00
2025-12-20 19:09:15.202 | $GNRMC,,V,,,,,,,,,,N
2025-12-20 19:09:15.223 | $GNZDA,,,,,,
2025-12-20 19:09:16.076 | $GNGGA,,,,,,0,00,,,M,,M,,
2025-12-20 19:09:16.107 | $GPGSA,A,1,,,,,,,,,,,,,,,,1
2025-12-20 19:09:16.138 | $BDGSA,A,1,,,,,,,,,,,,,,,,4
2025-12-20 19:09:16.158 | $GPGSV,0,1,00
2025-12-20 19:09:16.179 | $BDGSV,0,1,00
2025-12-20 19:09:16.210 | $GNRMC,,V,,,,,,,,,,N
2025-12-20 19:09:16.220 | $GNZDA,,,,,,
2025-12-20 19:09:17.071 | $GNGGA,,,,,,0,00,,,M,,M,,
2025-12-20 19:09:17.102 | $GPGSA,A,1,,,,,,,,,,,,,,,,1
2025-12-20 19:09:17.143 | $BDGSA,A,1,,,,,,,,,,,,,,,,4
2025-12-20 19:09:17.163 | $GPGSV,0,1,00
2025-12-20 19:09:17.173 | $BDGSV,0,1,00
2025-12-20 19:09:17.204 | $GNRMC,,V,,,,,,,,,,N
2025-12-20 19:09:17.224 | $GNZDA,,,,,,
2025-12-20 19:09:18.073 | $GNGGA,,,,,,0,00,,,M,,M,,
2025-12-20 19:09:18.104 | $GPGSA,A,1,,,,,,,,,,,,,,,,1
2025-12-20 19:09:18.136 | $BDGSA,A,1,,,,,,,,,,,,,,,,4
2025-12-20 19:09:18.157 | $GPGSV,0,1,00
2025-12-20 19:09:18.178 | $BDGSV,0,1,00
2025-12-20 19:09:18.209 | $GNRMC,,V,,,,,,,,,,N
2025-12-20 19:09:18.220 | $GNZDA,,,,,,
