2025-12-20 19:15:22.095 | $GNZDA,171520.523,20,12,2025,,*48
2025-12-20 19:15:22.096 | $GNGGA,171521.523,,,,,0,00,,,M,,M,,*63
2025-12-20 19:15:22.102 | $GPGSA,A,1,,,,,,,,,,,,,,,,1*03
2025-12-20 19:15:22.102 | $BDGSA,A,1,,,,,,,,,,,,,,,,4*17
2025-12-20 19:15:22.102 | $GPGSV,1,1,01,5,,,21*4E
2025-12-20 19:15:22.103 | $BDGSV,0,1,00*69
2025-12-20 19:15:22.103 | $GNRMC,171521.523,V,,,,,,,201225,,,N*50
2025-12-20 19:15:22.103 | $GNZDA,171521.523,20,12,2025,,*49
2025-12-20 19:15:22.104 | $GNGGA,171522.523,,,,,0,00,,,M,,M,,*60
2025-12-20 19:15:22.125 | $GPGSA,A,1,,,,,,,,,,,,,,,,1*03
2025-12-20 19:15:22.156 | $BDGSA,A,1,,,,,,,,,,,,,,,,4*17
2025-12-20 19:15:22.187 | $GPGSV,1,1,01,5,,,31*4F
2025-12-20 19:15:22.197 | $BDGSV,0,1,00*69
2025-12-20 19:15:22.249 | $GNRMC,171522.523,V,,,,,,,201225,,,N*53
2025-12-20 19:15:22.279 | $GNZDA,171522.523,20,12,2025,,*4A
2025-12-20 19:15:23.091 | $GNGGA,171523.523,,,,,0,00,,,M,,M,,*61
2025-12-20 19:15:23.122 | $GPGSA,A,1,,,,,,,,,,,,,,,,1*03
2025-12-20 19:15:23.152 | $BDGSA,A,1,,,,,,,,,,,,,,,,4*17
2025-12-20 19:15:23.183 | $GPGSV,1,1,01,5,,,25*4A
2025-12-20 19:15:23.204 | $BDGSV,0,1,00*69
2025-12-20 19:15:23.245 | $GNRMC,171523.523,V,,,,,,,201225,,,N*52
2025-12-20 19:15:23.286 | $GNZDA,171523.523,20,12,2025,,*4B
2025-12-20 19:15:24.088 | $GNGGA,171524.523,,,,,0,00,,,M,,M,,*66
2025-12-20 19:15:24.119 | $GPGSA,A,1,,,,,,,,,,,,,,,,1*03
2025-12-20 19:15:24.160 | $BDGSA,A,1,,,,,,,,,,,,,,,,4*17
2025-12-20 19:15:24.181 | $GPGSV,1,1,01,5,,,35*4B
2025-12-20 19:15:24.202 | $BDGSV,0,1,00*69
2025-12-20 19:15:24.243 | $GNRMC,171524.523,V,,,,,,,201225,,,N*55
2025-12-20 19:15:24.283 | $GNZDA,171524.523,20,12,2025,,*4C
2025-12-20 19:15:25.095 | $GNGGA,171525.523,,,,,0,00,,,M,,M,,*67
2025-12-20 19:15:25.125 | $GPGSA,A,1,,,,,,,,,,,,,,,,1*03
2025-12-20 19:15:25.156 | $BDGSA,A,1,,,,,,,,,,,,,,,,4*17
2025-12-20 19:15:25.187 | $GPGSV,1,1,01,5,,,28*47
2025-12-20 19:15:25.208 | $BDGSV,0,1,00*69
2025-12-20 19:15:25.249 | $GNRMC,171525.523,V,,,,,,,201225,,,N*54
2025-12-20 19:15:25.280 | $GNZDA,171525.523,20,12,2025,,*4D
2025-12-20 19:15:26.090 | $GNGGA,171526.523,,,,,0,00,,,M,,M,,*64
2025-12-20 19:15:26.121 | $GPGSA,A,1,,,,,,,,,,,,,,,,1*03
2025-12-20 19:15:26.152 | $BDGSA,A,1,,,,,,,,,,,,,,,,4*17
2025-12-20 19:15:26.183 | $GPGSV,1,1,01,5,,,17*4B
2025-12-20 19:15:26.204 | $BDGSV,0,1,00*69
2025-12-20 19:15:26.245 | $GNRMC,171526.523,V,,,,,,,201225,,,N*57
2025-12-20 19:15:26.276 | $GNZDA,171526.523,20,12,2025,,*4E
2025-12-20 19:15:27.087 | $GNGGA,171527.523,,,,,0,00,,,M,,M,,*65
2025-12-20 19:15:27.128 | $GPGSA,A,1,,,,,,,,,,,,,,,,1*03
2025-12-20 19:15:27.159 | $BDGSA,A,1,,,,,,,,,,,,,,,,4*17
2025-12-20 19:15:27.180 | $GPGSV,1,1,01,5,,,28*47
2025-12-20 19:15:27.201 | $BDGSV,0,1,00*69
2025-12-20 19:15:27.242 | $GNRMC,171527.523,V,,,,,,,201225,,,N*56
2025-12-20 19:15:27.282 | $GNZDA,171527.523,20,12,2025,,*4F
2025-12-20 19:15:28.095 | $GNGGA,171528.523,,,,,0,00,,,M,,M,,*6A
2025-12-20 19:15:28.125 | $GPGSA,A,1,,,,,,,,,,,,,,,,1*03
2025-12-20 19:15:28.156 | $BDGSA,A,1,,,,,,,,,,,,,,,,4*17
2025-12-20 19:15:28.187 | $GPGSV,1,1,01,5,,,32*4C
2025-12-20 19:15:28.197 | $BDGSV,0,1,00*69
2025-12-20 19:15:28.248 | $GNRMC,171528.523,V,,,,,,,201225,,,N*59
2025-12-20 19:15:28.278 | $GNZDA,171528.523,20,12,2025,,*40
2025-12-20 19:15:29.089 | $GNGGA,171529.523,,,,,0,00,,,M,,M,,*6B
2025-12-20 19:15:29.120 | $GPGSA,A,1,,,,,,,,,,,,,,,,1*03
2025-12-20 19:15:29.161 | $BDGSA,A,1,,,,,,,,,,,,,,,,4*17
2025-12-20 19:15:29.181 | $GPGSV,1,1,01,5,,,32*4C
2025-12-20 19:15:29.202 | $BDGSV,0,1,00*69
2025-12-20 19:15:29.243 | $GNRMC,171529.523,V,,,,,,,201225,,,N*58
2025-12-20 19:15:29.284 | $GNZDA,171529.523,20,12,2025,,*41
2025-12-20 19:15:30.085 | $GNGGA,171530.523,,,,,0,00,,,M,,M,,*63
2025-12-20 19:15:30.127 | $GPGSA,A,1,,,,,,,,,,,,,,,,1*03
2025-12-20 19:15:30.157 | $BDGSA,A,1,,,,,,,,,,,,,,,,4*17
2025-12-20 19:15:30.188 | $GPGSV,1,1,01,5,,,29*46
2025-12-20 19:15:30.199 | $BDGSV,0,1,00*69
2025-12-20 19:15:30.250 | $GNRMC,171530.523,V,,,,,,,201225,,,N*50
2025-12-20 19:15:30.281 | $GNZDA,171530.523,20,12,2025,,*49
2025-12-20 19:15:31.093 | $GNGGA,171531.523,,,,,0,00,,,M,,M,,*62
2025-12-20 19:15:31.123 | $GPGSA,A,1,,,,,,,,,,,,,,,,1*03
2025-12-20 19:15:31.155 | $BDGSA,A,1,,,,,,,,,,,,,,,,4*17
2025-12-20 19:15:31.185 | $GPGSV,1,1,01,5,,,30*4E
2025-12-20 19:15:31.206 | $BDGSV,0,1,00*69
2025-12-20 19:15:31.247 | $GNRMC,171531.523,V,,,,,,,201225,,,N*51
2025-12-20 19:15:31.278 | $GNZDA,171531.523,20,12,2025,,*48
2025-12-20 19:15:32.090 | $GNGGA,171532.523,,,,,0,00,,,M,,M,,*61
2025-12-20 19:15:32.121 | $GPGSA,A,1,,,,,,,,,,,,,,,,1*03
2025-12-20 19:15:32.152 | $BDGSA,A,1,,,,,,,,,,,,,,,,4*17
2025-12-20 19:15:32.183 | $GPGSV,1,1,01,5,,,32*4C
2025-12-20 19:15:32.203 | $BDGSV,0,1,00*69
2025-12-20 19:15:32.245 | $GNRMC,171532.523,V,,,,,,,201225,,,N*52
2025-12-20 19:15:32.286 | $GNZDA,171532.523,20,12,2025,,*4B
2025-12-20 19:15:33.088 | $GNGGA,171533.523,,,,,0,00,,,M,,M,,*60
2025-12-20 19:15:33.119 | $GPGSA,A,1,,,,,,,,,,,,,,,,1*03
2025-12-20 19:15:33.160 | $BDGSA,A,1,,,,,,,,,,,,,,,,4*17
2025-12-20 19:15:33.181 | $GPGSV,1,1,01,5,,,27*48
2025-12-20 19:15:33.202 | $BDGSV,0,1,00*69
2025-12-20 19:15:33.243 | $GNRMC,171533.523,V,,,,,,,201225,,,N*53
2025-12-20 19:15:33.284 | $GNZDA,171533.523,20,12,2025,,*4A
2025-12-20 19:15:34.085 | $GNGGA,171534.523,,,,,0,00,,,M,,M,,*67
2025-12-20 19:15:34.126 | $GPGSA,A,1,,,,,,,,,,,,,,,,1*03
2025-12-20 19:15:34.157 | $BDGSA,A,1,,,,,,,,,,,,,,,,4*17
2025-12-20 19:15:34.188 | $GPGSV,1,1,01,5,,,25*4A
2025-12-20 19:15:34.198 | $BDGSV,0,1,00*69
2025-12-20 19:15:34.249 | $GNRMC,171534.523,V,,,,,,,201225,,,N*54
2025-12-20 19:15:34.280 | $GNZDA,171534.523,20,12,2025,,*4D
2025-12-20 19:15:35.091 | $GNGGA,171535.523,,,,,0,00,,,M,,M,,*66
2025-12-20 19:15:35.122 | $GPGSA,A,1,,,,,,,,,,,,,,,,1*03
2025-12-20 19:15:35.153 | $BDGSA,A,1,,,,,,,,,,,,,,,,4*17
2025-12-20 19:15:35.184 | $GPGSV,1,1,01,5,,,24*4B
2025-12-20 19:15:35.204 | $BDGSV,0,1,00*69
2025-12-20 19:15:35.246 | $GNRMC,171535.523,V,,,,,,,201225,,,N*55
2025-12-20 19:15:35.277 | $GNZDA,171535.523,20,12,2025,,*4C
2025-12-20 19:15:36.088 | $GNGGA,171536.523,,,,,0,00,,,M,,M,,*65
2025-12-20 19:15:36.119 | $GPGSA,A,1,,,,,,,,,,,,,,,,1*03
2025-12-20 19:15:36.160 | $BDGSA,A,1,,,,,,,,,,,,,,,,4*17
2025-12-20 19:15:36.181 | $GPGSV,1,1,01,5,,,25*4A
2025-12-20 19:15:36.201 | $BDGSV,0,1,00*69
2025-12-20 19:15:36.242 | $GNRMC,171536.523,V,,,,,,,201225,,,N*56
2025-12-20 19:15:36.283 | $GNZDA,171536.523,20,12,2025,,*4F
2025-12-20 19:15:37.095 | $GNGGA,171537.523,,,,,0,00,,,M,,M,,*64
2025-12-20 19:15:37.125 | $GPGSA,A,1,,,,,,,,,,,,,,,,1*03
2025-12-20 19:15:37.156 | $BDGSA,A,1,,,,,,,,,,,,,,,,4*17
2025-12-20 19:15:37.187 | $GPGSV,1,1,01,5,,,25*4A
2025-12-20 19:15:37.198 | $BDGSV,0,1,00*69
2025-12-20 19:15:37.249 | $GNRMC,171537.523,V,,,,,,,201225,,,N*57
2025-12-20 19:15:37.280 | $GNZDA,171537.523,20,12,2025,,*4E
2025-12-20 19:15:38.092 | $GNGGA,171538.523,,,,,0,00,,,M,,M,,*6B
2025-12-20 19:15:38.123 | $GPGSA,A,1,,,,,,,,,,,,,,,,1*03
2025-12-20 19:15:38.154 | $BDGSA,A,1,,,,,,,,,,,,,,,,4*17
2025-12-20 19:15:38.184 | $GPGSV,1,1,01,5,,,23*4C
2025-12-20 19:15:38.205 | $BDGSV,0,1,00*69
2025-12-20 19:15:38.246 | $GNRMC,171538.523,V,,,,,,,201225,,,N*58
2025-12-20 19:15:38.277 | $GNZDA,171538.523,20,12,2025,,*41
2025-12-20 19:15:39.088 | $GNGGA,171539.523,,,,,0,00,,,M,,M,,*6A
2025-12-20 19:15:39.119 | $GPGSA,A,1,,,,,,,,,,,,,,,,1*03
2025-12-20 19:15:39.160 | $BDGSA,A,1,,,,,,,,,,,,,,,,4*17
2025-12-20 19:15:39.180 | $GPGSV,1,1,01,5,,,22*4D
2025-12-20 19:15:39.201 | $BDGSV,0,1,00*69
2025-12-20 19:15:39.242 | $GNRMC,171539.523,V,,,,,,,201225,,,N*59
2025-12-20 19:15:39.283 | $GNZDA,171539.523,20,12,2025,,*40
2025-12-20 19:15:40.084 | $GNGGA,171540.523,,,,,0,00,,,M,,M,,*64
2025-12-20 19:15:40.125 | $GPGSA,A,1,,,,,,,,,,,,,,,,1*03
2025-12-20 19:15:40.156 | $BDGSA,A,1,,,,,,,,,,,,,,,,4*17
2025-12-20 19:15:40.177 | $GPGSV,1,1,01,5,,,23*4C
2025-12-20 19:15:40.197 | $BDGSV,0,1,00*69
2025-12-20 19:15:40.239 | $GNRMC,171540.523,V,,,,,,,201225,,,N*57
2025-12-20 19:15:40.280 | $GNZDA,171540.523,20,12,2025,,*4E
2025-12-20 19:15:41.092 | $GNGGA,171541.523,,,,,0,00,,,M,,M,,*65
2025-12-20 19:15:41.122 | $GPGSA,A,1,,,,,,,,,,,,,,,,1*03
2025-12-20 19:15:41.153 | $BDGSA,A,1,,,,,,,,,,,,,,,,4*17
2025-12-20 19:15:41.184 | $GPGSV,1,1,01,5,,,22*4D
2025-12-20 19:15:41.205 | $BDGSV,0,1,00*69
2025-12-20 19:15:41.246 | $GNRMC,171541.523,V,,,,,,,201225,,,N*56
2025-12-20 19:15:41.277 | $GNZDA,171541.523,20,12,2025,,*4F
2025-12-20 19:15:42.089 | $GNGGA,171542.523,,,,,0,00,,,M,,M,,*66
2025-12-20 19:15:42.119 | $GPGSA,A,1,,,,,,,,,,,,,,,,1*03
2025-12-20 19:15:42.160 | $BDGSA,A,1,,,,,,,,,,,,,,,,4*17
2025-12-20 19:15:42.181 | $GPGSV,1,1,01,5,,,21*4E
2025-12-20 19:15:42.202 | $BDGSV,0,1,00*69
2025-12-20 19:15:42.243 | $GNRMC,171542.523,V,,,,,,,201225,,,N*55
2025-12-20 19:15:42.284 | $GNZDA,171542.523,20,12,2025,,*4C
2025-12-20 19:15:43.085 | $GNGGA,171543.523,,,,,0,00,,,M,,M,,*67
2025-12-20 19:15:43.126 | $GPGSA,A,1,,,,,,,,,,,,,,,,1*03
2025-12-20 19:15:43.157 | $BDGSA,A,1,,,,,,,,,,,,,,,,4*17
2025-12-20 19:15:43.177 | $GPGSV,1,1,01,5,,,21*4E
2025-12-20 19:15:43.198 | $BDGSV,0,1,00*69
2025-12-20 19:15:43.239 | $GNRMC,171543.523,V,,,,,,,201225,,,N*54
2025-12-20 19:15:43.280 | $GNZDA,171543.523,20,12,2025,,*4D
2025-12-20 19:15:44.092 | $GNGGA,171544.523,,,,,0,00,,,M,,M,,*60
2025-12-20 19:15:44.122 | $GPGSA,A,1,,,,,,,,,,,,,,,,1*03
2025-12-20 19:15:44.153 | $BDGSA,A,1,,,,,,,,,,,,,,,,4*17
2025-12-20 19:15:44.184 | $GPGSV,1,1,01,5,,,20*4F
2025-12-20 19:15:44.205 | $BDGSV,0,1,00*69
2025-12-20 19:15:44.246 | $GNRMC,171544.523,V,,,,,,,201225,,,N*53
2025-12-20 19:15:44.277 | $GNZDA,171544.523,20,12,2025,,*4A
2025-12-20 19:15:45.088 | $GNGGA,171545.523,,,,,0,00,,,M,,M,,*61
2025-12-20 19:15:45.118 | $GPGSA,A,1,,,,,,,,,,,,,,,,1*03
2025-12-20 19:15:45.160 | $BDGSA,A,1,,,,,,,,,,,,,,,,4*17
2025-12-20 19:15:45.181 | $GPGSV,1,1,01,5,,,20*4F
2025-12-20 19:15:45.201 | $BDGSV,0,1,00*69
2025-12-20 19:15:45.242 | $GNRMC,171545.523,V,,,,,,,201225,,,N*52
2025-12-20 19:15:45.283 | $GNZDA,171545.523,20,12,2025,,*4B
2025-12-20 19:15:46.084 | $GNGGA,171546.523,,,,,0,00,,,M,,M,,*62
2025-12-20 19:15:46.125 | $GPGSA,A,1,,,,,,,,,,,,,,,,1*03
2025-12-20 19:15:46.155 | $BDGSA,A,1,,,,,,,,,,,,,,,,4*17
2025-12-20 19:15:46.186 | $GPGSV,1,1,01,5,,,20*4F
2025-12-20 19:15:46.196 | $BDGSV,0,1,00*69
2025-12-20 19:15:46.247 | $GNRMC,171546.523,V,,,,,,,201225,,,N*51
2025-12-20 19:15:46.278 | $GNZDA,171546.523,20,12,2025,,*48
2025-12-20 19:15:47.090 | $GNGGA,171547.523,,,,,0,00,,,M,,M,,*63
2025-12-20 19:15:47.121 | $GPGSA,A,1,,,,,,,,,,,,,,,,1*03
2025-12-20 19:15:47.152 | $BDGSA,A,1,,,,,,,,,,,,,,,,4*17
2025-12-20 19:15:47.183 | $GPGSV,1,1,01,5,,,21*4E
2025-12-20 19:15:47.203 | $BDGSV,0,1,00*69
2025-12-20 19:15:47.244 | $GNRMC,171547.523,V,,,,,,,201225,,,N*50
2025-12-20 19:15:47.285 | $GNZDA,171547.523,20,12,2025,,*49
2025-12-20 19:15:48.087 | $GNGGA,171548.523,,,,,0,00,,,M,,M,,*6C
2025-12-20 19:15:48.128 | $GPGSA,A,1,,,,,,,,,,,,,,,,1*03
2025-12-20 19:15:48.159 | $BDGSA,A,1,,,,,,,,,,,,,,,,4*17
2025-12-20 19:15:48.180 | $GPGSV,1,1,01,5,,,22*4D
2025-12-20 19:15:48.201 | $BDGSV,0,1,00*69
2025-12-20 19:15:48.252 | $GNRMC,171548.523,V,,,,,,,201225,,,N*5F
2025-12-20 19:15:48.283 | $GNZDA,171548.523,20,12,2025,,*46
2025-12-20 19:15:49.085 | $GNGGA,171549.523,,,,,0,00,,,M,,M,,*6D
2025-12-20 19:15:49.126 | $GPGSA,A,1,,,,,,,,,,,,,,,,1*03
2025-12-20 19:15:49.157 | $BDGSA,A,1,,,,,,,,,,,,,,,,4*17
2025-12-20 19:15:49.187 | $GPGSV,1,1,01,5,,,21*4E
2025-12-20 19:15:49.198 | $BDGSV,0,1,00*69
2025-12-20 19:15:49.249 | $GNRMC,171549.523,V,,,,,,,201225,,,N*5E
2025-12-20 19:15:49.280 | $GNZDA,171549.523,20,12,2025,,*47
2025-12-20 19:15:50.092 | $GNGGA,171550.523,,,,,0,00,,,M,,M,,*65
2025-12-20 19:15:50.123 | $GPGSA,A,1,,,,,,,,,,,,,,,,1*03
2025-12-20 19:15:50.154 | $BDGSA,A,1,,,,,,,,,,,,,,,,4*17
2025-12-20 19:15:50.185 | $GPGSV,1,1,01,5,,,20*4F
2025-12-20 19:15:50.205 | $BDGSV,0,1,00*69
2025-12-20 19:15:50.246 | $GNRMC,171550.523,V,,,,,,,201225,,,N*56
2025-12-20 19:15:50.277 | $GNZDA,171550.523,20,12,2025,,*4F
2025-12-20 19:15:51.089 | $GNGGA,171551.523,,,,,0,00,,,M,,M,,*64
2025-12-20 19:15:51.120 | $GPGSA,A,1,,,,,,,,,,,,,,,,1*03
2025-12-20 19:15:51.161 | $BDGSA,A,1,,,,,,,,,,,,,,,,4*17
2025-12-20 19:15:51.181 | $GPGSV,1,1,01,5,,,19*45
2025-12-20 19:15:51.202 | $BDGSV,0,1,00*69
2025-12-20 19:15:51.243 | $GNRMC,171551.523,V,,,,,,,201225,,,N*57
2025-12-20 19:15:51.284 | $GNZDA,171551.523,20,12,2025,,*4E
2025-12-20 19:15:52.086 | $GNGGA,171552.523,,,,,0,00,,,M,,M,,*67
2025-12-20 19:15:52.127 | $GPGSA,A,1,,,,,,,,,,,,,,,,1*03
2025-12-20 19:15:52.157 | $BDGSA,A,1,,,,,,,,,,,,,,,,4*17
2025-12-20 19:15:52.178 | $GPGSV,1,1,01,5,,,18*44
2025-12-20 19:15:52.198 | $BDGSV,0,1,00*69
2025-12-20 19:15:52.240 | $GNRMC,171552.523,V,,,,,,,201225,,,N*54
2025-12-20 19:15:52.281 | $GNZDA,171552.523,20,12,2025,,*4D
2025-12-20 19:15:53.093 | $GNGGA,171553.523,,,,,0,00,,,M,,M,,*66
2025-12-20 19:15:53.124 | $GPGSA,A,1,,,,,,,,,,,,,,,,1*03
2025-12-20 19:15:53.155 | $BDGSA,A,1,,,,,,,,,,,,,,,,4*17
2025-12-20 19:15:53.185 | $GPGSV,1,1,01,5,,,17*4B
2025-12-20 19:15:53.206 | $BDGSV,0,1,00*69
2025-12-20 19:15:53.247 | $GNRMC,171553.523,V,,,,,,,201225,,,N*55
2025-12-20 19:15:53.278 | $GNZDA,171553.523,20,12,2025,,*4C
2025-12-20 19:15:54.090 | $GNGGA,171554.523,,,,,0,00,,,M,,M,,*61
2025-12-20 19:15:54.120 | $GPGSA,A,1,,,,,,,,,,,,,,,,1*03
2025-12-20 19:15:54.151 | $BDGSA,A,1,,,,,,,,,,,,,,,,4*17
2025-12-20 19:15:54.182 | $GPGSV,1,1,01,5,,,16*4A
2025-12-20 19:15:54.203 | $BDGSV,0,1,00*69
2025-12-20 19:15:54.244 | $GNRMC,171554.523,V,,,,,,,201225,,,N*52
2025-12-20 19:15:54.285 | $GNZDA,171554.523,20,12,2025,,*4B
2025-12-20 19:15:55.086 | $GNGGA,171555.523,,,,,0,00,,,M,,M,,*60
2025-12-20 19:15:55.127 | $GPGSA,A,1,,,,,,,,,,,,,,,,1*03
2025-12-20 19:15:55.158 | $BDGSA,A,1,,,,,,,,,,,,,,,,4*17
2025-12-20 19:15:55.178 | $GPGSV,1,1,01,5,,,15*49
2025-12-20 19:15:55.199 | $BDGSV,0,1,00*69
2025-12-20 19:15:55.240 | $GNRMC,171555.523,V,,,,,,,201225,,,N*53
2025-12-20 19:15:55.281 | $GNZDA,171555.523,20,12,2025,,*4A
2025-12-20 19:15:56.092 | $GNGGA,171556.523,,,,,0,00,,,M,,M,,*63
2025-12-20 19:15:56.123 | $GPGSA,A,1,,,,,,,,,,,,,,,,1*03
2025-12-20 19:15:56.153 | $BDGSA,A,1,,,,,,,,,,,,,,,,4*17
2025-12-20 19:15:56.184 | $GPGSV,1,1,01,5,,,15*49
2025-12-20 19:15:56.204 | $BDGSV,0,1,00*69
2025-12-20 19:15:56.245 | $GNRMC,171556.523,V,,,,,,,201225,,,N*50
2025-12-20 19:15:56.276 | $GNZDA,171556.523,20,12,2025,,*49
2025-12-20 19:15:57.087 | $GNGGA,171557.523,,,,,0,00,,,M,,M,,*62
2025-12-20 19:15:57.118 | $GPGSA,A,1,,,,,,,,,,,,,,,,1*03
2025-12-20 19:15:57.160 | $BDGSA,A,1,,,,,,,,,,,,,,,,4*17
2025-12-20 19:15:57.183 | $GPGSV,1,1,01,5,,,14*48
2025-12-20 19:15:57.203 | $BDGSV,0,1,00*69
2025-12-20 19:15:57.244 | $GNRMC,171557.523,V,,,,,,,201225,,,N*51
2025-12-20 19:15:57.285 | $GNZDA,171557.523,20,12,2025,,*48
2025-12-20 19:15:58.084 | $GNGGA,171558.523,,,,,0,00,,,M,,M,,*6D
2025-12-20 19:15:58.125 | $GPGSA,A,1,,,,,,,,,,,,,,,,1*03
2025-12-20 19:15:58.156 | $BDGSA,A,1,,,,,,,,,,,,,,,,4*17
2025-12-20 19:15:58.186 | $GPGSV,1,1,01,5,,,14*48
2025-12-20 19:15:58.197 | $BDGSV,0,1,00*69
2025-12-20 19:15:58.248 | $GNRMC,171558.523,V,,,,,,,201225,,,N*5E
2025-12-20 19:15:58.279 | $GNZDA,171558.523,20,12,2025,,*47
2025-12-20 19:15:59.089 | $GNGGA,171559.523,,,,,0,00,,,M,,M,,*6C
2025-12-20 19:15:59.120 | $GPGSA,A,1,,,,,,,,,,,,,,,,1*03
2025-12-20 19:15:59.151 | $BDGSA,A,1,,,,,,,,,,,,,,,,4*17
2025-12-20 19:15:59.182 | $GPGSV,1,1,01,5,,,13*4F
2025-12-20 19:15:59.202 | $BDGSV,0,1,00*69
2025-12-20 19:15:59.243 | $GNRMC,171559.523,V,,,,,,,201225,,,N*5F
2025-12-20 19:15:59.284 | $GNZDA,171559.523,20,12,2025,,*46
2025-12-20 19:16:00.086 | $GNGGA,171600.523,,,,,0,00,,,M,,M,,*63
2025-12-20 19:16:00.127 | $GPGSA,A,1,,,,,,,,,,,,,,,,1*03
2025-12-20 19:16:00.158 | $BDGSA,A,1,,,,,,,,,,,,,,,,4*17
2025-12-20 19:16:00.179 | $GPGSV,1,1,01,5,,,13*4F
2025-12-20 19:16:00.199 | $BDGSV,0,1,00*69
2025-12-20 19:16:00.240 | $GNRMC,171600.523,V,,,,,,,201225,,,N*50
2025-12-20 19:16:00.282 | $GNZDA,171600.523,20,12,2025,,*49
2025-12-20 19:16:01.093 | $GNGGA,171601.523,,,,,0,00,,,M,,M,,*62
2025-12-20 19:16:01.124 | $GPGSA,A,1,,,,,,,,,,,,,,,,1*03
2025-12-20 19:16:01.154 | $BDGSA,A,1,,,,,,,,,,,,,,,,4*17
2025-12-20 19:16:01.186 | $GPGSV,1,1,01,5,,,13*4F
2025-12-20 19:16:01.196 | $BDGSV,0,1,00*69
2025-12-20 19:16:01.247 | $GNRMC,171601.523,V,,,,,,,201225,,,N*51
2025-12-20 19:16:01.278 | $GNZDA,171601.523,20,12,2025,,*48
2025-12-20 19:16:02.089 | $GNGGA,171602.523,,,,,0,00,,,M,,M,,*61
2025-12-20 19:16:02.120 | $GPGSA,A,1,,,,,,,,,,,,,,,,1*03
2025-12-20 19:16:02.150 | $BDGSA,A,1,,,,,,,,,,,,,,,,4*17
2025-12-20 19:16:02.181 | $GPGSV,1,1,01,5,,,12*4E
2025-12-20 19:16:02.202 | $BDGSV,0,1,00*69
2025-12-20 19:16:02.242 | $GNRMC,171602.523,V,,,,,,,201225,,,N*52
2025-12-20 19:16:02.283 | $GNZDA,171602.523,20,12,2025,,*4B
2025-12-20 19:16:03.085 | $GNGGA,171603.523,,,,,0,00,,,M,,M,,*60
2025-12-20 19:16:03.126 | $GPGSA,A,1,,,,,,,,,,,,,,,,1*03
2025-12-20 19:16:03.157 | $BDGSA,A,1,,,,,,,,,,,,,,,,4*17
2025-12-20 19:16:03.178 | $GPGSV,1,1,01,5,,,13*4F
2025-12-20 19:16:03.198 | $BDGSV,0,1,00*69
2025-12-20 19:16:03.240 | $GNRMC,171603.523,V,,,,,,,201225,,,N*53
2025-12-20 19:16:03.281 | $GNZDA,171603.523,20,12,2025,,*4A
2025-12-20 19:16:04.092 | $GNGGA,171604.523,,,,,0,00,,,M,,M,,*67
2025-12-20 19:16:04.123 | $GPGSA,A,1,,,,,,,,,,,,,,,,1*03
2025-12-20 19:16:04.154 | $BDGSA,A,1,,,,,,,,,,,,,,,,4*17
2025-12-20 19:16:04.185 | $GPGSV,1,1,01,5,,,15*49
2025-12-20 19:16:04.205 | $BDGSV,0,1,00*69
2025-12-20 19:16:04.246 | $GNRMC,171604.523,V,,,,,,,201225,,,N*54
2025-12-20 19:16:04.277 | $GNZDA,171604.523,20,12,2025,,*4D
2025-12-20 19:16:05.089 | $GNGGA,171605.523,,,,,0,00,,,M,,M,,*66
2025-12-20 19:16:05.120 | $GPGSA,A,1,,,,,,,,,,,,,,,,1*03
2025-12-20 19:16:05.161 | $BDGSA,A,1,,,,,,,,,,,,,,,,4*17
2025-12-20 19:16:05.181 | $GPGSV,1,1,01,5,,,15*49
2025-12-20 19:16:05.202 | $BDGSV,0,1,00*69
2025-12-20 19:16:05.243 | $GNRMC,171605.523,V,,,,,,,201225,,,N*55
2025-12-20 19:16:05.283 | $GNZDA,171605.523,20,12,2025,,*4C
2025-12-20 19:16:06.084 | $GNGGA,171606.523,,,,,0,00,,,M,,M,,*65
2025-12-20 19:16:06.125 | $GPGSA,A,1,,,,,,,,,,,,,,,,1*03
2025-12-20 19:16:06.156 | $BDGSA,A,1,,,,,,,,,,,,,,,,4*17
2025-12-20 19:16:06.186 | $GPGSV,1,1,01,5,,,16*4A
2025-12-20 19:16:06.197 | $BDGSV,0,1,00*69
2025-12-20 19:16:06.248 | $GNRMC,171606.523,V,,,,,,,201225,,,N*56
2025-12-20 19:16:06.279 | $GNZDA,171606.523,20,12,2025,,*4F
2025-12-20 19:16:07.089 | $GNGGA,171607.523,,,,,0,00,,,M,,M,,*64
2025-12-20 19:16:07.120 | $GPGSA,A,1,,,,,,,,,,,,,,,,1*03
2025-12-20 19:16:07.161 | $BDGSA,A,1,,,,,,,,,,,,,,,,4*17
2025-12-20 19:16:07.181 | $GPGSV,1,1,01,5,,,15*49
2025-12-20 19:16:07.202 | $BDGSV,0,1,00*69
2025-12-20 19:16:07.243 | $GNRMC,171607.523,V,,,,,,,201225,,,N*57
2025-12-20 19:16:07.284 | $GNZDA,171607.523,20,12,2025,,*4E
2025-12-20 19:16:08.085 | $GNGGA,171608.523,,,,,0,00,,,M,,M,,*6B
2025-12-20 19:16:08.126 | $GPGSA,A,1,,,,,,,,,,,,,,,,1*03
2025-12-20 19:16:08.156 | $BDGSA,A,1,,,,,,,,,,,,,,,,4*17
2025-12-20 19:16:08.187 | $GPGSV,1,1,01,5,,,18*44
2025-12-20 19:16:08.197 | $BDGSV,0,1,00*69
2025-12-20 19:16:08.248 | $GNRMC,171608.523,V,,,,,,,201225,,,N*58
2025-12-20 19:16:08.279 | $GNZDA,171608.523,20,12,2025,,*41
2025-12-20 19:16:09.090 | $GNGGA,171609.523,,,,,0,00,,,M,,M,,*6A
2025-12-20 19:16:09.121 | $GPGSA,A,1,,,,,,,,,,,,,,,,1*03
2025-12-20 19:16:09.152 | $BDGSA,A,1,,,,,,,,,,,,,,,,4*17
2025-12-20 19:16:09.182 | $GPGSV,1,1,01,5,,,17*4B
2025-12-20 19:16:09.203 | $BDGSV,0,1,00*69
2025-12-20 19:16:09.244 | $GNRMC,171609.523,V,,,,,,,201225,,,N*59
2025-12-20 19:16:09.285 | $GNZDA,171609.523,20,12,2025,,*40
2025-12-20 19:16:10.087 | $GNGGA,171610.523,,,,,0,00,,,M,,M,,*62
2025-12-20 19:16:10.127 | $GPGSA,A,1,,,,,,,,,,,,,,,,1*03
2025-12-20 19:16:10.158 | $BDGSA,A,1,,,,,,,,,,,,,,,,4*17
2025-12-20 19:16:10.179 | $GPGSV,1,1,01,5,,,16*4A
2025-12-20 19:16:10.199 | $BDGSV,0,1,00*69
2025-12-20 19:16:10.240 | $GNRMC,171610.523,V,,,,,,,201225,,,N*51
2025-12-20 19:16:10.281 | $GNZDA,171610.523,20,12,2025,,*48
2025-12-20 19:16:11.093 | $GNGGA,171611.523,,,,,0,00,,,M,,M,,*63
2025-12-20 19:16:11.123 | $GPGSA,A,1,,,,,,,,,,,,,,,,1*03
2025-12-20 19:16:11.154 | $BDGSA,A,1,,,,,,,,,,,,,,,,4*17
2025-12-20 19:16:11.185 | $GPGSV,1,1,01,5,,,15*49
2025-12-20 19:16:11.206 | $BDGSV,0,1,00*69
2025-12-20 19:16:11.247 | $GNRMC,171611.523,V,,,,,,,201225,,,N*50
2025-12-20 19:16:11.278 | $GNZDA,171611.523,20,12,2025,,*49
2025-12-20 19:16:12.090 | $GNGGA,171612.523,,,,,0,00,,,M,,M,,*60
2025-12-20 19:16:12.121 | $GPGSA,A,1,,,,,,,,,,,,,,,,1*03
2025-12-20 19:16:12.152 | $BDGSA,A,1,,,,,,,,,,,,,,,,4*17
2025-12-20 19:16:12.183 | $GPGSV,1,1,01,5,,,14*48
2025-12-20 19:16:12.204 | $BDGSV,0,1,00*69
2025-12-20 19:16:12.244 | $GNRMC,171612.523,V,,,,,,,201225,,,N*53
2025-12-20 19:16:12.285 | $GNZDA,171612.523,20,12,2025,,*4A
2025-12-20 19:16:13.086 | $GNGGA,171613.523,,,,,0,00,,,M,,M,,*61
2025-12-20 19:16:13.127 | $GPGSA,A,1,,,,,,,,,,,,,,,,1*03
2025-12-20 19:16:13.158 | $BDGSA,A,1,,,,,,,,,,,,,,,,4*17
2025-12-20 19:16:13.179 | $GPGSV,1,1,01,5,,,13*4F
2025-12-20 19:16:13.199 | $BDGSV,0,1,00*69
2025-12-20 19:16:13.240 | $GNRMC,171613.523,V,,,,,,,201225,,,N*52
2025-12-20 19:16:13.281 | $GNZDA,171613.523,20,12,2025,,*4B
2025-12-20 19:16:14.087 | $GNGGA,171614.523,,,,,0,00,,,M,,M,,*66
2025-12-20 19:16:14.118 | $GPGSA,A,1,,,,,,,,,,,,,,,,1*03
2025-12-20 19:16:14.150 | $BDGSA,A,1,,,,,,,,,,,,,,,,4*17
2025-12-20 19:16:14.181 | $GPGSV,1,1,01,5,,,*4D
2025-12-20 19:16:14.202 | $BDGSV,0,1,00*69
2025-12-20 19:16:14.243 | $GNRMC,171614.523,V,,,,,,,201225,,,N*55
2025-12-20 19:16:14.274 | $GNZDA,171614.523,20,12,2025,,*4C
2025-12-20 19:16:15.085 | $GNGGA,171615.523,,,,,0,00,,,M,,M,,*67
2025-12-20 19:16:15.126 | $GPGSA,A,1,,,,,,,,,,,,,,,,1*03
2025-12-20 19:16:15.157 | $BDGSA,A,1,,,,,,,,,,,,,,,,4*17
2025-12-20 19:16:15.177 | $GPGSV,0,1,00*78
2025-12-20 19:16:15.188 | $BDGSV,0,1,00*69
2025-12-20 19:16:15.239 | $GNRMC,171615.523,V,,,,,,,201225,,,N*54
2025-12-20 19:16:15.270 | $GNZDA,171615.523,20,12,2025,,*4D
2025-12-20 19:16:16.092 | $GNGGA,171616.523,,,,,0,00,,,M,,M,,*64
2025-12-20 19:16:16.122 | $GPGSA,A,1,,,,,,,,,,,,,,,,1*03
2025-12-20 19:16:16.153 | $BDGSA,A,1,,,,,,,,,,,,,,,,4*17
2025-12-20 19:16:16.173 | $GPGSV,0,1,00*78
2025-12-20 19:16:16.194 | $BDGSV,0,1,00*69
2025-12-20 19:16:16.235 | $GNRMC,171616.523,V,,,,,,,201225,,,N*57
2025-12-20 19:16:16.275 | $GNZDA,171616.523,20,12,2025,,*4E
2025-12-20 19:16:17.086 | $GNGGA,171617.523,,,,,0,00,,,M,,M,,*65
2025-12-20 19:16:17.117 | $GPGSA,A,1,,,,,,,,,,,,,,,,1*03
2025-12-20 19:16:17.159 | $BDGSA,A,1,,,,,,,,,,,,,,,,4*17
2025-12-20 19:16:17.169 | $GPGSV,0,1,00*78
2025-12-20 19:16:17.190 | $BDGSV,0,1,00*69
2025-12-20 19:16:17.231 | $GNRMC,171617.523,V,,,,,,,201225,,,N*56
2025-12-20 19:16:17.273 | $GNZDA,171617.523,20,12,2025,,*4F
2025-12-20 19:16:18.085 | $GNGGA,171618.523,,,,,0,00,,,M,,M,,*6A
2025-12-20 19:16:18.116 | $GPGSA,A,1,,,,,,,,,,,,,,,,1*03
2025-12-20 19:16:18.157 | $BDGSA,A,1,,,,,,,,,,,,,,,,4*17
2025-12-20 19:16:18.177 | $GPGSV,0,1,00*78
2025-12-20 19:16:18.188 | $BDGSV,0,1,00*69
2025-12-20 19:16:18.239 | $GNRMC,171618.523,V,,,,,,,201225,,,N*59
2025-12-20 19:16:18.270 | $GNZDA,171618.523,20,12,2025,,*40
2025-12-20 19:16:19.092 | $GNGGA,171619.523,,,,,0,00,,,M,,M,,*6B
2025-12-20 19:16:19.123 | $GPGSA,A,1,,,,,,,,,,,,,,,,1*03
2025-12-20 19:16:19.153 | $BDGSA,A,1,,,,,,,,,,,,,,,,4*17
2025-12-20 19:16:19.174 | $GPGSV,0,1,00*78
2025-12-20 19:16:19.195 | $BDGSV,0,1,00*69
2025-12-20 19:16:19.236 | $GNRMC,171619.523,V,,,,,,,201225,,,N*58
2025-12-20 19:16:19.267 | $GNZDA,171619.523,20,12,2025,,*41
2025-12-20 19:16:20.089 | $GNGGA,171620.523,,,,,0,00,,,M,,M,,*61
2025-12-20 19:16:20.119 | $GPGSA,A,1,,,,,,,,,,,,,,,,1*03
2025-12-20 19:16:20.150 | $BDGSA,A,1,,,,,,,,,,,,,,,,4*17
2025-12-20 19:16:20.171 | $GPGSV,0,1,00*78
2025-12-20 19:16:20.192 | $BDGSV,0,1,00*69
2025-12-20 19:16:20.233 | $GNRMC,171620.523,V,,,,,,,201225,,,N*52
2025-12-20 19:16:20.275 | $GNZDA,171620.523,20,12,2025,,*4B
2025-12-20 19:16:21.085 | $GNGGA,171621.523,,,,,0,00,,,M,,M,,*60
2025-12-20 19:16:21.117 | $GPGSA,A,1,,,,,,,,,,,,,,,,1*03
2025-12-20 19:16:21.158 | $BDGSA,A,1,,,,,,,,,,,,,,,,4*17
2025-12-20 19:16:21.168 | $GPGSV,0,1,00*78
2025-12-20 19:16:21.189 | $BDGSV,0,1,00*69
2025-12-20 19:16:21.230 | $GNRMC,171621.523,V,,,,,,,201225,,,N*53
2025-12-20 19:16:21.270 | $GNZDA,171621.523,20,12,2025,,*4A
2025-12-20 19:16:22.082 | $GNGGA,171622.523,,,,,0,00,,,M,,M,,*63
2025-12-20 19:16:22.123 | $GPGSA,A,1,,,,,,,,,,,,,,,,1*03
2025-12-20 19:16:22.154 | $BDGSA,A,1,,,,,,,,,,,,,,,,4*17
2025-12-20 19:16:22.174 | $GPGSV,0,1,00*78
2025-12-20 19:16:22.195 | $BDGSV,0,1,00*69
2025-12-20 19:16:22.236 | $GNRMC,171622.523,V,,,,,,,201225,,,N*50
2025-12-20 19:16:22.266 | $GNZDA,171622.523,20,12,2025,,*49
2025-12-20 19:16:23.088 | $GNGGA,171623.523,,,,,0,00,,,M,,M,,*62
2025-12-20 19:16:23.119 | $GPGSA,A,1,,,,,,,,,,,,,,,,1*03
2025-12-20 19:16:23.150 | $BDGSA,A,1,,,,,,,,,,,,,,,,4*17
2025-12-20 19:16:23.171 | $GPGSV,0,1,00*78
2025-12-20 19:16:23.191 | $BDGSV,0,1,00*69
2025-12-20 19:16:23.232 | $GNRMC,171623.523,V,,,,,,,201225,,,N*51
2025-12-20 19:16:23.274 | $GNZDA,171623.523,20,12,2025,,*48
2025-12-20 19:16:24.085 | $GNGGA,171624.523,,,,,0,00,,,M,,M,,*65
2025-12-20 19:16:24.116 | $GPGSA,A,1,,,,,,,,,,,,,,,,1*03
2025-12-20 19:16:24.157 | $BDGSA,A,1,,,,,,,,,,,,,,,,4*17
2025-12-20 19:16:24.177 | $GPGSV,0,1,00*78
2025-12-20 19:16:24.188 | $BDGSV,0,1,00*69
2025-12-20 19:16:24.239 | $GNRMC,171624.523,V,,,,,,,201225,,,N*56
2025-12-20 19:16:24.270 | $GNZDA,171624.523,20,12,2025,,*4F
2025-12-20 19:16:25.092 | $GNGGA,171625.523,,,,,0,00,,,M,,M,,*64
2025-12-20 19:16:25.122 | $GPGSA,A,1,,,,,,,,,,,,,,,,1*03
2025-12-20 19:16:25.153 | $BDGSA,A,1,,,,,,,,,,,,,,,,4*17
2025-12-20 19:16:25.174 | $GPGSV,0,1,00*78
2025-12-20 19:16:25.194 | $BDGSV,0,1,00*69
2025-12-20 19:16:25.235 | $GNRMC,171625.523,V,,,,,,,201225,,,N*57
2025-12-20 19:16:25.276 | $GNZDA,171625.523,20,12,2025,,*4E
2025-12-20 19:16:26.088 | $GNGGA,171626.523,,,,,0,00,,,M,,M,,*67
2025-12-20 19:16:26.119 | $GPGSA,A,1,,,,,,,,,,,,,,,,1*03
2025-12-20 19:16:26.159 | $BDGSA,A,1,,,,,,,,,,,,,,,,4*17
2025-12-20 19:16:26.170 | $GPGSV,0,1,00*78
2025-12-20 19:16:26.190 | $BDGSV,0,1,00*69
2025-12-20 19:16:26.231 | $GNRMC,171626.523,V,,,,,,,201225,,,N*54
2025-12-20 19:16:26.272 | $GNZDA,171626.523,20,12,2025,,*4D
2025-12-20 19:16:27.093 | $GNGGA,171627.523,,,,,0,00,,,M,,M,,*66
2025-12-20 19:16:27.124 | $GPGSA,A,1,,,,,,,,,,,,,,,,1*03
2025-12-20 19:16:27.155 | $BDGSA,A,1,,,,,,,,,,,,,,,,4*17
2025-12-20 19:16:27.176 | $GPGSV,0,1,00*78
2025-12-20 19:16:27.197 | $BDGSV,0,1,00*69
2025-12-20 19:16:27.238 | $GNRMC,171627.523,V,,,,,,,201225,,,N*55
2025-12-20 19:16:27.269 | $GNZDA,171627.523,20,12,2025,,*4C
2025-12-20 19:16:28.091 | $GNGGA,171628.523,,,,,0,00,,,M,,M,,*69
2025-12-20 19:16:28.122 | $GPGSA,A,1,,,,,,,,,,,,,,,,1*03
2025-12-20 19:16:28.153 | $BDGSA,A,1,,,,,,,,,,,,,,,,4*17
2025-12-20 19:16:28.173 | $GPGSV,0,1,00*78
2025-12-20 19:16:28.194 | $BDGSV,0,1,00*69
2025-12-20 19:16:28.235 | $GNRMC,171628.523,V,,,,,,,201225,,,N*5A
2025-12-20 19:16:28.276 | $GNZDA,171628.523,20,12,2025,,*43
2025-12-20 19:16:29.087 | $GNGGA,171629.523,,,,,0,00,,,M,,M,,*68
2025-12-20 19:16:29.118 | $GPGSA,A,1,,,,,,,,,,,,,,,,1*03
2025-12-20 19:16:29.159 | $BDGSA,A,1,,,,,,,,,,,,,,,,4*17
2025-12-20 19:16:29.169 | $GPGSV,0,1,00*78
2025-12-20 19:16:29.189 | $BDGSV,0,1,00*69
2025-12-20 19:16:29.230 | $GNRMC,171629.523,V,,,,,,,201225,,,N*5B
2025-12-20 19:16:29.271 | $GNZDA,171629.523,20,12,2025,,*42
2025-12-20 19:16:30.092 | $GNGGA,171630.523,,,,,0,00,,,M,,M,,*60
2025-12-20 19:16:30.123 | $GPGSA,A,1,,,,,,,,,,,,,,,,1*03
2025-12-20 19:16:30.153 | $BDGSA,A,1,,,,,,,,,,,,,,,,4*17
2025-12-20 19:16:30.174 | $GPGSV,0,1,00*78
2025-12-20 19:16:30.194 | $BDGSV,0,1,00*69
2025-12-20 19:16:30.235 | $GNRMC,171630.523,V,,,,,,,201225,,,N*53
2025-12-20 19:16:30.276 | $GNZDA,171630.523,20,12,2025,,*4A
2025-12-20 19:16:31.087 | $GNGGA,171631.523,,,,,0,00,,,M,,M,,*61
2025-12-20 19:16:31.128 | $GPGSA,A,1,,,,,,,,,,,,,,,,1*03
2025-12-20 19:16:31.159 | $BDGSA,A,1,,,,,,,,,,,,,,,,4*17
2025-12-20 19:16:31.179 | $GPGSV,0,1,00*78
2025-12-20 19:16:31.190 | $BDGSV,0,1,00*69
2025-12-20 19:16:31.241 | $GNRMC,171631.523,V,,,,,,,201225,,,N*52
2025-12-20 19:16:31.271 | $GNZDA,171631.523,20,12,2025,,*4B
2025-12-20 19:16:32.083 | $GNGGA,171632.523,,,,,0,00,,,M,,M,,*62
2025-12-20 19:16:32.124 | $GPGSA,A,1,,,,,,,,,,,,,,,,1*03
2025-12-20 19:16:32.155 | $BDGSA,A,1,,,,,,,,,,,,,,,,4*17
2025-12-20 19:16:32.176 | $GPGSV,0,1,00*78
2025-12-20 19:16:32.197 | $BDGSV,0,1,00*69
2025-12-20 19:16:32.238 | $GNRMC,171632.523,V,,,,,,,201225,,,N*51
2025-12-20 19:16:32.268 | $GNZDA,171632.523,20,12,2025,,*48
2025-12-20 19:16:33.090 | $GNGGA,171633.523,,,,,0,00,,,M,,M,,*63
2025-12-20 19:16:33.121 | $GPGSA,A,1,,,,,,,,,,,,,,,,1*03
2025-12-20 19:16:33.152 | $BDGSA,A,1,,,,,,,,,,,,,,,,4*17
2025-12-20 19:16:33.173 | $GPGSV,0,1,00*78
2025-12-20 19:16:33.193 | $BDGSV,0,1,00*69
2025-12-20 19:16:33.234 | $GNRMC,171633.523,V,,,,,,,201225,,,N*50
2025-12-20 19:16:33.275 | $GNZDA,171633.523,20,12,2025,,*49
2025-12-20 19:16:34.086 | $GNGGA,171634.523,,,,,0,00,,,M,,M,,*64
2025-12-20 19:16:34.117 | $GPGSA,A,1,,,,,,,,,,,,,,,,1*03
2025-12-20 19:16:34.157 | $BDGSA,A,1,,,,,,,,,,,,,,,,4*17
2025-12-20 19:16:34.178 | $GPGSV,0,1,00*78
2025-12-20 19:16:34.188 | $BDGSV,0,1,00*69
2025-12-20 19:16:34.240 | $GNRMC,171634.523,V,,,,,,,201225,,,N*57
2025-12-20 19:16:34.270 | $GNZDA,171634.523,20,12,2025,,*4E
2025-12-20 19:16:35.092 | $GNGGA,171635.523,,,,,0,00,,,M,,M,,*65
2025-12-20 19:16:35.123 | $GPGSA,A,1,,,,,,,,,,,,,,,,1*03
2025-12-20 19:16:35.154 | $BDGSA,A,1,,,,,,,,,,,,,,,,4*17
2025-12-20 19:16:35.174 | $GPGSV,0,1,00*78
2025-12-20 19:16:35.195 | $BDGSV,0,1,00*69
2025-12-20 19:16:35.236 | $GNRMC,171635.523,V,,,,,,,201225,,,N*56
2025-12-20 19:16:35.277 | $GNZDA,171635.523,20,12,2025,,*4F
2025-12-20 19:16:36.088 | $GNGGA,171636.523,,,,,0,00,,,M,,M,,*66
2025-12-20 19:16:36.118 | $GPGSA,A,1,,,,,,,,,,,,,,,,1*03
2025-12-20 19:16:36.160 | $BDGSA,A,1,,,,,,,,,,,,,,,,4*17
2025-12-20 19:16:36.170 | $GPGSV,0,1,00*78
2025-12-20 19:16:36.191 | $BDGSV,0,1,00*69
2025-12-20 19:16:36.232 | $GNRMC,171636.523,V,,,,,,,201225,,,N*55
2025-12-20 19:16:36.273 | $GNZDA,171636.523,20,12,2025,,*4C
2025-12-20 19:16:37.084 | $GNGGA,171637.523,,,,,0,00,,,M,,M,,*67
2025-12-20 19:16:37.125 | $GPGSA,A,1,,,,,,,,,,,,,,,,1*03
2025-12-20 19:16:37.156 | $BDGSA,A,1,,,,,,,,,,,,,,,,4*17
2025-12-20 19:16:37.176 | $GPGSV,0,1,00*78
2025-12-20 19:16:37.197 | $BDGSV,0,1,00*69
2025-12-20 19:16:37.238 | $GNRMC,171637.523,V,,,,,,,201225,,,N*54
2025-12-20 19:16:37.269 | $GNZDA,171637.523,20,12,2025,,*4D
2025-12-20 19:16:38.090 | $GNGGA,171638.523,,,,,0,00,,,M,,M,,*68
2025-12-20 19:16:38.121 | $GPGSA,A,1,,,,,,,,,,,,,,,,1*03
2025-12-20 19:16:38.152 | $BDGSA,A,1,,,,,,,,,,,,,,,,4*17
2025-12-20 19:16:38.172 | $GPGSV,0,1,00*78
2025-12-20 19:16:38.193 | $BDGSV,0,1,00*69
2025-12-20 19:16:38.234 | $GNRMC,171638.523,V,,,,,,,201225,,,N*5B
2025-12-20 19:16:38.275 | $GNZDA,171638.523,20,12,2025,,*42
2025-12-20 19:16:39.087 | $GNGGA,171639.523,,,,,0,00,,,M,,M,,*69
2025-12-20 19:16:39.117 | $GPGSA,A,1,,,,,,,,,,,,,,,,1*03
2025-12-20 19:16:39.158 | $BDGSA,A,1,,,,,,,,,,,,,,,,4*17
2025-12-20 19:16:39.169 | $GPGSV,0,1,00*78
2025-12-20 19:16:39.190 | $BDGSV,0,1,00*69
2025-12-20 19:16:39.231 | $GNRMC,171639.523,V,,,,,,,201225,,,N*5A
2025-12-20 19:16:39.271 | $GNZDA,171639.523,20,12,2025,,*43
2025-12-20 19:16:40.083 | $GNGGA,171640.523,,,,,0,00,,,M,,M,,*67
2025-12-20 19:16:40.123 | $GPGSA,A,1,,,,,,,,,,,,,,,,1*03
2025-12-20 19:16:40.154 | $BDGSA,A,1,,,,,,,,,,,,,,,,4*17
2025-12-20 19:16:40.175 | $GPGSV,0,1,00*78
2025-12-20 19:16:40.196 | $BDGSV,0,1,00*69
2025-12-20 19:16:40.237 | $GNRMC,171640.523,V,,,,,,,201225,,,N*54
2025-12-20 19:16:40.267 | $GNZDA,171640.523,20,12,2025,,*4D
2025-12-20 19:16:41.089 | $GNGGA,171641.523,,,,,0,00,,,M,,M,,*66
2025-12-20 19:16:41.120 | $GPGSA,A,1,,,,,,,,,,,,,,,,1*03
2025-12-20 19:16:41.151 | $BDGSA,A,1,,,,,,,,,,,,,,,,4*17
2025-12-20 19:16:41.172 | $GPGSV,0,1,00*78
2025-12-20 19:16:41.192 | $BDGSV,0,1,00*69
2025-12-20 19:16:41.233 | $GNRMC,171641.523,V,,,,,,,201225,,,N*55
2025-12-20 19:16:41.274 | $GNZDA,171641.523,20,12,2025,,*4C
2025-12-20 19:16:42.086 | $GNGGA,171642.523,,,,,0,00,,,M,,M,,*65
2025-12-20 19:16:42.117 | $GPGSA,A,1,,,,,,,,,,,,,,,,1*03
2025-12-20 19:16:42.158 | $BDGSA,A,1,,,,,,,,,,,,,,,,4*17
2025-12-20 19:16:42.168 | $GPGSV,0,1,00*78
2025-12-20 19:16:42.189 | $BDGSV,0,1,00*69
2025-12-20 19:16:42.240 | $GNRMC,171642.523,V,,,,,,,201225,,,N*56
2025-12-20 19:16:42.270 | $GNZDA,171642.523,20,12,2025,,*4F
2025-12-20 19:16:43.082 | $GNGGA,171643.523,,,,,0,00,,,M,,M,,*64
2025-12-20 19:16:43.123 | $GPGSA,A,1,,,,,,,,,,,,,,,,1*03
2025-12-20 19:16:43.154 | $BDGSA,A,1,,,,,,,,,,,,,,,,4*17
2025-12-20 19:16:43.175 | $GPGSV,0,1,00*78
2025-12-20 19:16:43.195 | $BDGSV,0,1,00*69
2025-12-20 19:16:43.236 | $GNRMC,171643.523,V,,,,,,,201225,,,N*57
2025-12-20 19:16:43.267 | $GNZDA,171643.523,20,12,2025,,*4E
2025-12-20 19:16:44.089 | $GNGGA,171644.523,,,,,0,00,,,M,,M,,*63
2025-12-20 19:16:44.120 | $GPGSA,A,1,,,,,,,,,,,,,,,,1*03
2025-12-20 19:16:44.151 | $BDGSA,A,1,,,,,,,,,,,,,,,,4*17
2025-12-20 19:16:44.172 | $GPGSV,0,1,00*78
2025-12-20 19:16:44.193 | $BDGSV,0,1,00*69
2025-12-20 19:16:44.234 | $GNRMC,171644.523,V,,,,,,,201225,,,N*50
2025-12-20 19:16:44.274 | $GNZDA,171644.523,20,12,2025,,*49
2025-12-20 19:16:45.086 | $GNGGA,171645.523,,,,,0,00,,,M,,M,,*62
2025-12-20 19:16:45.117 | $GPGSA,A,1,,,,,,,,,,,,,,,,1*03
2025-12-20 19:16:45.158 | $BDGSA,A,1,,,,,,,,,,,,,,,,4*17
2025-12-20 19:16:45.168 | $GPGSV,0,1,00*78
2025-12-20 19:16:45.189 | $BDGSV,0,1,00*69
2025-12-20 19:16:45.230 | $GNRMC,171645.523,V,,,,,,,201225,,,N*51
2025-12-20 19:16:45.271 | $GNZDA,171645.523,20,12,2025,,*48
2025-12-20 19:16:46.082 | $GNGGA,171646.523,,,,,0,00,,,M,,M,,*61
2025-12-20 19:16:46.123 | $GPGSA,A,1,,,,,,,,,,,,,,,,1*03
2025-12-20 19:16:46.154 | $BDGSA,A,1,,,,,,,,,,,,,,,,4*17
2025-12-20 19:16:46.174 | $GPGSV,0,1,00*78
2025-12-20 19:16:46.195 | $BDGSV,0,1,00*69
2025-12-20 19:16:46.236 | $GNRMC,171646.523,V,,,,,,,201225,,,N*52
2025-12-20 19:16:46.266 | $GNZDA,171646.523,20,12,2025,,*4B
2025-12-20 19:16:47.088 | $GNGGA,171647.523,,,,,0,00,,,M,,M,,*60
2025-12-20 19:16:47.119 | $GPGSA,A,1,,,,,,,,,,,,,,,,1*03
2025-12-20 19:16:47.150 | $BDGSA,A,1,,,,,,,,,,,,,,,,4*17
2025-12-20 19:16:47.171 | $GPGSV,0,1,00*78
2025-12-20 19:16:47.191 | $BDGSV,0,1,00*69
2025-12-20 19:16:47.232 | $GNRMC,171647.523,V,,,,,,,201225,,,N*53
2025-12-20 19:16:47.273 | $GNZDA,171647.523,20,12,2025,,*4A
2025-12-20 19:16:48.085 | $GNGGA,171648.523,,,,,0,00,,,M,,M,,*6F
2025-12-20 19:16:48.116 | $GPGSA,A,1,,,,,,,,,,,,,,,,1*03
2025-12-20 19:16:48.157 | $BDGSA,A,1,,,,,,,,,,,,,,,,4*17
2025-12-20 19:16:48.168 | $GPGSV,0,1,00*78
2025-12-20 19:16:48.188 | $BDGSV,0,1,00*69
2025-12-20 19:16:48.229 | $GNRMC,171648.523,V,,,,,,,201225,,,N*5C
2025-12-20 19:16:48.270 | $GNZDA,171648.523,20,12,2025,,*45
2025-12-20 19:16:49.082 | $GNGGA,171649.523,,,,,0,00,,,M,,M,,*6E
2025-12-20 19:16:49.123 | $GPGSA,A,1,,,,,,,,,,,,,,,,1*03
2025-12-20 19:16:49.154 | $BDGSA,A,1,,,,,,,,,,,,,,,,4*17
2025-12-20 19:16:49.174 | $GPGSV,0,1,00*78
2025-12-20 19:16:49.195 | $BDGSV,0,1,00*69
2025-12-20 19:16:49.236 | $GNRMC,171649.523,V,,,,,,,201225,,,N*5D
2025-12-20 19:16:49.267 | $GNZDA,171649.523,20,12,2025,,*44
2025-12-20 19:16:50.088 | $GNGGA,171650.523,,,,,0,00,,,M,,M,,*66
2025-12-20 19:16:50.118 | $GPGSA,A,1,,,,,,,,,,,,,,,,1*03
2025-12-20 19:16:50.159 | $BDGSA,A,1,,,,,,,,,,,,,,,,4*17
2025-12-20 19:16:50.170 | $GPGSV,0,1,00*78
2025-12-20 19:16:50.190 | $BDGSV,0,1,00*69
2025-12-20 19:16:50.231 | $GNRMC,171650.523,V,,,,,,,201225,,,N*55
2025-12-20 19:16:50.272 | $GNZDA,171650.523,20,12,2025,,*4C
2025-12-20 19:16:51.083 | $GNGGA,171651.523,,,,,0,00,,,M,,M,,*67
2025-12-20 19:16:51.124 | $GPGSA,A,1,,,,,,,,,,,,,,,,1*03
2025-12-20 19:16:51.155 | $BDGSA,A,1,,,,,,,,,,,,,,,,4*17
2025-12-20 19:16:51.176 | $GPGSV,0,1,00*78
2025-12-20 19:16:51.197 | $BDGSV,0,1,00*69
2025-12-20 19:16:51.238 | $GNRMC,171651.523,V,,,,,,,201225,,,N*54
2025-12-20 19:16:51.268 | $GNZDA,171651.523,20,12,2025,,*4D
2025-12-20 19:16:52.089 | $GNGGA,171652.523,,,,,0,00,,,M,,M,,*64
2025-12-20 19:16:52.120 | $GPGSA,A,1,,,,,,,,,,,,,,,,1*03
2025-12-20 19:16:52.161 | $BDGSA,A,1,,,,,,,,,,,,,,,,4*17
2025-12-20 19:16:52.172 | $GPGSV,0,1,00*78
2025-12-20 19:16:52.193 | $BDGSV,0,1,00*69
2025-12-20 19:16:52.236 | $GNRMC,171652.523,V,,,,,,,201225,,,N*57
2025-12-20 19:16:52.277 | $GNZDA,171652.523,20,12,2025,,*4E
2025-12-20 19:16:53.088 | $GNGGA,171653.523,,,,,0,00,,,M,,M,,*65
2025-12-20 19:16:53.119 | $GPGSA,A,1,,,,,,,,,,,,,,,,1*03
2025-12-20 19:16:53.151 | $BDGSA,A,1,,,,,,,,,,,,,,,,4*17
2025-12-20 19:16:53.171 | $GPGSV,0,1,00*78
2025-12-20 19:16:53.192 | $BDGSV,0,1,00*69
2025-12-20 19:16:53.233 | $GNRMC,171653.523,V,,,,,,,201225,,,N*56
2025-12-20 19:16:53.274 | $GNZDA,171653.523,20,12,2025,,*4F
2025-12-20 19:16:54.086 | $GNGGA,171654.523,,,,,0,00,,,M,,M,,*62
2025-12-20 19:16:54.127 | $GPGSA,A,1,,,,,,,,,,,,,,,,1*03
2025-12-20 19:16:54.157 | $BDGSA,A,1,,,,,,,,,,,,,,,,4*17
2025-12-20 19:16:54.178 | $GPGSV,1,1,01,5,,,*4D
2025-12-20 19:16:54.199 | $BDGSV,0,1,00*69
2025-12-20 19:16:54.239 | $GNRMC,171654.523,V,,,,,,,201225,,,N*51
2025-12-20 19:16:54.281 | $GNZDA,171654.523,20,12,2025,,*48
2025-12-20 19:16:55.092 | $GNGGA,171655.523,,,,,0,00,,,M,,M,,*63
2025-12-20 19:16:55.123 | $GPGSA,A,1,,,,,,,,,,,,,,,,1*03
2025-12-20 19:16:55.154 | $BDGSA,A,1,,,,,,,,,,,,,,,,4*17
2025-12-20 19:16:55.185 | $GPGSV,1,1,01,5,,,*4D
2025-12-20 19:16:55.195 | $BDGSV,0,1,00*69
2025-12-20 19:16:55.246 | $GNRMC,171655.523,V,,,,,,,201225,,,N*50
2025-12-20 19:16:55.277 | $GNZDA,171655.523,20,12,2025,,*49
2025-12-20 19:16:56.088 | $GNGGA,171656.523,,,,,0,00,,,M,,M,,*60
2025-12-20 19:16:56.119 | $GPGSA,A,1,,,,,,,,,,,,,,,,1*03
2025-12-20 19:16:56.160 | $BDGSA,A,1,,,,,,,,,,,,,,,,4*17
2025-12-20 19:16:56.180 | $GPGSV,1,1,01,5,,,*4D
2025-12-20 19:16:56.201 | $BDGSV,0,1,00*69
2025-12-20 19:16:56.241 | $GNRMC,171656.523,V,,,,,,,201225,,,N*53
2025-12-20 19:16:56.282 | $GNZDA,171656.523,20,12,2025,,*4A
2025-12-20 19:16:57.093 | $GNGGA,171657.523,,,,,0,00,,,M,,M,,*61
2025-12-20 19:16:57.123 | $GPGSA,A,1,,,,,,,,,,,,,,,,1*03
2025-12-20 19:16:57.154 | $BDGSA,A,1,,,,,,,,,,,,,,,,4*17
2025-12-20 19:16:57.174 | $GPGSV,1,1,01,5,,,*4D
2025-12-20 19:16:57.195 | $BDGSV,0,1,00*69
2025-12-20 19:16:57.236 | $GNRMC,171657.523,V,,,,,,,201225,,,N*52
2025-12-20 19:16:57.277 | $GNZDA,171657.523,20,12,2025,,*4B
2025-12-20 19:16:58.087 | $GNGGA,171658.523,,,,,0,00,,,M,,M,,*6E
2025-12-20 19:16:58.118 | $GPGSA,A,1,,,,,,,,,,,,,,,,1*03
2025-12-20 19:16:58.159 | $BDGSA,A,1,,,,,,,,,,,,,,,,4*17
2025-12-20 19:16:58.180 | $GPGSV,1,1,01,5,,,*4D
2025-12-20 19:16:58.201 | $BDGSV,0,1,00*69
2025-12-20 19:16:58.241 | $GNRMC,171658.523,V,,,,,,,201225,,,N*5D
2025-12-20 19:16:58.282 | $GNZDA,171658.523,20,12,2025,,*44
2025-12-20 19:16:59.093 | $GNGGA,171659.523,,,,,0,00,,,M,,M,,*6F
2025-12-20 19:16:59.124 | $GPGSA,A,1,,,,,,,,,,,,,,,,1*03
2025-12-20 19:16:59.154 | $BDGSA,A,1,,,,,,,,,,,,,,,,4*17
2025-12-20 19:16:59.175 | $GPGSV,1,1,01,5,,,*4D
2025-12-20 19:16:59.195 | $BDGSV,0,1,00*69
2025-12-20 19:16:59.246 | $GNRMC,171659.523,V,,,,,,,201225,,,N*5C
2025-12-20 19:16:59.277 | $GNZDA,171659.523,20,12,2025,,*45
2025-12-20 19:17:00.088 | $GNGGA,171700.523,,,,,0,00,,,M,,M,,*62
2025-12-20 19:17:00.119 | $GPGSA,A,1,,,,,,,,,,,,,,,,1*03
2025-12-20 19:17:00.160 | $BDGSA,A,1,,,,,,,,,,,,,,,,4*17
2025-12-20 19:17:00.181 | $GPGSV,1,1,01,5,,,*4D
2025-12-20 19:17:00.201 | $BDGSV,0,1,00*69
2025-12-20 19:17:00.242 | $GNRMC,171700.523,V,,,,,,,201225,,,N*51
2025-12-20 19:17:00.273 | $GNZDA,171700.523,20,12,2025,,*48
2025-12-20 19:17:01.084 | $GNGGA,171701.523,,,,,0,00,,,M,,M,,*63
2025-12-20 19:17:01.124 | $GPGSA,A,1,,,,,,,,,,,,,,,,1*03
2025-12-20 19:17:01.155 | $BDGSA,A,1,,,,,,,,,,,,,,,,4*17
2025-12-20 19:17:01.176 | $GPGSV,1,1,01,5,,,*4D
2025-12-20 19:17:01.196 | $BDGSV,0,1,00*69
2025-12-20 19:17:01.237 | $GNRMC,171701.523,V,,,,,,,201225,,,N*50
2025-12-20 19:17:01.278 | $GNZDA,171701.523,20,12,2025,,*49
2025-12-20 19:17:02.089 | $GNGGA,171702.523,,,,,0,00,,,M,,M,,*60
2025-12-20 19:17:02.120 | $GPGSA,A,1,,,,,,,,,,,,,,,,1*03
2025-12-20 19:17:02.151 | $BDGSA,A,1,,,,,,,,,,,,,,,,4*17
2025-12-20 19:17:02.182 | $GPGSV,1,1,01,5,,,*4D
2025-12-20 19:17:02.202 | $BDGSV,0,1,00*69
2025-12-20 19:17:02.244 | $GNRMC,171702.523,V,,,,,,,201225,,,N*53
2025-12-20 19:17:02.275 | $GNZDA,171702.523,20,12,2025,,*4A
2025-12-20 19:17:03.087 | $GNGGA,171703.523,,,,,0,00,,,M,,M,,*61
2025-12-20 19:17:03.117 | $GPGSA,A,1,,,,,,,,,,,,,,,,1*03
2025-12-20 19:17:03.158 | $BDGSA,A,1,,,,,,,,,,,,,,,,4*17
2025-12-20 19:17:03.179 | $GPGSV,1,1,01,5,,,*4D
2025-12-20 19:17:03.199 | $BDGSV,0,1,00*69
2025-12-20 19:17:03.240 | $GNRMC,171703.523,V,,,,,,,201225,,,N*52
2025-12-20 19:17:03.281 | $GNZDA,171703.523,20,12,2025,,*4B
2025-12-20 19:17:04.093 | $GNGGA,171704.523,,,,,0,00,,,M,,M,,*66
2025-12-20 19:17:04.124 | $GPGSA,A,1,,,,,,,,,,,,,,,,1*03
2025-12-20 19:17:04.155 | $BDGSA,A,1,,,,,,,,,,,,,,,,4*17
2025-12-20 19:17:04.175 | $GPGSV,1,1,01,5,,,*4D
2025-12-20 19:17:04.196 | $BDGSV,0,1,00*69
2025-12-20 19:17:04.237 | $GNRMC,171704.523,V,,,,,,,201225,,,N*55
2025-12-20 19:17:04.279 | $GNZDA,171704.523,20,12,2025,,*4C
2025-12-20 19:17:05.091 | $GNGGA,171705.523,,,,,0,00,,,M,,M,,*67
2025-12-20 19:17:05.122 | $GPGSA,A,1,,,,,,,,,,,,,,,,1*03
2025-12-20 19:17:05.153 | $BDGSA,A,1,,,,,,,,,,,,,,,,4*17
2025-12-20 19:17:05.184 | $GPGSV,1,1,01,5,,,*4D
2025-12-20 19:17:05.194 | $BDGSV,0,1,00*69
2025-12-20 19:17:05.245 | $GNRMC,171705.523,V,,,,,,,201225,,,N*54
2025-12-20 19:17:05.276 | $GNZDA,171705.523,20,12,2025,,*4D
2025-12-20 19:17:06.088 | $GNGGA,171706.523,,,,,0,00,,,M,,M,,*64
2025-12-20 19:17:06.118 | $GPGSA,A,1,,,,,,,,,,,,,,,,1*03
2025-12-20 19:17:06.159 | $BDGSA,A,1,,,,,,,,,,,,,,,,4*17
2025-12-20 19:17:06.180 | $GPGSV,1,1,01,5,,,*4D
2025-12-20 19:17:06.200 | $BDGSV,0,1,00*69
2025-12-20 19:17:06.241 | $GNRMC,171706.523,V,,,,,,,201225,,,N*57
2025-12-20 19:17:06.272 | $GNZDA,171706.523,20,12,2025,,*4E
2025-12-20 19:17:07.084 | $GNGGA,171707.523,,,,,0,00,,,M,,M,,*65
2025-12-20 19:17:07.115 | $GPGSA,A,1,,,,,,,,,,,,,,,,1*03
2025-12-20 19:17:07.156 | $BDGSA,A,1,,,,,,,,,,,,,,,,4*17
2025-12-20 19:17:07.177 | $GPGSV,1,1,01,5,,,*4D
2025-12-20 19:17:07.197 | $BDGSV,0,1,00*69
2025-12-20 19:17:07.238 | $GNRMC,171707.523,V,,,,,,,201225,,,N*56
2025-12-20 19:17:07.279 | $GNZDA,171707.523,20,12,2025,,*4F
2025-12-20 19:17:08.091 | $GNGGA,171708.523,,,,,0,00,,,M,,M,,*6A
2025-12-20 19:17:08.122 | $GPGSA,A,1,,,,,,,,,,,,,,,,1*03
2025-12-20 19:17:08.153 | $BDGSA,A,1,,,,,,,,,,,,,,,,4*17
2025-12-20 19:17:08.173 | $GPGSV,0,1,00*78
2025-12-20 19:17:08.194 | $BDGSV,0,1,00*69
2025-12-20 19:17:08.235 | $GNRMC,171708.523,V,,,,,,,201225,,,N*59
2025-12-20 19:17:08.276 | $GNZDA,171708.523,20,12,2025,,*40
2025-12-20 19:17:09.087 | $GNGGA,171709.523,,,,,0,00,,,M,,M,,*6B
2025-12-20 19:17:09.118 | $GPGSA,A,1,,,,,,,,,,,,,,,,1*03
2025-12-20 19:17:09.149 | $BDGSA,A,1,,,,,,,,,,,,,,,,4*17
2025-12-20 19:17:09.169 | $GPGSV,0,1,00*78
2025-12-20 19:17:09.190 | $BDGSV,0,1,00*69
2025-12-20 19:17:09.231 | $GNRMC,171709.523,V,,,,,,,201225,,,N*58
2025-12-20 19:17:09.272 | $GNZDA,171709.523,20,12,2025,,*41
2025-12-20 19:17:10.084 | $GNGGA,171710.523,,,,,0,00,,,M,,M,,*63
2025-12-20 19:17:10.125 | $GPGSA,A,1,,,,,,,,,,,,,,,,1*03
2025-12-20 19:17:10.156 | $BDGSA,A,1,,,,,,,,,,,,,,,,4*17
2025-12-20 19:17:10.176 | $GPGSV,0,1,00*78
2025-12-20 19:17:10.187 | $BDGSV,0,1,00*69
2025-12-20 19:17:10.238 | $GNRMC,171710.523,V,,,,,,,201225,,,N*50
2025-12-20 19:17:10.269 | $GNZDA,171710.523,20,12,2025,,*49
2025-12-20 19:17:11.091 | $GNGGA,171711.523,,,,,0,00,,,M,,M,,*62
2025-12-20 19:17:11.122 | $GPGSA,A,1,,,,,,,,,,,,,,,,1*03
2025-12-20 19:17:11.153 | $BDGSA,A,1,,,,,,,,,,,,,,,,4*17
2025-12-20 19:17:11.173 | $GPGSV,0,1,00*78
2025-12-20 19:17:11.194 | $BDGSV,0,1,00*69
2025-12-20 19:17:11.235 | $GNRMC,171711.523,V,,,,,,,201225,,,N*51
2025-12-20 19:17:11.276 | $GNZDA,171711.523,20,12,2025,,*48
2025-12-20 19:17:12.088 | $GNGGA,171712.523,,,,,0,00,,,M,,M,,*61
2025-12-20 19:17:12.119 | $GPGSA,A,1,,,,,,,,,,,,,,,,1*03
2025-12-20 19:17:12.150 | $BDGSA,A,1,,,,,,,,,,,,,,,,4*17
2025-12-20 19:17:12.170 | $GPGSV,0,1,00*78
2025-12-20 19:17:12.191 | $BDGSV,0,1,00*69
2025-12-20 19:17:12.232 | $GNRMC,171712.523,V,,,,,,,201225,,,N*52
2025-12-20 19:17:12.273 | $GNZDA,171712.523,20,12,2025,,*4B
2025-12-20 19:17:13.084 | $GNGGA,171713.523,,,,,0,00,,,M,,M,,*60
2025-12-20 19:17:13.115 | $GPGSA,A,1,,,,,,,,,,,,,,,,1*03
2025-12-20 19:17:13.156 | $BDGSA,A,1,,,,,,,,,,,,,,,,4*17
2025-12-20 19:17:13.177 | $GPGSV,0,1,00*78
2025-12-20 19:17:13.188 | $BDGSV,0,1,00*69
2025-12-20 19:17:13.239 | $GNRMC,171713.523,V,,,,,,,201225,,,N*53
2025-12-20 19:17:13.270 | $GNZDA,171713.523,20,12,2025,,*4A
2025-12-20 19:17:14.081 | $GNGGA,171714.523,,,,,0,00,,,M,,M,,*67
2025-12-20 19:17:14.122 | $GPGSA,A,1,,,,,,,,,,,,,,,,1*03
2025-12-20 19:17:14.153 | $BDGSA,A,1,,,,,,,,,,,,,,,,4*17
2025-12-20 19:17:14.173 | $GPGSV,0,1,00*78
2025-12-20 19:17:14.194 | $BDGSV,0,1,00*69
2025-12-20 19:17:14.235 | $GNRMC,171714.523,V,,,,,,,201225,,,N*54
2025-12-20 19:17:14.276 | $GNZDA,171714.523,20,12,2025,,*4D
2025-12-20 19:17:15.087 | $GNGGA,171715.523,,,,,0,00,,,M,,M,,*66
2025-12-20 19:17:15.118 | $GPGSA,A,1,,,,,,,,,,,,,,,,1*03
2025-12-20 19:17:15.149 | $BDGSA,A,1,,,,,,,,,,,,,,,,4*17
2025-12-20 19:17:15.169 | $GPGSV,0,1,00*78
2025-12-20 19:17:15.190 | $BDGSV,0,1,00*69
2025-12-20 19:17:15.231 | $GNRMC,171715.523,V,,,,,,,201225,,,N*55
2025-12-20 19:17:15.272 | $GNZDA,171715.523,20,12,2025,,*4C
2025-12-20 19:17:16.083 | $GNGGA,171716.523,,,,,0,00,,,M,,M,,*65
2025-12-20 19:17:16.124 | $GPGSA,A,1,,,,,,,,,,,,,,,,1*03
2025-12-20 19:17:16.155 | $BDGSA,A,1,,,,,,,,,,,,,,,,4*17
2025-12-20 19:17:16.176 | $GPGSV,0,1,00*78
2025-12-20 19:17:16.196 | $BDGSV,0,1,00*69
2025-12-20 19:17:16.238 | $GNRMC,171716.523,V,,,,,,,201225,,,N*56
2025-12-20 19:17:16.268 | $GNZDA,171716.523,20,12,2025,,*4F
