2025-12-20 18:58:32.496 | $GPGSV,0,1,00
2025-12-20 18:58:32.496 | $BDGSV,0,1,00
2025-12-20 18:58:32.496 | $GNRMC,165831.532,V,,,,,,,,,,N
2025-12-20 18:58:32.496 | $GNZDA,165831.532,,,,,
2025-12-20 18:58:32.497 | $GNGGA,165832.532,,,,,0,00,,,M,,M,,
2025-12-20 18:58:32.497 | $GPGSA,A,1,,,,,,,,,,,,,,,,1
2025-12-20 18:58:32.497 | $BDGSA,A,1,,,,,,,,,,,,,,,,4
2025-12-20 18:58:32.497 | $GPGSV,0,1,00
2025-12-20 18:58:32.497 | $BDGSV,0,1,00
2025-12-20 18:58:32.497 | $GNRMC,165832.532,V,,,,,,,,,,N
2025-12-20 18:58:32.497 | $GNZDA,165832.532,,,,,
2025-12-20 18:58:33.095 | $GNGGA,165833.532,,,,,0,00,,,M,,M,,
2025-12-20 18:58:33.126 | $GPGSA,A,1,,,,,,,,,,,,,,,,1
2025-12-20 18:58:33.167 | $BDGSA,A,1,,,,,,,,,,,,,,,,4
2025-12-20 18:58:33.177 | $GPGSV,0,1,00
2025-12-20 18:58:33.198 | $BDGSV,0,1,00
2025-12-20 18:58:33.239 | $GNRMC,165833.532,V,,,,,,,,,,N
2025-12-20 18:58:33.269 | $GNZDA,165833.532,,,,,
2025-12-20 18:58:34.092 | $GNGGA,165834.532,,,,,0,00,,,M,,M,,
2025-12-20 18:58:34.123 | $GPGSA,A,1,,,,,,,,,,,,,,,,1
2025-12-20 18:58:34.164 | $BDGSA,A,1,,,,,,,,,,,,,,,,4
2025-12-20 18:58:34.174 | $GPGSV,0,1,00
2025-12-20 18:58:34.195 | $BDGSV,0,1,00
2025-12-20 18:58:34.236 | $GNRMC,165834.532,V,,,,,,,,,,N
2025-12-20 18:58:34.266 | $GNZDA,165834.532,,,,,
2025-12-20 18:58:35.088 | $GNGGA,165835.532,,,,,0,00,,,M,,M,,
2025-12-20 18:58:35.129 | $GPGSA,A,1,,,,,,,,,,,,,,,,1
2025-12-20 18:58:35.160 | $BDGSA,A,1,,,,,,,,,,,,,,,,4
2025-12-20 18:58:35.180 | $GPGSV,0,1,00
2025-12-20 18:58:35.201 | $BDGSV,0,1,00
2025-12-20 18:58:35.232 | $GNRMC,165835.532,V,,,,,,,,,,N
2025-12-20 18:58:35.263 | $GNZDA,165835.532,,,,,
2025-12-20 18:58:36.095 | $GNGGA,165836.532,,,,,0,00,,,M,,M,,
2025-12-20 18:58:36.126 | $GPGSA,A,1,,,,,,,,,,,,,,,,1
2025-12-20 18:58:36.157 | $BDGSA,A,1,,,,,,,,,,,,,,,,4
2025-12-20 18:58:36.178 | $GPGSV,0,1,00
2025-12-20 18:58:36.199 | $BDGSV,0,1,00
2025-12-20 18:58:36.230 | $GNRMC,165836.532,V,,,,,,,,,,N
2025-12-20 18:58:36.260 | $GNZDA,165836.532,,,,,
2025-12-20 18:58:37.092 | $GNGGA,165837.532,,,,,0,00,,,M,,M,,
2025-12-20 18:58:37.123 | $GPGSA,A,1,,,,,,,,,,,,,,,,1
2025-12-20 18:58:37.164 | $BDGSA,A,1,,,,,,,,,,,,,,,,4
2025-12-20 18:58:37.175 | $GPGSV,0,1,00
2025-12-20 18:58:37.195 | $BDGSV,0,1,00
2025-12-20 18:58:37.236 | $GNRMC,165837.532,V,,,,,,,,,,N
2025-12-20 18:58:37.267 | $GNZDA,165837.532,,,,,
2025-12-20 18:58:38.090 | $GNGGA,165838.532,,,,,0,00,,,M,,M,,
2025-12-20 18:58:38.131 | $GPGSA,A,1,,,,,,,,,,,,,,,,1
2025-12-20 18:58:38.162 | $BDGSA,A,1,,,,,,,,,,,,,,,,4
2025-12-20 18:58:38.182 | $GPGSV,0,1,00
2025-12-20 18:58:38.193 | $BDGSV,0,1,00
2025-12-20 18:58:38.234 | $GNRMC,165838.532,V,,,,,,,,,,N
2025-12-20 18:58:38.264 | $GNZDA,165838.532,,,,,
2025-12-20 18:58:39.097 | $GNGGA,165839.532,,,,,0,00,,,M,,M,,
2025-12-20 18:58:39.128 | $GPGSA,A,1,,,,,,,,,,,,,,,,1
2025-12-20 18:58:39.158 | $BDGSA,A,1,,,,,,,,,,,,,,,,4
2025-12-20 18:58:39.179 | $GPGSV,0,1,00
2025-12-20 18:58:39.199 | $BDGSV,0,1,00
2025-12-20 18:58:39.230 | $GNRMC,165839.532,V,,,,,,,,,,N
2025-12-20 18:58:39.261 | $GNZDA,165839.532,,,,,
2025-12-20 18:58:40.093 | $GNGGA,165840.532,,,,,0,00,,,M,,M,,
2025-12-20 18:58:40.124 | $GPGSA,A,1,,,,,,,,,,,,,,,,1
2025-12-20 18:58:40.165 | $BDGSA,A,1,,,,,,,,,,,,,,,,4
2025-12-20 18:58:40.175 | $GPGSV,0,1,00
2025-12-20 18:58:40.196 | $BDGSV,0,1,00
2025-12-20 18:58:40.237 | $GNRMC,165840.532,V,,,,,,,,,,N
2025-12-20 18:58:40.258 | $GNZDA,165840.532,,,,,
2025-12-20 18:58:41.090 | $GNGGA,165841.532,,,,,0,00,,,M,,M,,
2025-12-20 18:58:41.131 | $GPGSA,A,1,,,,,,,,,,,,,,,,1
2025-12-20 18:58:41.162 | $BDGSA,A,1,,,,,,,,,,,,,,,,4
2025-12-20 18:58:41.183 | $GPGSV,0,1,00
2025-12-20 18:58:41.193 | $BDGSV,0,1,00
2025-12-20 18:58:41.234 | $GNRMC,165841.532,V,,,,,,,,,,N
2025-12-20 18:58:41.265 | $GNZDA,165841.532,,,,,
2025-12-20 18:58:42.097 | $GNGGA,165842.532,,,,,0,00,,,M,,M,,
2025-12-20 18:58:42.127 | $GPGSA,A,1,,,,,,,,,,,,,,,,1
2025-12-20 18:58:42.158 | $BDGSA,A,1,,,,,,,,,,,,,,,,4
2025-12-20 18:58:42.178 | $GPGSV,0,1,00
2025-12-20 18:58:42.199 | $BDGSV,0,1,00
2025-12-20 18:58:42.229 | $GNRMC,165842.532,V,,,,,,,,,,N
2025-12-20 18:58:42.260 | $GNZDA,165842.532,,,,,
2025-12-20 18:58:43.090 | $GNGGA,165843.532,,,,,0,00,,,M,,M,,
2025-12-20 18:58:43.131 | $GPGSA,A,1,,,,,,,,,,,,,,,,1
2025-12-20 18:58:43.162 | $BDGSA,A,1,,,,,,,,,,,,,,,,4
2025-12-20 18:58:43.183 | $GPGSV,0,1,00
2025-12-20 18:58:43.193 | $BDGSV,0,1,00
2025-12-20 18:58:43.234 | $GNRMC,165843.532,V,,,,,,,,,,N
2025-12-20 18:58:43.265 | $GNZDA,165843.532,,,,,
2025-12-20 18:58:44.096 | $GNGGA,165844.532,,,,,0,00,,,M,,M,,
2025-12-20 18:58:44.127 | $GPGSA,A,1,,,,,,,,,,,,,,,,1
2025-12-20 18:58:44.158 | $BDGSA,A,1,,,,,,,,,,,,,,,,4
2025-12-20 18:58:44.179 | $GPGSV,0,1,00
2025-12-20 18:58:44.200 | $BDGSV,0,1,00
2025-12-20 18:58:44.230 | $GNRMC,165844.532,V,,,,,,,,,,N
2025-12-20 18:58:44.261 | $GNZDA,165844.532,,,,,
2025-12-20 18:58:45.093 | $GNGGA,165845.532,,,,,0,00,,,M,,M,,
2025-12-20 18:58:45.124 | $GPGSA,A,1,,,,,,,,,,,,,,,,1
2025-12-20 18:58:45.165 | $BDGSA,A,1,,,,,,,,,,,,,,,,4
2025-12-20 18:58:45.175 | $GPGSV,0,1,00
2025-12-20 18:58:45.196 | $BDGSV,0,1,00
2025-12-20 18:58:45.237 | $GNRMC,165845.532,V,,,,,,,,,,N
2025-12-20 18:58:45.267 | $GNZDA,165845.532,,,,,
2025-12-20 18:58:46.090 | $GNGGA,165846.532,,,,,0,00,,,M,,M,,
2025-12-20 18:58:46.121 | $GPGSA,A,1,,,,,,,,,,,,,,,,1
2025-12-20 18:58:46.162 | $BDGSA,A,1,,,,,,,,,,,,,,,,4
2025-12-20 18:58:46.183 | $GPGSV,0,1,00
2025-12-20 18:58:46.194 | $BDGSV,0,1,00
2025-12-20 18:58:46.235 | $GNRMC,165846.532,V,,,,,,,,,,N
2025-12-20 18:58:46.266 | $GNZDA,165846.532,,,,,
2025-12-20 18:58:47.090 | $GNGGA,165847.532,,,,,0,00,,,M,,M,,
2025-12-20 18:58:47.121 | $GPGSA,A,1,,,,,,,,,,,,,,,,1
2025-12-20 18:58:47.162 | $BDGSA,A,1,,,,,,,,,,,,,,,,4
2025-12-20 18:58:47.183 | $GPGSV,0,1,00
2025-12-20 18:58:47.193 | $BDGSV,0,1,00
2025-12-20 18:58:47.234 | $GNRMC,165847.532,V,,,,,,,,,,N
2025-12-20 18:58:47.265 | $GNZDA,165847.532,,,,,
2025-12-20 18:58:48.096 | $GNGGA,165848.532,,,,,0,00,,,M,,M,,
2025-12-20 18:58:48.127 | $GPGSA,A,1,,,,,,,,,,,,,,,,1
2025-12-20 18:58:48.158 | $BDGSA,A,1,,,,,,,,,,,,,,,,4
2025-12-20 18:58:48.179 | $GPGSV,0,1,00
2025-12-20 18:58:48.199 | $BDGSV,0,1,00
2025-12-20 18:58:48.230 | $GNRMC,165848.532,V,,,,,,,,,,N
2025-12-20 18:58:48.260 | $GNZDA,165848.532,,,,,
2025-12-20 18:58:49.092 | $GNGGA,165849.532,,,,,0,00,,,M,,M,,
2025-12-20 18:58:49.123 | $GPGSA,A,1,,,,,,,,,,,,,,,,1
2025-12-20 18:58:49.164 | $BDGSA,A,1,,,,,,,,,,,,,,,,4
2025-12-20 18:58:49.174 | $GPGSV,0,1,00
2025-12-20 18:58:49.194 | $BDGSV,0,1,00
2025-12-20 18:58:49.235 | $GNRMC,165849.532,V,,,,,,,,,,N
2025-12-20 18:58:49.266 | $GNZDA,165849.532,,,,,
2025-12-20 18:58:50.088 | $GNGGA,165850.532,,,,,0,00,,,M,,M,,
2025-12-20 18:58:50.129 | $GPGSA,A,1,,,,,,,,,,,,,,,,1
2025-12-20 18:58:50.160 | $BDGSA,A,1,,,,,,,,,,,,,,,,4
2025-12-20 18:58:50.181 | $GPGSV,0,1,00
2025-12-20 18:58:50.201 | $BDGSV,0,1,00
2025-12-20 18:58:50.232 | $GNRMC,165850.532,V,,,,,,,,,,N
2025-12-20 18:58:50.263 | $GNZDA,165850.532,,,,,
2025-12-20 18:58:51.096 | $GNGGA,165851.532,,,,,0,00,,,M,,M,,
2025-12-20 18:58:51.126 | $GPGSA,A,1,,,,,,,,,,,,,,,,1
2025-12-20 18:58:51.157 | $BDGSA,A,1,,,,,,,,,,,,,,,,4
2025-12-20 18:58:51.178 | $GPGSV,0,1,00
2025-12-20 18:58:51.198 | $BDGSV,0,1,00
2025-12-20 18:58:51.229 | $GNRMC,165851.532,V,,,,,,,,,,N
2025-12-20 18:58:51.260 | $GNZDA,165851.532,,,,,
2025-12-20 18:58:52.092 | $GNGGA,165852.532,,,,,0,00,,,M,,M,,
2025-12-20 18:58:52.123 | $GPGSA,A,1,,,,,,,,,,,,,,,,1
2025-12-20 18:58:52.164 | $BDGSA,A,1,,,,,,,,,,,,,,,,4
2025-12-20 18:58:52.174 | $GPGSV,0,1,00
2025-12-20 18:58:52.195 | $BDGSV,0,1,00
2025-12-20 18:58:52.236 | $GNRMC,165852.532,V,,,,,,,,,,N
2025-12-20 18:58:52.267 | $GNZDA,165852.532,,,,,
2025-12-20 18:58:53.089 | $GNGGA,165853.532,,,,,0,00,,,M,,M,,
2025-12-20 18:58:53.130 | $GPGSA,A,1,,,,,,,,,,,,,,,,1
2025-12-20 18:58:53.161 | $BDGSA,A,1,,,,,,,,,,,,,,,,4
2025-12-20 18:58:53.181 | $GPGSV,0,1,00
2025-12-20 18:58:53.202 | $BDGSV,0,1,00
2025-12-20 18:58:53.233 | $GNRMC,165853.532,V,,,,,,,,,,N
2025-12-20 18:58:53.264 | $GNZDA,165853.532,,,,,
2025-12-20 18:58:54.095 | $GNGGA,165854.532,,,,,0,00,,,M,,M,,
2025-12-20 18:58:54.126 | $GPGSA,A,1,,,,,,,,,,,,,,,,1
2025-12-20 18:58:54.157 | $BDGSA,A,1,,,,,,,,,,,,,,,,4
2025-12-20 18:58:54.177 | $GPGSV,0,1,00
2025-12-20 18:58:54.198 | $BDGSV,0,1,00
2025-12-20 18:58:54.229 | $GNRMC,165854.532,V,,,,,,,,,,N
2025-12-20 18:58:54.260 | $GNZDA,165854.532,,,,,
2025-12-20 18:58:55.091 | $GNGGA,165855.532,,,,,0,00,,,M,,M,,
2025-12-20 18:58:55.122 | $GPGSA,A,1,,,,,,,,,,,,,,,,1
2025-12-20 18:58:55.163 | $BDGSA,A,1,,,,,,,,,,,,,,,,4
2025-12-20 18:58:55.173 | $GPGSV,0,1,00
2025-12-20 18:58:55.194 | $BDGSV,0,1,00
2025-12-20 18:58:55.235 | $GNRMC,165855.532,V,,,,,,,,,,N
2025-12-20 18:58:55.266 | $GNZDA,165855.532,,,,,
2025-12-20 18:58:56.089 | $GNGGA,165856.532,,,,,0,00,,,M,,M,,
2025-12-20 18:58:56.130 | $GPGSA,A,1,,,,,,,,,,,,,,,,1
2025-12-20 18:58:56.162 | $BDGSA,A,1,,,,,,,,,,,,,,,,4
2025-12-20 18:58:56.183 | $GPGSV,0,1,00
2025-12-20 18:58:56.193 | $BDGSV,0,1,00
2025-12-20 18:58:56.235 | $GNRMC,165856.532,V,,,,,,,,,,N
2025-12-20 18:58:56.266 | $GNZDA,165856.532,,,,,
2025-12-20 18:58:57.087 | $GNGGA,165857.532,,,,,0,00,,,M,,M,,
2025-12-20 18:58:57.128 | $GPGSA,A,1,,,,,,,,,,,,,,,,1
2025-12-20 18:58:57.159 | $BDGSA,A,1,,,,,,,,,,,,,,,,4
2025-12-20 18:58:57.180 | $GPGSV,0,1,00
2025-12-20 18:58:57.200 | $BDGSV,0,1,00
2025-12-20 18:58:57.231 | $GNRMC,165857.532,V,,,,,,,,,,N
2025-12-20 18:58:57.262 | $GNZDA,165857.532,,,,,
2025-12-20 18:58:58.093 | $GNGGA,165858.532,,,,,0,00,,,M,,M,,
2025-12-20 18:58:58.124 | $GPGSA,A,1,,,,,,,,,,,,,,,,1
2025-12-20 18:58:58.154 | $BDGSA,A,1,,,,,,,,,,,,,,,,4
2025-12-20 18:58:58.175 | $GPGSV,0,1,00
2025-12-20 18:58:58.196 | $BDGSV,0,1,00
2025-12-20 18:58:58.237 | $GNRMC,165858.532,V,,,,,,,,,,N
2025-12-20 18:58:58.257 | $GNZDA,165858.532,,,,,
2025-12-20 18:58:59.089 | $GNGGA,165859.532,,,,,0,00,,,M,,M,,
2025-12-20 18:58:59.130 | $GPGSA,A,1,,,,,,,,,,,,,,,,1
2025-12-20 18:58:59.161 | $BDGSA,A,1,,,,,,,,,,,,,,,,4
2025-12-20 18:58:59.181 | $GPGSV,0,1,00
2025-12-20 18:58:59.192 | $BDGSV,0,1,00
2025-12-20 18:58:59.233 | $GNRMC,165859.532,V,,,,,,,,,,N
2025-12-20 18:58:59.264 | $GNZDA,165859.532,,,,,
2025-12-20 18:59:00.095 | $GNGGA,165900.532,,,,,0,00,,,M,,M,,
2025-12-20 18:59:00.126 | $GPGSA,A,1,,,,,,,,,,,,,,,,1
2025-12-20 18:59:00.157 | $BDGSA,A,1,,,,,,,,,,,,,,,,4
2025-12-20 18:59:00.177 | $GPGSV,0,1,00
2025-12-20 18:59:00.198 | $BDGSV,0,1,00
2025-12-20 18:59:00.239 | $GNRMC,165900.532,V,,,,,,,,,,N
2025-12-20 18:59:00.259 | $GNZDA,165900.532,,,,,
2025-12-20 18:59:01.090 | $GNGGA,165901.532,,,,,0,00,,,M,,M,,
2025-12-20 18:59:01.121 | $GPGSA,A,1,,,,,,,,,,,,,,,,1
2025-12-20 18:59:01.162 | $BDGSA,A,1,,,,,,,,,,,,,,,,4
2025-12-20 18:59:01.183 | $GPGSV,0,1,00
2025-12-20 18:59:01.193 | $BDGSV,0,1,00
2025-12-20 18:59:01.234 | $GNRMC,165901.532,V,,,,,,,,,,N
2025-12-20 18:59:01.265 | $GNZDA,165901.532,,,,,
2025-12-20 18:59:02.097 | $GNGGA,165902.532,,,,,0,00,,,M,,M,,
2025-12-20 18:59:02.128 | $GPGSA,A,1,,,,,,,,,,,,,,,,1
2025-12-20 18:59:02.159 | $BDGSA,A,1,,,,,,,,,,,,,,,,4
2025-12-20 18:59:02.179 | $GPGSV,0,1,00
2025-12-20 18:59:02.200 | $BDGSV,0,1,00
2025-12-20 18:59:02.231 | $GNRMC,165902.532,V,,,,,,,,,,N
2025-12-20 18:59:02.262 | $GNZDA,165902.532,,,,,
2025-12-20 18:59:03.094 | $GNGGA,165903.532,,,,,0,00,,,M,,M,,
2025-12-20 18:59:03.125 | $GPGSA,A,1,,,,,,,,,,,,,,,,1
2025-12-20 18:59:03.155 | $BDGSA,A,1,,,,,,,,,,,,,,,,4
2025-12-20 18:59:03.176 | $GPGSV,0,1,00
2025-12-20 18:59:03.196 | $BDGSV,0,1,00
2025-12-20 18:59:03.237 | $GNRMC,165903.532,V,,,,,,,,,,N
2025-12-20 18:59:03.258 | $GNZDA,165903.532,,,,,
2025-12-20 18:59:04.090 | $GNGGA,165904.532,,,,,0,00,,,M,,M,,
2025-12-20 18:59:04.121 | $GPGSA,A,1,,,,,,,,,,,,,,,,1
2025-12-20 18:59:04.162 | $BDGSA,A,1,,,,,,,,,,,,,,,,4
2025-12-20 18:59:04.182 | $GPGSV,0,1,00
2025-12-20 18:59:04.193 | $BDGSV,0,1,00
2025-12-20 18:59:04.234 | $GNRMC,165904.532,V,,,,,,,,,,N
2025-12-20 18:59:04.265 | $GNZDA,165904.532,,,,,
2025-12-20 18:59:05.097 | $GNGGA,165905.532,,,,,0,00,,,M,,M,,
2025-12-20 18:59:05.128 | $GPGSA,A,1,,,,,,,,,,,,,,,,1
2025-12-20 18:59:05.159 | $BDGSA,A,1,,,,,,,,,,,,,,,,4
2025-12-20 18:59:05.180 | $GPGSV,0,1,00
2025-12-20 18:59:05.200 | $BDGSV,0,1,00
2025-12-20 18:59:05.231 | $GNRMC,165905.532,V,,,,,,,,,,N
2025-12-20 18:59:05.263 | $GNZDA,165905.532,,,,,
2025-12-20 18:59:06.094 | $GNGGA,165906.532,,,,,0,00,,,M,,M,,
2025-12-20 18:59:06.125 | $GPGSA,A,1,,,,,,,,,,,,,,,,1
2025-12-20 18:59:06.156 | $BDGSA,A,1,,,,,,,,,,,,,,,,4
2025-12-20 18:59:06.177 | $GPGSV,0,1,00
2025-12-20 18:59:06.198 | $BDGSV,0,1,00
2025-12-20 18:59:06.239 | $GNRMC,165906.532,V,,,,,,,,,,N
2025-12-20 18:59:06.259 | $GNZDA,165906.532,,,,,
2025-12-20 18:59:07.091 | $GNGGA,165907.532,,,,,0,00,,,M,,M,,
2025-12-20 18:59:07.122 | $GPGSA,A,1,,,,,,,,,,,,,,,,1
2025-12-20 18:59:07.163 | $BDGSA,A,1,,,,,,,,,,,,,,,,4
2025-12-20 18:59:07.173 | $GPGSV,0,1,00
2025-12-20 18:59:07.194 | $BDGSV,0,1,00
2025-12-20 18:59:07.235 | $GNRMC,165907.532,V,,,,,,,,,,N
2025-12-20 18:59:07.266 | $GNZDA,165907.532,,,,,
2025-12-20 18:59:08.088 | $GNGGA,165908.532,,,,,0,00,,,M,,M,,
2025-12-20 18:59:08.129 | $GPGSA,A,1,,,,,,,,,,,,,,,,1
2025-12-20 18:59:08.160 | $BDGSA,A,1,,,,,,,,,,,,,,,,4
2025-12-20 18:59:08.181 | $GPGSV,0,1,00
2025-12-20 18:59:08.202 | $BDGSV,0,1,00
2025-12-20 18:59:08.232 | $GNRMC,165908.532,V,,,,,,,,,,N
2025-12-20 18:59:08.263 | $GNZDA,165908.532,,,,,
2025-12-20 18:59:09.095 | $GNGGA,165909.532,,,,,0,00,,,M,,M,,
2025-12-20 18:59:09.126 | $GPGSA,A,1,,,,,,,,,,,,,,,,1
2025-12-20 18:59:09.157 | $BDGSA,A,1,,,,,,,,,,,,,,,,4
2025-12-20 18:59:09.177 | $GPGSV,0,1,00
2025-12-20 18:59:09.198 | $BDGSV,0,1,00
2025-12-20 18:59:09.229 | $GNRMC,165909.532,V,,,,,,,,,,N
2025-12-20 18:59:09.260 | $GNZDA,165909.532,,,,,
2025-12-20 18:59:10.091 | $GNGGA,165910.532,,,,,0,00,,,M,,M,,
2025-12-20 18:59:10.122 | $GPGSA,A,1,,,,,,,,,,,,,,,,1
2025-12-20 18:59:10.163 | $BDGSA,A,1,,,,,,,,,,,,,,,,4
2025-12-20 18:59:10.173 | $GPGSV,0,1,00
2025-12-20 18:59:10.194 | $BDGSV,0,1,00
2025-12-20 18:59:10.235 | $GNRMC,165910.532,V,,,,,,,,,,N
2025-12-20 18:59:10.266 | $GNZDA,165910.532,,,,,
2025-12-20 18:59:11.088 | $GNGGA,165911.532,,,,,0,00,,,M,,M,,
2025-12-20 18:59:11.129 | $GPGSA,A,1,,,,,,,,,,,,,,,,1
2025-12-20 18:59:11.160 | $BDGSA,A,1,,,,,,,,,,,,,,,,4
2025-12-20 18:59:11.180 | $GPGSV,0,1,00
2025-12-20 18:59:11.201 | $BDGSV,0,1,00
2025-12-20 18:59:11.232 | $GNRMC,165911.532,V,,,,,,,,,,N
2025-12-20 18:59:11.262 | $GNZDA,165911.532,,,,,
2025-12-20 18:59:12.094 | $GNGGA,165912.532,,,,,0,00,,,M,,M,,
2025-12-20 18:59:12.125 | $GPGSA,A,1,,,,,,,,,,,,,,,,1
2025-12-20 18:59:12.156 | $BDGSA,A,1,,,,,,,,,,,,,,,,4
2025-12-20 18:59:12.177 | $GPGSV,0,1,00
2025-12-20 18:59:12.197 | $BDGSV,0,1,00
2025-12-20 18:59:12.238 | $GNRMC,165912.532,V,,,,,,,,,,N
2025-12-20 18:59:12.259 | $GNZDA,165912.532,,,,,
2025-12-20 18:59:13.092 | $GNGGA,165913.532,,,,,0,00,,,M,,M,,
2025-12-20 18:59:13.123 | $GPGSA,A,1,,,,,,,,,,,,,,,,1
2025-12-20 18:59:13.164 | $BDGSA,A,1,,,,,,,,,,,,,,,,4
2025-12-20 18:59:13.174 | $GPGSV,0,1,00
2025-12-20 18:59:13.194 | $BDGSV,0,1,00
2025-12-20 18:59:13.235 | $GNRMC,165913.532,V,,,,,,,,,,N
2025-12-20 18:59:13.266 | $GNZDA,165913.532,,,,,
2025-12-20 18:59:14.091 | $GNGGA,165914.532,,,,,0,00,,,M,,M,,
2025-12-20 18:59:14.122 | $GPGSA,A,1,,,,,,,,,,,,,,,,1
2025-12-20 18:59:14.163 | $BDGSA,A,1,,,,,,,,,,,,,,,,4
2025-12-20 18:59:14.174 | $GPGSV,0,1,00
2025-12-20 18:59:14.194 | $BDGSV,0,1,00
2025-12-20 18:59:14.235 | $GNRMC,165914.532,V,,,,,,,,,,N
2025-12-20 18:59:14.266 | $GNZDA,165914.532,,,,,
2025-12-20 18:59:15.087 | $GNGGA,165915.532,,,,,0,00,,,M,,M,,
2025-12-20 18:59:15.129 | $GPGSA,A,1,,,,,,,,,,,,,,,,1
2025-12-20 18:59:15.160 | $BDGSA,A,1,,,,,,,,,,,,,,,,4
2025-12-20 18:59:15.181 | $GPGSV,0,1,00
2025-12-20 18:59:15.201 | $BDGSV,0,1,00
2025-12-20 18:59:15.232 | $GNRMC,165915.532,V,,,,,,,,,,N
2025-12-20 18:59:15.263 | $GNZDA,165915.532,,,,,
2025-12-20 18:59:16.095 | $GNGGA,165916.532,,,,,0,00,,,M,,M,,
2025-12-20 18:59:16.125 | $GPGSA,A,1,,,,,,,,,,,,,,,,1
2025-12-20 18:59:16.156 | $BDGSA,A,1,,,,,,,,,,,,,,,,4
2025-12-20 18:59:16.177 | $GPGSV,0,1,00
2025-12-20 18:59:16.197 | $BDGSV,0,1,00
2025-12-20 18:59:16.238 | $GNRMC,165916.532,V,,,,,,,,,,N
2025-12-20 18:59:16.259 | $GNZDA,165916.532,,,,,
2025-12-20 18:59:17.091 | $GNGGA,165917.532,,,,,0,00,,,M,,M,,
2025-12-20 18:59:17.122 | $GPGSA,A,1,,,,,,,,,,,,,,,,1
2025-12-20 18:59:17.163 | $BDGSA,A,1,,,,,,,,,,,,,,,,4
2025-12-20 18:59:17.173 | $GPGSV,0,1,00
2025-12-20 18:59:17.194 | $BDGSV,0,1,00
2025-12-20 18:59:17.235 | $GNRMC,165917.532,V,,,,,,,,,,N
2025-12-20 18:59:17.266 | $GNZDA,165917.532,,,,,
2025-12-20 18:59:18.087 | $GNGGA,165918.532,,,,,0,00,,,M,,M,,
2025-12-20 18:59:18.129 | $GPGSA,A,1,,,,,,,,,,,,,,,,1
2025-12-20 18:59:18.159 | $BDGSA,A,1,,,,,,,,,,,,,,,,4
2025-12-20 18:59:18.180 | $GPGSV,0,1,00
2025-12-20 18:59:18.201 | $BDGSV,0,1,00
2025-12-20 18:59:18.231 | $GNRMC,165918.532,V,,,,,,,,,,N
2025-12-20 18:59:18.262 | $GNZDA,165918.532,,,,,
2025-12-20 18:59:19.094 | $GNGGA,165919.532,,,,,0,00,,,M,,M,,
2025-12-20 18:59:19.125 | $GPGSA,A,1,,,,,,,,,,,,,,,,1
2025-12-20 18:59:19.156 | $BDGSA,A,1,,,,,,,,,,,,,,,,4
2025-12-20 18:59:19.177 | $GPGSV,0,1,00
2025-12-20 18:59:19.198 | $BDGSV,0,1,00
2025-12-20 18:59:19.229 | $GNRMC,165919.532,V,,,,,,,,,,N
2025-12-20 18:59:19.259 | $GNZDA,165919.532,,,,,
2025-12-20 18:59:20.092 | $GNGGA,165920.532,,,,,0,00,,,M,,M,,
2025-12-20 18:59:20.133 | $GPGSA,A,1,,,,,,,,,,,,,,,,1
2025-12-20 18:59:20.164 | $BDGSA,A,1,,,,,,,,,,,,,,,,4
2025-12-20 18:59:20.184 | $GPGSV,0,1,00
2025-12-20 18:59:20.205 | $BDGSV,0,1,00
2025-12-20 18:59:20.236 | $GNRMC,165920.532,V,,,,,,,,,,N
2025-12-20 18:59:20.266 | $GNZDA,165920.532,,,,,
2025-12-20 18:59:21.098 | $GNGGA,165921.532,,,,,0,00,,,M,,M,,
2025-12-20 18:59:21.129 | $GPGSA,A,1,,,,,,,,,,,,,,,,1
2025-12-20 18:59:21.160 | $BDGSA,A,1,,,,,,,,,,,,,,,,4
2025-12-20 18:59:21.181 | $GPGSV,0,1,00
2025-12-20 18:59:21.202 | $BDGSV,0,1,00
2025-12-20 18:59:21.233 | $GNRMC,165921.532,V,,,,,,,,,,N
2025-12-20 18:59:21.263 | $GNZDA,165921.532,,,,,
2025-12-20 18:59:22.095 | $GNGGA,165922.532,,,,,0,00,,,M,,M,,
2025-12-20 18:59:22.126 | $GPGSA,A,1,,,,,,,,,,,,,,,,1
2025-12-20 18:59:22.157 | $BDGSA,A,1,,,,,,,,,,,,,,,,4
2025-12-20 18:59:22.178 | $GPGSV,0,1,00
2025-12-20 18:59:22.198 | $BDGSV,0,1,00
2025-12-20 18:59:22.229 | $GNRMC,165922.532,V,,,,,,,,,,N
2025-12-20 18:59:22.260 | $GNZDA,165922.532,,,,,
2025-12-20 18:59:23.092 | $GNGGA,165923.532,,,,,0,00,,,M,,M,,
2025-12-20 18:59:23.123 | $GPGSA,A,1,,,,,,,,,,,,,,,,1
2025-12-20 18:59:23.164 | $BDGSA,A,1,,,,,,,,,,,,,,,,4
2025-12-20 18:59:23.175 | $GPGSV,0,1,00
2025-12-20 18:59:23.196 | $BDGSV,0,1,00
2025-12-20 18:59:23.237 | $GNRMC,165923.532,V,,,,,,,,,,N
2025-12-20 18:59:23.268 | $GNZDA,165923.532,,,,,
2025-12-20 18:59:24.090 | $GNGGA,165924.532,,,,,0,00,,,M,,M,,
2025-12-20 18:59:24.131 | $GPGSA,A,1,,,,,,,,,,,,,,,,1
2025-12-20 18:59:24.162 | $BDGSA,A,1,,,,,,,,,,,,,,,,4
2025-12-20 18:59:24.182 | $GPGSV,0,1,00
2025-12-20 18:59:24.193 | $BDGSV,0,1,00
2025-12-20 18:59:24.234 | $GNRMC,165924.532,V,,,,,,,,,,N
2025-12-20 18:59:24.265 | $GNZDA,165924.532,,,,,
2025-12-20 18:59:25.096 | $GNGGA,165925.532,,,,,0,00,,,M,,M,,
2025-12-20 18:59:25.127 | $GPGSA,A,1,,,,,,,,,,,,,,,,1
2025-12-20 18:59:25.158 | $BDGSA,A,1,,,,,,,,,,,,,,,,4
2025-12-20 18:59:25.178 | $GPGSV,0,1,00
2025-12-20 18:59:25.199 | $BDGSV,0,1,00
2025-12-20 18:59:25.230 | $GNRMC,165925.532,V,,,,,,,,,,N
2025-12-20 18:59:25.260 | $GNZDA,165925.532,,,,,
2025-12-20 18:59:26.092 | $GNGGA,165926.532,,,,,0,00,,,M,,M,,
2025-12-20 18:59:26.123 | $GPGSA,A,1,,,,,,,,,,,,,,,,1
2025-12-20 18:59:26.164 | $BDGSA,A,1,,,,,,,,,,,,,,,,4
2025-12-20 18:59:26.175 | $GPGSV,0,1,00
2025-12-20 18:59:26.196 | $BDGSV,0,1,00
2025-12-20 18:59:26.237 | $GNRMC,165926.532,V,,,,,,,,,,N
2025-12-20 18:59:26.268 | $GNZDA,165926.532,,,,,
