2025-12-20 19:09:23.049 | $BDGSV,0,1,00
2025-12-20 19:09:23.049 | $GNRMC,,V,,,,,,,,,,N
2025-12-20 19:09:23.049 | $GNZDA,,,,,,
2025-12-20 19:09:23.049 | $GNGGA,,,,,,0,00,,,M,,M,,
2025-12-20 19:09:23.049 | $GPGSA,A,1,,,,,,,,,,,,,,,,1
2025-12-20 19:09:23.049 | $BDGSA,A,1,,,,,,,,,,,,,,,,4
2025-12-20 19:09:23.049 | $GPGSV,0,1,00
2025-12-20 19:09:23.049 | $BDGSV,0,1,00
2025-12-20 19:09:23.049 | $GNRMC,,V,,,,,,,,,,N
2025-12-20 19:09:23.050 | $GNZDA,,,,,,
2025-12-20 19:09:23.070 | $GNGGA,,,,,,0,00,,,M,,M,,
2025-12-20 19:09:23.111 | $GPGSA,A,1,,,,,,,,,,,,,,,,1
2025-12-20 19:09:23.142 | $BDGSA,A,1,,,,,,,,,,,,,,,,4
2025-12-20 19:09:23.162 | $GPGSV,0,1,00
2025-12-20 19:09:23.183 | $BDGSV,0,1,00
2025-12-20 19:09:23.204 | $GNRMC,,V,,,,,,,,,,N
2025-12-20 19:09:23.225 | $GNZDA,,,,,,
2025-12-20 19:09:24.077 | $GNGGA,,,,,,0,00,,,M,,M,,
2025-12-20 19:09:24.107 | $GPGSA,A,1,,,,,,,,,,,,,,,,1
2025-12-20 19:09:24.138 | $BDGSA,A,1,,,,,,,,,,,,,,,,4
2025-12-20 19:09:24.158 | $GPGSV,0,1,00
2025-12-20 19:09:24.179 | $BDGSV,0,1,00
2025-12-20 19:09:24.199 | $GNRMC,,V,,,,,,,,,,N
2025-12-20 19:09:24.220 | $GNZDA,,,,,,
2025-12-20 19:09:25.070 | $GNGGA,,,,,,0,00,,,M,,M,,
2025-12-20 19:09:25.111 | $GPGSA,A,1,,,,,,,,,,,,,,,,1
2025-12-20 19:09:25.142 | $BDGSA,A,1,,,,,,,,,,,,,,,,4
2025-12-20 19:09:25.163 | $GPGSV,0,1,00
2025-12-20 19:09:25.183 | $BDGSV,0,1,00
2025-12-20 19:09:25.204 | $GNRMC,,V,,,,,,,,,,N
2025-12-20 19:09:25.224 | $GNZDA,,,,,,
2025-12-20 19:09:26.076 | $GNGGA,,,,,,0,00,,,M,,M,,
2025-12-20 19:09:26.107 | $GPGSA,A,1,,,,,,,,,,,,,,,,1
2025-12-20 19:09:26.138 | $BDGSA,A,1,,,,,,,,,,,,,,,,4
2025-12-20 19:09:26.158 | $GPGSV,0,1,00
2025-12-20 19:09:26.179 | $BDGSV,0,1,00
2025-12-20 19:09:26.199 | $GNRMC,,V,,,,,,,,,,N
2025-12-20 19:09:26.220 | $GNZDA,,,,,,
2025-12-20 19:09:27.071 | $GNGGA,,,,,,0,00,,,M,,M,,
2025-12-20 19:09:27.103 | $GPGSA,A,1,,,,,,,,,,,,,,,,1
2025-12-20 19:09:27.143 | $BDGSA,A,1,,,,,,,,,,,,,,,,4
2025-12-20 19:09:27.164 | $GPGSV,0,1,00
2025-12-20 19:09:27.174 | $BDGSV,0,1,00
2025-12-20 19:09:27.205 | $GNRMC,,V,,,,,,,,,,N
2025-12-20 19:09:27.226 | $GNZDA,,,,,,
2025-12-20 19:09:28.077 | $GNGGA,,,,,,0,00,,,M,,M,,
2025-12-20 19:09:28.108 | $GPGSA,A,1,,,,,,,,,,,,,,,,1
2025-12-20 19:09:28.140 | $BDGSA,A,1,,,,,,,,,,,,,,,,4
2025-12-20 19:09:28.161 | $GPGSV,0,1,00
2025-12-20 19:09:28.181 | $BDGSV,0,1,00
2025-12-20 19:09:28.202 | $GNRMC,,V,,,,,,,,,,N
2025-12-20 19:09:28.222 | $GNZDA,,,,,,
2025-12-20 19:09:29.074 | $GNGGA,,,,,,0,00,,,M,,M,,
2025-12-20 19:09:29.105 | $GPGSA,A,1,,,,,,,,,,,,,,,,1
2025-12-20 19:09:29.136 | $BDGSA,A,1,,,,,,,,,,,,,,,,4
2025-12-20 19:09:29.156 | $GPGSV,0,1,00
2025-12-20 19:09:29.177 | $BDGSV,0,1,00
2025-12-20 19:09:29.208 | $GNRMC,,V,,,,,,,,,,N
2025-12-20 19:09:29.218 | $GNZDA,,,,,,
2025-12-20 19:09:30.071 | $GNGGA,,,,,,0,00,,,M,,M,,
2025-12-20 19:09:30.112 | $GPGSA,A,1,,,,,,,,,,,,,,,,1
2025-12-20 19:09:30.143 | $BDGSA,A,1,,,,,,,,,,,,,,,,4
2025-12-20 19:09:30.163 | $GPGSV,0,1,00
2025-12-20 19:09:30.174 | $BDGSV,0,1,00
2025-12-20 19:09:30.205 | $GNRMC,,V,,,,,,,,,,N
2025-12-20 19:09:30.225 | $GNZDA,,,,,,
2025-12-20 19:09:31.078 | $GNGGA,,,,,,0,00,,,M,,M,,
2025-12-20 19:09:31.109 | $GPGSA,A,1,,,,,,,,,,,,,,,,1
2025-12-20 19:09:31.140 | $BDGSA,A,1,,,,,,,,,,,,,,,,4
2025-12-20 19:09:31.160 | $GPGSV,0,1,00
2025-12-20 19:09:31.181 | $BDGSV,0,1,00
2025-12-20 19:09:31.202 | $GNRMC,,V,,,,,,,,,,N
2025-12-20 19:09:31.222 | $GNZDA,,,,,,
2025-12-20 19:09:32.074 | $GNGGA,,,,,,0,00,,,M,,M,,
2025-12-20 19:09:32.105 | $GPGSA,A,1,,,,,,,,,,,,,,,,1
2025-12-20 19:09:32.135 | $BDGSA,A,1,,,,,,,,,,,,,,,,4
2025-12-20 19:09:32.156 | $GPGSV,0,1,00
2025-12-20 19:09:32.177 | $BDGSV,0,1,00
2025-12-20 19:09:32.208 | $GNRMC,,V,,,,,,,,,,N
2025-12-20 19:09:32.218 | $GNZDA,,,,,,
2025-12-20 19:09:33.070 | $GNGGA,,,,,,0,00,,,M,,M,,
2025-12-20 19:09:33.111 | $GPGSA,A,1,,,,,,,,,,,,,,,,1
2025-12-20 19:09:33.142 | $BDGSA,A,1,,,,,,,,,,,,,,,,4
2025-12-20 19:09:33.163 | $GPGSV,0,1,00
2025-12-20 19:09:33.184 | $BDGSV,0,1,00
2025-12-20 19:09:33.204 | $GNRMC,,V,,,,,,,,,,N
2025-12-20 19:09:33.225 | $GNZDA,,,,,,
2025-12-20 19:09:34.070 | $GNGGA,,,,,,0,00,,,M,,M,,
2025-12-20 19:09:34.111 | $GPGSA,A,1,,,,,,,,,,,,,,,,1
2025-12-20 19:09:34.142 | $BDGSA,A,1,,,,,,,,,,,,,,,,4
2025-12-20 19:09:34.162 | $GPGSV,0,1,00
2025-12-20 19:09:34.183 | $BDGSV,0,1,00
2025-12-20 19:09:34.204 | $GNRMC,,V,,,,,,,,,,N
2025-12-20 19:09:34.224 | $GNZDA,,,,,,
2025-12-20 19:09:35.076 | $GNGGA,,,,,,0,00,,,M,,M,,
2025-12-20 19:09:35.107 | $GPGSA,A,1,,,,,,,,,,,,,,,,1
2025-12-20 19:09:35.138 | $BDGSA,A,1,,,,,,,,,,,,,,,,4
2025-12-20 19:09:35.158 | $GPGSV,0,1,00
2025-12-20 19:09:35.179 | $BDGSV,0,1,00
2025-12-20 19:09:35.210 | $GNRMC,,V,,,,,,,,,,N
2025-12-20 19:09:35.220 | $GNZDA,,,,,,
2025-12-20 19:09:36.072 | $GNGGA,,,,,,0,00,,,M,,M,,
2025-12-20 19:09:36.103 | $GPGSA,A,1,,,,,,,,,,,,,,,,1
2025-12-20 19:09:36.144 | $BDGSA,A,1,,,,,,,,,,,,,,,,4
2025-12-20 19:09:36.164 | $GPGSV,0,1,00
2025-12-20 19:09:36.175 | $BDGSV,0,1,00
2025-12-20 19:09:36.205 | $GNRMC,,V,,,,,,,,,,N
2025-12-20 19:09:36.226 | $GNZDA,,,,,,
2025-12-20 19:09:37.077 | $GNGGA,,,,,,0,00,,,M,,M,,
2025-12-20 19:09:37.108 | $GPGSA,A,1,,,,,,,,,,,,,,,,1
2025-12-20 19:09:37.139 | $BDGSA,A,1,,,,,,,,,,,,,,,,4
2025-12-20 19:09:37.160 | $GPGSV,0,1,00
2025-12-20 19:09:37.181 | $BDGSV,0,1,00
2025-12-20 19:09:37.202 | $GNRMC,,V,,,,,,,,,,N
2025-12-20 19:09:37.222 | $GNZDA,,,,,,
2025-12-20 19:09:38.074 | $GNGGA,,,,,,0,00,,,M,,M,,
2025-12-20 19:09:38.105 | $GPGSA,A,1,,,,,,,,,,,,,,,,1
2025-12-20 19:09:38.145 | $BDGSA,A,1,,,,,,,,,,,,,,,,4
2025-12-20 19:09:38.156 | $GPGSV,0,1,00
2025-12-20 19:09:38.176 | $BDGSV,0,1,00
2025-12-20 19:09:38.208 | $GNRMC,,V,,,,,,,,,,N
2025-12-20 19:09:38.218 | $GNZDA,,,,,,
2025-12-20 19:09:39.070 | $GNGGA,,,,,,0,00,,,M,,M,,
2025-12-20 19:09:39.111 | $GPGSA,A,1,,,,,,,,,,,,,,,,1
2025-12-20 19:09:39.142 | $BDGSA,A,1,,,,,,,,,,,,,,,,4
2025-12-20 19:09:39.163 | $GPGSV,0,1,00
2025-12-20 19:09:39.183 | $BDGSV,0,1,00
2025-12-20 19:09:39.204 | $GNRMC,,V,,,,,,,,,,N
2025-12-20 19:09:39.224 | $GNZDA,,,,,,
2025-12-20 19:09:40.076 | $GNGGA,,,,,,0,00,,,M,,M,,
2025-12-20 19:09:40.107 | $GPGSA,A,1,,,,,,,,,,,,,,,,1
2025-12-20 19:09:40.138 | $BDGSA,A,1,,,,,,,,,,,,,,,,4
2025-12-20 19:09:40.159 | $GPGSV,0,1,00
2025-12-20 19:09:40.180 | $BDGSV,0,1,00
2025-12-20 19:09:40.201 | $GNRMC,,V,,,,,,,,,,N
2025-12-20 19:09:40.221 | $GNZDA,,,,,,
2025-12-20 19:09:41.073 | $GNGGA,,,,,,0,00,,,M,,M,,
2025-12-20 19:09:41.104 | $GPGSA,A,1,,,,,,,,,,,,,,,,1
2025-12-20 19:09:41.145 | $BDGSA,A,1,,,,,,,,,,,,,,,,4
2025-12-20 19:09:41.156 | $GPGSV,0,1,00
2025-12-20 19:09:41.176 | $BDGSV,0,1,00
2025-12-20 19:09:41.207 | $GNRMC,,V,,,,,,,,,,N
2025-12-20 19:09:41.218 | $GNZDA,,,,,,
2025-12-20 19:09:42.074 | $GNGGA,,,,,,0,00,,,M,,M,,
2025-12-20 19:09:42.105 | $GPGSA,A,1,,,,,,,,,,,,,,,,1
2025-12-20 19:09:42.145 | $BDGSA,A,1,,,,,,,,,,,,,,,,4
2025-12-20 19:09:42.156 | $GPGSV,0,1,00
2025-12-20 19:09:42.176 | $BDGSV,0,1,00
2025-12-20 19:09:42.207 | $GNRMC,,V,,,,,,,,,,N
2025-12-20 19:09:42.228 | $GNZDA,,,,,,
2025-12-20 19:09:43.070 | $GNGGA,,,,,,0,00,,,M,,M,,
2025-12-20 19:09:43.111 | $GPGSA,A,1,,,,,,,,,,,,,,,,1
2025-12-20 19:09:43.142 | $BDGSA,A,1,,,,,,,,,,,,,,,,4
2025-12-20 19:09:43.163 | $GPGSV,0,1,00
2025-12-20 19:09:43.183 | $BDGSV,0,1,00
2025-12-20 19:09:43.205 | $GNRMC,,V,,,,,,,,,,N
2025-12-20 19:09:43.225 | $GNZDA,,,,,,
2025-12-20 19:09:44.078 | $GNGGA,,,,,,0,00,,,M,,M,,
2025-12-20 19:09:44.109 | $GPGSA,A,1,,,,,,,,,,,,,,,,1
2025-12-20 19:09:44.140 | $BDGSA,A,1,,,,,,,,,,,,,,,,4
2025-12-20 19:09:44.161 | $GPGSV,0,1,00
2025-12-20 19:09:44.181 | $BDGSV,0,1,00
2025-12-20 19:09:44.202 | $GNRMC,,V,,,,,,,,,,N
2025-12-20 19:09:44.222 | $GNZDA,,,,,,
2025-12-20 19:09:45.068 | $GNGGA,,,,,,0,00,,,M,,M,,
2025-12-20 19:09:45.109 | $GPGSA,A,1,,,,,,,,,,,,,,,,1
2025-12-20 19:09:45.140 | $BDGSA,A,1,,,,,,,,,,,,,,,,4
2025-12-20 19:09:45.161 | $GPGSV,0,1,00
2025-12-20 19:09:45.182 | $BDGSV,0,1,00
2025-12-20 19:09:45.202 | $GNRMC,,V,,,,,,,,,,N
2025-12-20 19:09:45.223 | $GNZDA,,,,,,
2025-12-20 19:09:46.075 | $GNGGA,,,,,,0,00,,,M,,M,,
2025-12-20 19:09:46.106 | $GPGSA,A,1,,,,,,,,,,,,,,,,1
2025-12-20 19:09:46.137 | $BDGSA,A,1,,,,,,,,,,,,,,,,4
2025-12-20 19:09:46.157 | $GPGSV,0,1,00
2025-12-20 19:09:46.178 | $BDGSV,0,1,00
2025-12-20 19:09:46.209 | $GNRMC,,V,,,,,,,,,,N
2025-12-20 19:09:46.219 | $GNZDA,,,,,,
2025-12-20 19:09:47.076 | $GNGGA,,,,,,0,00,,,M,,M,,
2025-12-20 19:09:47.106 | $GPGSA,A,1,,,,,,,,,,,,,,,,1
2025-12-20 19:09:47.137 | $BDGSA,A,1,,,,,,,,,,,,,,,,4
2025-12-20 19:09:47.157 | $GPGSV,0,1,00
2025-12-20 19:09:47.178 | $BDGSV,0,1,00
2025-12-20 19:09:47.209 | $GNRMC,,V,,,,,,,,,,N
2025-12-20 19:09:47.219 | $GNZDA,,,,,,
2025-12-20 19:09:48.071 | $GNGGA,,,,,,0,00,,,M,,M,,
2025-12-20 19:09:48.112 | $GPGSA,A,1,,,,,,,,,,,,,,,,1
2025-12-20 19:09:48.142 | $BDGSA,A,1,,,,,,,,,,,,,,,,4
2025-12-20 19:09:48.163 | $GPGSV,0,1,00
2025-12-20 19:09:48.173 | $BDGSV,0,1,00
2025-12-20 19:09:48.204 | $GNRMC,,V,,,,,,,,,,N
2025-12-20 19:09:48.225 | $GNZDA,,,,,,
2025-12-20 19:09:49.077 | $GNGGA,,,,,,0,00,,,M,,M,,
2025-12-20 19:09:49.108 | $GPGSA,A,1,,,,,,,,,,,,,,,,1
2025-12-20 19:09:49.138 | $BDGSA,A,1,,,,,,,,,,,,,,,,4
2025-12-20 19:09:49.159 | $GPGSV,0,1,00
2025-12-20 19:09:49.179 | $BDGSV,0,1,00
2025-12-20 19:09:49.200 | $GNRMC,,V,,,,,,,,,,N
2025-12-20 19:09:49.220 | $GNZDA,,,,,,
2025-12-20 19:09:50.073 | $GNGGA,,,,,,0,00,,,M,,M,,
2025-12-20 19:09:50.104 | $GPGSA,A,1,,,,,,,,,,,,,,,,1
2025-12-20 19:09:50.145 | $BDGSA,A,1,,,,,,,,,,,,,,,,4
2025-12-20 19:09:50.155 | $GPGSV,0,1,00
2025-12-20 19:09:50.176 | $BDGSV,0,1,00
2025-12-20 19:09:50.207 | $GNRMC,,V,,,,,,,,,,N
2025-12-20 19:09:50.218 | $GNZDA,,,,,,
2025-12-20 19:09:51.070 | $GNGGA,,,,,,0,00,,,M,,M,,
2025-12-20 19:09:51.111 | $GPGSA,A,1,,,,,,,,,,,,,,,,1
2025-12-20 19:09:51.142 | $BDGSA,A,1,,,,,,,,,,,,,,,,4
2025-12-20 19:09:51.162 | $GPGSV,0,1,00
2025-12-20 19:09:51.183 | $BDGSV,0,1,00
2025-12-20 19:09:51.203 | $GNRMC,,V,,,,,,,,,,N
2025-12-20 19:09:51.224 | $GNZDA,,,,,,
2025-12-20 19:09:52.076 | $GNGGA,,,,,,0,00,,,M,,M,,
2025-12-20 19:09:52.107 | $GPGSA,A,1,,,,,,,,,,,,,,,,1
2025-12-20 19:09:52.138 | $BDGSA,A,1,,,,,,,,,,,,,,,,4
2025-12-20 19:09:52.159 | $GPGSV,0,1,00
2025-12-20 19:09:52.180 | $BDGSV,0,1,00
2025-12-20 19:09:52.201 | $GNRMC,,V,,,,,,,,,,N
2025-12-20 19:09:52.221 | $GNZDA,,,,,,
2025-12-20 19:09:53.077 | $GNGGA,,,,,,0,00,,,M,,M,,
2025-12-20 19:09:53.107 | $GPGSA,A,1,,,,,,,,,,,,,,,,1
2025-12-20 19:09:53.138 | $BDGSA,A,1,,,,,,,,,,,,,,,,4
2025-12-20 19:09:53.158 | $GPGSV,0,1,00
2025-12-20 19:09:53.179 | $BDGSV,0,1,00
2025-12-20 19:09:53.209 | $GNRMC,,V,,,,,,,,,,N
2025-12-20 19:09:53.220 | $GNZDA,,,,,,
2025-12-20 19:09:54.071 | $GNGGA,,,,,,0,00,,,M,,M,,
2025-12-20 19:09:54.111 | $GPGSA,A,1,,,,,,,,,,,,,,,,1
2025-12-20 19:09:54.142 | $BDGSA,A,1,,,,,,,,,,,,,,,,4
2025-12-20 19:09:54.162 | $GPGSV,0,1,00
2025-12-20 19:09:54.183 | $BDGSV,0,1,00
2025-12-20 19:09:54.209 | $GNRMC,,V,,,,,,,,,,N
2025-12-20 19:09:54.220 | $GNZDA,,,,,,
2025-12-20 19:09:55.075 | $GNGGA,,,,,,0,00,,,M,,M,,
2025-12-20 19:09:55.106 | $GPGSA,A,1,,,,,,,,,,,,,,,,1
2025-12-20 19:09:55.136 | $BDGSA,A,1,,,,,,,,,,,,,,,,4
2025-12-20 19:09:55.157 | $GPGSV,0,1,00
2025-12-20 19:09:55.177 | $BDGSV,0,1,00
2025-12-20 19:09:55.208 | $GNRMC,,V,,,,,,,,,,N
2025-12-20 19:09:55.218 | $GNZDA,,,,,,
2025-12-20 19:09:56.069 | $GNGGA,,,,,,0,00,,,M,,M,,
2025-12-20 19:09:56.110 | $GPGSA,A,1,,,,,,,,,,,,,,,,1
2025-12-20 19:09:56.140 | $BDGSA,A,1,,,,,,,,,,,,,,,,4
2025-12-20 19:09:56.161 | $GPGSV,0,1,00
2025-12-20 19:09:56.181 | $BDGSV,0,1,00
2025-12-20 19:09:56.202 | $GNRMC,,V,,,,,,,,,,N
2025-12-20 19:09:56.223 | $GNZDA,,,,,,
2025-12-20 19:09:57.075 | $GNGGA,,,,,,0,00,,,M,,M,,
2025-12-20 19:09:57.105 | $GPGSA,A,1,,,,,,,,,,,,,,,,1
2025-12-20 19:09:57.136 | $BDGSA,A,1,,,,,,,,,,,,,,,,4
2025-12-20 19:09:57.156 | $GPGSV,0,1,00
2025-12-20 19:09:57.177 | $BDGSV,0,1,00
2025-12-20 19:09:57.208 | $GNRMC,,V,,,,,,,,,,N
2025-12-20 19:09:57.219 | $GNZDA,,,,,,
2025-12-20 19:09:58.073 | $GNGGA,,,,,,0,00,,,M,,M,,
2025-12-20 19:09:58.104 | $GPGSA,A,1,,,,,,,,,,,,,,,,1
2025-12-20 19:09:58.145 | $BDGSA,A,1,,,,,,,,,,,,,,,,4
2025-12-20 19:09:58.156 | $GPGSV,0,1,00
2025-12-20 19:09:58.176 | $BDGSV,0,1,00
2025-12-20 19:09:58.207 | $GNRMC,,V,,,,,,,,,,N
2025-12-20 19:09:58.218 | $GNZDA,,,,,,
2025-12-20 19:09:59.069 | $GNGGA,,,,,,0,00,,,M,,M,,
2025-12-20 19:09:59.111 | $GPGSA,A,1,,,,,,,,,,,,,,,,1
2025-12-20 19:09:59.142 | $BDGSA,A,1,,,,,,,,,,,,,,,,4
2025-12-20 19:09:59.162 | $GPGSV,0,1,00
2025-12-20 19:09:59.183 | $BDGSV,0,1,00
2025-12-20 19:09:59.204 | $GNRMC,,V,,,,,,,,,,N
2025-12-20 19:09:59.224 | $GNZDA,,,,,,
2025-12-20 19:10:00.077 | $GNGGA,,,,,,0,00,,,M,,M,,
2025-12-20 19:10:00.108 | $GPGSA,A,1,,,,,,,,,,,,,,,,1
2025-12-20 19:10:00.140 | $BDGSA,A,1,,,,,,,,,,,,,,,,4
2025-12-20 19:10:00.160 | $GPGSV,0,1,00
2025-12-20 19:10:00.181 | $BDGSV,0,1,00
2025-12-20 19:10:00.201 | $GNRMC,,V,,,,,,,,,,N
2025-12-20 19:10:00.223 | $GNZDA,,,,,,
2025-12-20 19:10:01.078 | $GNGGA,,,,,,0,00,,,M,,M,,
2025-12-20 19:10:01.109 | $GPGSA,A,1,,,,,,,,,,,,,,,,1
2025-12-20 19:10:01.141 | $BDGSA,A,1,,,,,,,,,,,,,,,,4
2025-12-20 19:10:01.162 | $GPGSV,0,1,00
2025-12-20 19:10:01.183 | $BDGSV,0,1,00
2025-12-20 19:10:01.203 | $GNRMC,,V,,,,,,,,,,N
2025-12-20 19:10:01.224 | $GNZDA,,,,,,
2025-12-20 19:10:02.076 | $GNGGA,,,,,,0,00,,,M,,M,,
2025-12-20 19:10:02.107 | $GPGSA,A,1,,,,,,,,,,,,,,,,1
2025-12-20 19:10:02.137 | $BDGSA,A,1,,,,,,,,,,,,,,,,4
2025-12-20 19:10:02.158 | $GPGSV,0,1,00
2025-12-20 19:10:02.179 | $BDGSV,0,1,00
2025-12-20 19:10:02.210 | $GNRMC,,V,,,,,,,,,,N
2025-12-20 19:10:02.221 | $GNZDA,,,,,,
2025-12-20 19:10:03.072 | $GNGGA,,,,,,0,00,,,M,,M,,
2025-12-20 19:10:03.103 | $GPGSA,A,1,,,,,,,,,,,,,,,,1
2025-12-20 19:10:03.144 | $BDGSA,A,1,,,,,,,,,,,,,,,,4
2025-12-20 19:10:03.155 | $GPGSV,0,1,00
2025-12-20 19:10:03.175 | $BDGSV,0,1,00
2025-12-20 19:10:03.206 | $GNRMC,,V,,,,,,,,,,N
2025-12-20 19:10:03.226 | $GNZDA,,,,,,
2025-12-20 19:10:04.079 | $GNGGA,,,,,,0,00,,,M,,M,,
2025-12-20 19:10:04.111 | $GPGSA,A,1,,,,,,,,,,,,,,,,1
2025-12-20 19:10:04.142 | $BDGSA,A,1,,,,,,,,,,,,,,,,4
2025-12-20 19:10:04.163 | $GPGSV,0,1,00
2025-12-20 19:10:04.183 | $BDGSV,0,1,00
2025-12-20 19:10:04.204 | $GNRMC,,V,,,,,,,,,,N
2025-12-20 19:10:04.225 | $GNZDA,,,,,,
2025-12-20 19:10:05.076 | $GNGGA,,,,,,0,00,,,M,,M,,
2025-12-20 19:10:05.106 | $GPGSA,A,1,,,,,,,,,,,,,,,,1
2025-12-20 19:10:05.137 | $BDGSA,A,1,,,,,,,,,,,,,,,,4
2025-12-20 19:10:05.158 | $GPGSV,0,1,00
2025-12-20 19:10:05.178 | $BDGSV,0,1,00
2025-12-20 19:10:05.209 | $GNRMC,,V,,,,,,,,,,N
2025-12-20 19:10:05.219 | $GNZDA,,,,,,
2025-12-20 19:10:06.071 | $GNGGA,,,,,,0,00,,,M,,M,,
2025-12-20 19:10:06.112 | $GPGSA,A,1,,,,,,,,,,,,,,,,1
2025-12-20 19:10:06.143 | $BDGSA,A,1,,,,,,,,,,,,,,,,4
2025-12-20 19:10:06.164 | $GPGSV,0,1,00
2025-12-20 19:10:06.174 | $BDGSV,0,1,00
2025-12-20 19:10:06.205 | $GNRMC,,V,,,,,,,,,,N
2025-12-20 19:10:06.226 | $GNZDA,,,,,,
2025-12-20 19:10:07.069 | $GNGGA,,,,,,0,00,,,M,,M,,
2025-12-20 19:10:07.110 | $GPGSA,A,1,,,,,,,,,,,,,,,,1
2025-12-20 19:10:07.140 | $BDGSA,A,1,,,,,,,,,,,,,,,,4
2025-12-20 19:10:07.161 | $GPGSV,0,1,00
2025-12-20 19:10:07.181 | $BDGSV,0,1,00
2025-12-20 19:10:07.202 | $GNRMC,,V,,,,,,,,,,N
2025-12-20 19:10:07.222 | $GNZDA,,,,,,
2025-12-20 19:10:08.075 | $GNGGA,,,,,,0,00,,,M,,M,,
2025-12-20 19:10:08.106 | $GPGSA,A,1,,,,,,,,,,,,,,,,1
2025-12-20 19:10:08.137 | $BDGSA,A,1,,,,,,,,,,,,,,,,4
2025-12-20 19:10:08.157 | $GPGSV,0,1,00
2025-12-20 19:10:08.178 | $BDGSV,0,1,00
2025-12-20 19:10:08.209 | $GNRMC,,V,,,,,,,,,,N
2025-12-20 19:10:08.219 | $GNZDA,,,,,,
2025-12-20 19:10:09.078 | $GNGGA,,,,,,0,00,,,M,,M,,
2025-12-20 19:10:09.109 | $GPGSA,A,1,,,,,,,,,,,,,,,,1
2025-12-20 19:10:09.140 | $BDGSA,A,1,,,,,,,,,,,,,,,,4
2025-12-20 19:10:09.160 | $GPGSV,0,1,00
2025-12-20 19:10:09.181 | $BDGSV,0,1,00
2025-12-20 19:10:09.201 | $GNRMC,,V,,,,,,,,,,N
2025-12-20 19:10:09.222 | $GNZDA,,,,,,
2025-12-20 19:10:10.074 | $GNGGA,,,,,,0,00,,,M,,M,,
2025-12-20 19:10:10.105 | $GPGSA,A,1,,,,,,,,,,,,,,,,1
2025-12-20 19:10:10.146 | $BDGSA,A,1,,,,,,,,,,,,,,,,4
2025-12-20 19:10:10.157 | $GPGSV,0,1,00
2025-12-20 19:10:10.178 | $BDGSV,0,1,00
2025-12-20 19:10:10.208 | $GNRMC,,V,,,,,,,,,,N
2025-12-20 19:10:10.219 | $GNZDA,,,,,,
2025-12-20 19:10:11.072 | $GNGGA,,,,,,0,00,,,M,,M,,
2025-12-20 19:10:11.103 | $GPGSA,A,1,,,,,,,,,,,,,,,,1
2025-12-20 19:10:11.144 | $BDGSA,A,1,,,,,,,,,,,,,,,,4
2025-12-20 19:10:11.155 | $GPGSV,0,1,00
2025-12-20 19:10:11.176 | $BDGSV,0,1,00
2025-12-20 19:10:11.206 | $GNRMC,,V,,,,,,,,,,N
2025-12-20 19:10:11.227 | $GNZDA,,,,,,
2025-12-20 19:10:12.078 | $GNGGA,,,,,,0,00,,,M,,M,,
2025-12-20 19:10:12.109 | $GPGSA,A,1,,,,,,,,,,,,,,,,1
2025-12-20 19:10:12.140 | $BDGSA,A,1,,,,,,,,,,,,,,,,4
2025-12-20 19:10:12.160 | $GPGSV,0,1,00
2025-12-20 19:10:12.181 | $BDGSV,0,1,00
2025-12-20 19:10:12.201 | $GNRMC,,V,,,,,,,,,,N
2025-12-20 19:10:12.222 | $GNZDA,,,,,,
2025-12-20 19:10:13.074 | $GNGGA,,,,,,0,00,,,M,,M,,
2025-12-20 19:10:13.105 | $GPGSA,A,1,,,,,,,,,,,,,,,,1
2025-12-20 19:10:13.136 | $BDGSA,A,1,,,,,,,,,,,,,,,,4
2025-12-20 19:10:13.156 | $GPGSV,0,1,00
2025-12-20 19:10:13.177 | $BDGSV,0,1,00
2025-12-20 19:10:13.208 | $GNRMC,,V,,,,,,,,,,N
2025-12-20 19:10:13.218 | $GNZDA,,,,,,
2025-12-20 19:10:14.070 | $GNGGA,,,,,,0,00,,,M,,M,,
2025-12-20 19:10:14.111 | $GPGSA,A,1,,,,,,,,,,,,,,,,1
2025-12-20 19:10:14.142 | $BDGSA,A,1,,,,,,,,,,,,,,,,4
2025-12-20 19:10:14.162 | $GPGSV,0,1,00
2025-12-20 19:10:14.183 | $BDGSV,0,1,00
2025-12-20 19:10:14.203 | $GNRMC,,V,,,,,,,,,,N
2025-12-20 19:10:14.224 | $GNZDA,,,,,,
2025-12-20 19:10:15.076 | $GNGGA,,,,,,0,00,,,M,,M,,
2025-12-20 19:10:15.107 | $GPGSA,A,1,,,,,,,,,,,,,,,,1
2025-12-20 19:10:15.138 | $BDGSA,A,1,,,,,,,,,,,,,,,,4
2025-12-20 19:10:15.158 | $GPGSV,0,1,00
2025-12-20 19:10:15.179 | $BDGSV,0,1,00
2025-12-20 19:10:15.200 | $GNRMC,,V,,,,,,,,,,N
2025-12-20 19:10:15.220 | $GNZDA,,,,,,
2025-12-20 19:10:16.072 | $GNGGA,,,,,,0,00,,,M,,M,,
2025-12-20 19:10:16.103 | $GPGSA,A,1,,,,,,,,,,,,,,,,1
2025-12-20 19:10:16.144 | $BDGSA,A,1,,,,,,,,,,,,,,,,4
2025-12-20 19:10:16.154 | $GPGSV,0,1,00
2025-12-20 19:10:16.175 | $BDGSV,0,1,00
2025-12-20 19:10:16.206 | $GNRMC,,V,,,,,,,,,,N
2025-12-20 19:10:16.227 | $GNZDA,,,,,,
2025-12-20 19:10:17.078 | $GNGGA,,,,,,0,00,,,M,,M,,
2025-12-20 19:10:17.109 | $GPGSA,A,1,,,,,,,,,,,,,,,,1
2025-12-20 19:10:17.139 | $BDGSA,A,1,,,,,,,,,,,,,,,,4
2025-12-20 19:10:17.160 | $GPGSV,0,1,00
2025-12-20 19:10:17.181 | $BDGSV,0,1,00
2025-12-20 19:10:17.201 | $GNRMC,,V,,,,,,,,,,N
2025-12-20 19:10:17.221 | $GNZDA,,,,,,
2025-12-20 19:10:18.074 | $GNGGA,,,,,,0,00,,,M,,M,,
2025-12-20 19:10:18.104 | $GPGSA,A,1,,,,,,,,,,,,,,,,1
2025-12-20 19:10:18.145 | $BDGSA,A,1,,,,,,,,,,,,,,,,4
2025-12-20 19:10:18.156 | $GPGSV,0,1,00
2025-12-20 19:10:18.177 | $BDGSV,0,1,00
2025-12-20 19:10:18.207 | $GNRMC,,V,,,,,,,,,,N
2025-12-20 19:10:18.218 | $GNZDA,,,,,,
2025-12-20 19:10:19.070 | $GNGGA,,,,,,0,00,,,M,,M,,
2025-12-20 19:10:19.111 | $GPGSA,A,1,,,,,,,,,,,,,,,,1
2025-12-20 19:10:19.142 | $BDGSA,A,1,,,,,,,,,,,,,,,,4
2025-12-20 19:10:19.162 | $GPGSV,0,1,00
2025-12-20 19:10:19.183 | $BDGSV,0,1,00
2025-12-20 19:10:19.203 | $GNRMC,,V,,,,,,,,,,N
2025-12-20 19:10:19.224 | $GNZDA,,,,,,
2025-12-20 19:10:20.077 | $GNGGA,,,,,,0,00,,,M,,M,,
2025-12-20 19:10:20.108 | $GPGSA,A,1,,,,,,,,,,,,,,,,1
2025-12-20 19:10:20.139 | $BDGSA,A,1,,,,,,,,,,,,,,,,4
2025-12-20 19:10:20.159 | $GPGSV,0,1,00
2025-12-20 19:10:20.180 | $BDGSV,0,1,00
2025-12-20 19:10:20.201 | $GNRMC,,V,,,,,,,,,,N
2025-12-20 19:10:20.222 | $GNZDA,,,,,,
2025-12-20 19:10:21.074 | $GNGGA,,,,,,0,00,,,M,,M,,
2025-12-20 19:10:21.105 | $GPGSA,A,1,,,,,,,,,,,,,,,,1
2025-12-20 19:10:21.136 | $BDGSA,A,1,,,,,,,,,,,,,,,,4
2025-12-20 19:10:21.157 | $GPGSV,0,1,00
2025-12-20 19:10:21.177 | $BDGSV,0,1,00
2025-12-20 19:10:21.208 | $GNRMC,,V,,,,,,,,,,N
2025-12-20 19:10:21.219 | $GNZDA,,,,,,
2025-12-20 19:10:22.070 | $GNGGA,,,,,,0,00,,,M,,M,,
2025-12-20 19:10:22.111 | $GPGSA,A,1,,,,,,,,,,,,,,,,1
2025-12-20 19:10:22.142 | $BDGSA,A,1,,,,,,,,,,,,,,,,4
2025-12-20 19:10:22.163 | $GPGSV,0,1,00
2025-12-20 19:10:22.183 | $BDGSV,0,1,00
2025-12-20 19:10:22.204 | $GNRMC,,V,,,,,,,,,,N
2025-12-20 19:10:22.224 | $GNZDA,,,,,,
2025-12-20 19:10:23.077 | $GNGGA,,,,,,0,00,,,M,,M,,
2025-12-20 19:10:23.108 | $GPGSA,A,1,,,,,,,,,,,,,,,,1
2025-12-20 19:10:23.139 | $BDGSA,A,1,,,,,,,,,,,,,,,,4
2025-12-20 19:10:23.160 | $GPGSV,0,1,00
2025-12-20 19:10:23.180 | $BDGSV,0,1,00
2025-12-20 19:10:23.201 | $GNRMC,,V,,,,,,,,,,N
2025-12-20 19:10:23.221 | $GNZDA,,,,,,
2025-12-20 19:10:24.073 | $GNGGA,,,,,,0,00,,,M,,M,,
2025-12-20 19:10:24.104 | $GPGSA,A,1,,,,,,,,,,,,,,,,1
2025-12-20 19:10:24.145 | $BDGSA,A,1,,,,,,,,,,,,,,,,4
2025-12-20 19:10:24.155 | $GPGSV,0,1,00
2025-12-20 19:10:24.176 | $BDGSV,0,1,00
2025-12-20 19:10:24.207 | $GNRMC,,V,,,,,,,,,,N
2025-12-20 19:10:24.217 | $GNZDA,,,,,,
2025-12-20 19:10:25.069 | $GNGGA,,,,,,0,00,,,M,,M,,
2025-12-20 19:10:25.110 | $GPGSA,A,1,,,,,,,,,,,,,,,,1
2025-12-20 19:10:25.140 | $BDGSA,A,1,,,,,,,,,,,,,,,,4
2025-12-20 19:10:25.161 | $GPGSV,0,1,00
2025-12-20 19:10:25.181 | $BDGSV,0,1,00
2025-12-20 19:10:25.202 | $GNRMC,,V,,,,,,,,,,N
2025-12-20 19:10:25.222 | $GNZDA,,,,,,
2025-12-20 19:10:26.073 | $GNGGA,,,,,,0,00,,,M,,M,,
2025-12-20 19:10:26.104 | $GPGSA,A,1,,,,,,,,,,,,,,,,1
2025-12-20 19:10:26.145 | $BDGSA,A,1,,,,,,,,,,,,,,,,4
2025-12-20 19:10:26.155 | $GPGSV,0,1,00
2025-12-20 19:10:26.176 | $BDGSV,0,1,00
2025-12-20 19:10:26.206 | $GNRMC,,V,,,,,,,,,,N
2025-12-20 19:10:26.227 | $GNZDA,,,,,,
2025-12-20 19:10:27.078 | $GNGGA,,,,,,0,00,,,M,,M,,
2025-12-20 19:10:27.109 | $GPGSA,A,1,,,,,,,,,,,,,,,,1
2025-12-20 19:10:27.140 | $BDGSA,A,1,,,,,,,,,,,,,,,,4
2025-12-20 19:10:27.160 | $GPGSV,0,1,00
2025-12-20 19:10:27.181 | $BDGSV,0,1,00
2025-12-20 19:10:27.201 | $GNRMC,,V,,,,,,,,,,N
2025-12-20 19:10:27.222 | $GNZDA,,,,,,
2025-12-20 19:10:28.074 | $GNGGA,,,,,,0,00,,,M,,M,,
2025-12-20 19:10:28.105 | $GPGSA,A,1,,,,,,,,,,,,,,,,1
2025-12-20 19:10:28.136 | $BDGSA,A,1,,,,,,,,,,,,,,,,4
2025-12-20 19:10:28.156 | $GPGSV,0,1,00
2025-12-20 19:10:28.177 | $BDGSV,0,1,00
2025-12-20 19:10:28.208 | $GNRMC,,V,,,,,,,,,,N
2025-12-20 19:10:28.218 | $GNZDA,,,,,,
2025-12-20 19:10:29.070 | $GNGGA,,,,,,0,00,,,M,,M,,
2025-12-20 19:10:29.111 | $GPGSA,A,1,,,,,,,,,,,,,,,,1
2025-12-20 19:10:29.142 | $BDGSA,A,1,,,,,,,,,,,,,,,,4
2025-12-20 19:10:29.163 | $GPGSV,0,1,00
2025-12-20 19:10:29.173 | $BDGSV,0,1,00
2025-12-20 19:10:29.204 | $GNRMC,,V,,,,,,,,,,N
2025-12-20 19:10:29.224 | $GNZDA,,,,,,
2025-12-20 19:10:30.077 | $GNGGA,,,,,,0,00,,,M,,M,,
2025-12-20 19:10:30.108 | $GPGSA,A,1,,,,,,,,,,,,,,,,1
2025-12-20 19:10:30.138 | $BDGSA,A,1,,,,,,,,,,,,,,,,4
2025-12-20 19:10:30.159 | $GPGSV,0,1,00
2025-12-20 19:10:30.179 | $BDGSV,0,1,00
2025-12-20 19:10:30.200 | $GNRMC,,V,,,,,,,,,,N
2025-12-20 19:10:30.221 | $GNZDA,,,,,,
2025-12-20 19:10:31.072 | $GNGGA,,,,,,0,00,,,M,,M,,
2025-12-20 19:10:31.103 | $GPGSA,A,1,,,,,,,,,,,,,,,,1
2025-12-20 19:10:31.144 | $BDGSA,A,1,,,,,,,,,,,,,,,,4
2025-12-20 19:10:31.154 | $GPGSV,0,1,00
2025-12-20 19:10:31.175 | $BDGSV,0,1,00
2025-12-20 19:10:31.205 | $GNRMC,,V,,,,,,,,,,N
2025-12-20 19:10:31.226 | $GNZDA,,,,,,
2025-12-20 19:10:32.078 | $GNGGA,,,,,,0,00,,,M,,M,,
2025-12-20 19:10:32.109 | $GPGSA,A,1,,,,,,,,,,,,,,,,1
2025-12-20 19:10:32.140 | $BDGSA,A,1,,,,,,,,,,,,,,,,4
2025-12-20 19:10:32.160 | $GPGSV,0,1,00
2025-12-20 19:10:32.181 | $BDGSV,0,1,00
2025-12-20 19:10:32.201 | $GNRMC,,V,,,,,,,,,,N
2025-12-20 19:10:32.222 | $GNZDA,,,,,,
2025-12-20 19:10:33.074 | $GNGGA,,,,,,0,00,,,M,,M,,
2025-12-20 19:10:33.104 | $GPGSA,A,1,,,,,,,,,,,,,,,,1
2025-12-20 19:10:33.146 | $BDGSA,A,1,,,,,,,,,,,,,,,,4
2025-12-20 19:10:33.156 | $GPGSV,0,1,00
2025-12-20 19:10:33.177 | $BDGSV,0,1,00
2025-12-20 19:10:33.208 | $GNRMC,,V,,,,,,,,,,N
2025-12-20 19:10:33.218 | $GNZDA,,,,,,
2025-12-20 19:10:34.070 | $GNGGA,,,,,,0,00,,,M,,M,,
2025-12-20 19:10:34.111 | $GPGSA,A,1,,,,,,,,,,,,,,,,1
2025-12-20 19:10:34.141 | $BDGSA,A,1,,,,,,,,,,,,,,,,4
2025-12-20 19:10:34.162 | $GPGSV,0,1,00
2025-12-20 19:10:34.182 | $BDGSV,0,1,00
2025-12-20 19:10:34.203 | $GNRMC,,V,,,,,,,,,,N
2025-12-20 19:10:34.224 | $GNZDA,,,,,,
2025-12-20 19:10:35.075 | $GNGGA,,,,,,0,00,,,M,,M,,
2025-12-20 19:10:35.106 | $GPGSA,A,1,,,,,,,,,,,,,,,,1
2025-12-20 19:10:35.137 | $BDGSA,A,1,,,,,,,,,,,,,,,,4
2025-12-20 19:10:35.158 | $GPGSV,0,1,00
2025-12-20 19:10:35.178 | $BDGSV,0,1,00
2025-12-20 19:10:35.209 | $GNRMC,,V,,,,,,,,,,N
2025-12-20 19:10:35.220 | $GNZDA,,,,,,
2025-12-20 19:10:36.072 | $GNGGA,,,,,,0,00,,,M,,M,,
2025-12-20 19:10:36.102 | $GPGSA,A,1,,,,,,,,,,,,,,,,1
2025-12-20 19:10:36.143 | $BDGSA,A,1,,,,,,,,,,,,,,,,4
2025-12-20 19:10:36.164 | $GPGSV,0,1,00
2025-12-20 19:10:36.174 | $BDGSV,0,1,00
2025-12-20 19:10:36.205 | $GNRMC,,V,,,,,,,,,,N
2025-12-20 19:10:36.226 | $GNZDA,,,,,,
2025-12-20 19:10:37.078 | $GNGGA,,,,,,0,00,,,M,,M,,
2025-12-20 19:10:37.109 | $GPGSA,A,1,,,,,,,,,,,,,,,,1
2025-12-20 19:10:37.139 | $BDGSA,A,1,,,,,,,,,,,,,,,,4
2025-12-20 19:10:37.160 | $GPGSV,0,1,00
2025-12-20 19:10:37.180 | $BDGSV,0,1,00
2025-12-20 19:10:37.201 | $GNRMC,,V,,,,,,,,,,N
2025-12-20 19:10:37.221 | $GNZDA,,,,,,
2025-12-20 19:10:38.073 | $GNGGA,,,,,,0,00,,,M,,M,,
2025-12-20 19:10:38.104 | $GPGSA,A,1,,,,,,,,,,,,,,,,1
2025-12-20 19:10:38.145 | $BDGSA,A,1,,,,,,,,,,,,,,,,4
2025-12-20 19:10:38.156 | $GPGSV,0,1,00
2025-12-20 19:10:38.176 | $BDGSV,0,1,00
2025-12-20 19:10:38.207 | $GNRMC,,V,,,,,,,,,,N
2025-12-20 19:10:38.218 | $GNZDA,,,,,,
2025-12-20 19:10:39.070 | $GNGGA,,,,,,0,00,,,M,,M,,
2025-12-20 19:10:39.111 | $GPGSA,A,1,,,,,,,,,,,,,,,,1
2025-12-20 19:10:39.142 | $BDGSA,A,1,,,,,,,,,,,,,,,,4
2025-12-20 19:10:39.163 | $GPGSV,0,1,00
2025-12-20 19:10:39.173 | $BDGSV,0,1,00
2025-12-20 19:10:39.204 | $GNRMC,,V,,,,,,,,,,N
2025-12-20 19:10:39.225 | $GNZDA,,,,,,
2025-12-20 19:10:40.077 | $GNGGA,,,,,,0,00,,,M,,M,,
2025-12-20 19:10:40.107 | $GPGSA,A,1,,,,,,,,,,,,,,,,1
2025-12-20 19:10:40.138 | $BDGSA,A,1,,,,,,,,,,,,,,,,4
2025-12-20 19:10:40.159 | $GPGSV,0,1,00
2025-12-20 19:10:40.179 | $BDGSV,0,1,00
2025-12-20 19:10:40.200 | $GNRMC,,V,,,,,,,,,,N
2025-12-20 19:10:40.220 | $GNZDA,,,,,,
2025-12-20 19:10:41.072 | $GNGGA,,,,,,0,00,,,M,,M,,
2025-12-20 19:10:41.103 | $GPGSA,A,1,,,,,,,,,,,,,,,,1
2025-12-20 19:10:41.143 | $BDGSA,A,1,,,,,,,,,,,,,,,,4
2025-12-20 19:10:41.164 | $GPGSV,0,1,00
2025-12-20 19:10:41.174 | $BDGSV,0,1,00
2025-12-20 19:10:41.205 | $GNRMC,,V,,,,,,,,,,N
2025-12-20 19:10:41.225 | $GNZDA,,,,,,
2025-12-20 19:10:42.077 | $GNGGA,,,,,,0,00,,,M,,M,,
2025-12-20 19:10:42.108 | $GPGSA,A,1,,,,,,,,,,,,,,,,1
2025-12-20 19:10:42.139 | $BDGSA,A,1,,,,,,,,,,,,,,,,4
2025-12-20 19:10:42.160 | $GPGSV,0,1,00
2025-12-20 19:10:42.180 | $BDGSV,0,1,00
2025-12-20 19:10:42.201 | $GNRMC,,V,,,,,,,,,,N
2025-12-20 19:10:42.221 | $GNZDA,,,,,,
2025-12-20 19:10:43.074 | $GNGGA,,,,,,0,00,,,M,,M,,
2025-12-20 19:10:43.104 | $GPGSA,A,1,,,,,,,,,,,,,,,,1
2025-12-20 19:10:43.145 | $BDGSA,A,1,,,,,,,,,,,,,,,,4
2025-12-20 19:10:43.156 | $GPGSV,0,1,00
2025-12-20 19:10:43.177 | $BDGSV,0,1,00
2025-12-20 19:10:43.207 | $GNRMC,,V,,,,,,,,,,N
2025-12-20 19:10:43.218 | $GNZDA,,,,,,
2025-12-20 19:10:44.070 | $GNGGA,,,,,,0,00,,,M,,M,,
2025-12-20 19:10:44.112 | $GPGSA,A,1,,,,,,,,,,,,,,,,1
2025-12-20 19:10:44.143 | $BDGSA,A,1,,,,,,,,,,,,,,,,4
2025-12-20 19:10:44.163 | $GPGSV,0,1,00
2025-12-20 19:10:44.173 | $BDGSV,0,1,00
2025-12-20 19:10:44.204 | $GNRMC,,V,,,,,,,,,,N
2025-12-20 19:10:44.225 | $GNZDA,,,,,,
2025-12-20 19:10:45.077 | $GNGGA,,,,,,0,00,,,M,,M,,
2025-12-20 19:10:45.108 | $GPGSA,A,1,,,,,,,,,,,,,,,,1
2025-12-20 19:10:45.138 | $BDGSA,A,1,,,,,,,,,,,,,,,,4
2025-12-20 19:10:45.159 | $GPGSV,0,1,00
2025-12-20 19:10:45.180 | $BDGSV,0,1,00
2025-12-20 19:10:45.200 | $GNRMC,,V,,,,,,,,,,N
2025-12-20 19:10:45.221 | $GNZDA,,,,,,
2025-12-20 19:10:46.074 | $GNGGA,,,,,,0,00,,,M,,M,,
2025-12-20 19:10:46.105 | $GPGSA,A,1,,,,,,,,,,,,,,,,1
2025-12-20 19:10:46.135 | $BDGSA,A,1,,,,,,,,,,,,,,,,4
2025-12-20 19:10:46.156 | $GPGSV,0,1,00
2025-12-20 19:10:46.176 | $BDGSV,0,1,00
2025-12-20 19:10:46.207 | $GNRMC,,V,,,,,,,,,,N
2025-12-20 19:10:46.217 | $GNZDA,,,,,,
2025-12-20 19:10:47.070 | $GNGGA,,,,,,0,00,,,M,,M,,
2025-12-20 19:10:47.111 | $GPGSA,A,1,,,,,,,,,,,,,,,,1
2025-12-20 19:10:47.142 | $BDGSA,A,1,,,,,,,,,,,,,,,,4
2025-12-20 19:10:47.163 | $GPGSV,0,1,00
2025-12-20 19:10:47.173 | $BDGSV,0,1,00
2025-12-20 19:10:47.204 | $GNRMC,,V,,,,,,,,,,N
2025-12-20 19:10:47.225 | $GNZDA,,,,,,
2025-12-20 19:10:48.078 | $GNGGA,,,,,,0,00,,,M,,M,,
2025-12-20 19:10:48.109 | $GPGSA,A,1,,,,,,,,,,,,,,,,1
2025-12-20 19:10:48.139 | $BDGSA,A,1,,,,,,,,,,,,,,,,4
2025-12-20 19:10:48.160 | $GPGSV,0,1,00
2025-12-20 19:10:48.180 | $BDGSV,0,1,00
2025-12-20 19:10:48.201 | $GNRMC,,V,,,,,,,,,,N
2025-12-20 19:10:48.221 | $GNZDA,,,,,,
2025-12-20 19:10:49.074 | $GNGGA,,,,,,0,00,,,M,,M,,
2025-12-20 19:10:49.104 | $GPGSA,A,1,,,,,,,,,,,,,,,,1
2025-12-20 19:10:49.145 | $BDGSA,A,1,,,,,,,,,,,,,,,,4
2025-12-20 19:10:49.156 | $GPGSV,0,1,00
2025-12-20 19:10:49.176 | $BDGSV,0,1,00
2025-12-20 19:10:49.207 | $GNRMC,,V,,,,,,,,,,N
2025-12-20 19:10:49.217 | $GNZDA,,,,,,
2025-12-20 19:10:50.069 | $GNGGA,,,,,,0,00,,,M,,M,,
2025-12-20 19:10:50.110 | $GPGSA,A,1,,,,,,,,,,,,,,,,1
2025-12-20 19:10:50.141 | $BDGSA,A,1,,,,,,,,,,,,,,,,4
2025-12-20 19:10:50.163 | $GPGSV,0,1,00
2025-12-20 19:10:50.175 | $BDGSV,0,1,00
2025-12-20 19:10:50.206 | $GNRMC,,V,,,,,,,,,,N
2025-12-20 19:10:50.227 | $GNZDA,,,,,,
2025-12-20 19:10:51.078 | $GNGGA,,,,,,0,00,,,M,,M,,
2025-12-20 19:10:51.109 | $GPGSA,A,1,,,,,,,,,,,,,,,,1
2025-12-20 19:10:51.140 | $BDGSA,A,1,,,,,,,,,,,,,,,,4
2025-12-20 19:10:51.160 | $GPGSV,0,1,00
2025-12-20 19:10:51.181 | $BDGSV,0,1,00
2025-12-20 19:10:51.201 | $GNRMC,,V,,,,,,,,,,N
2025-12-20 19:10:51.222 | $GNZDA,,,,,,
2025-12-20 19:10:52.074 | $GNGGA,,,,,,0,00,,,M,,M,,
2025-12-20 19:10:52.105 | $GPGSA,A,1,,,,,,,,,,,,,,,,1
2025-12-20 19:10:52.146 | $BDGSA,A,1,,,,,,,,,,,,,,,,4
2025-12-20 19:10:52.156 | $GPGSV,0,1,00
2025-12-20 19:10:52.176 | $BDGSV,0,1,00
2025-12-20 19:10:52.207 | $GNRMC,,V,,,,,,,,,,N
2025-12-20 19:10:52.228 | $GNZDA,,,,,,
2025-12-20 19:10:53.070 | $GNGGA,,,,,,0,00,,,M,,M,,
2025-12-20 19:10:53.111 | $GPGSA,A,1,,,,,,,,,,,,,,,,1
2025-12-20 19:10:53.142 | $BDGSA,A,1,,,,,,,,,,,,,,,,4
2025-12-20 19:10:53.163 | $GPGSV,0,1,00
2025-12-20 19:10:53.183 | $BDGSV,0,1,00
2025-12-20 19:10:53.204 | $GNRMC,,V,,,,,,,,,,N
2025-12-20 19:10:53.224 | $GNZDA,,,,,,
2025-12-20 19:10:54.075 | $GNGGA,,,,,,0,00,,,M,,M,,
2025-12-20 19:10:54.106 | $GPGSA,A,1,,,,,,,,,,,,,,,,1
2025-12-20 19:10:54.137 | $BDGSA,A,1,,,,,,,,,,,,,,,,4
2025-12-20 19:10:54.157 | $GPGSV,0,1,00
2025-12-20 19:10:54.178 | $BDGSV,0,1,00
2025-12-20 19:10:54.208 | $GNRMC,,V,,,,,,,,,,N
2025-12-20 19:10:54.219 | $GNZDA,,,,,,
2025-12-20 19:10:55.079 | $GNGGA,,,,,,0,00,,,M,,M,,
2025-12-20 19:10:55.110 | $GPGSA,A,1,,,,,,,,,,,,,,,,1
2025-12-20 19:10:55.141 | $BDGSA,A,1,,,,,,,,,,,,,,,,4
2025-12-20 19:10:55.171 | $GPGSV,1,1,01,23,,,27
2025-12-20 19:10:55.192 | $BDGSV,0,1,00
2025-12-20 19:10:55.212 | $GNRMC,,V,,,,,,,,,,N
2025-12-20 19:10:55.233 | $GNZDA,,,,,,
2025-12-20 19:10:56.074 | $GNGGA,,,,,,0,00,,,M,,M,,
2025-12-20 19:10:56.105 | $GPGSA,A,1,,,,,,,,,,,,,,,,1
2025-12-20 19:10:56.146 | $BDGSA,A,1,,,,,,,,,,,,,,,,4
2025-12-20 19:10:56.167 | $GPGSV,1,1,01,23,,,28
2025-12-20 19:10:56.187 | $BDGSV,0,1,00
2025-12-20 19:10:56.218 | $GNRMC,,V,,,,,,,,,,N
2025-12-20 19:10:56.228 | $GNZDA,,,,,,
2025-12-20 19:10:57.074 | $GNGGA,,,,,,0,00,,,M,,M,,
2025-12-20 19:10:57.104 | $GPGSA,A,1,,,,,,,,,,,,,,,,1
2025-12-20 19:10:57.145 | $BDGSA,A,1,,,,,,,,,,,,,,,,4
2025-12-20 19:10:57.165 | $GPGSV,1,1,01,23,,,27
2025-12-20 19:10:57.186 | $BDGSV,0,1,00
2025-12-20 19:10:57.217 | $GNRMC,,V,,,,,,,,,,N
2025-12-20 19:10:57.227 | $GNZDA,,,,,,
2025-12-20 19:10:58.080 | $GNGGA,,,,,,0,00,,,M,,M,,
2025-12-20 19:10:58.110 | $GPGSA,A,1,,,,,,,,,,,,,,,,1
2025-12-20 19:10:58.141 | $BDGSA,A,1,,,,,,,,,,,,,,,,4
2025-12-20 19:10:58.172 | $GPGSV,1,1,01,23,,,28
2025-12-20 19:10:58.193 | $BDGSV,0,1,00
2025-12-20 19:10:58.214 | $GNRMC,,V,,,,,,,,,,N
2025-12-20 19:10:58.234 | $GNZDA,,,,,,
2025-12-20 19:10:59.076 | $GNGGA,,,,,,0,00,,,M,,M,,
2025-12-20 19:10:59.107 | $GPGSA,A,1,,,,,,,,,,,,,,,,1
2025-12-20 19:10:59.138 | $BDGSA,A,1,,,,,,,,,,,,,,,,4
2025-12-20 19:10:59.169 | $GPGSV,1,1,01,23,,,31
2025-12-20 19:10:59.190 | $BDGSV,0,1,00
2025-12-20 19:10:59.211 | $GNRMC,,V,,,,,,,,,,N
2025-12-20 19:10:59.234 | $GNZDA,,,,,,
2025-12-20 19:11:00.075 | $GNGGA,,,,,,0,00,,,M,,M,,
2025-12-20 19:11:00.106 | $GPGSA,A,1,,,,,,,,,,,,,,,,1
2025-12-20 19:11:00.147 | $BDGSA,A,1,,,,,,,,,,,,,,,,4
2025-12-20 19:11:00.168 | $GPGSV,1,1,01,23,,,30
2025-12-20 19:11:00.189 | $BDGSV,0,1,00
2025-12-20 19:11:00.219 | $GNRMC,,V,,,,,,,,,,N
2025-12-20 19:11:00.230 | $GNZDA,,,,,,
