2025-12-20 19:17:19.801 | $GPGSV,0,1,00*78
2025-12-20 19:17:19.801 | $BDGSV,0,1,00*69
2025-12-20 19:17:19.802 | $GNRMC,171718.523,V,,,,,,,201225,,,N*58
2025-12-20 19:17:19.802 | $GNZDA,171718.523,20,12,2025,,*41
2025-12-20 19:17:19.802 | $GNGGA,171719.523,,,,,0,00,,,M,,M,,*6A
2025-12-20 19:17:19.802 | $GPGSA,A,1,,,,,,,,,,,,,,,,1*03
2025-12-20 19:17:19.802 | $BDGSA,A,1,,,,,,,,,,,,,,,,4*17
2025-12-20 19:17:19.803 | $GPGSV,0,1,00*78
2025-12-20 19:17:19.803 | $BDGSV,0,1,00*69
2025-12-20 19:17:19.803 | $GNRMC,171719.523,V,,,,,,,201225,,,N*59
2025-12-20 19:17:19.803 | $GNZDA,171719.523,20,12,2025,,*40
2025-12-20 19:17:20.087 | $GNGGA,171720.523,,,,,0,00,,,M,,M,,*60
2025-12-20 19:17:20.119 | $GPGSA,A,1,,,,,,,,,,,,,,,,1*03
2025-12-20 19:17:20.149 | $BDGSA,A,1,,,,,,,,,,,,,,,,4*17
2025-12-20 19:17:20.170 | $GPGSV,0,1,00*78
2025-12-20 19:17:20.190 | $BDGSV,0,1,00*69
2025-12-20 19:17:20.231 | $GNRMC,171720.523,V,,,,,,,201225,,,N*53
2025-12-20 19:17:20.272 | $GNZDA,171720.523,20,12,2025,,*4A
2025-12-20 19:17:21.084 | $GNGGA,171721.523,,,,,0,00,,,M,,M,,*61
2025-12-20 19:17:21.125 | $GPGSA,A,1,,,,,,,,,,,,,,,,1*03
2025-12-20 19:17:21.155 | $BDGSA,A,1,,,,,,,,,,,,,,,,4*17
2025-12-20 19:17:21.176 | $GPGSV,0,1,00*78
2025-12-20 19:17:21.186 | $BDGSV,0,1,00*69
2025-12-20 19:17:21.238 | $GNRMC,171721.523,V,,,,,,,201225,,,N*52
2025-12-20 19:17:21.268 | $GNZDA,171721.523,20,12,2025,,*4B
2025-12-20 19:17:22.090 | $GNGGA,171722.523,,,,,0,00,,,M,,M,,*62
2025-12-20 19:17:22.121 | $GPGSA,A,1,,,,,,,,,,,,,,,,1*03
2025-12-20 19:17:22.152 | $BDGSA,A,1,,,,,,,,,,,,,,,,4*17
2025-12-20 19:17:22.172 | $GPGSV,0,1,00*78
2025-12-20 19:17:22.193 | $BDGSV,0,1,00*69
2025-12-20 19:17:22.234 | $GNRMC,171722.523,V,,,,,,,201225,,,N*51
2025-12-20 19:17:22.275 | $GNZDA,171722.523,20,12,2025,,*48
2025-12-20 19:17:23.087 | $GNGGA,171723.523,,,,,0,00,,,M,,M,,*63
2025-12-20 19:17:23.118 | $GPGSA,A,1,,,,,,,,,,,,,,,,1*03
2025-12-20 19:17:23.149 | $BDGSA,A,1,,,,,,,,,,,,,,,,4*17
2025-12-20 19:17:23.170 | $GPGSV,0,1,00*78
2025-12-20 19:17:23.190 | $BDGSV,0,1,00*69
2025-12-20 19:17:23.231 | $GNRMC,171723.523,V,,,,,,,201225,,,N*50
2025-12-20 19:17:23.272 | $GNZDA,171723.523,20,12,2025,,*49
2025-12-20 19:17:24.084 | $GNGGA,171724.523,,,,,0,00,,,M,,M,,*64
2025-12-20 19:17:24.125 | $GPGSA,A,1,,,,,,,,,,,,,,,,1*03
2025-12-20 19:17:24.156 | $BDGSA,A,1,,,,,,,,,,,,,,,,4*17
2025-12-20 19:17:24.177 | $GPGSV,0,1,00*78
2025-12-20 19:17:24.187 | $BDGSV,0,1,00*69
2025-12-20 19:17:24.239 | $GNRMC,171724.523,V,,,,,,,201225,,,N*57
2025-12-20 19:17:24.269 | $GNZDA,171724.523,20,12,2025,,*4E
2025-12-20 19:17:25.091 | $GNGGA,171725.523,,,,,0,00,,,M,,M,,*65
2025-12-20 19:17:25.122 | $GPGSA,A,1,,,,,,,,,,,,,,,,1*03
2025-12-20 19:17:25.153 | $BDGSA,A,1,,,,,,,,,,,,,,,,4*17
2025-12-20 19:17:25.173 | $GPGSV,0,1,00*78
2025-12-20 19:17:25.194 | $BDGSV,0,1,00*69
2025-12-20 19:17:25.235 | $GNRMC,171725.523,V,,,,,,,201225,,,N*56
2025-12-20 19:17:25.276 | $GNZDA,171725.523,20,12,2025,,*4F
2025-12-20 19:17:26.087 | $GNGGA,171726.523,,,,,0,00,,,M,,M,,*66
2025-12-20 19:17:26.127 | $GPGSA,A,1,,,,,,,,,,,,,,,,1*03
2025-12-20 19:17:26.158 | $BDGSA,A,1,,,,,,,,,,,,,,,,4*17
2025-12-20 19:17:26.179 | $GPGSV,0,1,00*78
2025-12-20 19:17:26.199 | $BDGSV,0,1,00*69
2025-12-20 19:17:26.240 | $GNRMC,171726.523,V,,,,,,,201225,,,N*55
2025-12-20 19:17:26.271 | $GNZDA,171726.523,20,12,2025,,*4C
2025-12-20 19:17:27.082 | $GNGGA,171727.523,,,,,0,00,,,M,,M,,*67
2025-12-20 19:17:27.123 | $GPGSA,A,1,,,,,,,,,,,,,,,,1*03
2025-12-20 19:17:27.154 | $BDGSA,A,1,,,,,,,,,,,,,,,,4*17
2025-12-20 19:17:27.175 | $GPGSV,0,1,00*78
2025-12-20 19:17:27.195 | $BDGSV,0,1,00*69
2025-12-20 19:17:27.236 | $GNRMC,171727.523,V,,,,,,,201225,,,N*54
2025-12-20 19:17:27.267 | $GNZDA,171727.523,20,12,2025,,*4D
2025-12-20 19:17:28.089 | $GNGGA,171728.523,,,,,0,00,,,M,,M,,*68
2025-12-20 19:17:28.120 | $GPGSA,A,1,,,,,,,,,,,,,,,,1*03
2025-12-20 19:17:28.151 | $BDGSA,A,1,,,,,,,,,,,,,,,,4*17
2025-12-20 19:17:28.171 | $GPGSV,0,1,00*78
2025-12-20 19:17:28.192 | $BDGSV,0,1,00*69
2025-12-20 19:17:28.233 | $GNRMC,171728.523,V,,,,,,,201225,,,N*5B
2025-12-20 19:17:28.274 | $GNZDA,171728.523,20,12,2025,,*42
2025-12-20 19:17:29.086 | $GNGGA,171729.523,,,,,0,00,,,M,,M,,*69
2025-12-20 19:17:29.117 | $GPGSA,A,1,,,,,,,,,,,,,,,,1*03
2025-12-20 19:17:29.158 | $BDGSA,A,1,,,,,,,,,,,,,,,,4*17
2025-12-20 19:17:29.168 | $GPGSV,0,1,00*78
2025-12-20 19:17:29.189 | $BDGSV,0,1,00*69
2025-12-20 19:17:29.240 | $GNRMC,171729.523,V,,,,,,,201225,,,N*5A
2025-12-20 19:17:29.271 | $GNZDA,171729.523,20,12,2025,,*43
2025-12-20 19:17:30.091 | $GNGGA,171730.523,,,,,0,00,,,M,,M,,*61
2025-12-20 19:17:30.122 | $GPGSA,A,1,,,,,,,,,,,,,,,,1*03
2025-12-20 19:17:30.152 | $BDGSA,A,1,,,,,,,,,,,,,,,,4*17
2025-12-20 19:17:30.173 | $GPGSV,0,1,00*78
2025-12-20 19:17:30.194 | $BDGSV,0,1,00*69
2025-12-20 19:17:30.234 | $GNRMC,171730.523,V,,,,,,,201225,,,N*52
2025-12-20 19:17:30.275 | $GNZDA,171730.523,20,12,2025,,*4B
2025-12-20 19:17:31.086 | $GNGGA,171731.523,,,,,0,00,,,M,,M,,*60
2025-12-20 19:17:31.117 | $GPGSA,A,1,,,,,,,,,,,,,,,,1*03
2025-12-20 19:17:31.158 | $BDGSA,A,1,,,,,,,,,,,,,,,,4*17
2025-12-20 19:17:31.169 | $GPGSV,0,1,00*78
2025-12-20 19:17:31.189 | $BDGSV,0,1,00*69
2025-12-20 19:17:31.230 | $GNRMC,171731.523,V,,,,,,,201225,,,N*53
2025-12-20 19:17:31.271 | $GNZDA,171731.523,20,12,2025,,*4A
2025-12-20 19:17:32.082 | $GNGGA,171732.523,,,,,0,00,,,M,,M,,*63
2025-12-20 19:17:32.123 | $GPGSA,A,1,,,,,,,,,,,,,,,,1*03
2025-12-20 19:17:32.154 | $BDGSA,A,1,,,,,,,,,,,,,,,,4*17
2025-12-20 19:17:32.175 | $GPGSV,0,1,00*78
2025-12-20 19:17:32.195 | $BDGSV,0,1,00*69
2025-12-20 19:17:32.236 | $GNRMC,171732.523,V,,,,,,,201225,,,N*50
2025-12-20 19:17:32.267 | $GNZDA,171732.523,20,12,2025,,*49
2025-12-20 19:17:33.089 | $GNGGA,171733.523,,,,,0,00,,,M,,M,,*62
2025-12-20 19:17:33.120 | $GPGSA,A,1,,,,,,,,,,,,,,,,1*03
2025-12-20 19:17:33.151 | $BDGSA,A,1,,,,,,,,,,,,,,,,4*17
2025-12-20 19:17:33.171 | $GPGSV,0,1,00*78
2025-12-20 19:17:33.192 | $BDGSV,0,1,00*69
2025-12-20 19:17:33.233 | $GNRMC,171733.523,V,,,,,,,201225,,,N*51
2025-12-20 19:17:33.274 | $GNZDA,171733.523,20,12,2025,,*48
2025-12-20 19:17:34.085 | $GNGGA,171734.523,,,,,0,00,,,M,,M,,*65
2025-12-20 19:17:34.116 | $GPGSA,A,1,,,,,,,,,,,,,,,,1*03
2025-12-20 19:17:34.157 | $BDGSA,A,1,,,,,,,,,,,,,,,,4*17
2025-12-20 19:17:34.178 | $GPGSV,0,1,00*78
2025-12-20 19:17:34.188 | $BDGSV,0,1,00*69
2025-12-20 19:17:34.240 | $GNRMC,171734.523,V,,,,,,,201225,,,N*56
2025-12-20 19:17:34.271 | $GNZDA,171734.523,20,12,2025,,*4F
2025-12-20 19:17:35.092 | $GNGGA,171735.523,,,,,0,00,,,M,,M,,*64
2025-12-20 19:17:35.123 | $GPGSA,A,1,,,,,,,,,,,,,,,,1*03
2025-12-20 19:17:35.153 | $BDGSA,A,1,,,,,,,,,,,,,,,,4*17
2025-12-20 19:17:35.174 | $GPGSV,0,1,00*78
2025-12-20 19:17:35.195 | $BDGSV,0,1,00*69
2025-12-20 19:17:35.236 | $GNRMC,171735.523,V,,,,,,,201225,,,N*57
2025-12-20 19:17:35.267 | $GNZDA,171735.523,20,12,2025,,*4E
2025-12-20 19:17:36.088 | $GNGGA,171736.523,,,,,0,00,,,M,,M,,*67
2025-12-20 19:17:36.119 | $GPGSA,A,1,,,,,,,,,,,,,,,,1*03
2025-12-20 19:17:36.160 | $BDGSA,A,1,,,,,,,,,,,,,,,,4*17
2025-12-20 19:17:36.181 | $GPGSV,0,1,00*78
2025-12-20 19:17:36.191 | $BDGSV,0,1,00*69
2025-12-20 19:17:36.243 | $GNRMC,171736.523,V,,,,,,,201225,,,N*54
2025-12-20 19:17:36.274 | $GNZDA,171736.523,20,12,2025,,*4D
2025-12-20 19:17:37.086 | $GNGGA,171737.523,,,,,0,00,,,M,,M,,*66
2025-12-20 19:17:37.127 | $GPGSA,A,1,,,,,,,,,,,,,,,,1*03
2025-12-20 19:17:37.157 | $BDGSA,A,1,,,,,,,,,,,,,,,,4*17
2025-12-20 19:17:37.178 | $GPGSV,0,1,00*78
2025-12-20 19:17:37.199 | $BDGSV,0,1,00*69
2025-12-20 19:17:37.240 | $GNRMC,171737.523,V,,,,,,,201225,,,N*55
2025-12-20 19:17:37.270 | $GNZDA,171737.523,20,12,2025,,*4C
2025-12-20 19:17:38.092 | $GNGGA,171738.523,,,,,0,00,,,M,,M,,*69
2025-12-20 19:17:38.123 | $GPGSA,A,1,,,,,,,,,,,,,,,,1*03
2025-12-20 19:17:38.154 | $BDGSA,A,1,,,,,,,,,,,,,,,,4*17
2025-12-20 19:17:38.175 | $GPGSV,0,1,00*78
2025-12-20 19:17:38.195 | $BDGSV,0,1,00*69
2025-12-20 19:17:38.237 | $GNRMC,171738.523,V,,,,,,,201225,,,N*5A
2025-12-20 19:17:38.278 | $GNZDA,171738.523,20,12,2025,,*43
2025-12-20 19:17:39.090 | $GNGGA,171739.523,,,,,0,00,,,M,,M,,*68
2025-12-20 19:17:39.121 | $GPGSA,A,1,,,,,,,,,,,,,,,,1*03
2025-12-20 19:17:39.152 | $BDGSA,A,1,,,,,,,,,,,,,,,,4*17
2025-12-20 19:17:39.173 | $GPGSV,0,1,00*78
2025-12-20 19:17:39.194 | $BDGSV,0,1,00*69
2025-12-20 19:17:39.235 | $GNRMC,171739.523,V,,,,,,,201225,,,N*5B
2025-12-20 19:17:39.276 | $GNZDA,171739.523,20,12,2025,,*42
2025-12-20 19:17:40.087 | $GNGGA,171740.523,,,,,0,00,,,M,,M,,*66
2025-12-20 19:17:40.118 | $GPGSA,A,1,,,,,,,,,,,,,,,,1*03
2025-12-20 19:17:40.159 | $BDGSA,A,1,,,,,,,,,,,,,,,,4*17
2025-12-20 19:17:40.170 | $GPGSV,0,1,00*78
2025-12-20 19:17:40.190 | $BDGSV,0,1,00*69
2025-12-20 19:17:40.241 | $GNRMC,171740.523,V,,,,,,,201225,,,N*55
2025-12-20 19:17:40.272 | $GNZDA,171740.523,20,12,2025,,*4C
2025-12-20 19:17:41.084 | $GNGGA,171741.523,,,,,0,00,,,M,,M,,*67
2025-12-20 19:17:41.125 | $GPGSA,A,1,,,,,,,,,,,,,,,,1*03
2025-12-20 19:17:41.156 | $BDGSA,A,1,,,,,,,,,,,,,,,,4*17
2025-12-20 19:17:41.176 | $GPGSV,0,1,00*78
2025-12-20 19:17:41.197 | $BDGSV,0,1,00*69
2025-12-20 19:17:41.238 | $GNRMC,171741.523,V,,,,,,,201225,,,N*54
2025-12-20 19:17:41.268 | $GNZDA,171741.523,20,12,2025,,*4D
2025-12-20 19:17:42.091 | $GNGGA,171742.523,,,,,0,00,,,M,,M,,*64
2025-12-20 19:17:42.122 | $GPGSA,A,1,,,,,,,,,,,,,,,,1*03
2025-12-20 19:17:42.153 | $BDGSA,A,1,,,,,,,,,,,,,,,,4*17
2025-12-20 19:17:42.174 | $GPGSV,0,1,00*78
2025-12-20 19:17:42.194 | $BDGSV,0,1,00*69
2025-12-20 19:17:42.236 | $GNRMC,171742.523,V,,,,,,,201225,,,N*57
2025-12-20 19:17:42.277 | $GNZDA,171742.523,20,12,2025,,*4E
2025-12-20 19:17:43.088 | $GNGGA,171743.523,,,,,0,00,,,M,,M,,*65
2025-12-20 19:17:43.119 | $GPGSA,A,1,,,,,,,,,,,,,,,,1*03
2025-12-20 19:17:43.161 | $BDGSA,A,1,,,,,,,,,,,,,,,,4*17
2025-12-20 19:17:43.171 | $GPGSV,0,1,00*78
2025-12-20 19:17:43.192 | $BDGSV,0,1,00*69
2025-12-20 19:17:43.233 | $GNRMC,171743.523,V,,,,,,,201225,,,N*56
2025-12-20 19:17:43.274 | $GNZDA,171743.523,20,12,2025,,*4F
2025-12-20 19:17:44.085 | $GNGGA,171744.523,,,,,0,00,,,M,,M,,*62
2025-12-20 19:17:44.117 | $GPGSA,A,1,,,,,,,,,,,,,,,,1*03
2025-12-20 19:17:44.158 | $BDGSA,A,1,,,,,,,,,,,,,,,,4*17
2025-12-20 19:17:44.169 | $GPGSV,0,1,00*78
2025-12-20 19:17:44.190 | $BDGSV,0,1,00*69
2025-12-20 19:17:44.231 | $GNRMC,171744.523,V,,,,,,,201225,,,N*51
2025-12-20 19:17:44.272 | $GNZDA,171744.523,20,12,2025,,*48
2025-12-20 19:17:45.083 | $GNGGA,171745.523,,,,,0,00,,,M,,M,,*63
2025-12-20 19:17:45.124 | $GPGSA,A,1,,,,,,,,,,,,,,,,1*03
2025-12-20 19:17:45.155 | $BDGSA,A,1,,,,,,,,,,,,,,,,4*17
2025-12-20 19:17:45.175 | $GPGSV,0,1,00*78
2025-12-20 19:17:45.196 | $BDGSV,0,1,00*69
2025-12-20 19:17:45.237 | $GNRMC,171745.523,V,,,,,,,201225,,,N*50
2025-12-20 19:17:45.268 | $GNZDA,171745.523,20,12,2025,,*49
2025-12-20 19:17:46.091 | $GNGGA,171746.523,,,,,0,00,,,M,,M,,*60
2025-12-20 19:17:46.121 | $GPGSA,A,1,,,,,,,,,,,,,,,,1*03
2025-12-20 19:17:46.152 | $BDGSA,A,1,,,,,,,,,,,,,,,,4*17
2025-12-20 19:17:46.173 | $GPGSV,0,1,00*78
2025-12-20 19:17:46.194 | $BDGSV,0,1,00*69
2025-12-20 19:17:46.235 | $GNRMC,171746.523,V,,,,,,,201225,,,N*53
2025-12-20 19:17:46.276 | $GNZDA,171746.523,20,12,2025,,*4A
2025-12-20 19:17:47.088 | $GNGGA,171747.523,,,,,0,00,,,M,,M,,*61
2025-12-20 19:17:47.119 | $GPGSA,A,1,,,,,,,,,,,,,,,,1*03
2025-12-20 19:17:47.150 | $BDGSA,A,1,,,,,,,,,,,,,,,,4*17
2025-12-20 19:17:47.170 | $GPGSV,0,1,00*78
2025-12-20 19:17:47.191 | $BDGSV,0,1,00*69
2025-12-20 19:17:47.232 | $GNRMC,171747.523,V,,,,,,,201225,,,N*52
2025-12-20 19:17:47.273 | $GNZDA,171747.523,20,12,2025,,*4B
2025-12-20 19:17:48.084 | $GNGGA,171748.523,,,,,0,00,,,M,,M,,*6E
2025-12-20 19:17:48.125 | $GPGSA,A,1,,,,,,,,,,,,,,,,1*03
2025-12-20 19:17:48.156 | $BDGSA,A,1,,,,,,,,,,,,,,,,4*17
2025-12-20 19:17:48.177 | $GPGSV,0,1,00*78
2025-12-20 19:17:48.187 | $BDGSV,0,1,00*69
2025-12-20 19:17:48.238 | $GNRMC,171748.523,V,,,,,,,201225,,,N*5D
2025-12-20 19:17:48.269 | $GNZDA,171748.523,20,12,2025,,*44
2025-12-20 19:17:49.090 | $GNGGA,171749.523,,,,,0,00,,,M,,M,,*6F
2025-12-20 19:17:49.121 | $GPGSA,A,1,,,,,,,,,,,,,,,,1*03
2025-12-20 19:17:49.152 | $BDGSA,A,1,,,,,,,,,,,,,,,,4*17
2025-12-20 19:17:49.173 | $GPGSV,0,1,00*78
2025-12-20 19:17:49.194 | $BDGSV,0,1,00*69
2025-12-20 19:17:49.235 | $GNRMC,171749.523,V,,,,,,,201225,,,N*5C
2025-12-20 19:17:49.276 | $GNZDA,171749.523,20,12,2025,,*45
2025-12-20 19:17:50.088 | $GNGGA,171750.523,,,,,0,00,,,M,,M,,*67
2025-12-20 19:17:50.119 | $GPGSA,A,1,,,,,,,,,,,,,,,,1*03
2025-12-20 19:17:50.149 | $BDGSA,A,1,,,,,,,,,,,,,,,,4*17
2025-12-20 19:17:50.170 | $GPGSV,0,1,00*78
2025-12-20 19:17:50.191 | $BDGSV,0,1,00*69
2025-12-20 19:17:50.232 | $GNRMC,171750.523,V,,,,,,,201225,,,N*54
2025-12-20 19:17:50.273 | $GNZDA,171750.523,20,12,2025,,*4D
2025-12-20 19:17:51.085 | $GNGGA,171751.523,,,,,0,00,,,M,,M,,*66
2025-12-20 19:17:51.126 | $GPGSA,A,1,,,,,,,,,,,,,,,,1*03
2025-12-20 19:17:51.157 | $BDGSA,A,1,,,,,,,,,,,,,,,,4*17
2025-12-20 19:17:51.169 | $GPGSV,0,1,00*78
2025-12-20 19:17:51.189 | $BDGSV,0,1,00*69
2025-12-20 19:17:51.230 | $GNRMC,171751.523,V,,,,,,,201225,,,N*55
2025-12-20 19:17:51.271 | $GNZDA,171751.523,20,12,2025,,*4C
2025-12-20 19:17:52.083 | $GNGGA,171752.523,,,,,0,00,,,M,,M,,*65
2025-12-20 19:17:52.124 | $GPGSA,A,1,,,,,,,,,,,,,,,,1*03
2025-12-20 19:17:52.155 | $BDGSA,A,1,,,,,,,,,,,,,,,,4*17
2025-12-20 19:17:52.176 | $GPGSV,0,1,00*78
2025-12-20 19:17:52.196 | $BDGSV,0,1,00*69
2025-12-20 19:17:52.237 | $GNRMC,171752.523,V,,,,,,,201225,,,N*56
2025-12-20 19:17:52.268 | $GNZDA,171752.523,20,12,2025,,*4F
2025-12-20 19:17:53.090 | $GNGGA,171753.523,,,,,0,00,,,M,,M,,*64
2025-12-20 19:17:53.121 | $GPGSA,A,1,,,,,,,,,,,,,,,,1*03
2025-12-20 19:17:53.152 | $BDGSA,A,1,,,,,,,,,,,,,,,,4*17
2025-12-20 19:17:53.173 | $GPGSV,0,1,00*78
2025-12-20 19:17:53.194 | $BDGSV,0,1,00*69
2025-12-20 19:17:53.234 | $GNRMC,171753.523,V,,,,,,,201225,,,N*57
2025-12-20 19:17:53.275 | $GNZDA,171753.523,20,12,2025,,*4E
2025-12-20 19:17:54.087 | $GNGGA,171754.523,,,,,0,00,,,M,,M,,*63
2025-12-20 19:17:54.118 | $GPGSA,A,1,,,,,,,,,,,,,,,,1*03
2025-12-20 19:17:54.149 | $BDGSA,A,1,,,,,,,,,,,,,,,,4*17
2025-12-20 19:17:54.170 | $GPGSV,0,1,00*78
2025-12-20 19:17:54.190 | $BDGSV,0,1,00*69
2025-12-20 19:17:54.231 | $GNRMC,171754.523,V,,,,,,,201225,,,N*50
2025-12-20 19:17:54.272 | $GNZDA,171754.523,20,12,2025,,*49
2025-12-20 19:17:55.083 | $GNGGA,171755.523,,,,,0,00,,,M,,M,,*62
2025-12-20 19:17:55.124 | $GPGSA,A,1,,,,,,,,,,,,,,,,1*03
2025-12-20 19:17:55.155 | $BDGSA,A,1,,,,,,,,,,,,,,,,4*17
2025-12-20 19:17:55.175 | $GPGSV,0,1,00*78
2025-12-20 19:17:55.196 | $BDGSV,0,1,00*69
2025-12-20 19:17:55.236 | $GNRMC,171755.523,V,,,,,,,201225,,,N*51
2025-12-20 19:17:55.267 | $GNZDA,171755.523,20,12,2025,,*48
2025-12-20 19:17:56.088 | $GNGGA,171756.523,,,,,0,00,,,M,,M,,*61
2025-12-20 19:17:56.119 | $GPGSA,A,1,,,,,,,,,,,,,,,,1*03
2025-12-20 19:17:56.149 | $BDGSA,A,1,,,,,,,,,,,,,,,,4*17
2025-12-20 19:17:56.170 | $GPGSV,0,1,00*78
2025-12-20 19:17:56.190 | $BDGSV,0,1,00*69
2025-12-20 19:17:56.232 | $GNRMC,171756.523,V,,,,,,,201225,,,N*52
2025-12-20 19:17:56.273 | $GNZDA,171756.523,20,12,2025,,*4B
2025-12-20 19:17:57.083 | $GNGGA,171757.523,,,,,0,00,,,M,,M,,*60
2025-12-20 19:17:57.124 | $GPGSA,A,1,,,,,,,,,,,,,,,,1*03
2025-12-20 19:17:57.155 | $BDGSA,A,1,,,,,,,,,,,,,,,,4*17
2025-12-20 19:17:57.175 | $GPGSV,0,1,00*78
2025-12-20 19:17:57.196 | $BDGSV,0,1,00*69
2025-12-20 19:17:57.237 | $GNRMC,171757.523,V,,,,,,,201225,,,N*53
2025-12-20 19:17:57.268 | $GNZDA,171757.523,20,12,2025,,*4A
2025-12-20 19:17:58.089 | $GNGGA,171758.523,,,,,0,00,,,M,,M,,*6F
2025-12-20 19:17:58.120 | $GPGSA,A,1,,,,,,,,,,,,,,,,1*03
2025-12-20 19:17:58.151 | $BDGSA,A,1,,,,,,,,,,,,,,,,4*17
2025-12-20 19:17:58.171 | $GPGSV,0,1,00*78
2025-12-20 19:17:58.192 | $BDGSV,0,1,00*69
2025-12-20 19:17:58.233 | $GNRMC,171758.523,V,,,,,,,201225,,,N*5C
2025-12-20 19:17:58.274 | $GNZDA,171758.523,20,12,2025,,*45
2025-12-20 19:17:59.086 | $GNGGA,171759.523,,,,,0,00,,,M,,M,,*6E
2025-12-20 19:17:59.117 | $GPGSA,A,1,,,,,,,,,,,,,,,,1*03
2025-12-20 19:17:59.158 | $BDGSA,A,1,,,,,,,,,,,,,,,,4*17
2025-12-20 19:17:59.168 | $GPGSV,0,1,00*78
2025-12-20 19:17:59.189 | $BDGSV,0,1,00*69
2025-12-20 19:17:59.229 | $GNRMC,171759.523,V,,,,,,,201225,,,N*5D
2025-12-20 19:17:59.270 | $GNZDA,171759.523,20,12,2025,,*44
2025-12-20 19:18:00.091 | $GNGGA,171800.523,,,,,0,00,,,M,,M,,*6D
2025-12-20 19:18:00.122 | $GPGSA,A,1,,,,,,,,,,,,,,,,1*03
2025-12-20 19:18:00.152 | $BDGSA,A,1,,,,,,,,,,,,,,,,4*17
2025-12-20 19:18:00.173 | $GPGSV,0,1,00*78
2025-12-20 19:18:00.193 | $BDGSV,0,1,00*69
2025-12-20 19:18:00.234 | $GNRMC,171800.523,V,,,,,,,201225,,,N*5E
2025-12-20 19:18:00.275 | $GNZDA,171800.523,20,12,2025,,*47
2025-12-20 19:18:01.086 | $GNGGA,171801.523,,,,,0,00,,,M,,M,,*6C
2025-12-20 19:18:01.117 | $GPGSA,A,1,,,,,,,,,,,,,,,,1*03
2025-12-20 19:18:01.158 | $BDGSA,A,1,,,,,,,,,,,,,,,,4*17
2025-12-20 19:18:01.168 | $GPGSV,0,1,00*78
2025-12-20 19:18:01.189 | $BDGSV,0,1,00*69
2025-12-20 19:18:01.230 | $GNRMC,171801.523,V,,,,,,,201225,,,N*5F
2025-12-20 19:18:01.271 | $GNZDA,171801.523,20,12,2025,,*46
2025-12-20 19:18:02.092 | $GNGGA,171802.523,,,,,0,00,,,M,,M,,*6F
2025-12-20 19:18:02.123 | $GPGSA,A,1,,,,,,,,,,,,,,,,1*03
2025-12-20 19:18:02.154 | $BDGSA,A,1,,,,,,,,,,,,,,,,4*17
2025-12-20 19:18:02.174 | $GPGSV,0,1,00*78
2025-12-20 19:18:02.195 | $BDGSV,0,1,00*69
2025-12-20 19:18:02.236 | $GNRMC,171802.523,V,,,,,,,201225,,,N*5C
2025-12-20 19:18:02.267 | $GNZDA,171802.523,20,12,2025,,*45
2025-12-20 19:18:03.088 | $GNGGA,171803.523,,,,,0,00,,,M,,M,,*6E
2025-12-20 19:18:03.119 | $GPGSA,A,1,,,,,,,,,,,,,,,,1*03
2025-12-20 19:18:03.149 | $BDGSA,A,1,,,,,,,,,,,,,,,,4*17
2025-12-20 19:18:03.170 | $GPGSV,0,1,00*78
2025-12-20 19:18:03.190 | $BDGSV,0,1,00*69
2025-12-20 19:18:03.231 | $GNRMC,171803.523,V,,,,,,,201225,,,N*5D
2025-12-20 19:18:03.272 | $GNZDA,171803.523,20,12,2025,,*44
2025-12-20 19:18:04.084 | $GNGGA,171804.523,,,,,0,00,,,M,,M,,*69
2025-12-20 19:18:04.125 | $GPGSA,A,1,,,,,,,,,,,,,,,,1*03
2025-12-20 19:18:04.156 | $BDGSA,A,1,,,,,,,,,,,,,,,,4*17
2025-12-20 19:18:04.176 | $GPGSV,0,1,00*78
2025-12-20 19:18:04.187 | $BDGSV,0,1,00*69
2025-12-20 19:18:04.238 | $GNRMC,171804.523,V,,,,,,,201225,,,N*5A
2025-12-20 19:18:04.274 | $GNZDA,171804.523,20,12,2025,,*43
2025-12-20 19:18:05.085 | $GNGGA,171805.523,,,,,0,00,,,M,,M,,*68
2025-12-20 19:18:05.116 | $GPGSA,A,1,,,,,,,,,,,,,,,,1*03
2025-12-20 19:18:05.157 | $BDGSA,A,1,,,,,,,,,,,,,,,,4*17
2025-12-20 19:18:05.178 | $GPGSV,0,1,00*78
2025-12-20 19:18:05.188 | $BDGSV,0,1,00*69
2025-12-20 19:18:05.239 | $GNRMC,171805.523,V,,,,,,,201225,,,N*5B
2025-12-20 19:18:05.270 | $GNZDA,171805.523,20,12,2025,,*42
2025-12-20 19:18:06.092 | $GNGGA,171806.523,,,,,0,00,,,M,,M,,*6B
2025-12-20 19:18:06.122 | $GPGSA,A,1,,,,,,,,,,,,,,,,1*03
2025-12-20 19:18:06.153 | $BDGSA,A,1,,,,,,,,,,,,,,,,4*17
2025-12-20 19:18:06.174 | $GPGSV,0,1,00*78
2025-12-20 19:18:06.194 | $BDGSV,0,1,00*69
2025-12-20 19:18:06.235 | $GNRMC,171806.523,V,,,,,,,201225,,,N*58
2025-12-20 19:18:06.276 | $GNZDA,171806.523,20,12,2025,,*41
2025-12-20 19:18:07.087 | $GNGGA,171807.523,,,,,0,00,,,M,,M,,*6A
2025-12-20 19:18:07.118 | $GPGSA,A,1,,,,,,,,,,,,,,,,1*03
2025-12-20 19:18:07.149 | $BDGSA,A,1,,,,,,,,,,,,,,,,4*17
2025-12-20 19:18:07.170 | $GPGSV,0,1,00*78
2025-12-20 19:18:07.191 | $BDGSV,0,1,00*69
2025-12-20 19:18:07.232 | $GNRMC,171807.523,V,,,,,,,201225,,,N*59
2025-12-20 19:18:07.273 | $GNZDA,171807.523,20,12,2025,,*40
2025-12-20 19:18:08.084 | $GNGGA,171808.523,,,,,0,00,,,M,,M,,*65
2025-12-20 19:18:08.125 | $GPGSA,A,1,,,,,,,,,,,,,,,,1*03
2025-12-20 19:18:08.156 | $BDGSA,A,1,,,,,,,,,,,,,,,,4*17
2025-12-20 19:18:08.177 | $GPGSV,0,1,00*78
2025-12-20 19:18:08.187 | $BDGSV,0,1,00*69
2025-12-20 19:18:08.238 | $GNRMC,171808.523,V,,,,,,,201225,,,N*56
2025-12-20 19:18:08.269 | $GNZDA,171808.523,20,12,2025,,*4F
2025-12-20 19:18:09.090 | $GNGGA,171809.523,,,,,0,00,,,M,,M,,*64
2025-12-20 19:18:09.121 | $GPGSA,A,1,,,,,,,,,,,,,,,,1*03
2025-12-20 19:18:09.152 | $BDGSA,A,1,,,,,,,,,,,,,,,,4*17
2025-12-20 19:18:09.173 | $GPGSV,0,1,00*78
2025-12-20 19:18:09.194 | $BDGSV,0,1,00*69
2025-12-20 19:18:09.235 | $GNRMC,171809.523,V,,,,,,,201225,,,N*57
2025-12-20 19:18:09.276 | $GNZDA,171809.523,20,12,2025,,*4E
2025-12-20 19:18:10.087 | $GNGGA,171810.523,,,,,0,00,,,M,,M,,*6C
2025-12-20 19:18:10.118 | $GPGSA,A,1,,,,,,,,,,,,,,,,1*03
2025-12-20 19:18:10.159 | $BDGSA,A,1,,,,,,,,,,,,,,,,4*17
2025-12-20 19:18:10.169 | $GPGSV,0,1,00*78
2025-12-20 19:18:10.190 | $BDGSV,0,1,00*69
2025-12-20 19:18:10.231 | $GNRMC,171810.523,V,,,,,,,201225,,,N*5F
2025-12-20 19:18:10.272 | $GNZDA,171810.523,20,12,2025,,*46
2025-12-20 19:18:11.083 | $GNGGA,171811.523,,,,,0,00,,,M,,M,,*6D
2025-12-20 19:18:11.124 | $GPGSA,A,1,,,,,,,,,,,,,,,,1*03
2025-12-20 19:18:11.155 | $BDGSA,A,1,,,,,,,,,,,,,,,,4*17
2025-12-20 19:18:11.176 | $GPGSV,0,1,00*78
2025-12-20 19:18:11.197 | $BDGSV,0,1,00*69
2025-12-20 19:18:11.238 | $GNRMC,171811.523,V,,,,,,,201225,,,N*5E
2025-12-20 19:18:11.269 | $GNZDA,171811.523,20,12,2025,,*47
2025-12-20 19:18:12.090 | $GNGGA,171812.523,,,,,0,00,,,M,,M,,*6E
2025-12-20 19:18:12.121 | $GPGSA,A,1,,,,,,,,,,,,,,,,1*03
2025-12-20 19:18:12.152 | $BDGSA,A,1,,,,,,,,,,,,,,,,4*17
2025-12-20 19:18:12.172 | $GPGSV,0,1,00*78
2025-12-20 19:18:12.193 | $BDGSV,0,1,00*69
2025-12-20 19:18:12.234 | $GNRMC,171812.523,V,,,,,,,201225,,,N*5D
2025-12-20 19:18:12.275 | $GNZDA,171812.523,20,12,2025,,*44
2025-12-20 19:18:13.086 | $GNGGA,171813.523,,,,,0,00,,,M,,M,,*6F
2025-12-20 19:18:13.117 | $GPGSA,A,1,,,,,,,,,,,,,,,,1*03
2025-12-20 19:18:13.158 | $BDGSA,A,1,,,,,,,,,,,,,,,,4*17
2025-12-20 19:18:13.169 | $GPGSV,0,1,00*78
2025-12-20 19:18:13.189 | $BDGSV,0,1,00*69
2025-12-20 19:18:13.230 | $GNRMC,171813.523,V,,,,,,,201225,,,N*5C
2025-12-20 19:18:13.271 | $GNZDA,171813.523,20,12,2025,,*45
2025-12-20 19:18:14.083 | $GNGGA,171814.523,,,,,0,00,,,M,,M,,*68
2025-12-20 19:18:14.124 | $GPGSA,A,1,,,,,,,,,,,,,,,,1*03
2025-12-20 19:18:14.154 | $BDGSA,A,1,,,,,,,,,,,,,,,,4*17
2025-12-20 19:18:14.175 | $GPGSV,0,1,00*78
2025-12-20 19:18:14.196 | $BDGSV,0,1,00*69
2025-12-20 19:18:14.237 | $GNRMC,171814.523,V,,,,,,,201225,,,N*5B
2025-12-20 19:18:14.267 | $GNZDA,171814.523,20,12,2025,,*42
2025-12-20 19:18:15.089 | $GNGGA,171815.523,,,,,0,00,,,M,,M,,*69
2025-12-20 19:18:15.120 | $GPGSA,A,1,,,,,,,,,,,,,,,,1*03
2025-12-20 19:18:15.151 | $BDGSA,A,1,,,,,,,,,,,,,,,,4*17
2025-12-20 19:18:15.171 | $GPGSV,0,1,00*78
2025-12-20 19:18:15.192 | $BDGSV,0,1,00*69
2025-12-20 19:18:15.232 | $GNRMC,171815.523,V,,,,,,,201225,,,N*5A
2025-12-20 19:18:15.273 | $GNZDA,171815.523,20,12,2025,,*43
2025-12-20 19:18:16.084 | $GNGGA,171816.523,,,,,0,00,,,M,,M,,*6A
2025-12-20 19:18:16.115 | $GPGSA,A,1,,,,,,,,,,,,,,,,1*03
2025-12-20 19:18:16.156 | $BDGSA,A,1,,,,,,,,,,,,,,,,4*17
2025-12-20 19:18:16.177 | $GPGSV,0,1,00*78
2025-12-20 19:18:16.187 | $BDGSV,0,1,00*69
2025-12-20 19:18:16.239 | $GNRMC,171816.523,V,,,,,,,201225,,,N*59
2025-12-20 19:18:16.269 | $GNZDA,171816.523,20,12,2025,,*40
2025-12-20 19:18:17.091 | $GNGGA,171817.523,,,,,0,00,,,M,,M,,*6B
2025-12-20 19:18:17.121 | $GPGSA,A,1,,,,,,,,,,,,,,,,1*03
2025-12-20 19:18:17.152 | $BDGSA,A,1,,,,,,,,,,,,,,,,4*17
2025-12-20 19:18:17.173 | $GPGSV,0,1,00*78
2025-12-20 19:18:17.194 | $BDGSV,0,1,00*69
2025-12-20 19:18:17.235 | $GNRMC,171817.523,V,,,,,,,201225,,,N*58
2025-12-20 19:18:17.276 | $GNZDA,171817.523,20,12,2025,,*41
2025-12-20 19:18:18.087 | $GNGGA,171818.523,,,,,0,00,,,M,,M,,*64
2025-12-20 19:18:18.118 | $GPGSA,A,1,,,,,,,,,,,,,,,,1*03
2025-12-20 19:18:18.149 | $BDGSA,A,1,,,,,,,,,,,,,,,,4*17
2025-12-20 19:18:18.169 | $GPGSV,0,1,00*78
2025-12-20 19:18:18.190 | $BDGSV,0,1,00*69
2025-12-20 19:18:18.231 | $GNRMC,171818.523,V,,,,,,,201225,,,N*57
2025-12-20 19:18:18.272 | $GNZDA,171818.523,20,12,2025,,*4E
2025-12-20 19:18:19.093 | $GNGGA,171819.523,,,,,0,00,,,M,,M,,*65
2025-12-20 19:18:19.124 | $GPGSA,A,1,,,,,,,,,,,,,,,,1*03
2025-12-20 19:18:19.155 | $BDGSA,A,1,,,,,,,,,,,,,,,,4*17
2025-12-20 19:18:19.185 | $GPGSV,1,1,01,5,,,43*4A
2025-12-20 19:18:19.206 | $BDGSV,0,1,00*69
2025-12-20 19:18:19.247 | $GNRMC,171819.523,V,,,,,,,201225,,,N*56
2025-12-20 19:18:19.278 | $GNZDA,171819.523,20,12,2025,,*4F
2025-12-20 19:18:20.089 | $GNGGA,171820.523,,,,,0,00,,,M,,M,,*6F
2025-12-20 19:18:20.120 | $GPGSA,A,1,,,,,,,,,,,,,,,,1*03
2025-12-20 19:18:20.161 | $BDGSA,A,1,,,,,,,,,,,,,,,,4*17
2025-12-20 19:18:20.182 | $GPGSV,1,1,01,5,,,43*4A
2025-12-20 19:18:20.202 | $BDGSV,0,1,00*69
2025-12-20 19:18:20.243 | $GNRMC,171820.523,V,,,,,,,201225,,,N*5C
2025-12-20 19:18:20.284 | $GNZDA,171820.523,20,12,2025,,*45
2025-12-20 19:18:21.086 | $GNGGA,171821.523,,,,,0,00,,,M,,M,,*6E
2025-12-20 19:18:21.126 | $GPGSA,A,1,,,,,,,,,,,,,,,,1*03
2025-12-20 19:18:21.157 | $BDGSA,A,1,,,,,,,,,,,,,,,,4*17
2025-12-20 19:18:21.188 | $GPGSV,1,1,01,5,,,43*4A
2025-12-20 19:18:21.198 | $BDGSV,0,1,00*69
2025-12-20 19:18:21.249 | $GNRMC,171821.523,V,,,,,,,201225,,,N*5D
2025-12-20 19:18:21.280 | $GNZDA,171821.523,20,12,2025,,*44
2025-12-20 19:18:22.092 | $GNGGA,171822.523,,,,,0,00,,,M,,M,,*6D
2025-12-20 19:18:22.123 | $GPGSA,A,1,,,,,,,,,,,,,,,,1*03
2025-12-20 19:18:22.164 | $BDGSA,A,1,,,,,,,,,,,,,,,,4*17
2025-12-20 19:18:22.184 | $GPGSV,1,1,01,5,,,43*4A
2025-12-20 19:18:22.205 | $BDGSV,0,1,00*69
2025-12-20 19:18:22.246 | $GNRMC,171822.523,V,,,,,,,201225,,,N*5E
2025-12-20 19:18:22.287 | $GNZDA,171822.523,20,12,2025,,*47
2025-12-20 19:18:23.089 | $GNGGA,171823.523,,,,,0,00,,,M,,M,,*6C
2025-12-20 19:18:23.130 | $GPGSA,A,1,,,,,,,,,,,,,,,,1*03
2025-12-20 19:18:23.160 | $BDGSA,A,1,,,,,,,,,,,,,,,,4*17
2025-12-20 19:18:23.181 | $GPGSV,1,1,01,5,,,43*4A
2025-12-20 19:18:23.201 | $BDGSV,0,1,00*69
2025-12-20 19:18:23.242 | $GNRMC,171823.523,V,,,,,,,201225,,,N*5F
2025-12-20 19:18:23.283 | $GNZDA,171823.523,20,12,2025,,*46
2025-12-20 19:18:24.094 | $GNGGA,171824.523,,,,,0,00,,,M,,M,,*6B
2025-12-20 19:18:24.125 | $GPGSA,A,1,,,,,,,,,,,,,,,,1*03
2025-12-20 19:18:24.156 | $BDGSA,A,1,,,,,,,,,,,,,,,,4*17
2025-12-20 19:18:24.186 | $GPGSV,1,1,01,5,,,43*4A
2025-12-20 19:18:24.207 | $BDGSV,0,1,00*69
2025-12-20 19:18:24.248 | $GNRMC,171824.523,V,,,,,,,201225,,,N*58
2025-12-20 19:18:24.279 | $GNZDA,171824.523,20,12,2025,,*41
2025-12-20 19:18:25.091 | $GNGGA,171825.523,,,,,0,00,,,M,,M,,*6A
2025-12-20 19:18:25.132 | $GPGSA,A,1,,,,,,,,,,,,,,,,1*03
2025-12-20 19:18:25.163 | $BDGSA,A,1,,,,,,,,,,,,,,,,4*17
2025-12-20 19:18:25.184 | $GPGSV,1,1,01,5,,,43*4A
2025-12-20 19:18:25.215 | $BDGSV,1,1,01,2,,,28*51
2025-12-20 19:18:25.256 | $GNRMC,171825.523,V,,,,,,,201225,,,N*59
2025-12-20 19:18:25.297 | $GNZDA,171825.523,20,12,2025,,*40
2025-12-20 19:18:26.091 | $GNGGA,171826.523,,,,,0,00,,,M,,M,,*69
2025-12-20 19:18:26.132 | $GPGSA,A,1,,,,,,,,,,,,,,,,1*03
2025-12-20 19:18:26.163 | $BDGSA,A,1,,,,,,,,,,,,,,,,4*17
2025-12-20 19:18:26.183 | $GPGSV,1,1,01,5,,,43*4A
2025-12-20 19:18:26.214 | $BDGSV,1,1,01,2,,,28*51
2025-12-20 19:18:26.255 | $GNRMC,171826.523,V,,,,,,,201225,,,N*5A
2025-12-20 19:18:26.296 | $GNZDA,171826.523,20,12,2025,,*43
2025-12-20 19:18:27.098 | $GNGGA,171827.523,,,,,0,00,,,M,,M,,*68
2025-12-20 19:18:27.128 | $GPGSA,A,1,,,,,,,,,,,,,,,,1*03
2025-12-20 19:18:27.159 | $BDGSA,A,1,,,,,,,,,,,,,,,,4*17
2025-12-20 19:18:27.190 | $GPGSV,1,1,01,5,,,43*4A
2025-12-20 19:18:27.211 | $BDGSV,1,1,01,2,,,28*51
2025-12-20 19:18:27.262 | $GNRMC,171827.523,V,,,,,,,201225,,,N*5B
2025-12-20 19:18:27.293 | $GNZDA,171827.523,20,12,2025,,*42
2025-12-20 19:18:28.095 | $GNGGA,171828.523,,,,,0,00,,,M,,M,,*67
2025-12-20 19:18:28.126 | $GPGSA,A,1,,,,,,,,,,,,,,,,1*03
2025-12-20 19:18:28.167 | $BDGSA,A,1,,,,,,,,,,,,,,,,4*17
2025-12-20 19:18:28.188 | $GPGSV,1,1,01,5,,,44*4D
2025-12-20 19:18:28.219 | $BDGSV,1,1,01,2,,,29*50
2025-12-20 19:18:28.260 | $GNRMC,171828.523,V,,,,,,,201225,,,N*54
2025-12-20 19:18:28.291 | $GNZDA,171828.523,20,12,2025,,*4D
2025-12-20 19:18:29.093 | $GNGGA,171829.523,,,,,0,00,,,M,,M,,*66
2025-12-20 19:18:29.124 | $GPGSA,A,1,,,,,,,,,,,,,,,,1*03
2025-12-20 19:18:29.165 | $BDGSA,A,1,,,,,,,,,,,,,,,,4*17
2025-12-20 19:18:29.185 | $GPGSV,1,1,01,5,,,31*4F
2025-12-20 19:18:29.216 | $BDGSV,1,1,01,2,,,28*51
2025-12-20 19:18:29.258 | $GNRMC,171829.523,V,,,,,,,201225,,,N*55
2025-12-20 19:18:29.299 | $GNZDA,171829.523,20,12,2025,,*4C
2025-12-20 19:18:30.098 | $GNGGA,171830.523,,,,,0,00,,,M,,M,,*6E
2025-12-20 19:18:30.129 | $GPGSA,A,1,,,,,,,,,,,,,,,,1*03
2025-12-20 19:18:30.160 | $BDGSA,A,1,,,,,,,,,,,,,,,,4*17
2025-12-20 19:18:30.190 | $GPGSV,1,1,01,5,,,30*4E
2025-12-20 19:18:30.211 | $BDGSV,1,1,01,2,,,26*5F
2025-12-20 19:18:30.262 | $GNRMC,171830.523,V,,,,,,,201225,,,N*5D
2025-12-20 19:18:30.292 | $GNZDA,171830.523,20,12,2025,,*44
2025-12-20 19:18:31.093 | $GNGGA,171831.523,,,,,0,00,,,M,,M,,*6F
2025-12-20 19:18:31.133 | $GPGSA,A,1,,,,,,,,,,,,,,,,1*03
2025-12-20 19:18:31.164 | $BDGSA,A,1,,,,,,,,,,,,,,,,4*17
2025-12-20 19:18:31.195 | $GPGSV,1,1,01,5,,,30*4E
2025-12-20 19:18:31.215 | $BDGSV,1,1,01,2,,,25*5C
2025-12-20 19:18:31.256 | $GNRMC,171831.523,V,,,,,,,201225,,,N*5C
2025-12-20 19:18:31.297 | $GNZDA,171831.523,20,12,2025,,*45
2025-12-20 19:18:32.088 | $GNGGA,171832.523,,,,,0,00,,,M,,M,,*6C
2025-12-20 19:18:32.129 | $GPGSA,A,1,,,,,,,,,,,,,,,,1*03
2025-12-20 19:18:32.160 | $BDGSA,A,1,,,,,,,,,,,,,,,,4*17
2025-12-20 19:18:32.180 | $GPGSV,1,1,01,5,,,27*48
2025-12-20 19:18:32.201 | $BDGSV,0,1,00*69
2025-12-20 19:18:32.242 | $GNRMC,171832.523,V,,,,,,,201225,,,N*5F
2025-12-20 19:18:32.283 | $GNZDA,171832.523,20,12,2025,,*46
2025-12-20 19:18:33.094 | $GNGGA,171833.523,,,,,0,00,,,M,,M,,*6D
2025-12-20 19:18:33.125 | $GPGSA,A,1,,,,,,,,,,,,,,,,1*03
2025-12-20 19:18:33.155 | $BDGSA,A,1,,,,,,,,,,,,,,,,4*17
2025-12-20 19:18:33.186 | $GPGSV,1,1,01,5,,,27*48
2025-12-20 19:18:33.207 | $BDGSV,0,1,00*69
2025-12-20 19:18:33.248 | $GNRMC,171833.523,V,,,,,,,201225,,,N*5E
2025-12-20 19:18:33.279 | $GNZDA,171833.523,20,12,2025,,*47
2025-12-20 19:18:34.090 | $GNGGA,171834.523,,,,,0,00,,,M,,M,,*6A
2025-12-20 19:18:34.121 | $GPGSA,A,1,,,,,,,,,,,,,,,,1*03
2025-12-20 19:18:34.162 | $BDGSA,A,1,,,,,,,,,,,,,,,,4*17
2025-12-20 19:18:34.183 | $GPGSV,1,1,01,5,,,26*49
2025-12-20 19:18:34.204 | $BDGSV,0,1,00*69
2025-12-20 19:18:34.245 | $GNRMC,171834.523,V,,,,,,,201225,,,N*59
2025-12-20 19:18:34.286 | $GNZDA,171834.523,20,12,2025,,*40
2025-12-20 19:18:35.087 | $GNGGA,171835.523,,,,,0,00,,,M,,M,,*6B
2025-12-20 19:18:35.118 | $GPGSA,A,1,,,,,,,,,,,,,,,,1*03
2025-12-20 19:18:35.159 | $BDGSA,A,1,,,,,,,,,,,,,,,,4*17
2025-12-20 19:18:35.179 | $GPGSV,1,1,01,5,,,20*4F
2025-12-20 19:18:35.200 | $BDGSV,0,1,00*69
2025-12-20 19:18:35.241 | $GNRMC,171835.523,V,,,,,,,201225,,,N*58
2025-12-20 19:18:35.282 | $GNZDA,171835.523,20,12,2025,,*41
2025-12-20 19:18:36.093 | $GNGGA,171836.523,,,,,0,00,,,M,,M,,*68
2025-12-20 19:18:36.124 | $GPGSA,A,1,,,,,,,,,,,,,,,,1*03
2025-12-20 19:18:36.155 | $BDGSA,A,1,,,,,,,,,,,,,,,,4*17
2025-12-20 19:18:36.186 | $GPGSV,1,1,01,5,,,19*45
2025-12-20 19:18:36.196 | $BDGSV,0,1,00*69
2025-12-20 19:18:36.248 | $GNRMC,171836.523,V,,,,,,,201225,,,N*5B
2025-12-20 19:18:36.279 | $GNZDA,171836.523,20,12,2025,,*42
2025-12-20 19:18:37.091 | $GNGGA,171837.523,,,,,0,00,,,M,,M,,*69
2025-12-20 19:18:37.122 | $GPGSA,A,1,,,,,,,,,,,,,,,,1*03
2025-12-20 19:18:37.152 | $BDGSA,A,1,,,,,,,,,,,,,,,,4*17
2025-12-20 19:18:37.183 | $GPGSV,1,1,01,5,,,18*44
2025-12-20 19:18:37.204 | $BDGSV,0,1,00*69
2025-12-20 19:18:37.245 | $GNRMC,171837.523,V,,,,,,,201225,,,N*5A
2025-12-20 19:18:37.286 | $GNZDA,171837.523,20,12,2025,,*43
2025-12-20 19:18:38.087 | $GNGGA,171838.523,,,,,0,00,,,M,,M,,*66
2025-12-20 19:18:38.118 | $GPGSA,A,1,,,,,,,,,,,,,,,,1*03
2025-12-20 19:18:38.159 | $BDGSA,A,1,,,,,,,,,,,,,,,,4*17
2025-12-20 19:18:38.179 | $GPGSV,1,1,01,5,,,17*4B
2025-12-20 19:18:38.200 | $BDGSV,0,1,00*69
2025-12-20 19:18:38.240 | $GNRMC,171838.523,V,,,,,,,201225,,,N*55
2025-12-20 19:18:38.281 | $GNZDA,171838.523,20,12,2025,,*4C
2025-12-20 19:18:39.093 | $GNGGA,171839.523,,,,,0,00,,,M,,M,,*67
2025-12-20 19:18:39.124 | $GPGSA,A,1,,,,,,,,,,,,,,,,1*03
2025-12-20 19:18:39.155 | $BDGSA,A,1,,,,,,,,,,,,,,,,4*17
2025-12-20 19:18:39.186 | $GPGSV,1,1,01,5,,,17*4B
2025-12-20 19:18:39.196 | $BDGSV,0,1,00*69
2025-12-20 19:18:39.247 | $GNRMC,171839.523,V,,,,,,,201225,,,N*54
2025-12-20 19:18:39.278 | $GNZDA,171839.523,20,12,2025,,*4D
2025-12-20 19:18:40.090 | $GNGGA,171840.523,,,,,0,00,,,M,,M,,*69
2025-12-20 19:18:40.120 | $GPGSA,A,1,,,,,,,,,,,,,,,,1*03
2025-12-20 19:18:40.161 | $BDGSA,A,1,,,,,,,,,,,,,,,,4*17
2025-12-20 19:18:40.182 | $GPGSV,1,1,01,5,,,28*47
2025-12-20 19:18:40.203 | $BDGSV,0,1,00*69
2025-12-20 19:18:40.244 | $GNRMC,171840.523,V,,,,,,,201225,,,N*5A
2025-12-20 19:18:40.285 | $GNZDA,171840.523,20,12,2025,,*43
2025-12-20 19:18:41.086 | $GNGGA,171841.523,,,,,0,00,,,M,,M,,*68
2025-12-20 19:18:41.127 | $GPGSA,A,1,,,,,,,,,,,,,,,,1*03
2025-12-20 19:18:41.158 | $BDGSA,A,1,,,,,,,,,,,,,,,,4*17
2025-12-20 19:18:41.179 | $GPGSV,1,1,01,5,,,29*46
2025-12-20 19:18:41.199 | $BDGSV,0,1,00*69
2025-12-20 19:18:41.240 | $GNRMC,171841.523,V,,,,,,,201225,,,N*5B
2025-12-20 19:18:41.281 | $GNZDA,171841.523,20,12,2025,,*42
2025-12-20 19:18:42.093 | $GNGGA,171842.523,,,,,0,00,,,M,,M,,*6B
2025-12-20 19:18:42.124 | $GPGSA,A,1,,,,,,,,,,,,,,,,1*03
2025-12-20 19:18:42.154 | $BDGSA,A,1,,,,,,,,,,,,,,,,4*17
2025-12-20 19:18:42.185 | $GPGSV,1,1,01,5,,,28*47
2025-12-20 19:18:42.206 | $BDGSV,0,1,00*69
2025-12-20 19:18:42.247 | $GNRMC,171842.523,V,,,,,,,201225,,,N*58
2025-12-20 19:18:42.278 | $GNZDA,171842.523,20,12,2025,,*41
2025-12-20 19:18:43.089 | $GNGGA,171843.523,,,,,0,00,,,M,,M,,*6A
2025-12-20 19:18:43.120 | $GPGSA,A,1,,,,,,,,,,,,,,,,1*03
2025-12-20 19:18:43.161 | $BDGSA,A,1,,,,,,,,,,,,,,,,4*17
2025-12-20 19:18:43.181 | $GPGSV,1,1,01,5,,,26*49
2025-12-20 19:18:43.202 | $BDGSV,0,1,00*69
2025-12-20 19:18:43.243 | $GNRMC,171843.523,V,,,,,,,201225,,,N*59
2025-12-20 19:18:43.284 | $GNZDA,171843.523,20,12,2025,,*40
2025-12-20 19:18:44.085 | $GNGGA,171844.523,,,,,0,00,,,M,,M,,*6D
2025-12-20 19:18:44.126 | $GPGSA,A,1,,,,,,,,,,,,,,,,1*03
2025-12-20 19:18:44.157 | $BDGSA,A,1,,,,,,,,,,,,,,,,4*17
2025-12-20 19:18:44.178 | $GPGSV,1,1,01,5,,,26*49
2025-12-20 19:18:44.198 | $BDGSV,0,1,00*69
2025-12-20 19:18:44.250 | $GNRMC,171844.523,V,,,,,,,201225,,,N*5E
2025-12-20 19:18:44.280 | $GNZDA,171844.523,20,12,2025,,*47
2025-12-20 19:18:45.092 | $GNGGA,171845.523,,,,,0,00,,,M,,M,,*6C
2025-12-20 19:18:45.123 | $GPGSA,A,1,,,,,,,,,,,,,,,,1*03
2025-12-20 19:18:45.154 | $BDGSA,A,1,,,,,,,,,,,,,,,,4*17
2025-12-20 19:18:45.185 | $GPGSV,1,1,01,5,,,23*4C
2025-12-20 19:18:45.205 | $BDGSV,0,1,00*69
2025-12-20 19:18:45.246 | $GNRMC,171845.523,V,,,,,,,201225,,,N*5F
2025-12-20 19:18:45.277 | $GNZDA,171845.523,20,12,2025,,*46
2025-12-20 19:18:46.090 | $GNGGA,171846.523,,,,,0,00,,,M,,M,,*6F
2025-12-20 19:18:46.120 | $GPGSA,A,1,,,,,,,,,,,,,,,,1*03
2025-12-20 19:18:46.151 | $BDGSA,A,1,,,,,,,,,,,,,,,,4*17
2025-12-20 19:18:46.182 | $GPGSV,1,1,01,5,,,22*4D
2025-12-20 19:18:46.202 | $BDGSV,0,1,00*69
2025-12-20 19:18:46.243 | $GNRMC,171846.523,V,,,,,,,201225,,,N*5C
2025-12-20 19:18:46.284 | $GNZDA,171846.523,20,12,2025,,*45
2025-12-20 19:18:47.086 | $GNGGA,171847.523,,,,,0,00,,,M,,M,,*6E
2025-12-20 19:18:47.127 | $GPGSA,A,1,,,,,,,,,,,,,,,,1*03
2025-12-20 19:18:47.157 | $BDGSA,A,1,,,,,,,,,,,,,,,,4*17
2025-12-20 19:18:47.178 | $GPGSV,1,1,01,5,,,25*4A
2025-12-20 19:18:47.199 | $BDGSV,0,1,00*69
2025-12-20 19:18:47.240 | $GNRMC,171847.523,V,,,,,,,201225,,,N*5D
2025-12-20 19:18:47.281 | $GNZDA,171847.523,20,12,2025,,*44
2025-12-20 19:18:48.092 | $GNGGA,171848.523,,,,,0,00,,,M,,M,,*61
2025-12-20 19:18:48.123 | $GPGSA,A,1,,,,,,,,,,,,,,,,1*03
2025-12-20 19:18:48.154 | $BDGSA,A,1,,,,,,,,,,,,,,,,4*17
2025-12-20 19:18:48.184 | $GPGSV,1,1,01,5,,,31*4F
2025-12-20 19:18:48.205 | $BDGSV,0,1,00*69
2025-12-20 19:18:48.246 | $GNRMC,171848.523,V,,,,,,,201225,,,N*52
2025-12-20 19:18:48.277 | $GNZDA,171848.523,20,12,2025,,*4B
2025-12-20 19:18:49.089 | $GNGGA,171849.523,,,,,0,00,,,M,,M,,*60
2025-12-20 19:18:49.120 | $GPGSA,A,1,,,,,,,,,,,,,,,,1*03
2025-12-20 19:18:49.161 | $BDGSA,A,1,,,,,,,,,,,,,,,,4*17
2025-12-20 19:18:49.181 | $GPGSV,1,1,01,5,,,29*46
2025-12-20 19:18:49.202 | $BDGSV,0,1,00*69
2025-12-20 19:18:49.243 | $GNRMC,171849.523,V,,,,,,,201225,,,N*53
2025-12-20 19:18:49.284 | $GNZDA,171849.523,20,12,2025,,*4A
2025-12-20 19:18:50.085 | $GNGGA,171850.523,,,,,0,00,,,M,,M,,*68
2025-12-20 19:18:50.126 | $GPGSA,A,1,,,,,,,,,,,,,,,,1*03
2025-12-20 19:18:50.156 | $BDGSA,A,1,,,,,,,,,,,,,,,,4*17
2025-12-20 19:18:50.187 | $GPGSV,1,1,01,5,,,24*4B
2025-12-20 19:18:50.197 | $BDGSV,0,1,00*69
2025-12-20 19:18:50.248 | $GNRMC,171850.523,V,,,,,,,201225,,,N*5B
2025-12-20 19:18:50.279 | $GNZDA,171850.523,20,12,2025,,*42
2025-12-20 19:18:51.090 | $GNGGA,171851.523,,,,,0,00,,,M,,M,,*69
2025-12-20 19:18:51.121 | $GPGSA,A,1,,,,,,,,,,,,,,,,1*03
2025-12-20 19:18:51.153 | $BDGSA,A,1,,,,,,,,,,,,,,,,4*17
2025-12-20 19:18:51.183 | $GPGSV,1,1,01,5,,,24*4B
2025-12-20 19:18:51.204 | $BDGSV,0,1,00*69
2025-12-20 19:18:51.245 | $GNRMC,171851.523,V,,,,,,,201225,,,N*5A
2025-12-20 19:18:51.285 | $GNZDA,171851.523,20,12,2025,,*43
2025-12-20 19:18:52.087 | $GNGGA,171852.523,,,,,0,00,,,M,,M,,*6A
2025-12-20 19:18:52.128 | $GPGSA,A,1,,,,,,,,,,,,,,,,1*03
2025-12-20 19:18:52.159 | $BDGSA,A,1,,,,,,,,,,,,,,,,4*17
2025-12-20 19:18:52.179 | $GPGSV,1,1,01,5,,,30*4E
2025-12-20 19:18:52.200 | $BDGSV,0,1,00*69
2025-12-20 19:18:52.240 | $GNRMC,171852.523,V,,,,,,,201225,,,N*59
2025-12-20 19:18:52.281 | $GNZDA,171852.523,20,12,2025,,*40
2025-12-20 19:18:53.092 | $GNGGA,171853.523,,,,,0,00,,,M,,M,,*6B
2025-12-20 19:18:53.122 | $GPGSA,A,1,,,,,,,,,,,,,,,,1*03
2025-12-20 19:18:53.153 | $BDGSA,A,1,,,,,,,,,,,,,,,,4*17
2025-12-20 19:18:53.184 | $GPGSV,1,1,01,5,,,20*4F
2025-12-20 19:18:53.205 | $BDGSV,0,1,00*69
2025-12-20 19:18:53.245 | $GNRMC,171853.523,V,,,,,,,201225,,,N*58
2025-12-20 19:18:53.276 | $GNZDA,171853.523,20,12,2025,,*41
2025-12-20 19:18:54.088 | $GNGGA,171854.523,,,,,0,00,,,M,,M,,*6C
2025-12-20 19:18:54.119 | $GPGSA,A,1,,,,,,,,,,,,,,,,1*03
2025-12-20 19:18:54.160 | $BDGSA,A,1,,,,,,,,,,,,,,,,4*17
2025-12-20 19:18:54.181 | $GPGSV,1,1,01,5,,,19*45
2025-12-20 19:18:54.201 | $BDGSV,0,1,00*69
2025-12-20 19:18:54.243 | $GNRMC,171854.523,V,,,,,,,201225,,,N*5F
2025-12-20 19:18:54.284 | $GNZDA,171854.523,20,12,2025,,*46
2025-12-20 19:18:55.086 | $GNGGA,171855.523,,,,,0,00,,,M,,M,,*6D
2025-12-20 19:18:55.127 | $GPGSA,A,1,,,,,,,,,,,,,,,,1*03
2025-12-20 19:18:55.158 | $BDGSA,A,1,,,,,,,,,,,,,,,,4*17
2025-12-20 19:18:55.178 | $GPGSV,1,1,01,5,,,18*44
2025-12-20 19:18:55.199 | $BDGSV,0,1,00*69
2025-12-20 19:18:55.240 | $GNRMC,171855.523,V,,,,,,,201225,,,N*5E
2025-12-20 19:18:55.281 | $GNZDA,171855.523,20,12,2025,,*47
2025-12-20 19:18:56.093 | $GNGGA,171856.523,,,,,0,00,,,M,,M,,*6E
2025-12-20 19:18:56.124 | $GPGSA,A,1,,,,,,,,,,,,,,,,1*03
2025-12-20 19:18:56.155 | $BDGSA,A,1,,,,,,,,,,,,,,,,4*17
2025-12-20 19:18:56.185 | $GPGSV,1,1,01,5,,,18*44
2025-12-20 19:18:56.196 | $BDGSV,0,1,00*69
2025-12-20 19:18:56.247 | $GNRMC,171856.523,V,,,,,,,201225,,,N*5D
2025-12-20 19:18:56.277 | $GNZDA,171856.523,20,12,2025,,*44
2025-12-20 19:18:57.088 | $GNGGA,171857.523,,,,,0,00,,,M,,M,,*6F
2025-12-20 19:18:57.119 | $GPGSA,A,1,,,,,,,,,,,,,,,,1*03
2025-12-20 19:18:57.150 | $BDGSA,A,1,,,,,,,,,,,,,,,,4*17
2025-12-20 19:18:57.181 | $GPGSV,1,1,01,5,,,17*4B
2025-12-20 19:18:57.202 | $BDGSV,0,1,00*69
2025-12-20 19:18:57.243 | $GNRMC,171857.523,V,,,,,,,201225,,,N*5C
2025-12-20 19:18:57.284 | $GNZDA,171857.523,20,12,2025,,*45
2025-12-20 19:18:58.084 | $GNGGA,171858.523,,,,,0,00,,,M,,M,,*60
2025-12-20 19:18:58.125 | $GPGSA,A,1,,,,,,,,,,,,,,,,1*03
2025-12-20 19:18:58.156 | $BDGSA,A,1,,,,,,,,,,,,,,,,4*17
2025-12-20 19:18:58.187 | $GPGSV,1,1,01,5,,,16*4A
2025-12-20 19:18:58.197 | $BDGSV,0,1,00*69
2025-12-20 19:18:58.248 | $GNRMC,171858.523,V,,,,,,,201225,,,N*53
2025-12-20 19:18:58.279 | $GNZDA,171858.523,20,12,2025,,*4A
2025-12-20 19:18:59.092 | $GNGGA,171859.523,,,,,0,00,,,M,,M,,*61
2025-12-20 19:18:59.123 | $GPGSA,A,1,,,,,,,,,,,,,,,,1*03
2025-12-20 19:18:59.154 | $BDGSA,A,1,,,,,,,,,,,,,,,,4*17
2025-12-20 19:18:59.185 | $GPGSV,1,1,01,5,,,15*49
2025-12-20 19:18:59.195 | $BDGSV,0,1,00*69
2025-12-20 19:18:59.246 | $GNRMC,171859.523,V,,,,,,,201225,,,N*52
2025-12-20 19:18:59.277 | $GNZDA,171859.523,20,12,2025,,*4B
2025-12-20 19:19:00.093 | $GNGGA,171900.523,,,,,0,00,,,M,,M,,*6C
2025-12-20 19:19:00.124 | $GPGSA,A,1,,,,,,,,,,,,,,,,1*03
2025-12-20 19:19:00.154 | $BDGSA,A,1,,,,,,,,,,,,,,,,4*17
2025-12-20 19:19:00.185 | $GPGSV,1,1,01,5,,,15*49
2025-12-20 19:19:00.195 | $BDGSV,0,1,00*69
2025-12-20 19:19:00.246 | $GNRMC,171900.523,V,,,,,,,201225,,,N*5F
2025-12-20 19:19:00.277 | $GNZDA,171900.523,20,12,2025,,*46
2025-12-20 19:19:01.088 | $GNGGA,171901.523,,,,,0,00,,,M,,M,,*6D
2025-12-20 19:19:01.119 | $GPGSA,A,1,,,,,,,,,,,,,,,,1*03
2025-12-20 19:19:01.160 | $BDGSA,A,1,,,,,,,,,,,,,,,,4*17
2025-12-20 19:19:01.181 | $GPGSV,1,1,01,5,,,14*48
2025-12-20 19:19:01.202 | $BDGSV,0,1,00*69
2025-12-20 19:19:01.243 | $GNRMC,171901.523,V,,,,,,,201225,,,N*5E
2025-12-20 19:19:01.284 | $GNZDA,171901.523,20,12,2025,,*47
2025-12-20 19:19:02.085 | $GNGGA,171902.523,,,,,0,00,,,M,,M,,*6E
2025-12-20 19:19:02.126 | $GPGSA,A,1,,,,,,,,,,,,,,,,1*03
2025-12-20 19:19:02.157 | $BDGSA,A,1,,,,,,,,,,,,,,,,4*17
2025-12-20 19:19:02.178 | $GPGSV,1,1,01,5,,,13*4F
2025-12-20 19:19:02.198 | $BDGSV,0,1,00*69
2025-12-20 19:19:02.239 | $GNRMC,171902.523,V,,,,,,,201225,,,N*5D
2025-12-20 19:19:02.280 | $GNZDA,171902.523,20,12,2025,,*44
2025-12-20 19:19:03.091 | $GNGGA,171903.523,,,,,0,00,,,M,,M,,*6F
2025-12-20 19:19:03.122 | $GPGSA,A,1,,,,,,,,,,,,,,,,1*03
2025-12-20 19:19:03.152 | $BDGSA,A,1,,,,,,,,,,,,,,,,4*17
2025-12-20 19:19:03.183 | $GPGSV,1,1,01,5,,,12*4E
2025-12-20 19:19:03.204 | $BDGSV,0,1,00*69
2025-12-20 19:19:03.245 | $GNRMC,171903.523,V,,,,,,,201225,,,N*5C
2025-12-20 19:19:03.276 | $GNZDA,171903.523,20,12,2025,,*45
2025-12-20 19:19:04.092 | $GNGGA,171904.523,,,,,0,00,,,M,,M,,*68
2025-12-20 19:19:04.123 | $GPGSA,A,1,,,,,,,,,,,,,,,,1*03
2025-12-20 19:19:04.153 | $BDGSA,A,1,,,,,,,,,,,,,,,,4*17
2025-12-20 19:19:04.185 | $GPGSV,1,1,01,5,,,12*4E
2025-12-20 19:19:04.205 | $BDGSV,0,1,00*69
2025-12-20 19:19:04.246 | $GNRMC,171904.523,V,,,,,,,201225,,,N*5B
2025-12-20 19:19:04.277 | $GNZDA,171904.523,20,12,2025,,*42
2025-12-20 19:19:05.089 | $GNGGA,171905.523,,,,,0,00,,,M,,M,,*69
2025-12-20 19:19:05.120 | $GPGSA,A,1,,,,,,,,,,,,,,,,1*03
2025-12-20 19:19:05.150 | $BDGSA,A,1,,,,,,,,,,,,,,,,4*17
2025-12-20 19:19:05.181 | $GPGSV,1,1,01,5,,,*4D
2025-12-20 19:19:05.191 | $BDGSV,0,1,00*69
2025-12-20 19:19:05.242 | $GNRMC,171905.523,V,,,,,,,201225,,,N*5A
2025-12-20 19:19:05.273 | $GNZDA,171905.523,20,12,2025,,*43
2025-12-20 19:19:06.085 | $GNGGA,171906.523,,,,,0,00,,,M,,M,,*6A
2025-12-20 19:19:06.116 | $GPGSA,A,1,,,,,,,,,,,,,,,,1*03
2025-12-20 19:19:06.156 | $BDGSA,A,1,,,,,,,,,,,,,,,,4*17
2025-12-20 19:19:06.177 | $GPGSV,0,1,00*78
2025-12-20 19:19:06.187 | $BDGSV,0,1,00*69
2025-12-20 19:19:06.238 | $GNRMC,171906.523,V,,,,,,,201225,,,N*59
2025-12-20 19:19:06.269 | $GNZDA,171906.523,20,12,2025,,*40
2025-12-20 19:19:07.082 | $GNGGA,171907.523,,,,,0,00,,,M,,M,,*6B
2025-12-20 19:19:07.123 | $GPGSA,A,1,,,,,,,,,,,,,,,,1*03
2025-12-20 19:19:07.153 | $BDGSA,A,1,,,,,,,,,,,,,,,,4*17
2025-12-20 19:19:07.174 | $GPGSV,0,1,00*78
2025-12-20 19:19:07.195 | $BDGSV,0,1,00*69
2025-12-20 19:19:07.235 | $GNRMC,171907.523,V,,,,,,,201225,,,N*58
2025-12-20 19:19:07.266 | $GNZDA,171907.523,20,12,2025,,*41
2025-12-20 19:19:08.090 | $GNGGA,171908.523,,,,,0,00,,,M,,M,,*64
2025-12-20 19:19:08.121 | $GPGSA,A,1,,,,,,,,,,,,,,,,1*03
2025-12-20 19:19:08.152 | $BDGSA,A,1,,,,,,,,,,,,,,,,4*17
2025-12-20 19:19:08.172 | $GPGSV,0,1,00*78
2025-12-20 19:19:08.193 | $BDGSV,0,1,00*69
2025-12-20 19:19:08.234 | $GNRMC,171908.523,V,,,,,,,201225,,,N*57
2025-12-20 19:19:08.275 | $GNZDA,171908.523,20,12,2025,,*4E
2025-12-20 19:19:09.090 | $GNGGA,171909.523,,,,,0,00,,,M,,M,,*65
2025-12-20 19:19:09.121 | $GPGSA,A,1,,,,,,,,,,,,,,,,1*03
2025-12-20 19:19:09.151 | $BDGSA,A,1,,,,,,,,,,,,,,,,4*17
2025-12-20 19:19:09.172 | $GPGSV,0,1,00*78
2025-12-20 19:19:09.192 | $BDGSV,0,1,00*69
2025-12-20 19:19:09.233 | $GNRMC,171909.523,V,,,,,,,201225,,,N*56
2025-12-20 19:19:09.274 | $GNZDA,171909.523,20,12,2025,,*4F
2025-12-20 19:19:10.085 | $GNGGA,171910.523,,,,,0,00,,,M,,M,,*6D
2025-12-20 19:19:10.116 | $GPGSA,A,1,,,,,,,,,,,,,,,,1*03
2025-12-20 19:19:10.156 | $BDGSA,A,1,,,,,,,,,,,,,,,,4*17
2025-12-20 19:19:10.177 | $GPGSV,0,1,00*78
2025-12-20 19:19:10.188 | $BDGSV,0,1,00*69
2025-12-20 19:19:10.239 | $GNRMC,171910.523,V,,,,,,,201225,,,N*5E
2025-12-20 19:19:10.269 | $GNZDA,171910.523,20,12,2025,,*47
2025-12-20 19:19:11.084 | $GNGGA,171911.523,,,,,0,00,,,M,,M,,*6C
2025-12-20 19:19:11.125 | $GPGSA,A,1,,,,,,,,,,,,,,,,1*03
2025-12-20 19:19:11.155 | $BDGSA,A,1,,,,,,,,,,,,,,,,4*17
2025-12-20 19:19:11.176 | $GPGSV,0,1,00*78
2025-12-20 19:19:11.196 | $BDGSV,0,1,00*69
2025-12-20 19:19:11.237 | $GNRMC,171911.523,V,,,,,,,201225,,,N*5F
2025-12-20 19:19:11.268 | $GNZDA,171911.523,20,12,2025,,*46
2025-12-20 19:19:12.089 | $GNGGA,171912.523,,,,,0,00,,,M,,M,,*6F
2025-12-20 19:19:12.120 | $GPGSA,A,1,,,,,,,,,,,,,,,,1*03
2025-12-20 19:19:12.151 | $BDGSA,A,1,,,,,,,,,,,,,,,,4*17
2025-12-20 19:19:12.171 | $GPGSV,0,1,00*78
2025-12-20 19:19:12.192 | $BDGSV,0,1,00*69
2025-12-20 19:19:12.233 | $GNRMC,171912.523,V,,,,,,,201225,,,N*5C
2025-12-20 19:19:12.274 | $GNZDA,171912.523,20,12,2025,,*45
2025-12-20 19:19:13.084 | $GNGGA,171913.523,,,,,0,00,,,M,,M,,*6E
2025-12-20 19:19:13.115 | $GPGSA,A,1,,,,,,,,,,,,,,,,1*03
2025-12-20 19:19:13.156 | $BDGSA,A,1,,,,,,,,,,,,,,,,4*17
2025-12-20 19:19:13.176 | $GPGSV,0,1,00*78
2025-12-20 19:19:13.187 | $BDGSV,0,1,00*69
2025-12-20 19:19:13.238 | $GNRMC,171913.523,V,,,,,,,201225,,,N*5D
2025-12-20 19:19:13.268 | $GNZDA,171913.523,20,12,2025,,*44
2025-12-20 19:19:14.082 | $GNGGA,171914.523,,,,,0,00,,,M,,M,,*69
2025-12-20 19:19:14.124 | $GPGSA,A,1,,,,,,,,,,,,,,,,1*03
2025-12-20 19:19:14.154 | $BDGSA,A,1,,,,,,,,,,,,,,,,4*17
2025-12-20 19:19:14.175 | $GPGSV,0,1,00*78
2025-12-20 19:19:14.196 | $BDGSV,0,1,00*69
2025-12-20 19:19:14.236 | $GNRMC,171914.523,V,,,,,,,201225,,,N*5A
2025-12-20 19:19:14.267 | $GNZDA,171914.523,20,12,2025,,*43
2025-12-20 19:19:15.088 | $GNGGA,171915.523,,,,,0,00,,,M,,M,,*68
2025-12-20 19:19:15.119 | $GPGSA,A,1,,,,,,,,,,,,,,,,1*03
2025-12-20 19:19:15.150 | $BDGSA,A,1,,,,,,,,,,,,,,,,4*17
2025-12-20 19:19:15.170 | $GPGSV,0,1,00*78
2025-12-20 19:19:15.191 | $BDGSV,0,1,00*69
2025-12-20 19:19:15.232 | $GNRMC,171915.523,V,,,,,,,201225,,,N*5B
2025-12-20 19:19:15.273 | $GNZDA,171915.523,20,12,2025,,*42
2025-12-20 19:19:16.084 | $GNGGA,171916.523,,,,,0,00,,,M,,M,,*6B
2025-12-20 19:19:16.125 | $GPGSA,A,1,,,,,,,,,,,,,,,,1*03
2025-12-20 19:19:16.155 | $BDGSA,A,1,,,,,,,,,,,,,,,,4*17
2025-12-20 19:19:16.176 | $GPGSV,0,1,00*78
2025-12-20 19:19:16.186 | $BDGSV,0,1,00*69
2025-12-20 19:19:16.237 | $GNRMC,171916.523,V,,,,,,,201225,,,N*58
2025-12-20 19:19:16.270 | $GNZDA,171916.523,20,12,2025,,*41
2025-12-20 19:19:17.085 | $GNGGA,171917.523,,,,,0,00,,,M,,M,,*6A
2025-12-20 19:19:17.116 | $GPGSA,A,1,,,,,,,,,,,,,,,,1*03
2025-12-20 19:19:17.157 | $BDGSA,A,1,,,,,,,,,,,,,,,,4*17
2025-12-20 19:19:17.177 | $GPGSV,0,1,00*78
2025-12-20 19:19:17.188 | $BDGSV,0,1,00*69
2025-12-20 19:19:17.239 | $GNRMC,171917.523,V,,,,,,,201225,,,N*59
2025-12-20 19:19:17.270 | $GNZDA,171917.523,20,12,2025,,*40
2025-12-20 19:19:18.091 | $GNGGA,171918.523,,,,,0,00,,,M,,M,,*65
2025-12-20 19:19:18.124 | $GPGSA,A,1,,,,,,,,,,,,,,,,1*03
2025-12-20 19:19:18.156 | $BDGSA,A,1,,,,,,,,,,,,,,,,4*17
2025-12-20 19:19:18.177 | $GPGSV,0,1,00*78
2025-12-20 19:19:18.187 | $BDGSV,0,1,00*69
2025-12-20 19:19:18.239 | $GNRMC,171918.523,V,,,,,,,201225,,,N*56
2025-12-20 19:19:18.270 | $GNZDA,171918.523,20,12,2025,,*4F
2025-12-20 19:19:19.091 | $GNGGA,171919.523,,,,,0,00,,,M,,M,,*64
2025-12-20 19:19:19.122 | $GPGSA,A,1,,,,,,,,,,,,,,,,1*03
2025-12-20 19:19:19.153 | $BDGSA,A,1,,,,,,,,,,,,,,,,4*17
2025-12-20 19:19:19.174 | $GPGSV,0,1,00*78
2025-12-20 19:19:19.194 | $BDGSV,0,1,00*69
2025-12-20 19:19:19.235 | $GNRMC,171919.523,V,,,,,,,201225,,,N*57
2025-12-20 19:19:19.266 | $GNZDA,171919.523,20,12,2025,,*4E
2025-12-20 19:19:20.087 | $GNGGA,171920.523,,,,,0,00,,,M,,M,,*6E
2025-12-20 19:19:20.118 | $GPGSA,A,1,,,,,,,,,,,,,,,,1*03
2025-12-20 19:19:20.149 | $BDGSA,A,1,,,,,,,,,,,,,,,,4*17
2025-12-20 19:19:20.170 | $GPGSV,0,1,00*78
2025-12-20 19:19:20.190 | $BDGSV,0,1,00*69
2025-12-20 19:19:20.232 | $GNRMC,171920.523,V,,,,,,,201225,,,N*5D
2025-12-20 19:19:20.273 | $GNZDA,171920.523,20,12,2025,,*44
2025-12-20 19:19:21.091 | $GNGGA,171921.523,,,,,0,00,,,M,,M,,*6F
2025-12-20 19:19:21.122 | $GPGSA,A,1,,,,,,,,,,,,,,,,1*03
2025-12-20 19:19:21.152 | $BDGSA,A,1,,,,,,,,,,,,,,,,4*17
2025-12-20 19:19:21.173 | $GPGSV,0,1,00*78
2025-12-20 19:19:21.194 | $BDGSV,0,1,00*69
2025-12-20 19:19:21.235 | $GNRMC,171921.523,V,,,,,,,201225,,,N*5C
2025-12-20 19:19:21.266 | $GNZDA,171921.523,20,12,2025,,*45
2025-12-20 19:19:22.087 | $GNGGA,171922.523,,,,,0,00,,,M,,M,,*6C
2025-12-20 19:19:22.117 | $GPGSA,A,1,,,,,,,,,,,,,,,,1*03
2025-12-20 19:19:22.158 | $BDGSA,A,1,,,,,,,,,,,,,,,,4*17
2025-12-20 19:19:22.169 | $GPGSV,0,1,00*78
2025-12-20 19:19:22.190 | $BDGSV,0,1,00*69
2025-12-20 19:19:22.231 | $GNRMC,171922.523,V,,,,,,,201225,,,N*5F
2025-12-20 19:19:22.272 | $GNZDA,171922.523,20,12,2025,,*46
2025-12-20 19:19:23.084 | $GNGGA,171923.523,,,,,0,00,,,M,,M,,*6D
2025-12-20 19:19:23.124 | $GPGSA,A,1,,,,,,,,,,,,,,,,1*03
2025-12-20 19:19:23.155 | $BDGSA,A,1,,,,,,,,,,,,,,,,4*17
2025-12-20 19:19:23.176 | $GPGSV,0,1,00*78
2025-12-20 19:19:23.186 | $BDGSV,0,1,00*69
2025-12-20 19:19:23.238 | $GNRMC,171923.523,V,,,,,,,201225,,,N*5E
2025-12-20 19:19:23.268 | $GNZDA,171923.523,20,12,2025,,*47
2025-12-20 19:19:24.091 | $GNGGA,171924.523,,,,,0,00,,,M,,M,,*6A
2025-12-20 19:19:24.122 | $GPGSA,A,1,,,,,,,,,,,,,,,,1*03
2025-12-20 19:19:24.153 | $BDGSA,A,1,,,,,,,,,,,,,,,,4*17
2025-12-20 19:19:24.173 | $GPGSV,0,1,00*78
2025-12-20 19:19:24.194 | $BDGSV,0,1,00*69
2025-12-20 19:19:24.235 | $GNRMC,171924.523,V,,,,,,,201225,,,N*59
2025-12-20 19:19:24.266 | $GNZDA,171924.523,20,12,2025,,*40
2025-12-20 19:19:25.088 | $GNGGA,171925.523,,,,,0,00,,,M,,M,,*6B
2025-12-20 19:19:25.118 | $GPGSA,A,1,,,,,,,,,,,,,,,,1*03
2025-12-20 19:19:25.149 | $BDGSA,A,1,,,,,,,,,,,,,,,,4*17
2025-12-20 19:19:25.170 | $GPGSV,0,1,00*78
2025-12-20 19:19:25.190 | $BDGSV,0,1,00*69
2025-12-20 19:19:25.231 | $GNRMC,171925.523,V,,,,,,,201225,,,N*58
2025-12-20 19:19:25.272 | $GNZDA,171925.523,20,12,2025,,*41
2025-12-20 19:19:26.082 | $GNGGA,171926.523,,,,,0,00,,,M,,M,,*68
2025-12-20 19:19:26.123 | $GPGSA,A,1,,,,,,,,,,,,,,,,1*03
2025-12-20 19:19:26.153 | $BDGSA,A,1,,,,,,,,,,,,,,,,4*17
2025-12-20 19:19:26.174 | $GPGSV,0,1,00*78
2025-12-20 19:19:26.195 | $BDGSV,0,1,00*69
2025-12-20 19:19:26.236 | $GNRMC,171926.523,V,,,,,,,201225,,,N*5B
2025-12-20 19:19:26.266 | $GNZDA,171926.523,20,12,2025,,*42
2025-12-20 19:19:27.087 | $GNGGA,171927.523,,,,,0,00,,,M,,M,,*69
2025-12-20 19:19:27.118 | $GPGSA,A,1,,,,,,,,,,,,,,,,1*03
2025-12-20 19:19:27.158 | $BDGSA,A,1,,,,,,,,,,,,,,,,4*17
2025-12-20 19:19:27.169 | $GPGSV,0,1,00*78
2025-12-20 19:19:27.189 | $BDGSV,0,1,00*69
2025-12-20 19:19:27.230 | $GNRMC,171927.523,V,,,,,,,201225,,,N*5A
2025-12-20 19:19:27.271 | $GNZDA,171927.523,20,12,2025,,*43
2025-12-20 19:19:28.091 | $GNGGA,171928.523,,,,,0,00,,,M,,M,,*66
2025-12-20 19:19:28.122 | $GPGSA,A,1,,,,,,,,,,,,,,,,1*03
2025-12-20 19:19:28.152 | $BDGSA,A,1,,,,,,,,,,,,,,,,4*17
2025-12-20 19:19:28.173 | $GPGSV,0,1,00*78
2025-12-20 19:19:28.193 | $BDGSV,0,1,00*69
2025-12-20 19:19:28.234 | $GNRMC,171928.523,V,,,,,,,201225,,,N*55
2025-12-20 19:19:28.275 | $GNZDA,171928.523,20,12,2025,,*4C
2025-12-20 19:19:29.085 | $GNGGA,171929.523,,,,,0,00,,,M,,M,,*67
2025-12-20 19:19:29.116 | $GPGSA,A,1,,,,,,,,,,,,,,,,1*03
2025-12-20 19:19:29.156 | $BDGSA,A,1,,,,,,,,,,,,,,,,4*17
2025-12-20 19:19:29.177 | $GPGSV,0,1,00*78
2025-12-20 19:19:29.187 | $BDGSV,0,1,00*69
2025-12-20 19:19:29.238 | $GNRMC,171929.523,V,,,,,,,201225,,,N*54
2025-12-20 19:19:29.269 | $GNZDA,171929.523,20,12,2025,,*4D
2025-12-20 19:19:30.089 | $GNGGA,171930.523,,,,,0,00,,,M,,M,,*6F
2025-12-20 19:19:30.120 | $GPGSA,A,1,,,,,,,,,,,,,,,,1*03
2025-12-20 19:19:30.150 | $BDGSA,A,1,,,,,,,,,,,,,,,,4*17
2025-12-20 19:19:30.171 | $GPGSV,0,1,00*78
2025-12-20 19:19:30.192 | $BDGSV,0,1,00*69
2025-12-20 19:19:30.233 | $GNRMC,171930.523,V,,,,,,,201225,,,N*5C
2025-12-20 19:19:30.274 | $GNZDA,171930.523,20,12,2025,,*45
2025-12-20 19:19:31.084 | $GNGGA,171931.523,,,,,0,00,,,M,,M,,*6E
2025-12-20 19:19:31.115 | $GPGSA,A,1,,,,,,,,,,,,,,,,1*03
2025-12-20 19:19:31.156 | $BDGSA,A,1,,,,,,,,,,,,,,,,4*17
2025-12-20 19:19:31.176 | $GPGSV,0,1,00*78
2025-12-20 19:19:31.187 | $BDGSV,0,1,00*69
2025-12-20 19:19:31.238 | $GNRMC,171931.523,V,,,,,,,201225,,,N*5D
2025-12-20 19:19:31.268 | $GNZDA,171931.523,20,12,2025,,*44
2025-12-20 19:19:32.088 | $GNGGA,171932.523,,,,,0,00,,,M,,M,,*6D
2025-12-20 19:19:32.119 | $GPGSA,A,1,,,,,,,,,,,,,,,,1*03
2025-12-20 19:19:32.149 | $BDGSA,A,1,,,,,,,,,,,,,,,,4*17
2025-12-20 19:19:32.170 | $GPGSV,0,1,00*78
2025-12-20 19:19:32.190 | $BDGSV,0,1,00*69
2025-12-20 19:19:32.231 | $GNRMC,171932.523,V,,,,,,,201225,,,N*5E
2025-12-20 19:19:32.272 | $GNZDA,171932.523,20,12,2025,,*47
2025-12-20 19:19:33.088 | $GNGGA,171933.523,,,,,0,00,,,M,,M,,*6C
2025-12-20 19:19:33.118 | $GPGSA,A,1,,,,,,,,,,,,,,,,1*03
2025-12-20 19:19:33.149 | $BDGSA,A,1,,,,,,,,,,,,,,,,4*17
2025-12-20 19:19:33.170 | $GPGSV,0,1,00*78
2025-12-20 19:19:33.190 | $BDGSV,0,1,00*69
2025-12-20 19:19:33.231 | $GNRMC,171933.523,V,,,,,,,201225,,,N*5F
2025-12-20 19:19:33.272 | $GNZDA,171933.523,20,12,2025,,*46
2025-12-20 19:19:34.082 | $GNGGA,171934.523,,,,,0,00,,,M,,M,,*6B
2025-12-20 19:19:34.124 | $GPGSA,A,1,,,,,,,,,,,,,,,,1*03
2025-12-20 19:19:34.155 | $BDGSA,A,1,,,,,,,,,,,,,,,,4*17
2025-12-20 19:19:34.175 | $GPGSV,0,1,00*78
2025-12-20 19:19:34.196 | $BDGSV,0,1,00*69
2025-12-20 19:19:34.236 | $GNRMC,171934.523,V,,,,,,,201225,,,N*58
2025-12-20 19:19:34.267 | $GNZDA,171934.523,20,12,2025,,*41
2025-12-20 19:19:35.087 | $GNGGA,171935.523,,,,,0,00,,,M,,M,,*6A
2025-12-20 19:19:35.117 | $GPGSA,A,1,,,,,,,,,,,,,,,,1*03
2025-12-20 19:19:35.158 | $BDGSA,A,1,,,,,,,,,,,,,,,,4*17
2025-12-20 19:19:35.169 | $GPGSV,0,1,00*78
2025-12-20 19:19:35.189 | $BDGSV,0,1,00*69
2025-12-20 19:19:35.230 | $GNRMC,171935.523,V,,,,,,,201225,,,N*59
2025-12-20 19:19:35.271 | $GNZDA,171935.523,20,12,2025,,*40
2025-12-20 19:19:36.081 | $GNGGA,171936.523,,,,,0,00,,,M,,M,,*69
2025-12-20 19:19:36.122 | $GPGSA,A,1,,,,,,,,,,,,,,,,1*03
2025-12-20 19:19:36.153 | $BDGSA,A,1,,,,,,,,,,,,,,,,4*17
2025-12-20 19:19:36.174 | $GPGSV,0,1,00*78
2025-12-20 19:19:36.194 | $BDGSV,0,1,00*69
2025-12-20 19:19:36.235 | $GNRMC,171936.523,V,,,,,,,201225,,,N*5A
2025-12-20 19:19:36.276 | $GNZDA,171936.523,20,12,2025,,*43
2025-12-20 19:19:37.086 | $GNGGA,171937.523,,,,,0,00,,,M,,M,,*68
2025-12-20 19:19:37.117 | $GPGSA,A,1,,,,,,,,,,,,,,,,1*03
2025-12-20 19:19:37.158 | $BDGSA,A,1,,,,,,,,,,,,,,,,4*17
2025-12-20 19:19:37.168 | $GPGSV,0,1,00*78
2025-12-20 19:19:37.188 | $BDGSV,0,1,00*69
2025-12-20 19:19:37.229 | $GNRMC,171937.523,V,,,,,,,201225,,,N*5B
2025-12-20 19:19:37.270 | $GNZDA,171937.523,20,12,2025,,*42
2025-12-20 19:19:38.091 | $GNGGA,171938.523,,,,,0,00,,,M,,M,,*67
2025-12-20 19:19:38.122 | $GPGSA,A,1,,,,,,,,,,,,,,,,1*03
2025-12-20 19:19:38.152 | $BDGSA,A,1,,,,,,,,,,,,,,,,4*17
2025-12-20 19:19:38.173 | $GPGSV,0,1,00*78
2025-12-20 19:19:38.193 | $BDGSV,0,1,00*69
2025-12-20 19:19:38.234 | $GNRMC,171938.523,V,,,,,,,201225,,,N*54
2025-12-20 19:19:38.275 | $GNZDA,171938.523,20,12,2025,,*4D
2025-12-20 19:19:39.085 | $GNGGA,171939.523,,,,,0,00,,,M,,M,,*66
2025-12-20 19:19:39.116 | $GPGSA,A,1,,,,,,,,,,,,,,,,1*03
2025-12-20 19:19:39.157 | $BDGSA,A,1,,,,,,,,,,,,,,,,4*17
2025-12-20 19:19:39.177 | $GPGSV,0,1,00*78
2025-12-20 19:19:39.187 | $BDGSV,0,1,00*69
2025-12-20 19:19:39.238 | $GNRMC,171939.523,V,,,,,,,201225,,,N*55
2025-12-20 19:19:39.269 | $GNZDA,171939.523,20,12,2025,,*4C
2025-12-20 19:19:40.090 | $GNGGA,171940.523,,,,,0,00,,,M,,M,,*68
2025-12-20 19:19:40.120 | $GPGSA,A,1,,,,,,,,,,,,,,,,1*03
2025-12-20 19:19:40.151 | $BDGSA,A,1,,,,,,,,,,,,,,,,4*17
2025-12-20 19:19:40.172 | $GPGSV,0,1,00*78
2025-12-20 19:19:40.192 | $BDGSV,0,1,00*69
2025-12-20 19:19:40.233 | $GNRMC,171940.523,V,,,,,,,201225,,,N*5B
2025-12-20 19:19:40.274 | $GNZDA,171940.523,20,12,2025,,*42
2025-12-20 19:19:41.084 | $GNGGA,171941.523,,,,,0,00,,,M,,M,,*69
2025-12-20 19:19:41.125 | $GPGSA,A,1,,,,,,,,,,,,,,,,1*03
2025-12-20 19:19:41.155 | $BDGSA,A,1,,,,,,,,,,,,,,,,4*17
2025-12-20 19:19:41.176 | $GPGSV,0,1,00*78
2025-12-20 19:19:41.196 | $BDGSV,0,1,00*69
2025-12-20 19:19:41.237 | $GNRMC,171941.523,V,,,,,,,201225,,,N*5A
2025-12-20 19:19:41.268 | $GNZDA,171941.523,20,12,2025,,*43
2025-12-20 19:19:42.088 | $GNGGA,171942.523,,,,,0,00,,,M,,M,,*6A
2025-12-20 19:19:42.119 | $GPGSA,A,1,,,,,,,,,,,,,,,,1*03
2025-12-20 19:19:42.149 | $BDGSA,A,1,,,,,,,,,,,,,,,,4*17
2025-12-20 19:19:42.170 | $GPGSV,0,1,00*78
2025-12-20 19:19:42.190 | $BDGSV,0,1,00*69
2025-12-20 19:19:42.231 | $GNRMC,171942.523,V,,,,,,,201225,,,N*59
2025-12-20 19:19:42.272 | $GNZDA,171942.523,20,12,2025,,*40
2025-12-20 19:19:43.083 | $GNGGA,171943.523,,,,,0,00,,,M,,M,,*6B
2025-12-20 19:19:43.124 | $GPGSA,A,1,,,,,,,,,,,,,,,,1*03
2025-12-20 19:19:43.154 | $BDGSA,A,1,,,,,,,,,,,,,,,,4*17
2025-12-20 19:19:43.175 | $GPGSV,0,1,00*78
2025-12-20 19:19:43.196 | $BDGSV,0,1,00*69
2025-12-20 19:19:43.237 | $GNRMC,171943.523,V,,,,,,,201225,,,N*58
2025-12-20 19:19:43.268 | $GNZDA,171943.523,20,12,2025,,*41
2025-12-20 19:19:44.088 | $GNGGA,171944.523,,,,,0,00,,,M,,M,,*6C
2025-12-20 19:19:44.118 | $GPGSA,A,1,,,,,,,,,,,,,,,,1*03
2025-12-20 19:19:44.159 | $BDGSA,A,1,,,,,,,,,,,,,,,,4*17
2025-12-20 19:19:44.169 | $GPGSV,0,1,00*78
2025-12-20 19:19:44.190 | $BDGSV,0,1,00*69
2025-12-20 19:19:44.231 | $GNRMC,171944.523,V,,,,,,,201225,,,N*5F
2025-12-20 19:19:44.272 | $GNZDA,171944.523,20,12,2025,,*46
2025-12-20 19:19:45.092 | $GNGGA,171945.523,,,,,0,00,,,M,,M,,*6D
2025-12-20 19:19:45.123 | $GPGSA,A,1,,,,,,,,,,,,,,,,1*03
2025-12-20 19:19:45.153 | $BDGSA,A,1,,,,,,,,,,,,,,,,4*17
2025-12-20 19:19:45.174 | $GPGSV,0,1,00*78
2025-12-20 19:19:45.194 | $BDGSV,0,1,00*69
2025-12-20 19:19:45.235 | $GNRMC,171945.523,V,,,,,,,201225,,,N*5E
2025-12-20 19:19:45.276 | $GNZDA,171945.523,20,12,2025,,*47
2025-12-20 19:19:46.087 | $GNGGA,171946.523,,,,,0,00,,,M,,M,,*6E
2025-12-20 19:19:46.117 | $GPGSA,A,1,,,,,,,,,,,,,,,,1*03
2025-12-20 19:19:46.158 | $BDGSA,A,1,,,,,,,,,,,,,,,,4*17
2025-12-20 19:19:46.168 | $GPGSV,0,1,00*78
2025-12-20 19:19:46.189 | $BDGSV,0,1,00*69
2025-12-20 19:19:46.230 | $GNRMC,171946.523,V,,,,,,,201225,,,N*5D
2025-12-20 19:19:46.271 | $GNZDA,171946.523,20,12,2025,,*44
2025-12-20 19:19:47.084 | $GNGGA,171947.523,,,,,0,00,,,M,,M,,*6F
2025-12-20 19:19:47.125 | $GPGSA,A,1,,,,,,,,,,,,,,,,1*03
2025-12-20 19:19:47.155 | $BDGSA,A,1,,,,,,,,,,,,,,,,4*17
2025-12-20 19:19:47.176 | $GPGSV,0,1,00*78
2025-12-20 19:19:47.196 | $BDGSV,0,1,00*69
2025-12-20 19:19:47.237 | $GNRMC,171947.523,V,,,,,,,201225,,,N*5C
2025-12-20 19:19:47.267 | $GNZDA,171947.523,20,12,2025,,*45
2025-12-20 19:19:48.087 | $GNGGA,171948.523,,,,,0,00,,,M,,M,,*60
2025-12-20 19:19:48.118 | $GPGSA,A,1,,,,,,,,,,,,,,,,1*03
2025-12-20 19:19:48.158 | $BDGSA,A,1,,,,,,,,,,,,,,,,4*17
2025-12-20 19:19:48.169 | $GPGSV,0,1,00*78
2025-12-20 19:19:48.189 | $BDGSV,0,1,00*69
2025-12-20 19:19:48.231 | $GNRMC,171948.523,V,,,,,,,201225,,,N*53
2025-12-20 19:19:48.271 | $GNZDA,171948.523,20,12,2025,,*4A
2025-12-20 19:19:49.091 | $GNGGA,171949.523,,,,,0,00,,,M,,M,,*61
2025-12-20 19:19:49.122 | $GPGSA,A,1,,,,,,,,,,,,,,,,1*03
2025-12-20 19:19:49.153 | $BDGSA,A,1,,,,,,,,,,,,,,,,4*17
2025-12-20 19:19:49.173 | $GPGSV,0,1,00*78
2025-12-20 19:19:49.194 | $BDGSV,0,1,00*69
2025-12-20 19:19:49.235 | $GNRMC,171949.523,V,,,,,,,201225,,,N*52
2025-12-20 19:19:49.276 | $GNZDA,171949.523,20,12,2025,,*4B
2025-12-20 19:19:50.087 | $GNGGA,171950.523,,,,,0,00,,,M,,M,,*69
2025-12-20 19:19:50.118 | $GPGSA,A,1,,,,,,,,,,,,,,,,1*03
2025-12-20 19:19:50.159 | $BDGSA,A,1,,,,,,,,,,,,,,,,4*17
2025-12-20 19:19:50.169 | $GPGSV,0,1,00*78
2025-12-20 19:19:50.189 | $BDGSV,0,1,00*69
2025-12-20 19:19:50.230 | $GNRMC,171950.523,V,,,,,,,201225,,,N*5A
2025-12-20 19:19:50.271 | $GNZDA,171950.523,20,12,2025,,*43
2025-12-20 19:19:51.083 | $GNGGA,171951.523,,,,,0,00,,,M,,M,,*68
2025-12-20 19:19:51.124 | $GPGSA,A,1,,,,,,,,,,,,,,,,1*03
2025-12-20 19:19:51.155 | $BDGSA,A,1,,,,,,,,,,,,,,,,4*17
2025-12-20 19:19:51.175 | $GPGSV,0,1,00*78
2025-12-20 19:19:51.196 | $BDGSV,0,1,00*69
2025-12-20 19:19:51.237 | $GNRMC,171951.523,V,,,,,,,201225,,,N*5B
2025-12-20 19:19:51.267 | $GNZDA,171951.523,20,12,2025,,*42
2025-12-20 19:19:52.088 | $GNGGA,171952.523,,,,,0,00,,,M,,M,,*6B
2025-12-20 19:19:52.119 | $GPGSA,A,1,,,,,,,,,,,,,,,,1*03
2025-12-20 19:19:52.150 | $BDGSA,A,1,,,,,,,,,,,,,,,,4*17
2025-12-20 19:19:52.170 | $GPGSV,0,1,00*78
2025-12-20 19:19:52.191 | $BDGSV,0,1,00*69
2025-12-20 19:19:52.232 | $GNRMC,171952.523,V,,,,,,,201225,,,N*58
2025-12-20 19:19:52.273 | $GNZDA,171952.523,20,12,2025,,*41
2025-12-20 19:19:53.084 | $GNGGA,171953.523,,,,,0,00,,,M,,M,,*6A
2025-12-20 19:19:53.125 | $GPGSA,A,1,,,,,,,,,,,,,,,,1*03
2025-12-20 19:19:53.155 | $BDGSA,A,1,,,,,,,,,,,,,,,,4*17
2025-12-20 19:19:53.176 | $GPGSV,0,1,00*78
2025-12-20 19:19:53.186 | $BDGSV,0,1,00*69
2025-12-20 19:19:53.237 | $GNRMC,171953.523,V,,,,,,,201225,,,N*59
2025-12-20 19:19:53.268 | $GNZDA,171953.523,20,12,2025,,*40
2025-12-20 19:19:54.089 | $GNGGA,171954.523,,,,,0,00,,,M,,M,,*6D
2025-12-20 19:19:54.120 | $GPGSA,A,1,,,,,,,,,,,,,,,,1*03
2025-12-20 19:19:54.151 | $BDGSA,A,1,,,,,,,,,,,,,,,,4*17
2025-12-20 19:19:54.171 | $GPGSV,0,1,00*78
2025-12-20 19:19:54.192 | $BDGSV,0,1,00*69
2025-12-20 19:19:54.233 | $GNRMC,171954.523,V,,,,,,,201225,,,N*5E
2025-12-20 19:19:54.274 | $GNZDA,171954.523,20,12,2025,,*47
2025-12-20 19:19:55.082 | $GNGGA,171955.523,,,,,0,00,,,M,,M,,*6C
2025-12-20 19:19:55.122 | $GPGSA,A,1,,,,,,,,,,,,,,,,1*03
2025-12-20 19:19:55.153 | $BDGSA,A,1,,,,,,,,,,,,,,,,4*17
2025-12-20 19:19:55.174 | $GPGSV,0,1,00*78
2025-12-20 19:19:55.195 | $BDGSV,0,1,00*69
2025-12-20 19:19:55.236 | $GNRMC,171955.523,V,,,,,,,201225,,,N*5F
2025-12-20 19:19:55.266 | $GNZDA,171955.523,20,12,2025,,*46
2025-12-20 19:19:56.089 | $GNGGA,171956.523,,,,,0,00,,,M,,M,,*6F
2025-12-20 19:19:56.120 | $GPGSA,A,1,,,,,,,,,,,,,,,,1*03
2025-12-20 19:19:56.150 | $BDGSA,A,1,,,,,,,,,,,,,,,,4*17
2025-12-20 19:19:56.171 | $GPGSV,0,1,00*78
2025-12-20 19:19:56.191 | $BDGSV,0,1,00*69
2025-12-20 19:19:56.233 | $GNRMC,171956.523,V,,,,,,,201225,,,N*5C
2025-12-20 19:19:56.273 | $GNZDA,171956.523,20,12,2025,,*45
2025-12-20 19:19:57.084 | $GNGGA,171957.523,,,,,0,00,,,M,,M,,*6E
2025-12-20 19:19:57.125 | $GPGSA,A,1,,,,,,,,,,,,,,,,1*03
2025-12-20 19:19:57.155 | $BDGSA,A,1,,,,,,,,,,,,,,,,4*17
2025-12-20 19:19:57.176 | $GPGSV,0,1,00*78
2025-12-20 19:19:57.196 | $BDGSV,0,1,00*69
2025-12-20 19:19:57.237 | $GNRMC,171957.523,V,,,,,,,201225,,,N*5D
2025-12-20 19:19:57.268 | $GNZDA,171957.523,20,12,2025,,*44
2025-12-20 19:19:58.088 | $GNGGA,171958.523,,,,,0,00,,,M,,M,,*61
2025-12-20 19:19:58.119 | $GPGSA,A,1,,,,,,,,,,,,,,,,1*03
2025-12-20 19:19:58.150 | $BDGSA,A,1,,,,,,,,,,,,,,,,4*17
2025-12-20 19:19:58.170 | $GPGSV,0,1,00*78
2025-12-20 19:19:58.191 | $BDGSV,0,1,00*69
2025-12-20 19:19:58.232 | $GNRMC,171958.523,V,,,,,,,201225,,,N*52
2025-12-20 19:19:58.273 | $GNZDA,171958.523,20,12,2025,,*4B
2025-12-20 19:19:59.083 | $GNGGA,171959.523,,,,,0,00,,,M,,M,,*60
2025-12-20 19:19:59.124 | $GPGSA,A,1,,,,,,,,,,,,,,,,1*03
2025-12-20 19:19:59.155 | $BDGSA,A,1,,,,,,,,,,,,,,,,4*17
2025-12-20 19:19:59.176 | $GPGSV,0,1,00*78
2025-12-20 19:19:59.186 | $BDGSV,0,1,00*69
2025-12-20 19:19:59.237 | $GNRMC,171959.523,V,,,,,,,201225,,,N*53
2025-12-20 19:19:59.268 | $GNZDA,171959.523,20,12,2025,,*4A
2025-12-20 19:20:00.092 | $GNGGA,172000.523,,,,,0,00,,,M,,M,,*66
2025-12-20 19:20:00.124 | $GPGSA,A,1,,,,,,,,,,,,,,,,1*03
2025-12-20 19:20:00.154 | $BDGSA,A,1,,,,,,,,,,,,,,,,4*17
2025-12-20 19:20:00.175 | $GPGSV,0,1,00*78
2025-12-20 19:20:00.196 | $BDGSV,0,1,00*69
2025-12-20 19:20:00.237 | $GNRMC,172000.523,V,,,,,,,201225,,,N*55
2025-12-20 19:20:00.267 | $GNZDA,172000.523,20,12,2025,,*4C
2025-12-20 19:20:01.088 | $GNGGA,172001.523,,,,,0,00,,,M,,M,,*67
2025-12-20 19:20:01.119 | $GPGSA,A,1,,,,,,,,,,,,,,,,1*03
2025-12-20 19:20:01.149 | $BDGSA,A,1,,,,,,,,,,,,,,,,4*17
2025-12-20 19:20:01.170 | $GPGSV,0,1,00*78
2025-12-20 19:20:01.190 | $BDGSV,0,1,00*69
2025-12-20 19:20:01.231 | $GNRMC,172001.523,V,,,,,,,201225,,,N*54
2025-12-20 19:20:01.272 | $GNZDA,172001.523,20,12,2025,,*4D
2025-12-20 19:20:02.083 | $GNGGA,172002.523,,,,,0,00,,,M,,M,,*64
2025-12-20 19:20:02.124 | $GPGSA,A,1,,,,,,,,,,,,,,,,1*03
2025-12-20 19:20:02.155 | $BDGSA,A,1,,,,,,,,,,,,,,,,4*17
2025-12-20 19:20:02.175 | $GPGSV,0,1,00*78
2025-12-20 19:20:02.196 | $BDGSV,0,1,00*69
2025-12-20 19:20:02.237 | $GNRMC,172002.523,V,,,,,,,201225,,,N*57
2025-12-20 19:20:02.271 | $GNZDA,172002.523,20,12,2025,,*4E
2025-12-20 19:20:03.085 | $GNGGA,172003.523,,,,,0,00,,,M,,M,,*65
2025-12-20 19:20:03.116 | $GPGSA,A,1,,,,,,,,,,,,,,,,1*03
2025-12-20 19:20:03.158 | $BDGSA,A,1,,,,,,,,,,,,,,,,4*17
2025-12-20 19:20:03.168 | $GPGSV,0,1,00*78
2025-12-20 19:20:03.189 | $BDGSV,0,1,00*69
2025-12-20 19:20:03.230 | $GNRMC,172003.523,V,,,,,,,201225,,,N*56
2025-12-20 19:20:03.272 | $GNZDA,172003.523,20,12,2025,,*4F
2025-12-20 19:20:04.082 | $GNGGA,172004.523,,,,,0,00,,,M,,M,,*62
2025-12-20 19:20:04.123 | $GPGSA,A,1,,,,,,,,,,,,,,,,1*03
2025-12-20 19:20:04.154 | $BDGSA,A,1,,,,,,,,,,,,,,,,4*17
2025-12-20 19:20:04.174 | $GPGSV,0,1,00*78
2025-12-20 19:20:04.195 | $BDGSV,0,1,00*69
2025-12-20 19:20:04.236 | $GNRMC,172004.523,V,,,,,,,201225,,,N*51
2025-12-20 19:20:04.277 | $GNZDA,172004.523,20,12,2025,,*48
2025-12-20 19:20:05.087 | $GNGGA,172005.523,,,,,0,00,,,M,,M,,*63
2025-12-20 19:20:05.118 | $GPGSA,A,1,,,,,,,,,,,,,,,,1*03
2025-12-20 19:20:05.159 | $BDGSA,A,1,,,,,,,,,,,,,,,,4*17
2025-12-20 19:20:05.169 | $GPGSV,0,1,00*78
2025-12-20 19:20:05.189 | $BDGSV,0,1,00*69
2025-12-20 19:20:05.230 | $GNRMC,172005.523,V,,,,,,,201225,,,N*50
2025-12-20 19:20:05.271 | $GNZDA,172005.523,20,12,2025,,*49
2025-12-20 19:20:06.092 | $GNGGA,172006.523,,,,,0,00,,,M,,M,,*60
2025-12-20 19:20:06.123 | $GPGSA,A,1,,,,,,,,,,,,,,,,1*03
2025-12-20 19:20:06.153 | $BDGSA,A,1,,,,,,,,,,,,,,,,4*17
2025-12-20 19:20:06.174 | $GPGSV,0,1,00*78
2025-12-20 19:20:06.195 | $BDGSV,0,1,00*69
2025-12-20 19:20:06.236 | $GNRMC,172006.523,V,,,,,,,201225,,,N*53
2025-12-20 19:20:06.266 | $GNZDA,172006.523,20,12,2025,,*4A
2025-12-20 19:20:07.088 | $GNGGA,172007.523,,,,,0,00,,,M,,M,,*61
2025-12-20 19:20:07.119 | $GPGSA,A,1,,,,,,,,,,,,,,,,1*03
2025-12-20 19:20:07.149 | $BDGSA,A,1,,,,,,,,,,,,,,,,4*17
2025-12-20 19:20:07.170 | $GPGSV,0,1,00*78
2025-12-20 19:20:07.190 | $BDGSV,0,1,00*69
2025-12-20 19:20:07.231 | $GNRMC,172007.523,V,,,,,,,201225,,,N*52
2025-12-20 19:20:07.272 | $GNZDA,172007.523,20,12,2025,,*4B
2025-12-20 19:20:08.083 | $GNGGA,172008.523,,,,,0,00,,,M,,M,,*6E
2025-12-20 19:20:08.124 | $GPGSA,A,1,,,,,,,,,,,,,,,,1*03
2025-12-20 19:20:08.155 | $BDGSA,A,1,,,,,,,,,,,,,,,,4*17
2025-12-20 19:20:08.176 | $GPGSV,0,1,00*78
2025-12-20 19:20:08.197 | $BDGSV,0,1,00*69
2025-12-20 19:20:08.239 | $GNRMC,172008.523,V,,,,,,,201225,,,N*5D
2025-12-20 19:20:08.270 | $GNZDA,172008.523,20,12,2025,,*44
2025-12-20 19:20:09.086 | $GNGGA,172009.523,,,,,0,00,,,M,,M,,*6F
2025-12-20 19:20:09.117 | $GPGSA,A,1,,,,,,,,,,,,,,,,1*03
2025-12-20 19:20:09.158 | $BDGSA,A,1,,,,,,,,,,,,,,,,4*17
2025-12-20 19:20:09.168 | $GPGSV,0,1,00*78
2025-12-20 19:20:09.189 | $BDGSV,0,1,00*69
2025-12-20 19:20:09.240 | $GNRMC,172009.523,V,,,,,,,201225,,,N*5C
2025-12-20 19:20:09.270 | $GNZDA,172009.523,20,12,2025,,*45
2025-12-20 19:20:10.084 | $GNGGA,172010.523,,,,,0,00,,,M,,M,,*67
2025-12-20 19:20:10.125 | $GPGSA,A,1,,,,,,,,,,,,,,,,1*03
2025-12-20 19:20:10.156 | $BDGSA,A,1,,,,,,,,,,,,,,,,4*17
2025-12-20 19:20:10.176 | $GPGSV,0,1,00*78
2025-12-20 19:20:10.197 | $BDGSV,0,1,00*69
2025-12-20 19:20:10.238 | $GNRMC,172010.523,V,,,,,,,201225,,,N*54
2025-12-20 19:20:10.269 | $GNZDA,172010.523,20,12,2025,,*4D
2025-12-20 19:20:11.091 | $GNGGA,172011.523,,,,,0,00,,,M,,M,,*66
2025-12-20 19:20:11.122 | $GPGSA,A,1,,,,,,,,,,,,,,,,1*03
2025-12-20 19:20:11.153 | $BDGSA,A,1,,,,,,,,,,,,,,,,4*17
2025-12-20 19:20:11.173 | $GPGSV,0,1,00*78
2025-12-20 19:20:11.194 | $BDGSV,0,1,00*69
2025-12-20 19:20:11.235 | $GNRMC,172011.523,V,,,,,,,201225,,,N*55
2025-12-20 19:20:11.276 | $GNZDA,172011.523,20,12,2025,,*4C
2025-12-20 19:20:12.093 | $GNGGA,172012.523,,,,,0,00,,,M,,M,,*65
2025-12-20 19:20:12.124 | $GPGSA,A,1,,,,,,,,,,,,,,,,1*03
2025-12-20 19:20:12.155 | $BDGSA,A,1,,,,,,,,,,,,,,,,4*17
2025-12-20 19:20:12.176 | $GPGSV,0,1,00*78
2025-12-20 19:20:12.196 | $BDGSV,0,1,00*69
2025-12-20 19:20:12.238 | $GNRMC,172012.523,V,,,,,,,201225,,,N*56
2025-12-20 19:20:12.268 | $GNZDA,172012.523,20,12,2025,,*4F
2025-12-20 19:20:13.090 | $GNGGA,172013.523,,,,,0,00,,,M,,M,,*64
2025-12-20 19:20:13.121 | $GPGSA,A,1,,,,,,,,,,,,,,,,1*03
2025-12-20 19:20:13.152 | $BDGSA,A,1,,,,,,,,,,,,,,,,4*17
2025-12-20 19:20:13.173 | $GPGSV,0,1,00*78
2025-12-20 19:20:13.194 | $BDGSV,0,1,00*69
2025-12-20 19:20:13.235 | $GNRMC,172013.523,V,,,,,,,201225,,,N*57
2025-12-20 19:20:13.276 | $GNZDA,172013.523,20,12,2025,,*4E
2025-12-20 19:20:14.088 | $GNGGA,172014.523,,,,,0,00,,,M,,M,,*63
2025-12-20 19:20:14.119 | $GPGSA,A,1,,,,,,,,,,,,,,,,1*03
2025-12-20 19:20:14.150 | $BDGSA,A,1,,,,,,,,,,,,,,,,4*17
2025-12-20 19:20:14.171 | $GPGSV,0,1,00*78
2025-12-20 19:20:14.191 | $BDGSV,0,1,00*69
2025-12-20 19:20:14.233 | $GNRMC,172014.523,V,,,,,,,201225,,,N*50
2025-12-20 19:20:14.274 | $GNZDA,172014.523,20,12,2025,,*49
2025-12-20 19:20:15.087 | $GNGGA,172015.523,,,,,0,00,,,M,,M,,*62
2025-12-20 19:20:15.118 | $GPGSA,A,1,,,,,,,,,,,,,,,,1*03
2025-12-20 19:20:15.150 | $BDGSA,A,1,,,,,,,,,,,,,,,,4*17
2025-12-20 19:20:15.171 | $GPGSV,0,1,00*78
2025-12-20 19:20:15.192 | $BDGSV,0,1,00*69
2025-12-20 19:20:15.233 | $GNRMC,172015.523,V,,,,,,,201225,,,N*51
2025-12-20 19:20:15.275 | $GNZDA,172015.523,20,12,2025,,*48
2025-12-20 19:20:16.090 | $GNGGA,172016.523,,,,,0,00,,,M,,M,,*61
2025-12-20 19:20:16.121 | $GPGSA,A,1,,,,,,,,,,,,,,,,1*03
2025-12-20 19:20:16.152 | $BDGSA,A,1,,,,,,,,,,,,,,,,4*17
2025-12-20 19:20:16.173 | $GPGSV,0,1,00*78
2025-12-20 19:20:16.194 | $BDGSV,0,1,00*69
2025-12-20 19:20:16.235 | $GNRMC,172016.523,V,,,,,,,201225,,,N*52
2025-12-20 19:20:16.276 | $GNZDA,172016.523,20,12,2025,,*4B
2025-12-20 19:20:17.089 | $GNGGA,172017.523,,,,,0,00,,,M,,M,,*60
2025-12-20 19:20:17.120 | $GPGSA,A,1,,,,,,,,,,,,,,,,1*03
2025-12-20 19:20:17.151 | $BDGSA,A,1,,,,,,,,,,,,,,,,4*17
2025-12-20 19:20:17.172 | $GPGSV,0,1,00*78
2025-12-20 19:20:17.192 | $BDGSV,0,1,00*69
2025-12-20 19:20:17.234 | $GNRMC,172017.523,V,,,,,,,201225,,,N*53
2025-12-20 19:20:17.275 | $GNZDA,172017.523,20,12,2025,,*4A
2025-12-20 19:20:18.087 | $GNGGA,172018.523,,,,,0,00,,,M,,M,,*6F
2025-12-20 19:20:18.118 | $GPGSA,A,1,,,,,,,,,,,,,,,,1*03
2025-12-20 19:20:18.159 | $BDGSA,A,1,,,,,,,,,,,,,,,,4*17
2025-12-20 19:20:18.170 | $GPGSV,0,1,00*78
2025-12-20 19:20:18.190 | $BDGSV,0,1,00*69
2025-12-20 19:20:18.232 | $GNRMC,172018.523,V,,,,,,,201225,,,N*5C
2025-12-20 19:20:18.273 | $GNZDA,172018.523,20,12,2025,,*45
2025-12-20 19:20:19.088 | $GNGGA,172019.523,,,,,0,00,,,M,,M,,*6E
2025-12-20 19:20:19.119 | $GPGSA,A,1,,,,,,,,,,,,,,,,1*03
2025-12-20 19:20:19.150 | $BDGSA,A,1,,,,,,,,,,,,,,,,4*17
2025-12-20 19:20:19.171 | $GPGSV,0,1,00*78
2025-12-20 19:20:19.192 | $BDGSV,0,1,00*69
2025-12-20 19:20:19.234 | $GNRMC,172019.523,V,,,,,,,201225,,,N*5D
2025-12-20 19:20:19.276 | $GNZDA,172019.523,20,12,2025,,*44
2025-12-20 19:20:20.090 | $GNGGA,172020.523,,,,,0,00,,,M,,M,,*64
2025-12-20 19:20:20.121 | $GPGSA,A,1,,,,,,,,,,,,,,,,1*03
2025-12-20 19:20:20.153 | $BDGSA,A,1,,,,,,,,,,,,,,,,4*17
2025-12-20 19:20:20.173 | $GPGSV,0,1,00*78
2025-12-20 19:20:20.194 | $BDGSV,0,1,00*69
2025-12-20 19:20:20.236 | $GNRMC,172020.523,V,,,,,,,201225,,,N*57
2025-12-20 19:20:20.267 | $GNZDA,172020.523,20,12,2025,,*4E
2025-12-20 19:20:21.088 | $GNGGA,172021.523,,,,,0,00,,,M,,M,,*65
2025-12-20 19:20:21.119 | $GPGSA,A,1,,,,,,,,,,,,,,,,1*03
2025-12-20 19:20:21.150 | $BDGSA,A,1,,,,,,,,,,,,,,,,4*17
2025-12-20 19:20:21.171 | $GPGSV,0,1,00*78
2025-12-20 19:20:21.192 | $BDGSV,0,1,00*69
2025-12-20 19:20:21.233 | $GNRMC,172021.523,V,,,,,,,201225,,,N*56
2025-12-20 19:20:21.275 | $GNZDA,172021.523,20,12,2025,,*4F
2025-12-20 19:20:22.089 | $GNGGA,172022.523,,,,,0,00,,,M,,M,,*66
2025-12-20 19:20:22.120 | $GPGSA,A,1,,,,,,,,,,,,,,,,1*03
2025-12-20 19:20:22.151 | $BDGSA,A,1,,,,,,,,,,,,,,,,4*17
2025-12-20 19:20:22.172 | $GPGSV,0,1,00*78
2025-12-20 19:20:22.193 | $BDGSV,0,1,00*69
2025-12-20 19:20:22.234 | $GNRMC,172022.523,V,,,,,,,201225,,,N*55
2025-12-20 19:20:22.275 | $GNZDA,172022.523,20,12,2025,,*4C
2025-12-20 19:20:23.089 | $GNGGA,172023.523,,,,,0,00,,,M,,M,,*67
2025-12-20 19:20:23.120 | $GPGSA,A,1,,,,,,,,,,,,,,,,1*03
2025-12-20 19:20:23.151 | $BDGSA,A,1,,,,,,,,,,,,,,,,4*17
2025-12-20 19:20:23.172 | $GPGSV,0,1,00*78
2025-12-20 19:20:23.192 | $BDGSV,0,1,00*69
2025-12-20 19:20:23.234 | $GNRMC,172023.523,V,,,,,,,201225,,,N*54
2025-12-20 19:20:23.275 | $GNZDA,172023.523,20,12,2025,,*4D
2025-12-20 19:20:24.087 | $GNGGA,172024.523,,,,,0,00,,,M,,M,,*60
2025-12-20 19:20:24.118 | $GPGSA,A,1,,,,,,,,,,,,,,,,1*03
2025-12-20 19:20:24.159 | $BDGSA,A,1,,,,,,,,,,,,,,,,4*17
2025-12-20 19:20:24.169 | $GPGSV,0,1,00*78
2025-12-20 19:20:24.190 | $BDGSV,0,1,00*69
2025-12-20 19:20:24.231 | $GNRMC,172024.523,V,,,,,,,201225,,,N*53
2025-12-20 19:20:24.272 | $GNZDA,172024.523,20,12,2025,,*4A
2025-12-20 19:20:25.082 | $GNGGA,172025.523,,,,,0,00,,,M,,M,,*61
2025-12-20 19:20:25.123 | $GPGSA,A,1,,,,,,,,,,,,,,,,1*03
2025-12-20 19:20:25.154 | $BDGSA,A,1,,,,,,,,,,,,,,,,4*17
2025-12-20 19:20:25.174 | $GPGSV,0,1,00*78
2025-12-20 19:20:25.195 | $BDGSV,0,1,00*69
2025-12-20 19:20:25.236 | $GNRMC,172025.523,V,,,,,,,201225,,,N*52
2025-12-20 19:20:25.266 | $GNZDA,172025.523,20,12,2025,,*4B
2025-12-20 19:20:26.088 | $GNGGA,172026.523,,,,,0,00,,,M,,M,,*62
2025-12-20 19:20:26.118 | $GPGSA,A,1,,,,,,,,,,,,,,,,1*03
2025-12-20 19:20:26.149 | $BDGSA,A,1,,,,,,,,,,,,,,,,4*17
2025-12-20 19:20:26.169 | $GPGSV,0,1,00*78
2025-12-20 19:20:26.190 | $BDGSV,0,1,00*69
2025-12-20 19:20:26.231 | $GNRMC,172026.523,V,,,,,,,201225,,,N*51
2025-12-20 19:20:26.272 | $GNZDA,172026.523,20,12,2025,,*48
2025-12-20 19:20:27.083 | $GNGGA,172027.523,,,,,0,00,,,M,,M,,*63
2025-12-20 19:20:27.124 | $GPGSA,A,1,,,,,,,,,,,,,,,,1*03
2025-12-20 19:20:27.155 | $BDGSA,A,1,,,,,,,,,,,,,,,,4*17
2025-12-20 19:20:27.176 | $GPGSV,0,1,00*78
2025-12-20 19:20:27.186 | $BDGSV,0,1,00*69
2025-12-20 19:20:27.237 | $GNRMC,172027.523,V,,,,,,,201225,,,N*50
2025-12-20 19:20:27.268 | $GNZDA,172027.523,20,12,2025,,*49
2025-12-20 19:20:28.089 | $GNGGA,172028.523,,,,,0,00,,,M,,M,,*6C
2025-12-20 19:20:28.120 | $GPGSA,A,1,,,,,,,,,,,,,,,,1*03
2025-12-20 19:20:28.150 | $BDGSA,A,1,,,,,,,,,,,,,,,,4*17
2025-12-20 19:20:28.171 | $GPGSV,0,1,00*78
2025-12-20 19:20:28.191 | $BDGSV,0,1,00*69
2025-12-20 19:20:28.232 | $GNRMC,172028.523,V,,,,,,,201225,,,N*5F
2025-12-20 19:20:28.273 | $GNZDA,172028.523,20,12,2025,,*46
2025-12-20 19:20:29.084 | $GNGGA,172029.523,,,,,0,00,,,M,,M,,*6D
2025-12-20 19:20:29.125 | $GPGSA,A,1,,,,,,,,,,,,,,,,1*03
2025-12-20 19:20:29.156 | $BDGSA,A,1,,,,,,,,,,,,,,,,4*17
2025-12-20 19:20:29.176 | $GPGSV,0,1,00*78
2025-12-20 19:20:29.187 | $BDGSV,0,1,00*69
2025-12-20 19:20:29.238 | $GNRMC,172029.523,V,,,,,,,201225,,,N*5E
2025-12-20 19:20:29.269 | $GNZDA,172029.523,20,12,2025,,*47
2025-12-20 19:20:30.090 | $GNGGA,172030.523,,,,,0,00,,,M,,M,,*65
2025-12-20 19:20:30.121 | $GPGSA,A,1,,,,,,,,,,,,,,,,1*03
2025-12-20 19:20:30.151 | $BDGSA,A,1,,,,,,,,,,,,,,,,4*17
2025-12-20 19:20:30.172 | $GPGSV,0,1,00*78
2025-12-20 19:20:30.193 | $BDGSV,0,1,00*69
2025-12-20 19:20:30.234 | $GNRMC,172030.523,V,,,,,,,201225,,,N*56
2025-12-20 19:20:30.274 | $GNZDA,172030.523,20,12,2025,,*4F
2025-12-20 19:20:31.085 | $GNGGA,172031.523,,,,,0,00,,,M,,M,,*64
2025-12-20 19:20:31.116 | $GPGSA,A,1,,,,,,,,,,,,,,,,1*03
2025-12-20 19:20:31.157 | $BDGSA,A,1,,,,,,,,,,,,,,,,4*17
2025-12-20 19:20:31.177 | $GPGSV,0,1,00*78
2025-12-20 19:20:31.188 | $BDGSV,0,1,00*69
2025-12-20 19:20:31.239 | $GNRMC,172031.523,V,,,,,,,201225,,,N*57
2025-12-20 19:20:31.270 | $GNZDA,172031.523,20,12,2025,,*4E
2025-12-20 19:20:32.090 | $GNGGA,172032.523,,,,,0,00,,,M,,M,,*67
2025-12-20 19:20:32.121 | $GPGSA,A,1,,,,,,,,,,,,,,,,1*03
2025-12-20 19:20:32.152 | $BDGSA,A,1,,,,,,,,,,,,,,,,4*17
2025-12-20 19:20:32.172 | $GPGSV,0,1,00*78
2025-12-20 19:20:32.193 | $BDGSV,0,1,00*69
2025-12-20 19:20:32.234 | $GNRMC,172032.523,V,,,,,,,201225,,,N*54
2025-12-20 19:20:32.275 | $GNZDA,172032.523,20,12,2025,,*4D
2025-12-20 19:20:33.086 | $GNGGA,172033.523,,,,,0,00,,,M,,M,,*66
2025-12-20 19:20:33.117 | $GPGSA,A,1,,,,,,,,,,,,,,,,1*03
2025-12-20 19:20:33.158 | $BDGSA,A,1,,,,,,,,,,,,,,,,4*17
2025-12-20 19:20:33.169 | $GPGSV,0,1,00*78
2025-12-20 19:20:33.189 | $BDGSV,0,1,00*69
2025-12-20 19:20:33.230 | $GNRMC,172033.523,V,,,,,,,201225,,,N*55
2025-12-20 19:20:33.271 | $GNZDA,172033.523,20,12,2025,,*4C
2025-12-20 19:20:34.081 | $GNGGA,172034.523,,,,,0,00,,,M,,M,,*61
2025-12-20 19:20:34.122 | $GPGSA,A,1,,,,,,,,,,,,,,,,1*03
2025-12-20 19:20:34.153 | $BDGSA,A,1,,,,,,,,,,,,,,,,4*17
2025-12-20 19:20:34.174 | $GPGSV,0,1,00*78
2025-12-20 19:20:34.194 | $BDGSV,0,1,00*69
2025-12-20 19:20:34.235 | $GNRMC,172034.523,V,,,,,,,201225,,,N*52
2025-12-20 19:20:34.266 | $GNZDA,172034.523,20,12,2025,,*4B
2025-12-20 19:20:35.086 | $GNGGA,172035.523,,,,,0,00,,,M,,M,,*60
2025-12-20 19:20:35.117 | $GPGSA,A,1,,,,,,,,,,,,,,,,1*03
2025-12-20 19:20:35.160 | $BDGSA,A,1,,,,,,,,,,,,,,,,4*17
2025-12-20 19:20:35.171 | $GPGSV,0,1,00*78
2025-12-20 19:20:35.191 | $BDGSV,0,1,00*69
2025-12-20 19:20:35.232 | $GNRMC,172035.523,V,,,,,,,201225,,,N*53
2025-12-20 19:20:35.273 | $GNZDA,172035.523,20,12,2025,,*4A
2025-12-20 19:20:36.084 | $GNGGA,172036.523,,,,,0,00,,,M,,M,,*63
2025-12-20 19:20:36.115 | $GPGSA,A,1,,,,,,,,,,,,,,,,1*03
2025-12-20 19:20:36.156 | $BDGSA,A,1,,,,,,,,,,,,,,,,4*17
2025-12-20 19:20:36.177 | $GPGSV,0,1,00*78
2025-12-20 19:20:36.187 | $BDGSV,0,1,00*69
2025-12-20 19:20:36.238 | $GNRMC,172036.523,V,,,,,,,201225,,,N*50
2025-12-20 19:20:36.269 | $GNZDA,172036.523,20,12,2025,,*49
2025-12-20 19:20:37.091 | $GNGGA,172037.523,,,,,0,00,,,M,,M,,*62
2025-12-20 19:20:37.122 | $GPGSA,A,1,,,,,,,,,,,,,,,,1*03
2025-12-20 19:20:37.152 | $BDGSA,A,1,,,,,,,,,,,,,,,,4*17
2025-12-20 19:20:37.173 | $GPGSV,0,1,00*78
2025-12-20 19:20:37.193 | $BDGSV,0,1,00*69
2025-12-20 19:20:37.234 | $GNRMC,172037.523,V,,,,,,,201225,,,N*51
2025-12-20 19:20:37.275 | $GNZDA,172037.523,20,12,2025,,*48
2025-12-20 19:20:38.087 | $GNGGA,172038.523,,,,,0,00,,,M,,M,,*6D
2025-12-20 19:20:38.118 | $GPGSA,A,1,,,,,,,,,,,,,,,,1*03
2025-12-20 19:20:38.149 | $BDGSA,A,1,,,,,,,,,,,,,,,,4*17
2025-12-20 19:20:38.169 | $GPGSV,0,1,00*78
2025-12-20 19:20:38.190 | $BDGSV,0,1,00*69
2025-12-20 19:20:38.231 | $GNRMC,172038.523,V,,,,,,,201225,,,N*5E
2025-12-20 19:20:38.272 | $GNZDA,172038.523,20,12,2025,,*47
2025-12-20 19:20:39.088 | $GNGGA,172039.523,,,,,0,00,,,M,,M,,*6C
2025-12-20 19:20:39.119 | $GPGSA,A,1,,,,,,,,,,,,,,,,1*03
2025-12-20 19:20:39.150 | $BDGSA,A,1,,,,,,,,,,,,,,,,4*17
2025-12-20 19:20:39.171 | $GPGSV,0,1,00*78
2025-12-20 19:20:39.191 | $BDGSV,0,1,00*69
2025-12-20 19:20:39.232 | $GNRMC,172039.523,V,,,,,,,201225,,,N*5F
2025-12-20 19:20:39.273 | $GNZDA,172039.523,20,12,2025,,*46
2025-12-20 19:20:40.089 | $GNGGA,172040.523,,,,,0,00,,,M,,M,,*62
2025-12-20 19:20:40.120 | $GPGSA,A,1,,,,,,,,,,,,,,,,1*03
2025-12-20 19:20:40.150 | $BDGSA,A,1,,,,,,,,,,,,,,,,4*17
2025-12-20 19:20:40.171 | $GPGSV,0,1,00*78
2025-12-20 19:20:40.192 | $BDGSV,0,1,00*69
2025-12-20 19:20:40.233 | $GNRMC,172040.523,V,,,,,,,201225,,,N*51
2025-12-20 19:20:40.274 | $GNZDA,172040.523,20,12,2025,,*48
2025-12-20 19:20:41.085 | $GNGGA,172041.523,,,,,0,00,,,M,,M,,*63
2025-12-20 19:20:41.116 | $GPGSA,A,1,,,,,,,,,,,,,,,,1*03
2025-12-20 19:20:41.157 | $BDGSA,A,1,,,,,,,,,,,,,,,,4*17
2025-12-20 19:20:41.168 | $GPGSV,0,1,00*78
2025-12-20 19:20:41.188 | $BDGSV,0,1,00*69
2025-12-20 19:20:41.229 | $GNRMC,172041.523,V,,,,,,,201225,,,N*50
2025-12-20 19:20:41.270 | $GNZDA,172041.523,20,12,2025,,*49
2025-12-20 19:20:42.082 | $GNGGA,172042.523,,,,,0,00,,,M,,M,,*60
2025-12-20 19:20:42.123 | $GPGSA,A,1,,,,,,,,,,,,,,,,1*03
2025-12-20 19:20:42.154 | $BDGSA,A,1,,,,,,,,,,,,,,,,4*17
2025-12-20 19:20:42.175 | $GPGSV,0,1,00*78
2025-12-20 19:20:42.195 | $BDGSV,0,1,00*69
2025-12-20 19:20:42.237 | $GNRMC,172042.523,V,,,,,,,201225,,,N*53
2025-12-20 19:20:42.268 | $GNZDA,172042.523,20,12,2025,,*4A
2025-12-20 19:20:43.090 | $GNGGA,172043.523,,,,,0,00,,,M,,M,,*61
2025-12-20 19:20:43.121 | $GPGSA,A,1,,,,,,,,,,,,,,,,1*03
2025-12-20 19:20:43.152 | $BDGSA,A,1,,,,,,,,,,,,,,,,4*17
2025-12-20 19:20:43.172 | $GPGSV,0,1,00*78
2025-12-20 19:20:43.193 | $BDGSV,0,1,00*69
2025-12-20 19:20:43.234 | $GNRMC,172043.523,V,,,,,,,201225,,,N*52
2025-12-20 19:20:43.275 | $GNZDA,172043.523,20,12,2025,,*4B
2025-12-20 19:20:44.087 | $GNGGA,172044.523,,,,,0,00,,,M,,M,,*66
2025-12-20 19:20:44.118 | $GPGSA,A,1,,,,,,,,,,,,,,,,1*03
2025-12-20 19:20:44.149 | $BDGSA,A,1,,,,,,,,,,,,,,,,4*17
2025-12-20 19:20:44.169 | $GPGSV,0,1,00*78
2025-12-20 19:20:44.190 | $BDGSV,0,1,00*69
2025-12-20 19:20:44.231 | $GNRMC,172044.523,V,,,,,,,201225,,,N*55
2025-12-20 19:20:44.272 | $GNZDA,172044.523,20,12,2025,,*4C
2025-12-20 19:20:45.083 | $GNGGA,172045.523,,,,,0,00,,,M,,M,,*67
2025-12-20 19:20:45.124 | $GPGSA,A,1,,,,,,,,,,,,,,,,1*03
2025-12-20 19:20:45.155 | $BDGSA,A,1,,,,,,,,,,,,,,,,4*17
2025-12-20 19:20:45.175 | $GPGSV,0,1,00*78
2025-12-20 19:20:45.196 | $BDGSV,0,1,00*69
2025-12-20 19:20:45.237 | $GNRMC,172045.523,V,,,,,,,201225,,,N*54
2025-12-20 19:20:45.268 | $GNZDA,172045.523,20,12,2025,,*4D
2025-12-20 19:20:46.090 | $GNGGA,172046.523,,,,,0,00,,,M,,M,,*64
2025-12-20 19:20:46.121 | $GPGSA,A,1,,,,,,,,,,,,,,,,1*03
2025-12-20 19:20:46.151 | $BDGSA,A,1,,,,,,,,,,,,,,,,4*17
2025-12-20 19:20:46.172 | $GPGSV,0,1,00*78
2025-12-20 19:20:46.193 | $BDGSV,0,1,00*69
2025-12-20 19:20:46.234 | $GNRMC,172046.523,V,,,,,,,201225,,,N*57
2025-12-20 19:20:46.275 | $GNZDA,172046.523,20,12,2025,,*4E
2025-12-20 19:20:47.086 | $GNGGA,172047.523,,,,,0,00,,,M,,M,,*65
2025-12-20 19:20:47.117 | $GPGSA,A,1,,,,,,,,,,,,,,,,1*03
2025-12-20 19:20:47.157 | $BDGSA,A,1,,,,,,,,,,,,,,,,4*17
2025-12-20 19:20:47.168 | $GPGSV,0,1,00*78
2025-12-20 19:20:47.188 | $BDGSV,0,1,00*69
2025-12-20 19:20:47.229 | $GNRMC,172047.523,V,,,,,,,201225,,,N*56
2025-12-20 19:20:47.270 | $GNZDA,172047.523,20,12,2025,,*4F
2025-12-20 19:20:48.090 | $GNGGA,172048.523,,,,,0,00,,,M,,M,,*6A
2025-12-20 19:20:48.121 | $GPGSA,A,1,,,,,,,,,,,,,,,,1*03
2025-12-20 19:20:48.152 | $BDGSA,A,1,,,,,,,,,,,,,,,,4*17
2025-12-20 19:20:48.173 | $GPGSV,0,1,00*78
2025-12-20 19:20:48.193 | $BDGSV,0,1,00*69
2025-12-20 19:20:48.234 | $GNRMC,172048.523,V,,,,,,,201225,,,N*59
2025-12-20 19:20:48.275 | $GNZDA,172048.523,20,12,2025,,*40
2025-12-20 19:20:49.085 | $GNGGA,172049.523,,,,,0,00,,,M,,M,,*6B
2025-12-20 19:20:49.115 | $GPGSA,A,1,,,,,,,,,,,,,,,,1*03
2025-12-20 19:20:49.156 | $BDGSA,A,1,,,,,,,,,,,,,,,,4*17
2025-12-20 19:20:49.177 | $GPGSV,0,1,00*78
2025-12-20 19:20:49.187 | $BDGSV,0,1,00*69
2025-12-20 19:20:49.238 | $GNRMC,172049.523,V,,,,,,,201225,,,N*58
2025-12-20 19:20:49.269 | $GNZDA,172049.523,20,12,2025,,*41
2025-12-20 19:20:50.090 | $GNGGA,172050.523,,,,,0,00,,,M,,M,,*63
2025-12-20 19:20:50.121 | $GPGSA,A,1,,,,,,,,,,,,,,,,1*03
2025-12-20 19:20:50.151 | $BDGSA,A,1,,,,,,,,,,,,,,,,4*17
2025-12-20 19:20:50.172 | $GPGSV,0,1,00*78
2025-12-20 19:20:50.192 | $BDGSV,0,1,00*69
2025-12-20 19:20:50.233 | $GNRMC,172050.523,V,,,,,,,201225,,,N*50
2025-12-20 19:20:50.274 | $GNZDA,172050.523,20,12,2025,,*49
2025-12-20 19:20:51.086 | $GNGGA,172051.523,,,,,0,00,,,M,,M,,*62
2025-12-20 19:20:51.117 | $GPGSA,A,1,,,,,,,,,,,,,,,,1*03
2025-12-20 19:20:51.158 | $BDGSA,A,1,,,,,,,,,,,,,,,,4*17
2025-12-20 19:20:51.168 | $GPGSV,0,1,00*78
2025-12-20 19:20:51.189 | $BDGSV,0,1,00*69
2025-12-20 19:20:51.230 | $GNRMC,172051.523,V,,,,,,,201225,,,N*51
2025-12-20 19:20:51.271 | $GNZDA,172051.523,20,12,2025,,*48
2025-12-20 19:20:52.092 | $GNGGA,172052.523,,,,,0,00,,,M,,M,,*61
2025-12-20 19:20:52.123 | $GPGSA,A,1,,,,,,,,,,,,,,,,1*03
2025-12-20 19:20:52.154 | $BDGSA,A,1,,,,,,,,,,,,,,,,4*17
2025-12-20 19:20:52.175 | $GPGSV,1,1,01,5,,,*4D
2025-12-20 19:20:52.196 | $BDGSV,0,1,00*69
2025-12-20 19:20:52.237 | $GNRMC,172052.523,V,,,,,,,201225,,,N*52
2025-12-20 19:20:52.278 | $GNZDA,172052.523,20,12,2025,,*4B
2025-12-20 19:20:53.089 | $GNGGA,172053.523,,,,,0,00,,,M,,M,,*60
2025-12-20 19:20:53.120 | $GPGSA,A,1,,,,,,,,,,,,,,,,1*03
2025-12-20 19:20:53.150 | $BDGSA,A,1,,,,,,,,,,,,,,,,4*17
2025-12-20 19:20:53.181 | $GPGSV,1,1,01,5,,,*4D
2025-12-20 19:20:53.202 | $BDGSV,0,1,00*69
2025-12-20 19:20:53.243 | $GNRMC,172053.523,V,,,,,,,201225,,,N*53
2025-12-20 19:20:53.273 | $GNZDA,172053.523,20,12,2025,,*4A
2025-12-20 19:20:54.085 | $GNGGA,172054.523,,,,,0,00,,,M,,M,,*67
2025-12-20 19:20:54.126 | $GPGSA,A,1,,,,,,,,,,,,,,,,1*03
2025-12-20 19:20:54.156 | $BDGSA,A,1,,,,,,,,,,,,,,,,4*17
2025-12-20 19:20:54.177 | $GPGSV,1,1,01,5,,,*4D
2025-12-20 19:20:54.197 | $BDGSV,0,1,00*69
2025-12-20 19:20:54.238 | $GNRMC,172054.523,V,,,,,,,201225,,,N*54
2025-12-20 19:20:54.279 | $GNZDA,172054.523,20,12,2025,,*4D
2025-12-20 19:20:55.091 | $GNGGA,172055.523,,,,,0,00,,,M,,M,,*66
2025-12-20 19:20:55.122 | $GPGSA,A,1,,,,,,,,,,,,,,,,1*03
2025-12-20 19:20:55.152 | $BDGSA,A,1,,,,,,,,,,,,,,,,4*17
2025-12-20 19:20:55.183 | $GPGSV,1,1,01,5,,,*4D
2025-12-20 19:20:55.194 | $BDGSV,0,1,00*69
2025-12-20 19:20:55.245 | $GNRMC,172055.523,V,,,,,,,201225,,,N*55
2025-12-20 19:20:55.275 | $GNZDA,172055.523,20,12,2025,,*4C
2025-12-20 19:20:56.087 | $GNGGA,172056.523,,,,,0,00,,,M,,M,,*65
2025-12-20 19:20:56.118 | $GPGSA,A,1,,,,,,,,,,,,,,,,1*03
2025-12-20 19:20:56.159 | $BDGSA,A,1,,,,,,,,,,,,,,,,4*17
2025-12-20 19:20:56.180 | $GPGSV,1,1,01,5,,,*4D
2025-12-20 19:20:56.200 | $BDGSV,0,1,00*69
2025-12-20 19:20:56.241 | $GNRMC,172056.523,V,,,,,,,201225,,,N*56
2025-12-20 19:20:56.282 | $GNZDA,172056.523,20,12,2025,,*4F
2025-12-20 19:20:57.083 | $GNGGA,172057.523,,,,,0,00,,,M,,M,,*64
2025-12-20 19:20:57.124 | $GPGSA,A,1,,,,,,,,,,,,,,,,1*03
2025-12-20 19:20:57.155 | $BDGSA,A,1,,,,,,,,,,,,,,,,4*17
2025-12-20 19:20:57.175 | $GPGSV,1,1,01,5,,,*4D
2025-12-20 19:20:57.196 | $BDGSV,0,1,00*69
2025-12-20 19:20:57.237 | $GNRMC,172057.523,V,,,,,,,201225,,,N*57
2025-12-20 19:20:57.277 | $GNZDA,172057.523,20,12,2025,,*4E
2025-12-20 19:20:58.088 | $GNGGA,172058.523,,,,,0,00,,,M,,M,,*6B
2025-12-20 19:20:58.122 | $GPGSA,A,1,,,,,,,,,,,,,,,,1*03
2025-12-20 19:20:58.153 | $BDGSA,A,1,,,,,,,,,,,,,,,,4*17
2025-12-20 19:20:58.183 | $GPGSV,1,1,01,5,,,*4D
2025-12-20 19:20:58.194 | $BDGSV,0,1,00*69
2025-12-20 19:20:58.245 | $GNRMC,172058.523,V,,,,,,,201225,,,N*58
2025-12-20 19:20:58.276 | $GNZDA,172058.523,20,12,2025,,*41
2025-12-20 19:20:59.087 | $GNGGA,172059.523,,,,,0,00,,,M,,M,,*6A
2025-12-20 19:20:59.117 | $GPGSA,A,1,,,,,,,,,,,,,,,,1*03
2025-12-20 19:20:59.158 | $BDGSA,A,1,,,,,,,,,,,,,,,,4*17
2025-12-20 19:20:59.179 | $GPGSV,1,1,01,5,,,*4D
2025-12-20 19:20:59.199 | $BDGSV,0,1,00*69
2025-12-20 19:20:59.240 | $GNRMC,172059.523,V,,,,,,,201225,,,N*59
2025-12-20 19:20:59.281 | $GNZDA,172059.523,20,12,2025,,*40
2025-12-20 19:21:00.092 | $GNGGA,172100.523,,,,,0,00,,,M,,M,,*67
2025-12-20 19:21:00.123 | $GPGSA,A,1,,,,,,,,,,,,,,,,1*03
2025-12-20 19:21:00.154 | $BDGSA,A,1,,,,,,,,,,,,,,,,4*17
2025-12-20 19:21:00.175 | $GPGSV,1,1,01,5,,,*4D
2025-12-20 19:21:00.195 | $BDGSV,0,1,00*69
2025-12-20 19:21:00.236 | $GNRMC,172100.523,V,,,,,,,201225,,,N*54
2025-12-20 19:21:00.277 | $GNZDA,172100.523,20,12,2025,,*4D
2025-12-20 19:21:01.088 | $GNGGA,172101.523,,,,,0,00,,,M,,M,,*66
2025-12-20 19:21:01.119 | $GPGSA,A,1,,,,,,,,,,,,,,,,1*03
2025-12-20 19:21:01.150 | $BDGSA,A,1,,,,,,,,,,,,,,,,4*17
2025-12-20 19:21:01.181 | $GPGSV,1,1,01,5,,,*4D
2025-12-20 19:21:01.201 | $BDGSV,0,1,00*69
2025-12-20 19:21:01.242 | $GNRMC,172101.523,V,,,,,,,201225,,,N*55
2025-12-20 19:21:01.273 | $GNZDA,172101.523,20,12,2025,,*4C
2025-12-20 19:21:02.084 | $GNGGA,172102.523,,,,,0,00,,,M,,M,,*65
2025-12-20 19:21:02.125 | $GPGSA,A,1,,,,,,,,,,,,,,,,1*03
2025-12-20 19:21:02.156 | $BDGSA,A,1,,,,,,,,,,,,,,,,4*17
2025-12-20 19:21:02.176 | $GPGSV,1,1,01,5,,,*4D
2025-12-20 19:21:02.197 | $BDGSV,0,1,00*69
2025-12-20 19:21:02.238 | $GNRMC,172102.523,V,,,,,,,201225,,,N*56
2025-12-20 19:21:02.279 | $GNZDA,172102.523,20,12,2025,,*4F
2025-12-20 19:21:03.089 | $GNGGA,172103.523,,,,,0,00,,,M,,M,,*64
2025-12-20 19:21:03.120 | $GPGSA,A,1,,,,,,,,,,,,,,,,1*03
2025-12-20 19:21:03.151 | $BDGSA,A,1,,,,,,,,,,,,,,,,4*17
2025-12-20 19:21:03.181 | $GPGSV,1,1,01,5,,,*4D
2025-12-20 19:21:03.202 | $BDGSV,0,1,00*69
2025-12-20 19:21:03.243 | $GNRMC,172103.523,V,,,,,,,201225,,,N*57
2025-12-20 19:21:03.274 | $GNZDA,172103.523,20,12,2025,,*4E
2025-12-20 19:21:04.085 | $GNGGA,172104.523,,,,,0,00,,,M,,M,,*63
2025-12-20 19:21:04.116 | $GPGSA,A,1,,,,,,,,,,,,,,,,1*03
2025-12-20 19:21:04.157 | $BDGSA,A,1,,,,,,,,,,,,,,,,4*17
2025-12-20 19:21:04.178 | $GPGSV,1,1,01,5,,,*4D
2025-12-20 19:21:04.198 | $BDGSV,0,1,00*69
2025-12-20 19:21:04.239 | $GNRMC,172104.523,V,,,,,,,201225,,,N*50
2025-12-20 19:21:04.280 | $GNZDA,172104.523,20,12,2025,,*49
2025-12-20 19:21:05.090 | $GNGGA,172105.523,,,,,0,00,,,M,,M,,*62
2025-12-20 19:21:05.121 | $GPGSA,A,1,,,,,,,,,,,,,,,,1*03
2025-12-20 19:21:05.152 | $BDGSA,A,1,,,,,,,,,,,,,,,,4*17
2025-12-20 19:21:05.182 | $GPGSV,1,1,01,5,,,*4D
2025-12-20 19:21:05.193 | $BDGSV,0,1,00*69
2025-12-20 19:21:05.244 | $GNRMC,172105.523,V,,,,,,,201225,,,N*51
2025-12-20 19:21:05.275 | $GNZDA,172105.523,20,12,2025,,*48
2025-12-20 19:21:06.086 | $GNGGA,172106.523,,,,,0,00,,,M,,M,,*61
2025-12-20 19:21:06.116 | $GPGSA,A,1,,,,,,,,,,,,,,,,1*03
2025-12-20 19:21:06.157 | $BDGSA,A,1,,,,,,,,,,,,,,,,4*17
2025-12-20 19:21:06.168 | $GPGSV,0,1,00*78
2025-12-20 19:21:06.189 | $BDGSV,0,1,00*69
2025-12-20 19:21:06.230 | $GNRMC,172106.523,V,,,,,,,201225,,,N*52
2025-12-20 19:21:06.271 | $GNZDA,172106.523,20,12,2025,,*4B
2025-12-20 19:21:07.083 | $GNGGA,172107.523,,,,,0,00,,,M,,M,,*60
2025-12-20 19:21:07.124 | $GPGSA,A,1,,,,,,,,,,,,,,,,1*03
2025-12-20 19:21:07.155 | $BDGSA,A,1,,,,,,,,,,,,,,,,4*17
2025-12-20 19:21:07.175 | $GPGSV,0,1,00*78
2025-12-20 19:21:07.196 | $BDGSV,0,1,00*69
2025-12-20 19:21:07.237 | $GNRMC,172107.523,V,,,,,,,201225,,,N*53
2025-12-20 19:21:07.268 | $GNZDA,172107.523,20,12,2025,,*4A
2025-12-20 19:21:08.089 | $GNGGA,172108.523,,,,,0,00,,,M,,M,,*6F
2025-12-20 19:21:08.119 | $GPGSA,A,1,,,,,,,,,,,,,,,,1*03
2025-12-20 19:21:08.150 | $BDGSA,A,1,,,,,,,,,,,,,,,,4*17
2025-12-20 19:21:08.170 | $GPGSV,0,1,00*78
2025-12-20 19:21:08.191 | $BDGSV,0,1,00*69
2025-12-20 19:21:08.232 | $GNRMC,172108.523,V,,,,,,,201225,,,N*5C
2025-12-20 19:21:08.273 | $GNZDA,172108.523,20,12,2025,,*45
