2025-12-20 18:55:20.109 | $GNZDA,,,,,,
2025-12-20 18:55:20.109 | $GNGGA,,,,,,0,00,,,M,,M,,
2025-12-20 18:55:20.109 | $GPGSA,A,1,,,,,,,,,,,,,,,,1
2025-12-20 18:55:20.109 | $BDGSA,A,1,,,,,,,,,,,,,,,,4
2025-12-20 18:55:20.109 | $GPGSV,1,1,01,23,,,41
2025-12-20 18:55:20.109 | $BDGSV,0,1,00
2025-12-20 18:55:20.109 | $GNRMC,,V,,,,,,,,,,N
2025-12-20 18:55:20.109 | $GNZDA,,,,,,
2025-12-20 18:55:20.109 | $GNGGA,,,,,,0,00,,,M,,M,,
2025-12-20 18:55:20.120 | $GPGSA,A,1,,,,,,,,,,,,,,,,1
2025-12-20 18:55:20.151 | $BDGSA,A,1,,,,,,,,,,,,,,,,4
2025-12-20 18:55:20.182 | $GPGSV,1,1,01,23,,,41
2025-12-20 18:55:20.192 | $BDGSV,0,1,00
2025-12-20 18:55:20.224 | $GNRMC,,V,,,,,,,,,,N
2025-12-20 18:55:20.244 | $GNZDA,,,,,,
2025-12-20 18:55:21.087 | $GNGGA,,,,,,0,00,,,M,,M,,
2025-12-20 18:55:21.118 | $GPGSA,A,1,,,,,,,,,,,,,,,,1
2025-12-20 18:55:21.149 | $BDGSA,A,1,,,,,,,,,,,,,,,,4
2025-12-20 18:55:21.180 | $GPGSV,1,1,01,23,,,41
2025-12-20 18:55:21.200 | $BDGSV,0,1,00
2025-12-20 18:55:21.221 | $GNRMC,,V,,,,,,,,,,N
2025-12-20 18:55:21.242 | $GNZDA,,,,,,
2025-12-20 18:55:22.083 | $GNGGA,,,,,,0,00,,,M,,M,,
2025-12-20 18:55:22.114 | $GPGSA,A,1,,,,,,,,,,,,,,,,1
2025-12-20 18:55:22.145 | $BDGSA,A,1,,,,,,,,,,,,,,,,4
2025-12-20 18:55:22.176 | $GPGSV,1,1,01,23,,,41
2025-12-20 18:55:22.196 | $BDGSV,0,1,00
2025-12-20 18:55:22.217 | $GNRMC,,V,,,,,,,,,,N
2025-12-20 18:55:22.237 | $GNZDA,,,,,,
2025-12-20 18:55:23.080 | $GNGGA,,,,,,0,00,,,M,,M,,
2025-12-20 18:55:23.111 | $GPGSA,A,1,,,,,,,,,,,,,,,,1
2025-12-20 18:55:23.152 | $BDGSA,A,1,,,,,,,,,,,,,,,,4
2025-12-20 18:55:23.172 | $GPGSV,1,1,01,23,,,41
2025-12-20 18:55:23.193 | $BDGSV,0,1,00
2025-12-20 18:55:23.224 | $GNRMC,,V,,,,,,,,,,N
2025-12-20 18:55:23.244 | $GNZDA,,,,,,
2025-12-20 18:55:24.086 | $GNGGA,,,,,,0,00,,,M,,M,,
2025-12-20 18:55:24.117 | $GPGSA,A,1,,,,,,,,,,,,,,,,1
2025-12-20 18:55:24.148 | $BDGSA,A,1,,,,,,,,,,,,,,,,4
2025-12-20 18:55:24.178 | $GPGSV,1,1,01,23,,,42
2025-12-20 18:55:24.199 | $BDGSV,0,1,00
2025-12-20 18:55:24.220 | $GNRMC,,V,,,,,,,,,,N
2025-12-20 18:55:24.240 | $GNZDA,,,,,,
2025-12-20 18:55:25.082 | $GNGGA,,,,,,0,00,,,M,,M,,
2025-12-20 18:55:25.113 | $GPGSA,A,1,,,,,,,,,,,,,,,,1
2025-12-20 18:55:25.144 | $BDGSA,A,1,,,,,,,,,,,,,,,,4
2025-12-20 18:55:25.175 | $GPGSV,1,1,01,23,,,33
2025-12-20 18:55:25.196 | $BDGSV,0,1,00
2025-12-20 18:55:25.226 | $GNRMC,,V,,,,,,,,,,N
2025-12-20 18:55:25.237 | $GNZDA,,,,,,
2025-12-20 18:55:26.078 | $GNGGA,,,,,,0,00,,,M,,M,,
2025-12-20 18:55:26.119 | $GPGSA,A,1,,,,,,,,,,,,,,,,1
2025-12-20 18:55:26.150 | $BDGSA,A,1,,,,,,,,,,,,,,,,4
2025-12-20 18:55:26.180 | $GPGSV,1,1,01,23,,,37
2025-12-20 18:55:26.191 | $BDGSV,0,1,00
2025-12-20 18:55:26.221 | $GNRMC,,V,,,,,,,,,,N
2025-12-20 18:55:26.242 | $GNZDA,,,,,,
2025-12-20 18:55:27.093 | $GNGGA,165526.532,,,,,0,00,,,M,,M,,
2025-12-20 18:55:27.124 | $GPGSA,A,1,,,,,,,,,,,,,,,,1
2025-12-20 18:55:27.165 | $BDGSA,A,1,,,,,,,,,,,,,,,,4
2025-12-20 18:55:27.186 | $GPGSV,1,1,01,23,,,40
2025-12-20 18:55:27.207 | $BDGSV,0,1,00
2025-12-20 18:55:27.247 | $GNRMC,165526.532,V,,,,,,,,,,N
2025-12-20 18:55:27.268 | $GNZDA,165526.532,,,,,
2025-12-20 18:55:28.100 | $GNGGA,165527.532,,,,,0,00,,,M,,M,,
2025-12-20 18:55:28.131 | $GPGSA,A,1,,,,,,,,,,,,,,,,1
2025-12-20 18:55:28.161 | $BDGSA,A,1,,,,,,,,,,,,,,,,4
2025-12-20 18:55:28.192 | $GPGSV,1,1,01,23,,,42
2025-12-20 18:55:28.213 | $BDGSV,0,1,00
2025-12-20 18:55:28.244 | $GNRMC,165527.532,V,,,,,,,,,,N
2025-12-20 18:55:28.275 | $GNZDA,165527.532,,,,,
2025-12-20 18:55:29.096 | $GNGGA,165528.532,,,,,0,00,,,M,,M,,
2025-12-20 18:55:29.127 | $GPGSA,A,1,,,,,,,,,,,,,,,,1
2025-12-20 18:55:29.158 | $BDGSA,A,1,,,,,,,,,,,,,,,,4
2025-12-20 18:55:29.189 | $GPGSV,1,1,01,23,,,43
2025-12-20 18:55:29.210 | $BDGSV,0,1,00
2025-12-20 18:55:29.240 | $GNRMC,165528.532,V,,,,,,,,,,N
2025-12-20 18:55:29.271 | $GNZDA,165528.532,,,,,
2025-12-20 18:55:30.094 | $GNGGA,165529.532,,,,,0,00,,,M,,M,,
2025-12-20 18:55:30.125 | $GPGSA,A,1,,,,,,,,,,,,,,,,1
2025-12-20 18:55:30.166 | $BDGSA,A,1,,,,,,,,,,,,,,,,4
2025-12-20 18:55:30.186 | $GPGSV,1,1,01,23,,,43
2025-12-20 18:55:30.207 | $BDGSV,0,1,00
2025-12-20 18:55:30.248 | $GNRMC,165529.532,V,,,,,,,,,,N
2025-12-20 18:55:30.269 | $GNZDA,165529.532,,,,,
2025-12-20 18:55:31.091 | $GNGGA,165530.532,,,,,0,00,,,M,,M,,
2025-12-20 18:55:31.132 | $GPGSA,A,1,,,,,,,,,,,,,,,,1
2025-12-20 18:55:31.163 | $BDGSA,A,1,,,,,,,,,,,,,,,,4
2025-12-20 18:55:31.194 | $GPGSV,1,1,01,23,,,43
2025-12-20 18:55:31.204 | $BDGSV,0,1,00
2025-12-20 18:55:31.245 | $GNRMC,165530.532,V,,,,,,,,,,N
2025-12-20 18:55:31.276 | $GNZDA,165530.532,,,,,
2025-12-20 18:55:32.097 | $GNGGA,165531.532,,,,,0,00,,,M,,M,,
2025-12-20 18:55:32.128 | $GPGSA,A,1,,,,,,,,,,,,,,,,1
2025-12-20 18:55:32.159 | $BDGSA,A,1,,,,,,,,,,,,,,,,4
2025-12-20 18:55:32.190 | $GPGSV,1,1,01,23,,,43
2025-12-20 18:55:32.211 | $BDGSV,0,1,00
2025-12-20 18:55:32.242 | $GNRMC,165531.532,V,,,,,,,,,,N
2025-12-20 18:55:32.273 | $GNZDA,165531.532,,,,,
2025-12-20 18:55:33.094 | $GNGGA,165532.532,,,,,0,00,,,M,,M,,
2025-12-20 18:55:33.125 | $GPGSA,A,1,,,,,,,,,,,,,,,,1
2025-12-20 18:55:33.166 | $BDGSA,A,1,,,,,,,,,,,,,,,,4
2025-12-20 18:55:33.186 | $GPGSV,1,1,01,23,,,43
2025-12-20 18:55:33.207 | $BDGSV,0,1,00
2025-12-20 18:55:33.248 | $GNRMC,165532.532,V,,,,,,,,,,N
2025-12-20 18:55:33.269 | $GNZDA,165532.532,,,,,
2025-12-20 18:55:34.091 | $GNGGA,165533.532,,,,,0,00,,,M,,M,,
2025-12-20 18:55:34.131 | $GPGSA,A,1,,,,,,,,,,,,,,,,1
2025-12-20 18:55:34.162 | $BDGSA,A,1,,,,,,,,,,,,,,,,4
2025-12-20 18:55:34.193 | $GPGSV,1,1,01,23,,,43
2025-12-20 18:55:34.203 | $BDGSV,0,1,00
2025-12-20 18:55:34.244 | $GNRMC,165533.532,V,,,,,,,,,,N
2025-12-20 18:55:34.275 | $GNZDA,165533.532,,,,,
2025-12-20 18:55:35.097 | $GNGGA,165534.532,,,,,0,00,,,M,,M,,
2025-12-20 18:55:35.127 | $GPGSA,A,1,,,,,,,,,,,,,,,,1
2025-12-20 18:55:35.158 | $BDGSA,A,1,,,,,,,,,,,,,,,,4
2025-12-20 18:55:35.189 | $GPGSV,1,1,01,23,,,43
2025-12-20 18:55:35.210 | $BDGSV,0,1,00
2025-12-20 18:55:35.241 | $GNRMC,165534.532,V,,,,,,,,,,N
2025-12-20 18:55:35.272 | $GNZDA,165534.532,,,,,
2025-12-20 18:55:36.094 | $GNGGA,165535.532,,,,,0,00,,,M,,M,,
2025-12-20 18:55:36.125 | $GPGSA,A,1,,,,,,,,,,,,,,,,1
2025-12-20 18:55:36.166 | $BDGSA,A,1,,,,,,,,,,,,,,,,4
2025-12-20 18:55:36.187 | $GPGSV,1,1,01,23,,,42
2025-12-20 18:55:36.207 | $BDGSV,0,1,00
2025-12-20 18:55:36.248 | $GNRMC,165535.532,V,,,,,,,,,,N
2025-12-20 18:55:36.269 | $GNZDA,165535.532,,,,,
2025-12-20 18:55:37.091 | $GNGGA,165536.532,,,,,0,00,,,M,,M,,
2025-12-20 18:55:37.131 | $GPGSA,A,1,,,,,,,,,,,,,,,,1
2025-12-20 18:55:37.162 | $BDGSA,A,1,,,,,,,,,,,,,,,,4
2025-12-20 18:55:37.193 | $GPGSV,1,1,01,23,,,42
2025-12-20 18:55:37.203 | $BDGSV,0,1,00
2025-12-20 18:55:37.244 | $GNRMC,165536.532,V,,,,,,,,,,N
2025-12-20 18:55:37.275 | $GNZDA,165536.532,,,,,
2025-12-20 18:55:38.097 | $GNGGA,165537.532,,,,,0,00,,,M,,M,,
2025-12-20 18:55:38.128 | $GPGSA,A,1,,,,,,,,,,,,,,,,1
2025-12-20 18:55:38.159 | $BDGSA,A,1,,,,,,,,,,,,,,,,4
2025-12-20 18:55:38.190 | $GPGSV,1,1,01,23,,,38
2025-12-20 18:55:38.210 | $BDGSV,0,1,00
2025-12-20 18:55:38.241 | $GNRMC,165537.532,V,,,,,,,,,,N
2025-12-20 18:55:38.272 | $GNZDA,165537.532,,,,,
2025-12-20 18:55:39.094 | $GNGGA,165538.532,,,,,0,00,,,M,,M,,
2025-12-20 18:55:39.125 | $GPGSA,A,1,,,,,,,,,,,,,,,,1
2025-12-20 18:55:39.166 | $BDGSA,A,1,,,,,,,,,,,,,,,,4
2025-12-20 18:55:39.186 | $GPGSV,1,1,01,23,,,38
2025-12-20 18:55:39.207 | $BDGSV,0,1,00
2025-12-20 18:55:39.248 | $GNRMC,165538.532,V,,,,,,,,,,N
2025-12-20 18:55:39.268 | $GNZDA,165538.532,,,,,
2025-12-20 18:55:40.090 | $GNGGA,165539.532,,,,,0,00,,,M,,M,,
2025-12-20 18:55:40.132 | $GPGSA,A,1,,,,,,,,,,,,,,,,1
2025-12-20 18:55:40.163 | $BDGSA,A,1,,,,,,,,,,,,,,,,4
2025-12-20 18:55:40.193 | $GPGSV,1,1,01,23,,,39
2025-12-20 18:55:40.204 | $BDGSV,0,1,00
2025-12-20 18:55:40.245 | $GNRMC,165539.532,V,,,,,,,,,,N
2025-12-20 18:55:40.276 | $GNZDA,165539.532,,,,,
2025-12-20 18:55:41.099 | $GNGGA,165540.532,,,,,0,00,,,M,,M,,
2025-12-20 18:55:41.130 | $GPGSA,A,1,,,,,,,,,,,,,,,,1
2025-12-20 18:55:41.161 | $BDGSA,A,1,,,,,,,,,,,,,,,,4
2025-12-20 18:55:41.192 | $GPGSV,1,1,01,23,,,38
2025-12-20 18:55:41.212 | $BDGSV,0,1,00
2025-12-20 18:55:41.243 | $GNRMC,165540.532,V,,,,,,,,,,N
2025-12-20 18:55:41.274 | $GNZDA,165540.532,,,,,
2025-12-20 18:55:42.096 | $GNGGA,165541.532,,,,,0,00,,,M,,M,,
2025-12-20 18:55:42.127 | $GPGSA,A,1,,,,,,,,,,,,,,,,1
2025-12-20 18:55:42.158 | $BDGSA,A,1,,,,,,,,,,,,,,,,4
2025-12-20 18:55:42.188 | $GPGSV,1,1,01,23,,,38
2025-12-20 18:55:42.209 | $BDGSV,0,1,00
2025-12-20 18:55:42.240 | $GNRMC,165541.532,V,,,,,,,,,,N
2025-12-20 18:55:42.271 | $GNZDA,165541.532,,,,,
2025-12-20 18:55:43.093 | $GNGGA,165542.532,,,,,0,00,,,M,,M,,
2025-12-20 18:55:43.124 | $GPGSA,A,1,,,,,,,,,,,,,,,,1
2025-12-20 18:55:43.165 | $BDGSA,A,1,,,,,,,,,,,,,,,,4
2025-12-20 18:55:43.185 | $GPGSV,1,1,01,23,,,35
2025-12-20 18:55:43.206 | $BDGSV,0,1,00
2025-12-20 18:55:43.247 | $GNRMC,165542.532,V,,,,,,,,,,N
2025-12-20 18:55:43.278 | $GNZDA,165542.532,,,,,
2025-12-20 18:55:44.099 | $GNGGA,165544.532,,,,,0,00,,,M,,M,,
2025-12-20 18:55:44.130 | $GPGSA,A,1,,,,,,,,,,,,,,,,1
2025-12-20 18:55:44.171 | $BDGSA,A,1,,,,,,,,,,,,,,,,4
2025-12-20 18:55:44.192 | $GPGSV,1,1,01,23,,,34
2025-12-20 18:55:44.212 | $BDGSV,0,1,00
2025-12-20 18:55:44.253 | $GNRMC,165544.532,V,,,,,,,,,,N
2025-12-20 18:55:44.273 | $GNZDA,165544.532,,,,,
2025-12-20 18:55:45.095 | $GNGGA,165545.532,,,,,0,00,,,M,,M,,
2025-12-20 18:55:45.126 | $GPGSA,A,1,,,,,,,,,,,,,,,,1
2025-12-20 18:55:45.167 | $BDGSA,A,1,,,,,,,,,,,,,,,,4
2025-12-20 18:55:45.187 | $GPGSV,1,1,01,23,,,34
2025-12-20 18:55:45.208 | $BDGSV,0,1,00
2025-12-20 18:55:45.249 | $GNRMC,165545.532,V,,,,,,,,,,N
2025-12-20 18:55:45.279 | $GNZDA,165545.532,,,,,
2025-12-20 18:55:46.092 | $GNGGA,165546.532,,,,,0,00,,,M,,M,,
2025-12-20 18:55:46.133 | $GPGSA,A,1,,,,,,,,,,,,,,,,1
2025-12-20 18:55:46.163 | $BDGSA,A,1,,,,,,,,,,,,,,,,4
2025-12-20 18:55:46.194 | $GPGSV,1,1,01,23,,,34
2025-12-20 18:55:46.204 | $BDGSV,0,1,00
2025-12-20 18:55:46.251 | $GNRMC,165546.532,V,,,,,,,,,,N
2025-12-20 18:55:46.271 | $GNZDA,165546.532,,,,,
2025-12-20 18:55:47.103 | $GNGGA,165547.532,,,,,0,00,,,M,,M,,
2025-12-20 18:55:47.134 | $GPGSA,A,1,,,,,,,,,,,,,,,,1
2025-12-20 18:55:47.164 | $BDGSA,A,1,,,,,,,,,,,,,,,,4
2025-12-20 18:55:47.195 | $GPGSV,1,1,01,23,,,31
2025-12-20 18:55:47.216 | $BDGSV,0,1,00
2025-12-20 18:55:47.247 | $GNRMC,165547.532,V,,,,,,,,,,N
2025-12-20 18:55:47.278 | $GNZDA,165547.532,,,,,
2025-12-20 18:55:48.099 | $GNGGA,165548.532,,,,,0,00,,,M,,M,,
2025-12-20 18:55:48.130 | $GPGSA,A,1,,,,,,,,,,,,,,,,1
2025-12-20 18:55:48.171 | $BDGSA,A,1,,,,,,,,,,,,,,,,4
2025-12-20 18:55:48.191 | $GPGSV,1,1,01,23,,,31
2025-12-20 18:55:48.212 | $BDGSV,0,1,00
2025-12-20 18:55:48.252 | $GNRMC,165548.532,V,,,,,,,,,,N
2025-12-20 18:55:48.283 | $GNZDA,165548.532,,,,,
2025-12-20 18:55:49.104 | $GNGGA,165549.532,,,,,0,00,,,M,,M,,
2025-12-20 18:55:49.135 | $GPGSA,A,1,,,,,,,,,,,,,,,,1
2025-12-20 18:55:49.166 | $BDGSA,A,1,,,,,,,,,,,,,,,,4
2025-12-20 18:55:49.196 | $GPGSV,1,1,01,23,,,30
2025-12-20 18:55:49.217 | $BDGSV,0,1,00
2025-12-20 18:55:49.248 | $GNRMC,165549.532,V,,,,,,,,,,N
2025-12-20 18:55:49.278 | $GNZDA,165549.532,,,,,
2025-12-20 18:55:50.102 | $GNGGA,165550.532,,,,,0,00,,,M,,M,,
2025-12-20 18:55:50.133 | $GPGSA,A,1,,,,,,,,,,,,,,,,1
2025-12-20 18:55:50.164 | $BDGSA,A,1,,,,,,,,,,,,,,,,4
2025-12-20 18:55:50.195 | $GPGSV,1,1,01,23,,,29
2025-12-20 18:55:50.215 | $BDGSV,0,1,00
2025-12-20 18:55:50.247 | $GNRMC,165550.532,V,,,,,,,,,,N
2025-12-20 18:55:50.278 | $GNZDA,165550.532,,,,,
2025-12-20 18:55:51.099 | $GNGGA,165551.532,,,,,0,00,,,M,,M,,
2025-12-20 18:55:51.130 | $GPGSA,A,1,,,,,,,,,,,,,,,,1
2025-12-20 18:55:51.171 | $BDGSA,A,1,,,,,,,,,,,,,,,,4
2025-12-20 18:55:51.191 | $GPGSV,1,1,01,23,,,31
2025-12-20 18:55:51.212 | $BDGSV,0,1,00
2025-12-20 18:55:51.253 | $GNRMC,165551.532,V,,,,,,,,,,N
2025-12-20 18:55:51.284 | $GNZDA,165551.532,,,,,
2025-12-20 18:55:52.104 | $GNGGA,165552.532,,,,,0,00,,,M,,M,,
2025-12-20 18:55:52.135 | $GPGSA,A,1,,,,,,,,,,,,,,,,1
2025-12-20 18:55:52.166 | $BDGSA,A,1,,,,,,,,,,,,,,,,4
2025-12-20 18:55:52.196 | $GPGSV,1,1,01,23,,,30
2025-12-20 18:55:52.217 | $BDGSV,0,1,00
2025-12-20 18:55:52.248 | $GNRMC,165552.532,V,,,,,,,,,,N
2025-12-20 18:55:52.278 | $GNZDA,165552.532,,,,,
2025-12-20 18:55:53.100 | $GNGGA,165553.532,,,,,0,00,,,M,,M,,
2025-12-20 18:55:53.130 | $GPGSA,A,1,,,,,,,,,,,,,,,,1
2025-12-20 18:55:53.171 | $BDGSA,A,1,,,,,,,,,,,,,,,,4
2025-12-20 18:55:53.192 | $GPGSV,1,1,01,23,,,30
2025-12-20 18:55:53.213 | $BDGSV,0,1,00
2025-12-20 18:55:53.254 | $GNRMC,165553.532,V,,,,,,,,,,N
2025-12-20 18:55:53.275 | $GNZDA,165553.532,,,,,
2025-12-20 18:55:54.097 | $GNGGA,165554.532,,,,,0,00,,,M,,M,,
2025-12-20 18:55:54.138 | $GPGSA,A,1,,,,,,,,,,,,,,,,1
2025-12-20 18:55:54.169 | $BDGSA,A,1,,,,,,,,,,,,,,,,4
2025-12-20 18:55:54.199 | $GPGSV,1,1,01,23,,,25
2025-12-20 18:55:54.210 | $BDGSV,0,1,00
2025-12-20 18:55:54.251 | $GNRMC,165554.532,V,,,,,,,,,,N
2025-12-20 18:55:54.281 | $GNZDA,165554.532,,,,,
2025-12-20 18:55:55.103 | $GNGGA,165555.532,,,,,0,00,,,M,,M,,
2025-12-20 18:55:55.133 | $GPGSA,A,1,,,,,,,,,,,,,,,,1
2025-12-20 18:55:55.164 | $BDGSA,A,1,,,,,,,,,,,,,,,,4
2025-12-20 18:55:55.195 | $GPGSV,1,1,01,23,,,25
2025-12-20 18:55:55.215 | $BDGSV,0,1,00
2025-12-20 18:55:55.246 | $GNRMC,165555.532,V,,,,,,,,,,N
2025-12-20 18:55:55.277 | $GNZDA,165555.532,,,,,
2025-12-20 18:55:56.098 | $GNGGA,165556.532,,,,,0,00,,,M,,M,,
2025-12-20 18:55:56.139 | $GPGSA,A,1,,,,,,,,,,,,,,,,1
2025-12-20 18:55:56.170 | $BDGSA,A,1,,,,,,,,,,,,,,,,4
2025-12-20 18:55:56.191 | $GPGSV,1,1,01,23,,,25
2025-12-20 18:55:56.211 | $BDGSV,0,1,00
2025-12-20 18:55:56.252 | $GNRMC,165556.532,V,,,,,,,,,,N
2025-12-20 18:55:56.283 | $GNZDA,165556.532,,,,,
2025-12-20 18:55:57.101 | $GNGGA,165557.532,,,,,0,00,,,M,,M,,
2025-12-20 18:55:57.132 | $GPGSA,A,1,,,,,,,,,,,,,,,,1
2025-12-20 18:55:57.163 | $BDGSA,A,1,,,,,,,,,,,,,,,,4
2025-12-20 18:55:57.194 | $GPGSV,1,1,01,23,,,25
2025-12-20 18:55:57.214 | $BDGSV,0,1,00
2025-12-20 18:55:57.246 | $GNRMC,165557.532,V,,,,,,,,,,N
2025-12-20 18:55:57.276 | $GNZDA,165557.532,,,,,
2025-12-20 18:55:58.097 | $GNGGA,165558.532,,,,,0,00,,,M,,M,,
2025-12-20 18:55:58.138 | $GPGSA,A,1,,,,,,,,,,,,,,,,1
2025-12-20 18:55:58.169 | $BDGSA,A,1,,,,,,,,,,,,,,,,4
2025-12-20 18:55:58.200 | $GPGSV,1,1,01,23,,,28
2025-12-20 18:55:58.210 | $BDGSV,0,1,00
2025-12-20 18:55:58.252 | $GNRMC,165558.532,V,,,,,,,,,,N
2025-12-20 18:55:58.283 | $GNZDA,165558.532,,,,,
2025-12-20 18:55:59.104 | $GNGGA,165559.532,,,,,0,00,,,M,,M,,
2025-12-20 18:55:59.134 | $GPGSA,A,1,,,,,,,,,,,,,,,,1
2025-12-20 18:55:59.165 | $BDGSA,A,1,,,,,,,,,,,,,,,,4
2025-12-20 18:55:59.195 | $GPGSV,1,1,01,23,,,28
2025-12-20 18:55:59.216 | $BDGSV,0,1,00
2025-12-20 18:55:59.247 | $GNRMC,165559.532,V,,,,,,,,,,N
2025-12-20 18:55:59.277 | $GNZDA,165559.532,,,,,
2025-12-20 18:56:00.099 | $GNGGA,165600.532,,,,,0,00,,,M,,M,,
2025-12-20 18:56:00.130 | $GPGSA,A,1,,,,,,,,,,,,,,,,1
2025-12-20 18:56:00.171 | $BDGSA,A,1,,,,,,,,,,,,,,,,4
2025-12-20 18:56:00.192 | $GPGSV,1,1,01,23,,,28
2025-12-20 18:56:00.212 | $BDGSV,0,1,00
2025-12-20 18:56:00.253 | $GNRMC,165600.532,V,,,,,,,,,,N
2025-12-20 18:56:00.284 | $GNZDA,165600.532,,,,,
2025-12-20 18:56:01.105 | $GNGGA,165601.532,,,,,0,00,,,M,,M,,
2025-12-20 18:56:01.136 | $GPGSA,A,1,,,,,,,,,,,,,,,,1
2025-12-20 18:56:01.166 | $BDGSA,A,1,,,,,,,,,,,,,,,,4
2025-12-20 18:56:01.197 | $GPGSV,1,1,01,23,,,28
2025-12-20 18:56:01.217 | $BDGSV,0,1,00
2025-12-20 18:56:01.248 | $GNRMC,165601.532,V,,,,,,,,,,N
2025-12-20 18:56:01.279 | $GNZDA,165601.532,,,,,
2025-12-20 18:56:02.100 | $GNGGA,165602.532,,,,,0,00,,,M,,M,,
2025-12-20 18:56:02.131 | $GPGSA,A,1,,,,,,,,,,,,,,,,1
2025-12-20 18:56:02.162 | $BDGSA,A,1,,,,,,,,,,,,,,,,4
2025-12-20 18:56:02.193 | $GPGSV,1,1,01,23,,,28
2025-12-20 18:56:02.214 | $BDGSV,0,1,00
2025-12-20 18:56:02.245 | $GNRMC,165602.532,V,,,,,,,,,,N
2025-12-20 18:56:02.276 | $GNZDA,165602.532,,,,,
2025-12-20 18:56:03.100 | $GNGGA,165603.532,,,,,0,00,,,M,,M,,
2025-12-20 18:56:03.131 | $GPGSA,A,1,,,,,,,,,,,,,,,,1
2025-12-20 18:56:03.162 | $BDGSA,A,1,,,,,,,,,,,,,,,,4
2025-12-20 18:56:03.193 | $GPGSV,1,1,01,23,,,27
2025-12-20 18:56:03.214 | $BDGSV,0,1,00
2025-12-20 18:56:03.255 | $GNRMC,165603.532,V,,,,,,,,,,N
2025-12-20 18:56:03.275 | $GNZDA,165603.532,,,,,
2025-12-20 18:56:04.097 | $GNGGA,165604.532,,,,,0,00,,,M,,M,,
2025-12-20 18:56:04.128 | $GPGSA,A,1,,,,,,,,,,,,,,,,1
2025-12-20 18:56:04.169 | $BDGSA,A,1,,,,,,,,,,,,,,,,4
2025-12-20 18:56:04.189 | $GPGSV,1,1,01,23,,,27
2025-12-20 18:56:04.210 | $BDGSV,0,1,00
2025-12-20 18:56:04.251 | $GNRMC,165604.532,V,,,,,,,,,,N
2025-12-20 18:56:04.282 | $GNZDA,165604.532,,,,,
2025-12-20 18:56:05.104 | $GNGGA,165605.532,,,,,0,00,,,M,,M,,
2025-12-20 18:56:05.135 | $GPGSA,A,1,,,,,,,,,,,,,,,,1
2025-12-20 18:56:05.166 | $BDGSA,A,1,,,,,,,,,,,,,,,,4
2025-12-20 18:56:05.197 | $GPGSV,1,1,01,23,,,28
2025-12-20 18:56:05.217 | $BDGSV,0,1,00
2025-12-20 18:56:05.248 | $GNRMC,165605.532,V,,,,,,,,,,N
2025-12-20 18:56:05.279 | $GNZDA,165605.532,,,,,
2025-12-20 18:56:06.100 | $GNGGA,165606.532,,,,,0,00,,,M,,M,,
2025-12-20 18:56:06.131 | $GPGSA,A,1,,,,,,,,,,,,,,,,1
2025-12-20 18:56:06.162 | $BDGSA,A,1,,,,,,,,,,,,,,,,4
2025-12-20 18:56:06.193 | $GPGSV,1,1,01,23,,,27
2025-12-20 18:56:06.213 | $BDGSV,0,1,00
2025-12-20 18:56:06.254 | $GNRMC,165606.532,V,,,,,,,,,,N
2025-12-20 18:56:06.274 | $GNZDA,165606.532,,,,,
2025-12-20 18:56:07.106 | $GNGGA,165607.532,,,,,0,00,,,M,,M,,
2025-12-20 18:56:07.137 | $GPGSA,A,1,,,,,,,,,,,,,,,,1
2025-12-20 18:56:07.167 | $BDGSA,A,1,,,,,,,,,,,,,,,,4
2025-12-20 18:56:07.198 | $GPGSV,1,1,01,23,,,27
2025-12-20 18:56:07.219 | $BDGSV,0,1,00
2025-12-20 18:56:07.249 | $GNRMC,165607.532,V,,,,,,,,,,N
2025-12-20 18:56:07.280 | $GNZDA,165607.532,,,,,
2025-12-20 18:56:08.101 | $GNGGA,165608.532,,,,,0,00,,,M,,M,,
2025-12-20 18:56:08.132 | $GPGSA,A,1,,,,,,,,,,,,,,,,1
2025-12-20 18:56:08.163 | $BDGSA,A,1,,,,,,,,,,,,,,,,4
2025-12-20 18:56:08.194 | $GPGSV,1,1,01,23,,,31
2025-12-20 18:56:08.215 | $BDGSV,0,1,00
2025-12-20 18:56:08.246 | $GNRMC,165608.532,V,,,,,,,,,,N
2025-12-20 18:56:08.276 | $GNZDA,165608.532,,,,,
2025-12-20 18:56:09.099 | $GNGGA,165609.532,,,,,0,00,,,M,,M,,
2025-12-20 18:56:09.130 | $GPGSA,A,1,,,,,,,,,,,,,,,,1
2025-12-20 18:56:09.171 | $BDGSA,A,1,,,,,,,,,,,,,,,,4
2025-12-20 18:56:09.191 | $GPGSV,1,1,01,23,,,29
2025-12-20 18:56:09.212 | $BDGSV,0,1,00
2025-12-20 18:56:09.252 | $GNRMC,165609.532,V,,,,,,,,,,N
2025-12-20 18:56:09.283 | $GNZDA,165609.532,,,,,
2025-12-20 18:56:10.102 | $GNGGA,165610.532,,,,,0,00,,,M,,M,,
2025-12-20 18:56:10.132 | $GPGSA,A,1,,,,,,,,,,,,,,,,1
2025-12-20 18:56:10.163 | $BDGSA,A,1,,,,,,,,,,,,,,,,4
2025-12-20 18:56:10.193 | $GPGSV,1,1,01,23,,,28
2025-12-20 18:56:10.214 | $BDGSV,0,1,00
2025-12-20 18:56:10.255 | $GNRMC,165610.532,V,,,,,,,,,,N
2025-12-20 18:56:10.275 | $GNZDA,165610.532,,,,,
2025-12-20 18:56:11.096 | $GNGGA,165611.532,,,,,0,00,,,M,,M,,
2025-12-20 18:56:11.136 | $GPGSA,A,1,,,,,,,,,,,,,,,,1
2025-12-20 18:56:11.167 | $BDGSA,A,1,,,,,,,,,,,,,,,,4
2025-12-20 18:56:11.198 | $GPGSV,1,1,01,23,,,28
2025-12-20 18:56:11.208 | $BDGSV,0,1,00
2025-12-20 18:56:11.249 | $GNRMC,165611.532,V,,,,,,,,,,N
2025-12-20 18:56:11.279 | $GNZDA,165611.532,,,,,
2025-12-20 18:56:12.104 | $GNGGA,165612.532,,,,,0,00,,,M,,M,,
2025-12-20 18:56:12.134 | $GPGSA,A,1,,,,,,,,,,,,,,,,1
2025-12-20 18:56:12.165 | $BDGSA,A,1,,,,,,,,,,,,,,,,4
2025-12-20 18:56:12.196 | $GPGSV,1,1,01,23,,,28
2025-12-20 18:56:12.216 | $BDGSV,0,1,00
2025-12-20 18:56:12.247 | $GNRMC,165612.532,V,,,,,,,,,,N
2025-12-20 18:56:12.278 | $GNZDA,165612.532,,,,,
2025-12-20 18:56:13.098 | $GNGGA,165613.532,,,,,0,00,,,M,,M,,
2025-12-20 18:56:13.128 | $GPGSA,A,1,,,,,,,,,,,,,,,,1
2025-12-20 18:56:13.169 | $BDGSA,A,1,,,,,,,,,,,,,,,,4
2025-12-20 18:56:13.190 | $GPGSV,1,1,01,23,,,31
2025-12-20 18:56:13.210 | $BDGSV,0,1,00
2025-12-20 18:56:13.251 | $GNRMC,165613.532,V,,,,,,,,,,N
2025-12-20 18:56:13.281 | $GNZDA,165613.532,,,,,
2025-12-20 18:56:14.103 | $GNGGA,165614.532,,,,,0,00,,,M,,M,,
2025-12-20 18:56:14.134 | $GPGSA,A,1,,,,,,,,,,,,,,,,1
2025-12-20 18:56:14.164 | $BDGSA,A,1,,,,,,,,,,,,,,,,4
2025-12-20 18:56:14.195 | $GPGSV,1,1,01,23,,,26
2025-12-20 18:56:14.215 | $BDGSV,0,1,00
2025-12-20 18:56:14.246 | $GNRMC,165614.532,V,,,,,,,,,,N
2025-12-20 18:56:14.276 | $GNZDA,165614.532,,,,,
2025-12-20 18:56:15.095 | $GNGGA,165615.532,,,,,0,00,,,M,,M,,
2025-12-20 18:56:15.136 | $GPGSA,A,1,,,,,,,,,,,,,,,,1
2025-12-20 18:56:15.167 | $BDGSA,A,1,,,,,,,,,,,,,,,,4
2025-12-20 18:56:15.198 | $GPGSV,1,1,01,23,,,26
2025-12-20 18:56:15.208 | $BDGSV,0,1,00
2025-12-20 18:56:15.249 | $GNRMC,165615.532,V,,,,,,,,,,N
2025-12-20 18:56:15.280 | $GNZDA,165615.532,,,,,
2025-12-20 18:56:16.099 | $GNGGA,165616.532,,,,,0,00,,,M,,M,,
2025-12-20 18:56:16.129 | $GPGSA,A,1,,,,,,,,,,,,,,,,1
2025-12-20 18:56:16.170 | $BDGSA,A,1,,,,,,,,,,,,,,,,4
2025-12-20 18:56:16.191 | $GPGSV,1,1,01,23,,,26
2025-12-20 18:56:16.211 | $BDGSV,0,1,00
2025-12-20 18:56:16.252 | $GNRMC,165616.532,V,,,,,,,,,,N
2025-12-20 18:56:16.282 | $GNZDA,165616.532,,,,,
2025-12-20 18:56:17.102 | $GNGGA,165617.532,,,,,0,00,,,M,,M,,
2025-12-20 18:56:17.133 | $GPGSA,A,1,,,,,,,,,,,,,,,,1
2025-12-20 18:56:17.164 | $BDGSA,A,1,,,,,,,,,,,,,,,,4
2025-12-20 18:56:17.194 | $GPGSV,1,1,01,23,,,26
2025-12-20 18:56:17.215 | $BDGSV,0,1,00
2025-12-20 18:56:17.255 | $GNRMC,165617.532,V,,,,,,,,,,N
2025-12-20 18:56:17.276 | $GNZDA,165617.532,,,,,
2025-12-20 18:56:18.096 | $GNGGA,165618.532,,,,,0,00,,,M,,M,,
2025-12-20 18:56:18.137 | $GPGSA,A,1,,,,,,,,,,,,,,,,1
2025-12-20 18:56:18.168 | $BDGSA,A,1,,,,,,,,,,,,,,,,4
2025-12-20 18:56:18.199 | $GPGSV,1,1,01,23,,,24
2025-12-20 18:56:18.209 | $BDGSV,0,1,00
2025-12-20 18:56:18.251 | $GNRMC,165618.532,V,,,,,,,,,,N
2025-12-20 18:56:18.281 | $GNZDA,165618.532,,,,,
2025-12-20 18:56:19.104 | $GNGGA,165619.532,,,,,0,00,,,M,,M,,
2025-12-20 18:56:19.134 | $GPGSA,A,1,,,,,,,,,,,,,,,,1
2025-12-20 18:56:19.165 | $BDGSA,A,1,,,,,,,,,,,,,,,,4
2025-12-20 18:56:19.196 | $GPGSV,1,1,01,23,,,24
2025-12-20 18:56:19.216 | $BDGSV,0,1,00
2025-12-20 18:56:19.247 | $GNRMC,165619.532,V,,,,,,,,,,N
2025-12-20 18:56:19.278 | $GNZDA,165619.532,,,,,
2025-12-20 18:56:20.100 | $GNGGA,165620.532,,,,,0,00,,,M,,M,,
2025-12-20 18:56:20.131 | $GPGSA,A,1,,,,,,,,,,,,,,,,1
2025-12-20 18:56:20.172 | $BDGSA,A,1,,,,,,,,,,,,,,,,4
2025-12-20 18:56:20.192 | $GPGSV,1,1,01,23,,,24
2025-12-20 18:56:20.213 | $BDGSV,0,1,00
2025-12-20 18:56:20.254 | $GNRMC,165620.532,V,,,,,,,,,,N
2025-12-20 18:56:20.275 | $GNZDA,165620.532,,,,,
2025-12-20 18:56:21.097 | $GNGGA,165621.532,,,,,0,00,,,M,,M,,
2025-12-20 18:56:21.128 | $GPGSA,A,1,,,,,,,,,,,,,,,,1
2025-12-20 18:56:21.169 | $BDGSA,A,1,,,,,,,,,,,,,,,,4
2025-12-20 18:56:21.189 | $GPGSV,1,1,01,23,,,24
2025-12-20 18:56:21.210 | $BDGSV,0,1,00
2025-12-20 18:56:21.251 | $GNRMC,165621.532,V,,,,,,,,,,N
2025-12-20 18:56:21.281 | $GNZDA,165621.532,,,,,
2025-12-20 18:56:22.103 | $GNGGA,165622.532,,,,,0,00,,,M,,M,,
2025-12-20 18:56:22.133 | $GPGSA,A,1,,,,,,,,,,,,,,,,1
2025-12-20 18:56:22.164 | $BDGSA,A,1,,,,,,,,,,,,,,,,4
2025-12-20 18:56:22.195 | $GPGSV,1,1,01,23,,,25
2025-12-20 18:56:22.215 | $BDGSV,0,1,00
2025-12-20 18:56:22.246 | $GNRMC,165622.532,V,,,,,,,,,,N
2025-12-20 18:56:22.276 | $GNZDA,165622.532,,,,,
2025-12-20 18:56:23.098 | $GNGGA,165623.532,,,,,0,00,,,M,,M,,
2025-12-20 18:56:23.129 | $GPGSA,A,1,,,,,,,,,,,,,,,,1
2025-12-20 18:56:23.170 | $BDGSA,A,1,,,,,,,,,,,,,,,,4
2025-12-20 18:56:23.191 | $GPGSV,1,1,01,23,,,27
2025-12-20 18:56:23.212 | $BDGSV,0,1,00
2025-12-20 18:56:23.253 | $GNRMC,165623.532,V,,,,,,,,,,N
2025-12-20 18:56:23.273 | $GNZDA,165623.532,,,,,
2025-12-20 18:56:24.094 | $GNGGA,165624.532,,,,,0,00,,,M,,M,,
2025-12-20 18:56:24.125 | $GPGSA,A,1,,,,,,,,,,,,,,,,1
2025-12-20 18:56:24.166 | $BDGSA,A,1,,,,,,,,,,,,,,,,4
2025-12-20 18:56:24.186 | $GPGSV,1,1,01,23,,,19
2025-12-20 18:56:24.207 | $BDGSV,0,1,00
2025-12-20 18:56:24.248 | $GNRMC,165624.532,V,,,,,,,,,,N
2025-12-20 18:56:24.269 | $GNZDA,165624.532,,,,,
2025-12-20 18:56:25.090 | $GNGGA,165625.532,,,,,0,00,,,M,,M,,
2025-12-20 18:56:25.131 | $GPGSA,A,1,,,,,,,,,,,,,,,,1
2025-12-20 18:56:25.162 | $BDGSA,A,1,,,,,,,,,,,,,,,,4
2025-12-20 18:56:25.193 | $GPGSV,1,1,01,23,,,19
2025-12-20 18:56:25.203 | $BDGSV,0,1,00
2025-12-20 18:56:25.244 | $GNRMC,165625.532,V,,,,,,,,,,N
2025-12-20 18:56:25.275 | $GNZDA,165625.532,,,,,
2025-12-20 18:56:26.096 | $GNGGA,165626.532,,,,,0,00,,,M,,M,,
2025-12-20 18:56:26.127 | $GPGSA,A,1,,,,,,,,,,,,,,,,1
2025-12-20 18:56:26.157 | $BDGSA,A,1,,,,,,,,,,,,,,,,4
2025-12-20 18:56:26.188 | $GPGSV,1,1,01,23,,,19
2025-12-20 18:56:26.209 | $BDGSV,0,1,00
2025-12-20 18:56:26.250 | $GNRMC,165626.532,V,,,,,,,,,,N
2025-12-20 18:56:26.270 | $GNZDA,165626.532,,,,,
2025-12-20 18:56:27.090 | $GNGGA,165627.532,,,,,0,00,,,M,,M,,
2025-12-20 18:56:27.132 | $GPGSA,A,1,,,,,,,,,,,,,,,,1
2025-12-20 18:56:27.163 | $BDGSA,A,1,,,,,,,,,,,,,,,,4
2025-12-20 18:56:27.193 | $GPGSV,1,1,01,23,,,18
2025-12-20 18:56:27.204 | $BDGSV,0,1,00
2025-12-20 18:56:27.244 | $GNRMC,165627.532,V,,,,,,,,,,N
2025-12-20 18:56:27.275 | $GNZDA,165627.532,,,,,
2025-12-20 18:56:28.106 | $GNGGA,165628.532,,,,,0,00,,,M,,M,,
2025-12-20 18:56:28.137 | $GPGSA,A,1,,,,,,,,,,,,,,,,1
2025-12-20 18:56:28.167 | $BDGSA,A,1,,,,,,,,,,,,,,,,4
2025-12-20 18:56:28.198 | $GPGSV,1,1,01,23,,,18
2025-12-20 18:56:28.218 | $BDGSV,0,1,00
2025-12-20 18:56:28.249 | $GNRMC,165628.532,V,,,,,,,,,,N
2025-12-20 18:56:28.279 | $GNZDA,165628.532,,,,,
2025-12-20 18:56:29.091 | $GNGGA,165629.532,,,,,0,00,,,M,,M,,
2025-12-20 18:56:29.132 | $GPGSA,A,1,,,,,,,,,,,,,,,,1
2025-12-20 18:56:29.163 | $BDGSA,A,1,,,,,,,,,,,,,,,,4
2025-12-20 18:56:29.194 | $GPGSV,1,1,01,23,,,19
2025-12-20 18:56:29.204 | $BDGSV,0,1,00
2025-12-20 18:56:29.245 | $GNRMC,165629.532,V,,,,,,,,,,N
2025-12-20 18:56:29.276 | $GNZDA,165629.532,,,,,
2025-12-20 18:56:30.097 | $GNGGA,165630.532,,,,,0,00,,,M,,M,,
2025-12-20 18:56:30.128 | $GPGSA,A,1,,,,,,,,,,,,,,,,1
2025-12-20 18:56:30.158 | $BDGSA,A,1,,,,,,,,,,,,,,,,4
2025-12-20 18:56:30.189 | $GPGSV,1,1,01,23,,,19
2025-12-20 18:56:30.210 | $BDGSV,0,1,00
2025-12-20 18:56:30.241 | $GNRMC,165630.532,V,,,,,,,,,,N
2025-12-20 18:56:30.272 | $GNZDA,165630.532,,,,,
2025-12-20 18:56:31.093 | $GNGGA,165631.532,,,,,0,00,,,M,,M,,
2025-12-20 18:56:31.124 | $GPGSA,A,1,,,,,,,,,,,,,,,,1
2025-12-20 18:56:31.165 | $BDGSA,A,1,,,,,,,,,,,,,,,,4
2025-12-20 18:56:31.185 | $GPGSV,1,1,01,23,,,21
2025-12-20 18:56:31.206 | $BDGSV,0,1,00
2025-12-20 18:56:31.247 | $GNRMC,165631.532,V,,,,,,,,,,N
2025-12-20 18:56:31.278 | $GNZDA,165631.532,,,,,
2025-12-20 18:56:32.100 | $GNGGA,165632.532,,,,,0,00,,,M,,M,,
2025-12-20 18:56:32.130 | $GPGSA,A,1,,,,,,,,,,,,,,,,1
2025-12-20 18:56:32.161 | $BDGSA,A,1,,,,,,,,,,,,,,,,4
2025-12-20 18:56:32.192 | $GPGSV,1,1,01,23,,,20
2025-12-20 18:56:32.212 | $BDGSV,0,1,00
2025-12-20 18:56:32.243 | $GNRMC,165632.532,V,,,,,,,,,,N
2025-12-20 18:56:32.274 | $GNZDA,165632.532,,,,,
2025-12-20 18:56:33.096 | $GNGGA,165633.532,,,,,0,00,,,M,,M,,
2025-12-20 18:56:33.127 | $GPGSA,A,1,,,,,,,,,,,,,,,,1
2025-12-20 18:56:33.158 | $BDGSA,A,1,,,,,,,,,,,,,,,,4
2025-12-20 18:56:33.189 | $GPGSV,1,1,01,23,,,20
2025-12-20 18:56:33.209 | $BDGSV,0,1,00
2025-12-20 18:56:33.240 | $GNRMC,165633.532,V,,,,,,,,,,N
2025-12-20 18:56:33.271 | $GNZDA,165633.532,,,,,
2025-12-20 18:56:34.092 | $GNGGA,165634.532,,,,,0,00,,,M,,M,,
2025-12-20 18:56:34.133 | $GPGSA,A,1,,,,,,,,,,,,,,,,1
2025-12-20 18:56:34.164 | $BDGSA,A,1,,,,,,,,,,,,,,,,4
2025-12-20 18:56:34.195 | $GPGSV,1,1,01,23,,,19
2025-12-20 18:56:34.205 | $BDGSV,0,1,00
2025-12-20 18:56:34.246 | $GNRMC,165634.532,V,,,,,,,,,,N
2025-12-20 18:56:34.277 | $GNZDA,165634.532,,,,,
2025-12-20 18:56:35.099 | $GNGGA,165635.532,,,,,0,00,,,M,,M,,
2025-12-20 18:56:35.130 | $GPGSA,A,1,,,,,,,,,,,,,,,,1
2025-12-20 18:56:35.160 | $BDGSA,A,1,,,,,,,,,,,,,,,,4
2025-12-20 18:56:35.191 | $GPGSV,1,1,01,23,,,21
2025-12-20 18:56:35.211 | $BDGSV,0,1,00
2025-12-20 18:56:35.242 | $GNRMC,165635.532,V,,,,,,,,,,N
2025-12-20 18:56:35.273 | $GNZDA,165635.532,,,,,
2025-12-20 18:56:36.095 | $GNGGA,165636.532,,,,,0,00,,,M,,M,,
2025-12-20 18:56:36.126 | $GPGSA,A,1,,,,,,,,,,,,,,,,1
2025-12-20 18:56:36.167 | $BDGSA,A,1,,,,,,,,,,,,,,,,4
2025-12-20 18:56:36.188 | $GPGSV,1,1,01,23,,,22
2025-12-20 18:56:36.208 | $BDGSV,0,1,00
2025-12-20 18:56:36.249 | $GNRMC,165636.532,V,,,,,,,,,,N
2025-12-20 18:56:36.270 | $GNZDA,165636.532,,,,,
2025-12-20 18:56:37.091 | $GNGGA,165637.532,,,,,0,00,,,M,,M,,
2025-12-20 18:56:37.132 | $GPGSA,A,1,,,,,,,,,,,,,,,,1
2025-12-20 18:56:37.163 | $BDGSA,A,1,,,,,,,,,,,,,,,,4
2025-12-20 18:56:37.194 | $GPGSV,1,1,01,23,,,23
2025-12-20 18:56:37.204 | $BDGSV,0,1,00
2025-12-20 18:56:37.245 | $GNRMC,165637.532,V,,,,,,,,,,N
2025-12-20 18:56:37.276 | $GNZDA,165637.532,,,,,
2025-12-20 18:56:38.098 | $GNGGA,165638.532,,,,,0,00,,,M,,M,,
2025-12-20 18:56:38.129 | $GPGSA,A,1,,,,,,,,,,,,,,,,1
2025-12-20 18:56:38.165 | $BDGSA,A,1,,,,,,,,,,,,,,,,4
2025-12-20 18:56:38.185 | $GPGSV,1,1,01,23,,,23
2025-12-20 18:56:38.206 | $BDGSV,0,1,00
2025-12-20 18:56:38.247 | $GNRMC,165638.532,V,,,,,,,,,,N
2025-12-20 18:56:38.277 | $GNZDA,165638.532,,,,,
2025-12-20 18:56:39.099 | $GNGGA,165639.532,,,,,0,00,,,M,,M,,
2025-12-20 18:56:39.129 | $GPGSA,A,1,,,,,,,,,,,,,,,,1
2025-12-20 18:56:39.160 | $BDGSA,A,1,,,,,,,,,,,,,,,,4
2025-12-20 18:56:39.191 | $GPGSV,1,1,01,23,,,23
2025-12-20 18:56:39.211 | $BDGSV,0,1,00
2025-12-20 18:56:39.242 | $GNRMC,165639.532,V,,,,,,,,,,N
2025-12-20 18:56:39.273 | $GNZDA,165639.532,,,,,
2025-12-20 18:56:40.094 | $GNGGA,165640.532,,,,,0,00,,,M,,M,,
2025-12-20 18:56:40.124 | $GPGSA,A,1,,,,,,,,,,,,,,,,1
2025-12-20 18:56:40.165 | $BDGSA,A,1,,,,,,,,,,,,,,,,4
2025-12-20 18:56:40.186 | $GPGSV,1,1,01,23,,,23
2025-12-20 18:56:40.206 | $BDGSV,0,1,00
2025-12-20 18:56:40.247 | $GNRMC,165640.532,V,,,,,,,,,,N
2025-12-20 18:56:40.278 | $GNZDA,165640.532,,,,,
2025-12-20 18:56:41.099 | $GNGGA,165641.532,,,,,0,00,,,M,,M,,
2025-12-20 18:56:41.129 | $GPGSA,A,1,,,,,,,,,,,,,,,,1
2025-12-20 18:56:41.160 | $BDGSA,A,1,,,,,,,,,,,,,,,,4
2025-12-20 18:56:41.191 | $GPGSV,1,1,01,23,,,23
2025-12-20 18:56:41.211 | $BDGSV,0,1,00
2025-12-20 18:56:41.242 | $GNRMC,165641.532,V,,,,,,,,,,N
2025-12-20 18:56:41.272 | $GNZDA,165641.532,,,,,
2025-12-20 18:56:42.094 | $GNGGA,165642.532,,,,,0,00,,,M,,M,,
2025-12-20 18:56:42.125 | $GPGSA,A,1,,,,,,,,,,,,,,,,1
2025-12-20 18:56:42.166 | $BDGSA,A,1,,,,,,,,,,,,,,,,4
2025-12-20 18:56:42.187 | $GPGSV,1,1,01,23,,,23
2025-12-20 18:56:42.208 | $BDGSV,0,1,00
2025-12-20 18:56:42.249 | $GNRMC,165642.532,V,,,,,,,,,,N
2025-12-20 18:56:42.269 | $GNZDA,165642.532,,,,,
2025-12-20 18:56:43.090 | $GNGGA,165643.532,,,,,0,00,,,M,,M,,
2025-12-20 18:56:43.131 | $GPGSA,A,1,,,,,,,,,,,,,,,,1
2025-12-20 18:56:43.163 | $BDGSA,A,1,,,,,,,,,,,,,,,,4
2025-12-20 18:56:43.193 | $GPGSV,1,1,01,23,,,23
2025-12-20 18:56:43.204 | $BDGSV,0,1,00
2025-12-20 18:56:43.245 | $GNRMC,165643.532,V,,,,,,,,,,N
2025-12-20 18:56:43.276 | $GNZDA,165643.532,,,,,
2025-12-20 18:56:44.097 | $GNGGA,165644.532,,,,,0,00,,,M,,M,,
2025-12-20 18:56:44.128 | $GPGSA,A,1,,,,,,,,,,,,,,,,1
2025-12-20 18:56:44.158 | $BDGSA,A,1,,,,,,,,,,,,,,,,4
2025-12-20 18:56:44.189 | $GPGSV,1,1,01,23,,,23
2025-12-20 18:56:44.209 | $BDGSV,0,1,00
2025-12-20 18:56:44.240 | $GNRMC,165644.532,V,,,,,,,,,,N
2025-12-20 18:56:44.271 | $GNZDA,165644.532,,,,,
2025-12-20 18:56:45.092 | $GNGGA,165645.532,,,,,0,00,,,M,,M,,
2025-12-20 18:56:45.123 | $GPGSA,A,1,,,,,,,,,,,,,,,,1
2025-12-20 18:56:45.164 | $BDGSA,A,1,,,,,,,,,,,,,,,,4
2025-12-20 18:56:45.184 | $GPGSV,1,1,01,23,,,23
2025-12-20 18:56:45.205 | $BDGSV,0,1,00
2025-12-20 18:56:45.246 | $GNRMC,165645.532,V,,,,,,,,,,N
2025-12-20 18:56:45.277 | $GNZDA,165645.532,,,,,
2025-12-20 18:56:46.092 | $GNGGA,165646.532,,,,,0,00,,,M,,M,,
2025-12-20 18:56:46.133 | $GPGSA,A,1,,,,,,,,,,,,,,,,1
2025-12-20 18:56:46.163 | $BDGSA,A,1,,,,,,,,,,,,,,,,4
2025-12-20 18:56:46.184 | $GPGSV,1,1,01,23,,,23
2025-12-20 18:56:46.204 | $BDGSV,0,1,00
2025-12-20 18:56:46.246 | $GNRMC,165646.532,V,,,,,,,,,,N
2025-12-20 18:56:46.277 | $GNZDA,165646.532,,,,,
2025-12-20 18:56:47.098 | $GNGGA,165647.532,,,,,0,00,,,M,,M,,
2025-12-20 18:56:47.129 | $GPGSA,A,1,,,,,,,,,,,,,,,,1
2025-12-20 18:56:47.160 | $BDGSA,A,1,,,,,,,,,,,,,,,,4
2025-12-20 18:56:47.191 | $GPGSV,1,1,01,23,,,23
2025-12-20 18:56:47.211 | $BDGSV,0,1,00
2025-12-20 18:56:47.242 | $GNRMC,165647.532,V,,,,,,,,,,N
2025-12-20 18:56:47.273 | $GNZDA,165647.532,,,,,
2025-12-20 18:56:48.094 | $GNGGA,165648.532,,,,,0,00,,,M,,M,,
2025-12-20 18:56:48.125 | $GPGSA,A,1,,,,,,,,,,,,,,,,1
2025-12-20 18:56:48.165 | $BDGSA,A,1,,,,,,,,,,,,,,,,4
2025-12-20 18:56:48.186 | $GPGSV,1,1,01,23,,,23
2025-12-20 18:56:48.206 | $BDGSV,0,1,00
2025-12-20 18:56:48.247 | $GNRMC,165648.532,V,,,,,,,,,,N
2025-12-20 18:56:48.268 | $GNZDA,165648.532,,,,,
2025-12-20 18:56:49.089 | $GNGGA,165649.532,,,,,0,00,,,M,,M,,
2025-12-20 18:56:49.130 | $GPGSA,A,1,,,,,,,,,,,,,,,,1
2025-12-20 18:56:49.161 | $BDGSA,A,1,,,,,,,,,,,,,,,,4
2025-12-20 18:56:49.191 | $GPGSV,1,1,01,23,,,23
2025-12-20 18:56:49.212 | $BDGSV,0,1,00
2025-12-20 18:56:49.243 | $GNRMC,165649.532,V,,,,,,,,,,N
2025-12-20 18:56:49.274 | $GNZDA,165649.532,,,,,
2025-12-20 18:56:50.095 | $GNGGA,165650.532,,,,,0,00,,,M,,M,,
2025-12-20 18:56:50.126 | $GPGSA,A,1,,,,,,,,,,,,,,,,1
2025-12-20 18:56:50.156 | $BDGSA,A,1,,,,,,,,,,,,,,,,4
2025-12-20 18:56:50.187 | $GPGSV,1,1,01,23,,,23
2025-12-20 18:56:50.208 | $BDGSV,0,1,00
2025-12-20 18:56:50.249 | $GNRMC,165650.532,V,,,,,,,,,,N
2025-12-20 18:56:50.273 | $GNZDA,165650.532,,,,,
2025-12-20 18:56:51.093 | $GNGGA,165651.532,,,,,0,00,,,M,,M,,
2025-12-20 18:56:51.124 | $GPGSA,A,1,,,,,,,,,,,,,,,,1
2025-12-20 18:56:51.165 | $BDGSA,A,1,,,,,,,,,,,,,,,,4
2025-12-20 18:56:51.185 | $GPGSV,1,1,01,23,,,22
2025-12-20 18:56:51.205 | $BDGSV,0,1,00
2025-12-20 18:56:51.246 | $GNRMC,165651.532,V,,,,,,,,,,N
2025-12-20 18:56:51.277 | $GNZDA,165651.532,,,,,
2025-12-20 18:56:52.096 | $GNGGA,165652.532,,,,,0,00,,,M,,M,,
2025-12-20 18:56:52.137 | $GPGSA,A,1,,,,,,,,,,,,,,,,1
2025-12-20 18:56:52.167 | $BDGSA,A,1,,,,,,,,,,,,,,,,4
2025-12-20 18:56:52.198 | $GPGSV,1,1,01,23,,,24
2025-12-20 18:56:52.218 | $BDGSV,0,1,00
2025-12-20 18:56:52.249 | $GNRMC,165652.532,V,,,,,,,,,,N
2025-12-20 18:56:52.282 | $GNZDA,165652.532,,,,,
2025-12-20 18:56:53.102 | $GNGGA,165653.532,,,,,0,00,,,M,,M,,
2025-12-20 18:56:53.133 | $GPGSA,A,1,,,,,,,,,,,,,,,,1
2025-12-20 18:56:53.164 | $BDGSA,A,1,,,,,,,,,,,,,,,,4
2025-12-20 18:56:53.194 | $GPGSV,1,1,01,23,,,25
2025-12-20 18:56:53.215 | $BDGSV,0,1,00
2025-12-20 18:56:53.248 | $GNRMC,165653.532,V,,,,,,,,,,N
2025-12-20 18:56:53.278 | $GNZDA,165653.532,,,,,
2025-12-20 18:56:54.098 | $GNGGA,165654.532,,,,,0,00,,,M,,M,,
2025-12-20 18:56:54.128 | $GPGSA,A,1,,,,,,,,,,,,,,,,1
2025-12-20 18:56:54.169 | $BDGSA,A,1,,,,,,,,,,,,,,,,4
2025-12-20 18:56:54.190 | $GPGSV,1,1,01,23,,,30
2025-12-20 18:56:54.210 | $BDGSV,0,1,00
2025-12-20 18:56:54.251 | $GNRMC,165654.532,V,,,,,,,,,,N
2025-12-20 18:56:54.282 | $GNZDA,165654.532,,,,,
2025-12-20 18:56:55.101 | $GNGGA,165655.532,,,,,0,00,,,M,,M,,
2025-12-20 18:56:55.131 | $GPGSA,A,1,,,,,,,,,,,,,,,,1
2025-12-20 18:56:55.172 | $BDGSA,A,1,,,,,,,,,,,,,,,,4
2025-12-20 18:56:55.192 | $GPGSV,1,1,01,23,,,30
2025-12-20 18:56:55.213 | $BDGSV,0,1,00
2025-12-20 18:56:55.253 | $GNRMC,165655.532,V,,,,,,,,,,N
2025-12-20 18:56:55.274 | $GNZDA,165655.532,,,,,
2025-12-20 18:56:56.097 | $GNGGA,165656.532,,,,,0,00,,,M,,M,,
2025-12-20 18:56:56.127 | $GPGSA,A,1,,,,,,,,,,,,,,,,1
2025-12-20 18:56:56.158 | $BDGSA,A,1,,,,,,,,,,,,,,,,4
2025-12-20 18:56:56.189 | $GPGSV,1,1,01,23,,,23
2025-12-20 18:56:56.209 | $BDGSV,0,1,00
2025-12-20 18:56:56.240 | $GNRMC,165656.532,V,,,,,,,,,,N
2025-12-20 18:56:56.270 | $GNZDA,165656.532,,,,,
2025-12-20 18:56:57.101 | $GNGGA,165657.532,,,,,0,00,,,M,,M,,
2025-12-20 18:56:57.131 | $GPGSA,A,1,,,,,,,,,,,,,,,,1
2025-12-20 18:56:57.172 | $BDGSA,A,1,,,,,,,,,,,,,,,,4
2025-12-20 18:56:57.193 | $GPGSV,1,1,01,23,,,22
2025-12-20 18:56:57.213 | $BDGSV,0,1,00
2025-12-20 18:56:57.254 | $GNRMC,165657.532,V,,,,,,,,,,N
2025-12-20 18:56:57.285 | $GNZDA,165657.532,,,,,
2025-12-20 18:56:58.097 | $GNGGA,165658.532,,,,,0,00,,,M,,M,,
2025-12-20 18:56:58.127 | $GPGSA,A,1,,,,,,,,,,,,,,,,1
2025-12-20 18:56:58.158 | $BDGSA,A,1,,,,,,,,,,,,,,,,4
2025-12-20 18:56:58.188 | $GPGSV,1,1,01,23,,,22
2025-12-20 18:56:58.209 | $BDGSV,0,1,00
2025-12-20 18:56:58.250 | $GNRMC,165658.532,V,,,,,,,,,,N
2025-12-20 18:56:58.270 | $GNZDA,165658.532,,,,,
2025-12-20 18:56:59.099 | $GNGGA,165659.532,,,,,0,00,,,M,,M,,
2025-12-20 18:56:59.130 | $GPGSA,A,1,,,,,,,,,,,,,,,,1
2025-12-20 18:56:59.160 | $BDGSA,A,1,,,,,,,,,,,,,,,,4
2025-12-20 18:56:59.191 | $GPGSV,1,1,01,23,,,21
2025-12-20 18:56:59.211 | $BDGSV,0,1,00
2025-12-20 18:56:59.242 | $GNRMC,165659.532,V,,,,,,,,,,N
2025-12-20 18:56:59.272 | $GNZDA,165659.532,,,,,
2025-12-20 18:57:00.092 | $GNGGA,165700.532,,,,,0,00,,,M,,M,,
2025-12-20 18:57:00.132 | $GPGSA,A,1,,,,,,,,,,,,,,,,1
2025-12-20 18:57:00.163 | $BDGSA,A,1,,,,,,,,,,,,,,,,4
2025-12-20 18:57:00.193 | $GPGSV,1,1,01,23,,,21
2025-12-20 18:57:00.204 | $BDGSV,0,1,00
2025-12-20 18:57:00.244 | $GNRMC,165700.532,V,,,,,,,,,,N
2025-12-20 18:57:00.275 | $GNZDA,165700.532,,,,,
2025-12-20 18:57:01.105 | $GNGGA,165701.532,,,,,0,00,,,M,,M,,
2025-12-20 18:57:01.135 | $GPGSA,A,1,,,,,,,,,,,,,,,,1
2025-12-20 18:57:01.166 | $BDGSA,A,1,,,,,,,,,,,,,,,,4
2025-12-20 18:57:01.197 | $GPGSV,1,1,01,23,,,25
2025-12-20 18:57:01.217 | $BDGSV,0,1,00
2025-12-20 18:57:01.248 | $GNRMC,165701.532,V,,,,,,,,,,N
2025-12-20 18:57:01.278 | $GNZDA,165701.532,,,,,
2025-12-20 18:57:02.091 | $GNGGA,165702.532,,,,,0,00,,,M,,M,,
2025-12-20 18:57:02.132 | $GPGSA,A,1,,,,,,,,,,,,,,,,1
2025-12-20 18:57:02.163 | $BDGSA,A,1,,,,,,,,,,,,,,,,4
2025-12-20 18:57:02.193 | $GPGSV,1,1,01,23,,,20
2025-12-20 18:57:02.204 | $BDGSV,0,1,00
2025-12-20 18:57:02.245 | $GNRMC,165702.532,V,,,,,,,,,,N
2025-12-20 18:57:02.275 | $GNZDA,165702.532,,,,,
2025-12-20 18:57:03.096 | $GNGGA,165703.532,,,,,0,00,,,M,,M,,
2025-12-20 18:57:03.127 | $GPGSA,A,1,,,,,,,,,,,,,,,,1
2025-12-20 18:57:03.157 | $BDGSA,A,1,,,,,,,,,,,,,,,,4
2025-12-20 18:57:03.188 | $GPGSV,1,1,01,23,,,20
2025-12-20 18:57:03.208 | $BDGSV,0,1,00
2025-12-20 18:57:03.249 | $GNRMC,165703.532,V,,,,,,,,,,N
2025-12-20 18:57:03.270 | $GNZDA,165703.532,,,,,
2025-12-20 18:57:04.092 | $GNGGA,165704.532,,,,,0,00,,,M,,M,,
2025-12-20 18:57:04.133 | $GPGSA,A,1,,,,,,,,,,,,,,,,1
2025-12-20 18:57:04.164 | $BDGSA,A,1,,,,,,,,,,,,,,,,4
2025-12-20 18:57:04.185 | $GPGSV,1,1,01,23,,,19
2025-12-20 18:57:04.205 | $BDGSV,0,1,00
2025-12-20 18:57:04.247 | $GNRMC,165704.532,V,,,,,,,,,,N
2025-12-20 18:57:04.278 | $GNZDA,165704.532,,,,,
2025-12-20 18:57:05.098 | $GNGGA,165705.532,,,,,0,00,,,M,,M,,
2025-12-20 18:57:05.129 | $GPGSA,A,1,,,,,,,,,,,,,,,,1
2025-12-20 18:57:05.160 | $BDGSA,A,1,,,,,,,,,,,,,,,,4
2025-12-20 18:57:05.191 | $GPGSV,1,1,01,23,,,18
2025-12-20 18:57:05.211 | $BDGSV,0,1,00
2025-12-20 18:57:05.242 | $GNRMC,165705.532,V,,,,,,,,,,N
2025-12-20 18:57:05.273 | $GNZDA,165705.532,,,,,
2025-12-20 18:57:06.096 | $GNGGA,165706.532,,,,,0,00,,,M,,M,,
2025-12-20 18:57:06.127 | $GPGSA,A,1,,,,,,,,,,,,,,,,1
2025-12-20 18:57:06.157 | $BDGSA,A,1,,,,,,,,,,,,,,,,4
2025-12-20 18:57:06.188 | $GPGSV,1,1,01,23,,,17
2025-12-20 18:57:06.209 | $BDGSV,0,1,00
2025-12-20 18:57:06.240 | $GNRMC,165706.532,V,,,,,,,,,,N
2025-12-20 18:57:06.270 | $GNZDA,165706.532,,,,,
2025-12-20 18:57:07.093 | $GNGGA,165707.532,,,,,0,00,,,M,,M,,
2025-12-20 18:57:07.124 | $GPGSA,A,1,,,,,,,,,,,,,,,,1
2025-12-20 18:57:07.165 | $BDGSA,A,1,,,,,,,,,,,,,,,,4
2025-12-20 18:57:07.186 | $GPGSV,1,1,01,23,,,17
2025-12-20 18:57:07.206 | $BDGSV,0,1,00
2025-12-20 18:57:07.247 | $GNRMC,165707.532,V,,,,,,,,,,N
2025-12-20 18:57:07.268 | $GNZDA,165707.532,,,,,
2025-12-20 18:57:08.099 | $GNGGA,165708.532,,,,,0,00,,,M,,M,,
2025-12-20 18:57:08.130 | $GPGSA,A,1,,,,,,,,,,,,,,,,1
2025-12-20 18:57:08.161 | $BDGSA,A,1,,,,,,,,,,,,,,,,4
2025-12-20 18:57:08.191 | $GPGSV,1,1,01,23,,,16
2025-12-20 18:57:08.212 | $BDGSV,0,1,00
2025-12-20 18:57:08.243 | $GNRMC,165708.532,V,,,,,,,,,,N
2025-12-20 18:57:08.274 | $GNZDA,165708.532,,,,,
2025-12-20 18:57:09.095 | $GNGGA,165709.532,,,,,0,00,,,M,,M,,
2025-12-20 18:57:09.126 | $GPGSA,A,1,,,,,,,,,,,,,,,,1
2025-12-20 18:57:09.157 | $BDGSA,A,1,,,,,,,,,,,,,,,,4
2025-12-20 18:57:09.188 | $GPGSV,1,1,01,23,,,
2025-12-20 18:57:09.208 | $BDGSV,0,1,00
2025-12-20 18:57:09.239 | $GNRMC,165709.532,V,,,,,,,,,,N
2025-12-20 18:57:09.270 | $GNZDA,165709.532,,,,,
2025-12-20 18:57:10.097 | $GNGGA,165710.532,,,,,0,00,,,M,,M,,
2025-12-20 18:57:10.128 | $GPGSA,A,1,,,,,,,,,,,,,,,,1
2025-12-20 18:57:10.158 | $BDGSA,A,1,,,,,,,,,,,,,,,,4
2025-12-20 18:57:10.179 | $GPGSV,0,1,00
2025-12-20 18:57:10.199 | $BDGSV,0,1,00
2025-12-20 18:57:10.230 | $GNRMC,165710.532,V,,,,,,,,,,N
2025-12-20 18:57:10.261 | $GNZDA,165710.532,,,,,
2025-12-20 18:57:11.096 | $GNGGA,165711.532,,,,,0,00,,,M,,M,,
2025-12-20 18:57:11.126 | $GPGSA,A,1,,,,,,,,,,,,,,,,1
2025-12-20 18:57:11.157 | $BDGSA,A,1,,,,,,,,,,,,,,,,4
2025-12-20 18:57:11.178 | $GPGSV,0,1,00
2025-12-20 18:57:11.198 | $BDGSV,0,1,00
2025-12-20 18:57:11.229 | $GNRMC,165711.532,V,,,,,,,,,,N
2025-12-20 18:57:11.260 | $GNZDA,165711.532,,,,,
2025-12-20 18:57:12.092 | $GNGGA,165712.532,,,,,0,00,,,M,,M,,
2025-12-20 18:57:12.122 | $GPGSA,A,1,,,,,,,,,,,,,,,,1
2025-12-20 18:57:12.163 | $BDGSA,A,1,,,,,,,,,,,,,,,,4
2025-12-20 18:57:12.174 | $GPGSV,0,1,00
2025-12-20 18:57:12.194 | $BDGSV,0,1,00
2025-12-20 18:57:12.235 | $GNRMC,165712.532,V,,,,,,,,,,N
2025-12-20 18:57:12.266 | $GNZDA,165712.532,,,,,
2025-12-20 18:57:13.097 | $GNGGA,165713.532,,,,,0,00,,,M,,M,,
2025-12-20 18:57:13.128 | $GPGSA,A,1,,,,,,,,,,,,,,,,1
2025-12-20 18:57:13.159 | $BDGSA,A,1,,,,,,,,,,,,,,,,4
2025-12-20 18:57:13.179 | $GPGSV,0,1,00
2025-12-20 18:57:13.200 | $BDGSV,0,1,00
2025-12-20 18:57:13.231 | $GNRMC,165713.532,V,,,,,,,,,,N
2025-12-20 18:57:13.262 | $GNZDA,165713.532,,,,,
2025-12-20 18:57:14.094 | $GNGGA,165714.532,,,,,0,00,,,M,,M,,
2025-12-20 18:57:14.124 | $GPGSA,A,1,,,,,,,,,,,,,,,,1
2025-12-20 18:57:14.165 | $BDGSA,A,1,,,,,,,,,,,,,,,,4
2025-12-20 18:57:14.186 | $GPGSV,1,1,01,23,,,
2025-12-20 18:57:14.207 | $BDGSV,0,1,00
2025-12-20 18:57:14.238 | $GNRMC,165714.532,V,,,,,,,,,,N
2025-12-20 18:57:14.269 | $GNZDA,165714.532,,,,,
2025-12-20 18:57:15.090 | $GNGGA,165715.532,,,,,0,00,,,M,,M,,
2025-12-20 18:57:15.131 | $GPGSA,A,1,,,,,,,,,,,,,,,,1
2025-12-20 18:57:15.162 | $BDGSA,A,1,,,,,,,,,,,,,,,,4
2025-12-20 18:57:15.182 | $GPGSV,1,1,01,23,,,
2025-12-20 18:57:15.203 | $BDGSV,0,1,00
2025-12-20 18:57:15.244 | $GNRMC,165715.532,V,,,,,,,,,,N
2025-12-20 18:57:15.275 | $GNZDA,165715.532,,,,,
2025-12-20 18:57:16.097 | $GNGGA,165716.532,,,,,0,00,,,M,,M,,
2025-12-20 18:57:16.128 | $GPGSA,A,1,,,,,,,,,,,,,,,,1
2025-12-20 18:57:16.158 | $BDGSA,A,1,,,,,,,,,,,,,,,,4
2025-12-20 18:57:16.189 | $GPGSV,1,1,01,23,,,
2025-12-20 18:57:16.200 | $BDGSV,0,1,00
2025-12-20 18:57:16.241 | $GNRMC,165716.532,V,,,,,,,,,,N
2025-12-20 18:57:16.271 | $GNZDA,165716.532,,,,,
2025-12-20 18:57:17.094 | $GNGGA,165717.532,,,,,0,00,,,M,,M,,
2025-12-20 18:57:17.124 | $GPGSA,A,1,,,,,,,,,,,,,,,,1
2025-12-20 18:57:17.166 | $BDGSA,A,1,,,,,,,,,,,,,,,,4
2025-12-20 18:57:17.186 | $GPGSV,1,1,01,23,,,
2025-12-20 18:57:17.207 | $BDGSV,0,1,00
2025-12-20 18:57:17.238 | $GNRMC,165717.532,V,,,,,,,,,,N
2025-12-20 18:57:17.269 | $GNZDA,165717.532,,,,,
2025-12-20 18:57:18.090 | $GNGGA,165718.532,,,,,0,00,,,M,,M,,
2025-12-20 18:57:18.132 | $GPGSA,A,1,,,,,,,,,,,,,,,,1
2025-12-20 18:57:18.163 | $BDGSA,A,1,,,,,,,,,,,,,,,,4
2025-12-20 18:57:18.183 | $GPGSV,1,1,01,23,,,
2025-12-20 18:57:18.204 | $BDGSV,0,1,00
2025-12-20 18:57:18.245 | $GNRMC,165718.532,V,,,,,,,,,,N
2025-12-20 18:57:18.265 | $GNZDA,165718.532,,,,,
2025-12-20 18:57:19.098 | $GNGGA,165719.532,,,,,0,00,,,M,,M,,
2025-12-20 18:57:19.128 | $GPGSA,A,1,,,,,,,,,,,,,,,,1
2025-12-20 18:57:19.159 | $BDGSA,A,1,,,,,,,,,,,,,,,,4
2025-12-20 18:57:19.190 | $GPGSV,1,1,01,23,,,
2025-12-20 18:57:19.201 | $BDGSV,0,1,00
2025-12-20 18:57:19.242 | $GNRMC,165719.532,V,,,,,,,,,,N
2025-12-20 18:57:19.273 | $GNZDA,165719.532,,,,,
2025-12-20 18:57:20.094 | $GNGGA,165720.532,,,,,0,00,,,M,,M,,
2025-12-20 18:57:20.125 | $GPGSA,A,1,,,,,,,,,,,,,,,,1
2025-12-20 18:57:20.156 | $BDGSA,A,1,,,,,,,,,,,,,,,,4
2025-12-20 18:57:20.187 | $GPGSV,1,1,01,23,,,
2025-12-20 18:57:20.207 | $BDGSV,0,1,00
2025-12-20 18:57:20.238 | $GNRMC,165720.532,V,,,,,,,,,,N
2025-12-20 18:57:20.269 | $GNZDA,165720.532,,,,,
2025-12-20 18:57:21.091 | $GNGGA,165721.532,,,,,0,00,,,M,,M,,
2025-12-20 18:57:21.132 | $GPGSA,A,1,,,,,,,,,,,,,,,,1
2025-12-20 18:57:21.162 | $BDGSA,A,1,,,,,,,,,,,,,,,,4
2025-12-20 18:57:21.183 | $GPGSV,1,1,01,23,,,
2025-12-20 18:57:21.203 | $BDGSV,0,1,00
2025-12-20 18:57:21.244 | $GNRMC,165721.532,V,,,,,,,,,,N
2025-12-20 18:57:21.265 | $GNZDA,165721.532,,,,,
2025-12-20 18:57:22.096 | $GNGGA,165722.532,,,,,0,00,,,M,,M,,
2025-12-20 18:57:22.127 | $GPGSA,A,1,,,,,,,,,,,,,,,,1
2025-12-20 18:57:22.158 | $BDGSA,A,1,,,,,,,,,,,,,,,,4
2025-12-20 18:57:22.189 | $GPGSV,1,1,01,23,,,
2025-12-20 18:57:22.199 | $BDGSV,0,1,00
2025-12-20 18:57:22.240 | $GNRMC,165722.532,V,,,,,,,,,,N
2025-12-20 18:57:22.271 | $GNZDA,165722.532,,,,,
2025-12-20 18:57:23.092 | $GNGGA,165723.532,,,,,0,00,,,M,,M,,
2025-12-20 18:57:23.123 | $GPGSA,A,1,,,,,,,,,,,,,,,,1
2025-12-20 18:57:23.164 | $BDGSA,A,1,,,,,,,,,,,,,,,,4
2025-12-20 18:57:23.184 | $GPGSV,1,1,01,23,,,
2025-12-20 18:57:23.205 | $BDGSV,0,1,00
2025-12-20 18:57:23.236 | $GNRMC,165723.532,V,,,,,,,,,,N
2025-12-20 18:57:23.267 | $GNZDA,165723.532,,,,,
2025-12-20 18:57:24.098 | $GNGGA,165724.532,,,,,0,00,,,M,,M,,
2025-12-20 18:57:24.129 | $GPGSA,A,1,,,,,,,,,,,,,,,,1
2025-12-20 18:57:24.159 | $BDGSA,A,1,,,,,,,,,,,,,,,,4
2025-12-20 18:57:24.190 | $GPGSV,1,1,01,23,,,
2025-12-20 18:57:24.200 | $BDGSV,0,1,00
2025-12-20 18:57:24.241 | $GNRMC,165724.532,V,,,,,,,,,,N
2025-12-20 18:57:24.272 | $GNZDA,165724.532,,,,,
2025-12-20 18:57:25.094 | $GNGGA,165725.532,,,,,0,00,,,M,,M,,
2025-12-20 18:57:25.125 | $GPGSA,A,1,,,,,,,,,,,,,,,,1
2025-12-20 18:57:25.156 | $BDGSA,A,1,,,,,,,,,,,,,,,,4
2025-12-20 18:57:25.187 | $GPGSV,1,1,01,23,,,
2025-12-20 18:57:25.207 | $BDGSV,0,1,00
2025-12-20 18:57:25.238 | $GNRMC,165725.532,V,,,,,,,,,,N
2025-12-20 18:57:25.268 | $GNZDA,165725.532,,,,,
2025-12-20 18:57:26.088 | $GNGGA,165726.532,,,,,0,00,,,M,,M,,
2025-12-20 18:57:26.129 | $GPGSA,A,1,,,,,,,,,,,,,,,,1
2025-12-20 18:57:26.160 | $BDGSA,A,1,,,,,,,,,,,,,,,,4
2025-12-20 18:57:26.190 | $GPGSV,1,1,01,23,,,
2025-12-20 18:57:26.200 | $BDGSV,0,1,00
2025-12-20 18:57:26.241 | $GNRMC,165726.532,V,,,,,,,,,,N
2025-12-20 18:57:26.272 | $GNZDA,165726.532,,,,,
2025-12-20 18:57:27.094 | $GNGGA,165727.532,,,,,0,00,,,M,,M,,
2025-12-20 18:57:27.125 | $GPGSA,A,1,,,,,,,,,,,,,,,,1
2025-12-20 18:57:27.155 | $BDGSA,A,1,,,,,,,,,,,,,,,,4
2025-12-20 18:57:27.186 | $GPGSV,1,1,01,23,,,
2025-12-20 18:57:27.206 | $BDGSV,0,1,00
2025-12-20 18:57:27.237 | $GNRMC,165727.532,V,,,,,,,,,,N
2025-12-20 18:57:27.267 | $GNZDA,165727.532,,,,,
2025-12-20 18:57:28.090 | $GNGGA,165728.532,,,,,0,00,,,M,,M,,
2025-12-20 18:57:28.121 | $GPGSA,A,1,,,,,,,,,,,,,,,,1
2025-12-20 18:57:28.162 | $BDGSA,A,1,,,,,,,,,,,,,,,,4
2025-12-20 18:57:28.182 | $GPGSV,0,1,00
2025-12-20 18:57:28.193 | $BDGSV,0,1,00
2025-12-20 18:57:28.234 | $GNRMC,165728.532,V,,,,,,,,,,N
2025-12-20 18:57:28.264 | $GNZDA,165728.532,,,,,
2025-12-20 18:57:29.095 | $GNGGA,165729.532,,,,,0,00,,,M,,M,,
2025-12-20 18:57:29.126 | $GPGSA,A,1,,,,,,,,,,,,,,,,1
2025-12-20 18:57:29.157 | $BDGSA,A,1,,,,,,,,,,,,,,,,4
2025-12-20 18:57:29.177 | $GPGSV,0,1,00
2025-12-20 18:57:29.198 | $BDGSV,0,1,00
2025-12-20 18:57:29.239 | $GNRMC,165729.532,V,,,,,,,,,,N
2025-12-20 18:57:29.259 | $GNZDA,165729.532,,,,,
2025-12-20 18:57:30.090 | $GNGGA,165730.532,,,,,0,00,,,M,,M,,
2025-12-20 18:57:30.131 | $GPGSA,A,1,,,,,,,,,,,,,,,,1
2025-12-20 18:57:30.162 | $BDGSA,A,1,,,,,,,,,,,,,,,,4
2025-12-20 18:57:30.183 | $GPGSV,0,1,00
2025-12-20 18:57:30.193 | $BDGSV,0,1,00
2025-12-20 18:57:30.234 | $GNRMC,165730.532,V,,,,,,,,,,N
2025-12-20 18:57:30.265 | $GNZDA,165730.532,,,,,
2025-12-20 18:57:31.097 | $GNGGA,165731.532,,,,,0,00,,,M,,M,,
2025-12-20 18:57:31.128 | $GPGSA,A,1,,,,,,,,,,,,,,,,1
2025-12-20 18:57:31.158 | $BDGSA,A,1,,,,,,,,,,,,,,,,4
2025-12-20 18:57:31.179 | $GPGSV,0,1,00
2025-12-20 18:57:31.199 | $BDGSV,0,1,00
2025-12-20 18:57:31.230 | $GNRMC,165731.532,V,,,,,,,,,,N
2025-12-20 18:57:31.261 | $GNZDA,165731.532,,,,,
2025-12-20 18:57:32.092 | $GNGGA,165732.532,,,,,0,00,,,M,,M,,
2025-12-20 18:57:32.123 | $GPGSA,A,1,,,,,,,,,,,,,,,,1
2025-12-20 18:57:32.164 | $BDGSA,A,1,,,,,,,,,,,,,,,,4
2025-12-20 18:57:32.174 | $GPGSV,0,1,00
2025-12-20 18:57:32.195 | $BDGSV,0,1,00
2025-12-20 18:57:32.236 | $GNRMC,165732.532,V,,,,,,,,,,N
2025-12-20 18:57:32.267 | $GNZDA,165732.532,,,,,
2025-12-20 18:57:33.089 | $GNGGA,165733.532,,,,,0,00,,,M,,M,,
2025-12-20 18:57:33.130 | $GPGSA,A,1,,,,,,,,,,,,,,,,1
2025-12-20 18:57:33.160 | $BDGSA,A,1,,,,,,,,,,,,,,,,4
2025-12-20 18:57:33.181 | $GPGSV,0,1,00
2025-12-20 18:57:33.202 | $BDGSV,0,1,00
2025-12-20 18:57:33.232 | $GNRMC,165733.532,V,,,,,,,,,,N
2025-12-20 18:57:33.263 | $GNZDA,165733.532,,,,,
2025-12-20 18:57:34.096 | $GNGGA,165734.532,,,,,0,00,,,M,,M,,
2025-12-20 18:57:34.127 | $GPGSA,A,1,,,,,,,,,,,,,,,,1
2025-12-20 18:57:34.158 | $BDGSA,A,1,,,,,,,,,,,,,,,,4
2025-12-20 18:57:34.179 | $GPGSV,0,1,00
2025-12-20 18:57:34.199 | $BDGSV,0,1,00
2025-12-20 18:57:34.230 | $GNRMC,165734.532,V,,,,,,,,,,N
2025-12-20 18:57:34.260 | $GNZDA,165734.532,,,,,
2025-12-20 18:57:35.092 | $GNGGA,165735.532,,,,,0,00,,,M,,M,,
2025-12-20 18:57:35.122 | $GPGSA,A,1,,,,,,,,,,,,,,,,1
2025-12-20 18:57:35.163 | $BDGSA,A,1,,,,,,,,,,,,,,,,4
2025-12-20 18:57:35.174 | $GPGSV,0,1,00
2025-12-20 18:57:35.194 | $BDGSV,0,1,00
2025-12-20 18:57:35.235 | $GNRMC,165735.532,V,,,,,,,,,,N
2025-12-20 18:57:35.265 | $GNZDA,165735.532,,,,,
2025-12-20 18:57:36.088 | $GNGGA,165736.532,,,,,0,00,,,M,,M,,
2025-12-20 18:57:36.129 | $GPGSA,A,1,,,,,,,,,,,,,,,,1
2025-12-20 18:57:36.159 | $BDGSA,A,1,,,,,,,,,,,,,,,,4
2025-12-20 18:57:36.180 | $GPGSV,0,1,00
2025-12-20 18:57:36.201 | $BDGSV,0,1,00
2025-12-20 18:57:36.231 | $GNRMC,165736.532,V,,,,,,,,,,N
2025-12-20 18:57:36.262 | $GNZDA,165736.532,,,,,
2025-12-20 18:57:37.093 | $GNGGA,165737.532,,,,,0,00,,,M,,M,,
2025-12-20 18:57:37.124 | $GPGSA,A,1,,,,,,,,,,,,,,,,1
2025-12-20 18:57:37.155 | $BDGSA,A,1,,,,,,,,,,,,,,,,4
2025-12-20 18:57:37.175 | $GPGSV,0,1,00
2025-12-20 18:57:37.196 | $BDGSV,0,1,00
2025-12-20 18:57:37.237 | $GNRMC,165737.532,V,,,,,,,,,,N
2025-12-20 18:57:37.257 | $GNZDA,165737.532,,,,,
2025-12-20 18:57:38.089 | $GNGGA,165738.532,,,,,0,00,,,M,,M,,
2025-12-20 18:57:38.130 | $GPGSA,A,1,,,,,,,,,,,,,,,,1
2025-12-20 18:57:38.161 | $BDGSA,A,1,,,,,,,,,,,,,,,,4
2025-12-20 18:57:38.181 | $GPGSV,0,1,00
2025-12-20 18:57:38.201 | $BDGSV,0,1,00
2025-12-20 18:57:38.232 | $GNRMC,165738.532,V,,,,,,,,,,N
2025-12-20 18:57:38.263 | $GNZDA,165738.532,,,,,
2025-12-20 18:57:39.094 | $GNGGA,165739.532,,,,,0,00,,,M,,M,,
2025-12-20 18:57:39.125 | $GPGSA,A,1,,,,,,,,,,,,,,,,1
2025-12-20 18:57:39.156 | $BDGSA,A,1,,,,,,,,,,,,,,,,4
2025-12-20 18:57:39.176 | $GPGSV,0,1,00
2025-12-20 18:57:39.197 | $BDGSV,0,1,00
2025-12-20 18:57:39.237 | $GNRMC,165739.532,V,,,,,,,,,,N
2025-12-20 18:57:39.258 | $GNZDA,165739.532,,,,,
2025-12-20 18:57:40.090 | $GNGGA,165740.532,,,,,0,00,,,M,,M,,
2025-12-20 18:57:40.121 | $GPGSA,A,1,,,,,,,,,,,,,,,,1
2025-12-20 18:57:40.162 | $BDGSA,A,1,,,,,,,,,,,,,,,,4
2025-12-20 18:57:40.182 | $GPGSV,0,1,00
2025-12-20 18:57:40.193 | $BDGSV,0,1,00
2025-12-20 18:57:40.233 | $GNRMC,165740.532,V,,,,,,,,,,N
2025-12-20 18:57:40.264 | $GNZDA,165740.532,,,,,
2025-12-20 18:57:41.094 | $GNGGA,165741.532,,,,,0,00,,,M,,M,,
2025-12-20 18:57:41.125 | $GPGSA,A,1,,,,,,,,,,,,,,,,1
2025-12-20 18:57:41.156 | $BDGSA,A,1,,,,,,,,,,,,,,,,4
2025-12-20 18:57:41.176 | $GPGSV,0,1,00
2025-12-20 18:57:41.197 | $BDGSV,0,1,00
2025-12-20 18:57:41.238 | $GNRMC,165741.532,V,,,,,,,,,,N
2025-12-20 18:57:41.259 | $GNZDA,165741.532,,,,,
2025-12-20 18:57:42.088 | $GNGGA,165742.532,,,,,0,00,,,M,,M,,
2025-12-20 18:57:42.129 | $GPGSA,A,1,,,,,,,,,,,,,,,,1
2025-12-20 18:57:42.160 | $BDGSA,A,1,,,,,,,,,,,,,,,,4
2025-12-20 18:57:42.180 | $GPGSV,0,1,00
2025-12-20 18:57:42.200 | $BDGSV,0,1,00
2025-12-20 18:57:42.231 | $GNRMC,165742.532,V,,,,,,,,,,N
2025-12-20 18:57:42.262 | $GNZDA,165742.532,,,,,
2025-12-20 18:57:43.096 | $GNGGA,165743.532,,,,,0,00,,,M,,M,,
2025-12-20 18:57:43.130 | $GPGSA,A,1,,,,,,,,,,,,,,,,1
2025-12-20 18:57:43.161 | $BDGSA,A,1,,,,,,,,,,,,,,,,4
2025-12-20 18:57:43.181 | $GPGSV,0,1,00
2025-12-20 18:57:43.202 | $BDGSV,0,1,00
2025-12-20 18:57:43.232 | $GNRMC,165743.532,V,,,,,,,,,,N
2025-12-20 18:57:43.263 | $GNZDA,165743.532,,,,,
2025-12-20 18:57:44.094 | $GNGGA,165744.532,,,,,0,00,,,M,,M,,
2025-12-20 18:57:44.124 | $GPGSA,A,1,,,,,,,,,,,,,,,,1
2025-12-20 18:57:44.155 | $BDGSA,A,1,,,,,,,,,,,,,,,,4
2025-12-20 18:57:44.176 | $GPGSV,0,1,00
2025-12-20 18:57:44.196 | $BDGSV,0,1,00
2025-12-20 18:57:44.237 | $GNRMC,165744.532,V,,,,,,,,,,N
2025-12-20 18:57:44.257 | $GNZDA,165744.532,,,,,
2025-12-20 18:57:45.089 | $GNGGA,165745.532,,,,,0,00,,,M,,M,,
2025-12-20 18:57:45.130 | $GPGSA,A,1,,,,,,,,,,,,,,,,1
2025-12-20 18:57:45.161 | $BDGSA,A,1,,,,,,,,,,,,,,,,4
2025-12-20 18:57:45.181 | $GPGSV,0,1,00
2025-12-20 18:57:45.202 | $BDGSV,0,1,00
2025-12-20 18:57:45.232 | $GNRMC,165745.532,V,,,,,,,,,,N
2025-12-20 18:57:45.263 | $GNZDA,165745.532,,,,,
2025-12-20 18:57:46.094 | $GNGGA,165746.532,,,,,0,00,,,M,,M,,
2025-12-20 18:57:46.125 | $GPGSA,A,1,,,,,,,,,,,,,,,,1
2025-12-20 18:57:46.155 | $BDGSA,A,1,,,,,,,,,,,,,,,,4
2025-12-20 18:57:46.176 | $GPGSV,0,1,00
2025-12-20 18:57:46.197 | $BDGSV,0,1,00
2025-12-20 18:57:46.238 | $GNRMC,165746.532,V,,,,,,,,,,N
2025-12-20 18:57:46.258 | $GNZDA,165746.532,,,,,
2025-12-20 18:57:47.089 | $GNGGA,165747.532,,,,,0,00,,,M,,M,,
2025-12-20 18:57:47.130 | $GPGSA,A,1,,,,,,,,,,,,,,,,1
2025-12-20 18:57:47.160 | $BDGSA,A,1,,,,,,,,,,,,,,,,4
2025-12-20 18:57:47.181 | $GPGSV,0,1,00
2025-12-20 18:57:47.201 | $BDGSV,0,1,00
2025-12-20 18:57:47.232 | $GNRMC,165747.532,V,,,,,,,,,,N
2025-12-20 18:57:47.263 | $GNZDA,165747.532,,,,,
2025-12-20 18:57:48.093 | $GNGGA,165748.532,,,,,0,00,,,M,,M,,
2025-12-20 18:57:48.124 | $GPGSA,A,1,,,,,,,,,,,,,,,,1
2025-12-20 18:57:48.155 | $BDGSA,A,1,,,,,,,,,,,,,,,,4
2025-12-20 18:57:48.175 | $GPGSV,0,1,00
2025-12-20 18:57:48.196 | $BDGSV,0,1,00
2025-12-20 18:57:48.237 | $GNRMC,165748.532,V,,,,,,,,,,N
2025-12-20 18:57:48.257 | $GNZDA,165748.532,,,,,
2025-12-20 18:57:49.089 | $GNGGA,165749.532,,,,,0,00,,,M,,M,,
2025-12-20 18:57:49.130 | $GPGSA,A,1,,,,,,,,,,,,,,,,1
2025-12-20 18:57:49.160 | $BDGSA,A,1,,,,,,,,,,,,,,,,4
2025-12-20 18:57:49.181 | $GPGSV,0,1,00
2025-12-20 18:57:49.201 | $BDGSV,0,1,00
2025-12-20 18:57:49.232 | $GNRMC,165749.532,V,,,,,,,,,,N
2025-12-20 18:57:49.263 | $GNZDA,165749.532,,,,,
2025-12-20 18:57:50.094 | $GNGGA,165750.532,,,,,0,00,,,M,,M,,
2025-12-20 18:57:50.125 | $GPGSA,A,1,,,,,,,,,,,,,,,,1
2025-12-20 18:57:50.155 | $BDGSA,A,1,,,,,,,,,,,,,,,,4
2025-12-20 18:57:50.176 | $GPGSV,0,1,00
2025-12-20 18:57:50.196 | $BDGSV,0,1,00
2025-12-20 18:57:50.237 | $GNRMC,165750.532,V,,,,,,,,,,N
2025-12-20 18:57:50.258 | $GNZDA,165750.532,,,,,
2025-12-20 18:57:51.089 | $GNGGA,165751.532,,,,,0,00,,,M,,M,,
2025-12-20 18:57:51.131 | $GPGSA,A,1,,,,,,,,,,,,,,,,1
2025-12-20 18:57:51.161 | $BDGSA,A,1,,,,,,,,,,,,,,,,4
2025-12-20 18:57:51.182 | $GPGSV,0,1,00
2025-12-20 18:57:51.192 | $BDGSV,0,1,00
2025-12-20 18:57:51.233 | $GNRMC,165751.532,V,,,,,,,,,,N
2025-12-20 18:57:51.264 | $GNZDA,165751.532,,,,,
2025-12-20 18:57:52.095 | $GNGGA,165752.532,,,,,0,00,,,M,,M,,
2025-12-20 18:57:52.126 | $GPGSA,A,1,,,,,,,,,,,,,,,,1
2025-12-20 18:57:52.156 | $BDGSA,A,1,,,,,,,,,,,,,,,,4
2025-12-20 18:57:52.177 | $GPGSV,0,1,00
2025-12-20 18:57:52.197 | $BDGSV,0,1,00
2025-12-20 18:57:52.238 | $GNRMC,165752.532,V,,,,,,,,,,N
2025-12-20 18:57:52.259 | $GNZDA,165752.532,,,,,
2025-12-20 18:57:53.089 | $GNGGA,165753.532,,,,,0,00,,,M,,M,,
2025-12-20 18:57:53.130 | $GPGSA,A,1,,,,,,,,,,,,,,,,1
2025-12-20 18:57:53.161 | $BDGSA,A,1,,,,,,,,,,,,,,,,4
2025-12-20 18:57:53.181 | $GPGSV,0,1,00
2025-12-20 18:57:53.202 | $BDGSV,0,1,00
2025-12-20 18:57:53.233 | $GNRMC,165753.532,V,,,,,,,,,,N
2025-12-20 18:57:53.263 | $GNZDA,165753.532,,,,,
2025-12-20 18:57:54.095 | $GNGGA,165754.532,,,,,0,00,,,M,,M,,
2025-12-20 18:57:54.125 | $GPGSA,A,1,,,,,,,,,,,,,,,,1
2025-12-20 18:57:54.156 | $BDGSA,A,1,,,,,,,,,,,,,,,,4
2025-12-20 18:57:54.176 | $GPGSV,0,1,00
2025-12-20 18:57:54.197 | $BDGSV,0,1,00
2025-12-20 18:57:54.238 | $GNRMC,165754.532,V,,,,,,,,,,N
2025-12-20 18:57:54.259 | $GNZDA,165754.532,,,,,
2025-12-20 18:57:55.089 | $GNGGA,165755.532,,,,,0,00,,,M,,M,,
2025-12-20 18:57:55.130 | $GPGSA,A,1,,,,,,,,,,,,,,,,1
2025-12-20 18:57:55.161 | $BDGSA,A,1,,,,,,,,,,,,,,,,4
2025-12-20 18:57:55.182 | $GPGSV,0,1,00
2025-12-20 18:57:55.192 | $BDGSV,0,1,00
2025-12-20 18:57:55.233 | $GNRMC,165755.532,V,,,,,,,,,,N
2025-12-20 18:57:55.264 | $GNZDA,165755.532,,,,,
2025-12-20 18:57:56.096 | $GNGGA,165756.532,,,,,0,00,,,M,,M,,
2025-12-20 18:57:56.127 | $GPGSA,A,1,,,,,,,,,,,,,,,,1
2025-12-20 18:57:56.158 | $BDGSA,A,1,,,,,,,,,,,,,,,,4
2025-12-20 18:57:56.178 | $GPGSV,0,1,00
2025-12-20 18:57:56.199 | $BDGSV,0,1,00
2025-12-20 18:57:56.230 | $GNRMC,165756.532,V,,,,,,,,,,N
2025-12-20 18:57:56.260 | $GNZDA,165756.532,,,,,
2025-12-20 18:57:57.092 | $GNGGA,165757.532,,,,,0,00,,,M,,M,,
2025-12-20 18:57:57.133 | $GPGSA,A,1,,,,,,,,,,,,,,,,1
2025-12-20 18:57:57.164 | $BDGSA,A,1,,,,,,,,,,,,,,,,4
2025-12-20 18:57:57.184 | $GPGSV,0,1,00
2025-12-20 18:57:57.205 | $BDGSV,0,1,00
2025-12-20 18:57:57.236 | $GNRMC,165757.532,V,,,,,,,,,,N
2025-12-20 18:57:57.267 | $GNZDA,165757.532,,,,,
2025-12-20 18:57:58.088 | $GNGGA,165758.532,,,,,0,00,,,M,,M,,
2025-12-20 18:57:58.129 | $GPGSA,A,1,,,,,,,,,,,,,,,,1
2025-12-20 18:57:58.160 | $BDGSA,A,1,,,,,,,,,,,,,,,,4
2025-12-20 18:57:58.181 | $GPGSV,0,1,00
2025-12-20 18:57:58.201 | $BDGSV,0,1,00
2025-12-20 18:57:58.232 | $GNRMC,165758.532,V,,,,,,,,,,N
2025-12-20 18:57:58.263 | $GNZDA,165758.532,,,,,
2025-12-20 18:57:59.095 | $GNGGA,165759.532,,,,,0,00,,,M,,M,,
2025-12-20 18:57:59.125 | $GPGSA,A,1,,,,,,,,,,,,,,,,1
2025-12-20 18:57:59.156 | $BDGSA,A,1,,,,,,,,,,,,,,,,4
2025-12-20 18:57:59.176 | $GPGSV,0,1,00
2025-12-20 18:57:59.197 | $BDGSV,0,1,00
2025-12-20 18:57:59.237 | $GNRMC,165759.532,V,,,,,,,,,,N
2025-12-20 18:57:59.258 | $GNZDA,165759.532,,,,,
2025-12-20 18:58:00.089 | $GNGGA,165800.532,,,,,0,00,,,M,,M,,
2025-12-20 18:58:00.130 | $GPGSA,A,1,,,,,,,,,,,,,,,,1
2025-12-20 18:58:00.161 | $BDGSA,A,1,,,,,,,,,,,,,,,,4
2025-12-20 18:58:00.181 | $GPGSV,0,1,00
2025-12-20 18:58:00.202 | $BDGSV,0,1,00
2025-12-20 18:58:00.232 | $GNRMC,165800.532,V,,,,,,,,,,N
2025-12-20 18:58:00.263 | $GNZDA,165800.532,,,,,
2025-12-20 18:58:01.094 | $GNGGA,165801.532,,,,,0,00,,,M,,M,,
2025-12-20 18:58:01.125 | $GPGSA,A,1,,,,,,,,,,,,,,,,1
2025-12-20 18:58:01.155 | $BDGSA,A,1,,,,,,,,,,,,,,,,4
2025-12-20 18:58:01.176 | $GPGSV,0,1,00
2025-12-20 18:58:01.197 | $BDGSV,0,1,00
2025-12-20 18:58:01.238 | $GNRMC,165801.532,V,,,,,,,,,,N
2025-12-20 18:58:01.258 | $GNZDA,165801.532,,,,,
2025-12-20 18:58:02.090 | $GNGGA,165802.532,,,,,0,00,,,M,,M,,
2025-12-20 18:58:02.131 | $GPGSA,A,1,,,,,,,,,,,,,,,,1
2025-12-20 18:58:02.162 | $BDGSA,A,1,,,,,,,,,,,,,,,,4
2025-12-20 18:58:02.182 | $GPGSV,0,1,00
2025-12-20 18:58:02.193 | $BDGSV,0,1,00
2025-12-20 18:58:02.234 | $GNRMC,165802.532,V,,,,,,,,,,N
2025-12-20 18:58:02.265 | $GNZDA,165802.532,,,,,
2025-12-20 18:58:03.097 | $GNGGA,165803.532,,,,,0,00,,,M,,M,,
2025-12-20 18:58:03.128 | $GPGSA,A,1,,,,,,,,,,,,,,,,1
2025-12-20 18:58:03.159 | $BDGSA,A,1,,,,,,,,,,,,,,,,4
2025-12-20 18:58:03.179 | $GPGSV,0,1,00
2025-12-20 18:58:03.200 | $BDGSV,0,1,00
2025-12-20 18:58:03.231 | $GNRMC,165803.532,V,,,,,,,,,,N
2025-12-20 18:58:03.261 | $GNZDA,165803.532,,,,,
2025-12-20 18:58:04.093 | $GNGGA,165804.532,,,,,0,00,,,M,,M,,
2025-12-20 18:58:04.123 | $GPGSA,A,1,,,,,,,,,,,,,,,,1
2025-12-20 18:58:04.164 | $BDGSA,A,1,,,,,,,,,,,,,,,,4
2025-12-20 18:58:04.174 | $GPGSV,0,1,00
2025-12-20 18:58:04.195 | $BDGSV,0,1,00
2025-12-20 18:58:04.236 | $GNRMC,165804.532,V,,,,,,,,,,N
2025-12-20 18:58:04.267 | $GNZDA,165804.532,,,,,
2025-12-20 18:58:05.089 | $GNGGA,165805.532,,,,,0,00,,,M,,M,,
2025-12-20 18:58:05.130 | $GPGSA,A,1,,,,,,,,,,,,,,,,1
2025-12-20 18:58:05.161 | $BDGSA,A,1,,,,,,,,,,,,,,,,4
2025-12-20 18:58:05.181 | $GPGSV,0,1,00
2025-12-20 18:58:05.201 | $BDGSV,0,1,00
2025-12-20 18:58:05.232 | $GNRMC,165805.532,V,,,,,,,,,,N
2025-12-20 18:58:05.263 | $GNZDA,165805.532,,,,,
2025-12-20 18:58:06.097 | $GNGGA,165806.532,,,,,0,00,,,M,,M,,
2025-12-20 18:58:06.128 | $GPGSA,A,1,,,,,,,,,,,,,,,,1
2025-12-20 18:58:06.159 | $BDGSA,A,1,,,,,,,,,,,,,,,,4
2025-12-20 18:58:06.179 | $GPGSV,0,1,00
2025-12-20 18:58:06.200 | $BDGSV,0,1,00
2025-12-20 18:58:06.231 | $GNRMC,165806.532,V,,,,,,,,,,N
2025-12-20 18:58:06.261 | $GNZDA,165806.532,,,,,
2025-12-20 18:58:07.092 | $GNGGA,165807.532,,,,,0,00,,,M,,M,,
2025-12-20 18:58:07.123 | $GPGSA,A,1,,,,,,,,,,,,,,,,1
2025-12-20 18:58:07.163 | $BDGSA,A,1,,,,,,,,,,,,,,,,4
2025-12-20 18:58:07.174 | $GPGSV,0,1,00
2025-12-20 18:58:07.194 | $BDGSV,0,1,00
2025-12-20 18:58:07.235 | $GNRMC,165807.532,V,,,,,,,,,,N
2025-12-20 18:58:07.266 | $GNZDA,165807.532,,,,,
2025-12-20 18:58:08.098 | $GNGGA,165808.532,,,,,0,00,,,M,,M,,
2025-12-20 18:58:08.129 | $GPGSA,A,1,,,,,,,,,,,,,,,,1
2025-12-20 18:58:08.160 | $BDGSA,A,1,,,,,,,,,,,,,,,,4
2025-12-20 18:58:08.181 | $GPGSV,0,1,00
2025-12-20 18:58:08.201 | $BDGSV,0,1,00
2025-12-20 18:58:08.232 | $GNRMC,165808.532,V,,,,,,,,,,N
2025-12-20 18:58:08.262 | $GNZDA,165808.532,,,,,
2025-12-20 18:58:09.093 | $GNGGA,165809.532,,,,,0,00,,,M,,M,,
2025-12-20 18:58:09.124 | $GPGSA,A,1,,,,,,,,,,,,,,,,1
2025-12-20 18:58:09.164 | $BDGSA,A,1,,,,,,,,,,,,,,,,4
2025-12-20 18:58:09.175 | $GPGSV,0,1,00
2025-12-20 18:58:09.195 | $BDGSV,0,1,00
2025-12-20 18:58:09.236 | $GNRMC,165809.532,V,,,,,,,,,,N
2025-12-20 18:58:09.266 | $GNZDA,165809.532,,,,,
2025-12-20 18:58:10.096 | $GNGGA,165810.532,,,,,0,00,,,M,,M,,
2025-12-20 18:58:10.126 | $GPGSA,A,1,,,,,,,,,,,,,,,,1
2025-12-20 18:58:10.157 | $BDGSA,A,1,,,,,,,,,,,,,,,,4
2025-12-20 18:58:10.177 | $GPGSV,0,1,00
2025-12-20 18:58:10.198 | $BDGSV,0,1,00
2025-12-20 18:58:10.239 | $GNRMC,165810.532,V,,,,,,,,,,N
2025-12-20 18:58:10.259 | $GNZDA,165810.532,,,,,
2025-12-20 18:58:11.098 | $GNGGA,165811.532,,,,,0,00,,,M,,M,,
2025-12-20 18:58:11.129 | $GPGSA,A,1,,,,,,,,,,,,,,,,1
2025-12-20 18:58:11.160 | $BDGSA,A,1,,,,,,,,,,,,,,,,4
2025-12-20 18:58:11.180 | $GPGSV,0,1,00
2025-12-20 18:58:11.201 | $BDGSV,0,1,00
2025-12-20 18:58:11.241 | $GNRMC,165811.532,V,,,,,,,,,,N
2025-12-20 18:58:11.262 | $GNZDA,165811.532,,,,,
2025-12-20 18:58:12.096 | $GNGGA,165812.532,,,,,0,00,,,M,,M,,
2025-12-20 18:58:12.126 | $GPGSA,A,1,,,,,,,,,,,,,,,,1
2025-12-20 18:58:12.157 | $BDGSA,A,1,,,,,,,,,,,,,,,,4
2025-12-20 18:58:12.177 | $GPGSV,0,1,00
2025-12-20 18:58:12.198 | $BDGSV,0,1,00
2025-12-20 18:58:12.238 | $GNRMC,165812.532,V,,,,,,,,,,N
2025-12-20 18:58:12.259 | $GNZDA,165812.532,,,,,
2025-12-20 18:58:13.092 | $GNGGA,165813.532,,,,,0,00,,,M,,M,,
2025-12-20 18:58:13.122 | $GPGSA,A,1,,,,,,,,,,,,,,,,1
2025-12-20 18:58:13.164 | $BDGSA,A,1,,,,,,,,,,,,,,,,4
2025-12-20 18:58:13.174 | $GPGSV,0,1,00
2025-12-20 18:58:13.197 | $BDGSV,0,1,00
2025-12-20 18:58:13.237 | $GNRMC,165813.532,V,,,,,,,,,,N
2025-12-20 18:58:13.258 | $GNZDA,165813.532,,,,,
2025-12-20 18:58:14.090 | $GNGGA,165814.532,,,,,0,00,,,M,,M,,
2025-12-20 18:58:14.132 | $GPGSA,A,1,,,,,,,,,,,,,,,,1
2025-12-20 18:58:14.162 | $BDGSA,A,1,,,,,,,,,,,,,,,,4
2025-12-20 18:58:14.183 | $GPGSV,0,1,00
2025-12-20 18:58:14.193 | $BDGSV,0,1,00
2025-12-20 18:58:14.234 | $GNRMC,165814.532,V,,,,,,,,,,N
2025-12-20 18:58:14.265 | $GNZDA,165814.532,,,,,
2025-12-20 18:58:15.097 | $GNGGA,165815.532,,,,,0,00,,,M,,M,,
2025-12-20 18:58:15.128 | $GPGSA,A,1,,,,,,,,,,,,,,,,1
2025-12-20 18:58:15.159 | $BDGSA,A,1,,,,,,,,,,,,,,,,4
2025-12-20 18:58:15.180 | $GPGSV,0,1,00
2025-12-20 18:58:15.201 | $BDGSV,0,1,00
2025-12-20 18:58:15.232 | $GNRMC,165815.532,V,,,,,,,,,,N
2025-12-20 18:58:15.262 | $GNZDA,165815.532,,,,,
2025-12-20 18:58:16.094 | $GNGGA,165816.532,,,,,0,00,,,M,,M,,
2025-12-20 18:58:16.125 | $GPGSA,A,1,,,,,,,,,,,,,,,,1
2025-12-20 18:58:16.155 | $BDGSA,A,1,,,,,,,,,,,,,,,,4
2025-12-20 18:58:16.176 | $GPGSV,0,1,00
2025-12-20 18:58:16.196 | $BDGSV,0,1,00
2025-12-20 18:58:16.238 | $GNRMC,165816.532,V,,,,,,,,,,N
2025-12-20 18:58:16.258 | $GNZDA,165816.532,,,,,
2025-12-20 18:58:17.092 | $GNGGA,165817.532,,,,,0,00,,,M,,M,,
2025-12-20 18:58:17.125 | $GPGSA,A,1,,,,,,,,,,,,,,,,1
2025-12-20 18:58:17.156 | $BDGSA,A,1,,,,,,,,,,,,,,,,4
2025-12-20 18:58:17.177 | $GPGSV,0,1,00
2025-12-20 18:58:17.198 | $BDGSV,0,1,00
2025-12-20 18:58:17.230 | $GNRMC,165817.532,V,,,,,,,,,,N
2025-12-20 18:58:17.261 | $GNZDA,165817.532,,,,,
2025-12-20 18:58:18.094 | $GNGGA,165818.532,,,,,0,00,,,M,,M,,
2025-12-20 18:58:18.124 | $GPGSA,A,1,,,,,,,,,,,,,,,,1
2025-12-20 18:58:18.155 | $BDGSA,A,1,,,,,,,,,,,,,,,,4
2025-12-20 18:58:18.175 | $GPGSV,0,1,00
2025-12-20 18:58:18.196 | $BDGSV,0,1,00
2025-12-20 18:58:18.237 | $GNRMC,165818.532,V,,,,,,,,,,N
2025-12-20 18:58:18.267 | $GNZDA,165818.532,,,,,
2025-12-20 18:58:19.089 | $GNGGA,165819.532,,,,,0,00,,,M,,M,,
2025-12-20 18:58:19.130 | $GPGSA,A,1,,,,,,,,,,,,,,,,1
2025-12-20 18:58:19.160 | $BDGSA,A,1,,,,,,,,,,,,,,,,4
2025-12-20 18:58:19.181 | $GPGSV,0,1,00
2025-12-20 18:58:19.201 | $BDGSV,0,1,00
2025-12-20 18:58:19.232 | $GNRMC,165819.532,V,,,,,,,,,,N
2025-12-20 18:58:19.262 | $GNZDA,165819.532,,,,,
2025-12-20 18:58:20.094 | $GNGGA,165820.532,,,,,0,00,,,M,,M,,
2025-12-20 18:58:20.124 | $GPGSA,A,1,,,,,,,,,,,,,,,,1
2025-12-20 18:58:20.155 | $BDGSA,A,1,,,,,,,,,,,,,,,,4
2025-12-20 18:58:20.176 | $GPGSV,0,1,00
2025-12-20 18:58:20.196 | $BDGSV,0,1,00
2025-12-20 18:58:20.237 | $GNRMC,165820.532,V,,,,,,,,,,N
2025-12-20 18:58:20.258 | $GNZDA,165820.532,,,,,
2025-12-20 18:58:21.090 | $GNGGA,165821.532,,,,,0,00,,,M,,M,,
2025-12-20 18:58:21.131 | $GPGSA,A,1,,,,,,,,,,,,,,,,1
2025-12-20 18:58:21.162 | $BDGSA,A,1,,,,,,,,,,,,,,,,4
2025-12-20 18:58:21.183 | $GPGSV,0,1,00
2025-12-20 18:58:21.193 | $BDGSV,0,1,00
2025-12-20 18:58:21.234 | $GNRMC,165821.532,V,,,,,,,,,,N
2025-12-20 18:58:21.265 | $GNZDA,165821.532,,,,,
2025-12-20 18:58:22.094 | $GNGGA,165822.532,,,,,0,00,,,M,,M,,
2025-12-20 18:58:22.124 | $GPGSA,A,1,,,,,,,,,,,,,,,,1
2025-12-20 18:58:22.155 | $BDGSA,A,1,,,,,,,,,,,,,,,,4
2025-12-20 18:58:22.175 | $GPGSV,0,1,00
2025-12-20 18:58:22.196 | $BDGSV,0,1,00
2025-12-20 18:58:22.237 | $GNRMC,165822.532,V,,,,,,,,,,N
2025-12-20 18:58:22.267 | $GNZDA,165822.532,,,,,
2025-12-20 18:58:23.088 | $GNGGA,165823.532,,,,,0,00,,,M,,M,,
2025-12-20 18:58:23.130 | $GPGSA,A,1,,,,,,,,,,,,,,,,1
2025-12-20 18:58:23.160 | $BDGSA,A,1,,,,,,,,,,,,,,,,4
2025-12-20 18:58:23.181 | $GPGSV,0,1,00
2025-12-20 18:58:23.202 | $BDGSV,0,1,00
2025-12-20 18:58:23.232 | $GNRMC,165823.532,V,,,,,,,,,,N
2025-12-20 18:58:23.263 | $GNZDA,165823.532,,,,,
2025-12-20 18:58:24.095 | $GNGGA,165824.532,,,,,0,00,,,M,,M,,
2025-12-20 18:58:24.126 | $GPGSA,A,1,,,,,,,,,,,,,,,,1
2025-12-20 18:58:24.157 | $BDGSA,A,1,,,,,,,,,,,,,,,,4
2025-12-20 18:58:24.177 | $GPGSV,0,1,00
2025-12-20 18:58:24.198 | $BDGSV,0,1,00
2025-12-20 18:58:24.239 | $GNRMC,165824.532,V,,,,,,,,,,N
2025-12-20 18:58:24.259 | $GNZDA,165824.532,,,,,
2025-12-20 18:58:25.090 | $GNGGA,165825.532,,,,,0,00,,,M,,M,,
2025-12-20 18:58:25.130 | $GPGSA,A,1,,,,,,,,,,,,,,,,1
2025-12-20 18:58:25.161 | $BDGSA,A,1,,,,,,,,,,,,,,,,4
2025-12-20 18:58:25.181 | $GPGSV,0,1,00
2025-12-20 18:58:25.202 | $BDGSV,0,1,00
2025-12-20 18:58:25.232 | $GNRMC,165825.532,V,,,,,,,,,,N
2025-12-20 18:58:25.263 | $GNZDA,165825.532,,,,,
2025-12-20 18:58:26.095 | $GNGGA,165826.532,,,,,0,00,,,M,,M,,
2025-12-20 18:58:26.126 | $GPGSA,A,1,,,,,,,,,,,,,,,,1
2025-12-20 18:58:26.157 | $BDGSA,A,1,,,,,,,,,,,,,,,,4
2025-12-20 18:58:26.177 | $GPGSV,0,1,00
2025-12-20 18:58:26.198 | $BDGSV,0,1,00
2025-12-20 18:58:26.229 | $GNRMC,165826.532,V,,,,,,,,,,N
2025-12-20 18:58:26.260 | $GNZDA,165826.532,,,,,
2025-12-20 18:58:27.093 | $GNGGA,165827.532,,,,,0,00,,,M,,M,,
2025-12-20 18:58:27.124 | $GPGSA,A,1,,,,,,,,,,,,,,,,1
2025-12-20 18:58:27.155 | $BDGSA,A,1,,,,,,,,,,,,,,,,4
2025-12-20 18:58:27.176 | $GPGSV,0,1,00
2025-12-20 18:58:27.196 | $BDGSV,0,1,00
2025-12-20 18:58:27.237 | $GNRMC,165827.532,V,,,,,,,,,,N
2025-12-20 18:58:27.258 | $GNZDA,165827.532,,,,,
2025-12-20 18:58:28.089 | $GNGGA,165828.532,,,,,0,00,,,M,,M,,
2025-12-20 18:58:28.130 | $GPGSA,A,1,,,,,,,,,,,,,,,,1
2025-12-20 18:58:28.160 | $BDGSA,A,1,,,,,,,,,,,,,,,,4
